[2024-09-30 19:49:41,984][flwr][WARNING] - Both server and strategy were provided, ignoring strategy
[2024-09-30 19:49:41,984][flwr][INFO] - Starting Flower simulation, config: ServerConfig(num_rounds=10, round_timeout=None)
[2024-09-30 19:49:53,020][flwr][INFO] - Flower VCE: Ray initialized with resources: {'CPU': 12.0, 'memory': 1398212199.0, 'node:__internal_head__': 1.0, 'node:127.0.0.1': 1.0, 'object_store_memory': 699106099.0}
[2024-09-30 19:49:53,020][flwr][INFO] - Initializing global parameters
[2024-09-30 19:49:53,020][flwr][INFO] - Requesting initial parameters from one random client
[2024-09-30 19:49:57,329][flwr][INFO] - Received initial parameters from one random client
[2024-09-30 19:49:57,329][flwr][INFO] - Evaluating initial parameters
[2024-09-30 19:49:57,379][flwr][INFO] - initial parameters (loss, other metrics): 0.005798632204532623, {'accuracy': 0.42444444444444446, 'f1-score': 0.2314540059347181}
[2024-09-30 19:49:57,380][flwr][INFO] - FL starting
[2024-09-30 19:49:57,380][flwr][DEBUG] - fit_round 1: strategy sampled 5 clients (out of 10)
[2024-09-30 19:51:22,055][flwr][DEBUG] - fit_round 1 received 5 results and 0 failures
[2024-09-30 19:51:22,055][flwr][WARNING] - No fit_metrics_aggregation_fn provided
[2024-09-30 19:51:22,131][flwr][INFO] - fit progress: (1, 0.004086572610669666, {'accuracy': 0.8105555555555556, 'f1-score': 0.841025641025641}, 84.75374199999715)
[2024-09-30 19:51:22,135][flwr][INFO] - evaluate_round 1: no clients selected, cancel
[2024-09-30 19:51:22,135][flwr][DEBUG] - fit_round 2: strategy sampled 5 clients (out of 10)
[2024-09-30 19:52:42,331][flwr][DEBUG] - fit_round 2 received 5 results and 0 failures
[2024-09-30 19:52:42,391][flwr][INFO] - fit progress: (2, 0.0029053862227333914, {'accuracy': 0.8588888888888889, 'f1-score': 0.8758553274682307}, 165.01076709999688)
[2024-09-30 19:52:42,393][flwr][INFO] - evaluate_round 2: no clients selected, cancel
[2024-09-30 19:52:42,393][flwr][DEBUG] - fit_round 3: strategy sampled 5 clients (out of 10)
[2024-09-30 19:54:03,284][flwr][DEBUG] - fit_round 3 received 5 results and 0 failures
[2024-09-30 19:54:03,332][flwr][INFO] - fit progress: (3, 0.0026798942933479943, {'accuracy': 0.8844444444444445, 'f1-score': 0.898238747553816}, 245.95800539999982)
[2024-09-30 19:54:03,332][flwr][INFO] - evaluate_round 3: no clients selected, cancel
[2024-09-30 19:54:03,332][flwr][DEBUG] - fit_round 4: strategy sampled 5 clients (out of 10)
[2024-09-30 19:55:24,280][flwr][DEBUG] - fit_round 4 received 5 results and 0 failures
[2024-09-30 19:55:24,324][flwr][INFO] - fit progress: (4, 0.0025152630607287087, {'accuracy': 0.9038888888888889, 'f1-score': 0.9143988124690747}, 326.95393299999705)
[2024-09-30 19:55:24,324][flwr][INFO] - evaluate_round 4: no clients selected, cancel
[2024-09-30 19:55:24,336][flwr][DEBUG] - fit_round 5: strategy sampled 5 clients (out of 10)
[2024-09-30 19:56:44,568][flwr][DEBUG] - fit_round 5 received 5 results and 0 failures
[2024-09-30 19:56:44,615][flwr][INFO] - fit progress: (5, 0.002398942957321803, {'accuracy': 0.9111111111111111, 'f1-score': 0.9209486166007905}, 407.24565509999957)
[2024-09-30 19:56:44,615][flwr][INFO] - evaluate_round 5: no clients selected, cancel
[2024-09-30 19:56:44,615][flwr][DEBUG] - fit_round 6: strategy sampled 5 clients (out of 10)
[2024-09-30 19:58:08,186][flwr][DEBUG] - fit_round 6 received 5 results and 0 failures
[2024-09-30 19:58:08,238][flwr][INFO] - fit progress: (6, 0.002370349508192804, {'accuracy': 0.9122222222222223, 'f1-score': 0.9227005870841487}, 490.86045629999717)
[2024-09-30 19:58:08,238][flwr][INFO] - evaluate_round 6: no clients selected, cancel
[2024-09-30 19:58:08,238][flwr][DEBUG] - fit_round 7: strategy sampled 5 clients (out of 10)
[2024-09-30 19:59:30,287][flwr][DEBUG] - fit_round 7 received 5 results and 0 failures
[2024-09-30 19:59:30,335][flwr][INFO] - fit progress: (7, 0.0023232750263479022, {'accuracy': 0.9144444444444444, 'f1-score': 0.9233830845771144}, 572.9571526999971)
[2024-09-30 19:59:30,335][flwr][INFO] - evaluate_round 7: no clients selected, cancel
[2024-09-30 19:59:30,335][flwr][DEBUG] - fit_round 8: strategy sampled 5 clients (out of 10)
[2024-09-30 20:00:54,645][flwr][DEBUG] - fit_round 8 received 5 results and 0 failures
[2024-09-30 20:00:54,686][flwr][INFO] - fit progress: (8, 0.0023121626095639336, {'accuracy': 0.9138888888888889, 'f1-score': 0.9238329238329238}, 657.3089312999982)
[2024-09-30 20:00:54,696][flwr][INFO] - evaluate_round 8: no clients selected, cancel
[2024-09-30 20:00:54,696][flwr][DEBUG] - fit_round 9: strategy sampled 5 clients (out of 10)
[2024-09-30 20:02:16,480][flwr][DEBUG] - fit_round 9 received 5 results and 0 failures
[2024-09-30 20:02:16,537][flwr][INFO] - fit progress: (9, 0.0023017051733202403, {'accuracy': 0.9133333333333333, 'f1-score': 0.9234543670264965}, 739.1636531999975)
[2024-09-30 20:02:16,537][flwr][INFO] - evaluate_round 9: no clients selected, cancel
[2024-09-30 20:02:16,537][flwr][DEBUG] - fit_round 10: strategy sampled 5 clients (out of 10)
[2024-09-30 20:03:36,418][flwr][DEBUG] - fit_round 10 received 5 results and 0 failures
[2024-09-30 20:03:36,479][flwr][INFO] - fit progress: (10, 0.0022777050650782055, {'accuracy': 0.9155555555555556, 'f1-score': 0.9250493096646942}, 819.102359499997)
[2024-09-30 20:03:36,479][flwr][INFO] - evaluate_round 10: no clients selected, cancel
[2024-09-30 20:03:36,479][flwr][INFO] - FL finished in 819.103723799999
[2024-09-30 20:03:36,479][flwr][INFO] - app_fit: losses_distributed []
[2024-09-30 20:03:36,479][flwr][INFO] - app_fit: metrics_distributed_fit {}
[2024-09-30 20:03:36,479][flwr][INFO] - app_fit: metrics_distributed {}
[2024-09-30 20:03:36,479][flwr][INFO] - app_fit: losses_centralized [(0, 0.005798632204532623), (1, 0.004086572610669666), (2, 0.0029053862227333914), (3, 0.0026798942933479943), (4, 0.0025152630607287087), (5, 0.002398942957321803), (6, 0.002370349508192804), (7, 0.0023232750263479022), (8, 0.0023121626095639336), (9, 0.0023017051733202403), (10, 0.0022777050650782055)]
[2024-09-30 20:03:36,489][flwr][INFO] - app_fit: metrics_centralized {'accuracy': [(0, 0.42444444444444446), (1, 0.8105555555555556), (2, 0.8588888888888889), (3, 0.8844444444444445), (4, 0.9038888888888889), (5, 0.9111111111111111), (6, 0.9122222222222223), (7, 0.9144444444444444), (8, 0.9138888888888889), (9, 0.9133333333333333), (10, 0.9155555555555556)], 'f1-score': [(0, 0.2314540059347181), (1, 0.841025641025641), (2, 0.8758553274682307), (3, 0.898238747553816), (4, 0.9143988124690747), (5, 0.9209486166007905), (6, 0.9227005870841487), (7, 0.9233830845771144), (8, 0.9238329238329238), (9, 0.9234543670264965), (10, 0.9250493096646942)]}
