[2024-10-03 16:29:39,777][flwr][WARNING] - Both server and strategy were provided, ignoring strategy
[2024-10-03 16:29:39,777][flwr][INFO] - Starting Flower simulation, config: ServerConfig(num_rounds=10, round_timeout=None)
[2024-10-03 16:29:48,993][flwr][INFO] - Flower VCE: Ray initialized with resources: {'object_store_memory': 799115673.0, 'node:__internal_head__': 1.0, 'CPU': 12.0, 'memory': 1598231348.0, 'node:127.0.0.1': 1.0}
[2024-10-03 16:29:48,995][flwr][INFO] - Initializing global parameters
[2024-10-03 16:29:48,995][flwr][INFO] - Requesting initial parameters from one random client
[2024-10-03 16:29:52,944][flwr][INFO] - Received initial parameters from one random client
[2024-10-03 16:29:52,945][flwr][INFO] - Evaluating initial parameters
[2024-10-03 16:29:52,989][flwr][INFO] - initial parameters (loss, other metrics): 0.005733877089288499, {'accuracy': 0.6172222222222222, 'f1-score': 0.6367949393779652}
[2024-10-03 16:29:52,990][flwr][INFO] - FL starting
[2024-10-03 16:29:52,991][flwr][DEBUG] - fit_round 1: strategy sampled 2 clients (out of 2)
[2024-10-03 16:30:05,711][flwr][DEBUG] - fit_round 1 received 2 results and 0 failures
[2024-10-03 16:30:05,712][flwr][WARNING] - No fit_metrics_aggregation_fn provided
[2024-10-03 16:30:05,749][flwr][INFO] - fit progress: (1, 0.006045929590861003, {'accuracy': 0.5638888888888889, 'f1-score': 0.7203420021375133}, 12.760708499999964)
[2024-10-03 16:30:05,749][flwr][INFO] - evaluate_round 1: no clients selected, cancel
[2024-10-03 16:30:05,749][flwr][DEBUG] - fit_round 2: strategy sampled 2 clients (out of 2)
[2024-10-03 16:30:13,589][flwr][DEBUG] - fit_round 2 received 2 results and 0 failures
[2024-10-03 16:30:13,632][flwr][INFO] - fit progress: (2, 0.006073513196574317, {'accuracy': 0.7044444444444444, 'f1-score': 0.7877094972067039}, 20.641580200001044)
[2024-10-03 16:30:13,633][flwr][INFO] - evaluate_round 2: no clients selected, cancel
[2024-10-03 16:30:13,635][flwr][DEBUG] - fit_round 3: strategy sampled 2 clients (out of 2)
[2024-10-03 16:30:21,203][flwr][DEBUG] - fit_round 3 received 2 results and 0 failures
[2024-10-03 16:30:21,244][flwr][INFO] - fit progress: (3, 0.005724979009893205, {'accuracy': 0.7127777777777777, 'f1-score': 0.7907729664103602}, 28.257153400001698)
[2024-10-03 16:30:21,249][flwr][INFO] - evaluate_round 3: no clients selected, cancel
[2024-10-03 16:30:21,249][flwr][DEBUG] - fit_round 4: strategy sampled 2 clients (out of 2)
[2024-10-03 16:30:28,793][flwr][DEBUG] - fit_round 4 received 2 results and 0 failures
[2024-10-03 16:30:28,840][flwr][INFO] - fit progress: (4, 0.00577988819943534, {'accuracy': 0.7166666666666667, 'f1-score': 0.793354943273906}, 35.85050870000123)
[2024-10-03 16:30:28,840][flwr][INFO] - evaluate_round 4: no clients selected, cancel
[2024-10-03 16:30:28,840][flwr][DEBUG] - fit_round 5: strategy sampled 2 clients (out of 2)
[2024-10-03 16:30:36,409][flwr][DEBUG] - fit_round 5 received 2 results and 0 failures
[2024-10-03 16:30:36,458][flwr][INFO] - fit progress: (5, 0.005620597369141049, {'accuracy': 0.7233333333333334, 'f1-score': 0.7970660146699267}, 43.471575999999914)
[2024-10-03 16:30:36,458][flwr][INFO] - evaluate_round 5: no clients selected, cancel
[2024-10-03 16:30:36,458][flwr][DEBUG] - fit_round 6: strategy sampled 2 clients (out of 2)
[2024-10-03 16:30:44,038][flwr][DEBUG] - fit_round 6 received 2 results and 0 failures
[2024-10-03 16:30:44,083][flwr][INFO] - fit progress: (6, 0.005786155164241791, {'accuracy': 0.7211111111111111, 'f1-score': 0.7969255663430421}, 51.092780900000434)
[2024-10-03 16:30:44,083][flwr][INFO] - evaluate_round 6: no clients selected, cancel
[2024-10-03 16:30:44,083][flwr][DEBUG] - fit_round 7: strategy sampled 2 clients (out of 2)
[2024-10-03 16:30:51,684][flwr][DEBUG] - fit_round 7 received 2 results and 0 failures
[2024-10-03 16:30:51,739][flwr][INFO] - fit progress: (7, 0.005857486062579685, {'accuracy': 0.7194444444444444, 'f1-score': 0.7971072719967859}, 58.747912600001655)
[2024-10-03 16:30:51,739][flwr][INFO] - evaluate_round 7: no clients selected, cancel
[2024-10-03 16:30:51,741][flwr][DEBUG] - fit_round 8: strategy sampled 2 clients (out of 2)
[2024-10-03 16:30:59,776][flwr][DEBUG] - fit_round 8 received 2 results and 0 failures
[2024-10-03 16:30:59,813][flwr][INFO] - fit progress: (8, 0.005662574370702108, {'accuracy': 0.7272222222222222, 'f1-score': 0.798522773902339}, 66.823739200001)
[2024-10-03 16:30:59,813][flwr][INFO] - evaluate_round 8: no clients selected, cancel
[2024-10-03 16:30:59,813][flwr][DEBUG] - fit_round 9: strategy sampled 2 clients (out of 2)
[2024-10-03 16:31:08,458][flwr][DEBUG] - fit_round 9 received 2 results and 0 failures
[2024-10-03 16:31:08,492][flwr][INFO] - fit progress: (9, 0.005896774894661373, {'accuracy': 0.7255555555555555, 'f1-score': 0.8001618122977346}, 75.50819340000089)
[2024-10-03 16:31:08,500][flwr][INFO] - evaluate_round 9: no clients selected, cancel
[2024-10-03 16:31:08,501][flwr][DEBUG] - fit_round 10: strategy sampled 2 clients (out of 2)
[2024-10-03 16:31:16,776][flwr][DEBUG] - fit_round 10 received 2 results and 0 failures
[2024-10-03 16:31:16,806][flwr][INFO] - fit progress: (10, 0.005862400399314033, {'accuracy': 0.7322222222222222, 'f1-score': 0.8031045751633987}, 83.82577630000014)
[2024-10-03 16:31:16,806][flwr][INFO] - evaluate_round 10: no clients selected, cancel
[2024-10-03 16:31:16,806][flwr][INFO] - FL finished in 83.82735130000037
[2024-10-03 16:31:16,806][flwr][INFO] - app_fit: losses_distributed []
[2024-10-03 16:31:16,806][flwr][INFO] - app_fit: metrics_distributed_fit {}
[2024-10-03 16:31:16,806][flwr][INFO] - app_fit: metrics_distributed {}
[2024-10-03 16:31:16,806][flwr][INFO] - app_fit: losses_centralized [(0, 0.005733877089288499), (1, 0.006045929590861003), (2, 0.006073513196574317), (3, 0.005724979009893205), (4, 0.00577988819943534), (5, 0.005620597369141049), (6, 0.005786155164241791), (7, 0.005857486062579685), (8, 0.005662574370702108), (9, 0.005896774894661373), (10, 0.005862400399314033)]
[2024-10-03 16:31:16,806][flwr][INFO] - app_fit: metrics_centralized {'accuracy': [(0, 0.6172222222222222), (1, 0.5638888888888889), (2, 0.7044444444444444), (3, 0.7127777777777777), (4, 0.7166666666666667), (5, 0.7233333333333334), (6, 0.7211111111111111), (7, 0.7194444444444444), (8, 0.7272222222222222), (9, 0.7255555555555555), (10, 0.7322222222222222)], 'f1-score': [(0, 0.6367949393779652), (1, 0.7203420021375133), (2, 0.7877094972067039), (3, 0.7907729664103602), (4, 0.793354943273906), (5, 0.7970660146699267), (6, 0.7969255663430421), (7, 0.7971072719967859), (8, 0.798522773902339), (9, 0.8001618122977346), (10, 0.8031045751633987)]}
