[2025-01-07 17:57:50,270][flwr][WARNING] - Both server and strategy were provided, ignoring strategy
[2025-01-07 17:57:50,270][flwr][INFO] - Starting Flower simulation, config: num_rounds=2, no round_timeout
[2025-01-07 17:58:06,069][flwr][INFO] - Flower VCE: Ray initialized with resources: {'CPU': 8.0, 'node:__internal_head__': 1.0, 'node:127.0.0.1': 1.0, 'object_store_memory': 619338547.0, 'memory': 1238677095.0}
[2025-01-07 17:58:06,069][flwr][INFO] - Optimize your simulation with Flower VCE: https://flower.ai/docs/framework/how-to-run-simulations.html
[2025-01-07 17:58:06,069][flwr][INFO] - Flower VCE: Resources for each Virtual Client: {'num_cpus': 4, 'num_gpus': 0.0}
[2025-01-07 17:58:06,099][flwr][INFO] - Flower VCE: Creating VirtualClientEngineActorPool with 2 actors
[2025-01-07 17:58:06,107][flwr][INFO] - [INIT]
[2025-01-07 17:58:06,107][flwr][INFO] - Requesting initial parameters from one random client
[2025-01-07 17:58:14,351][flwr][INFO] - Received initial parameters from one random client
[2025-01-07 17:58:14,351][flwr][INFO] - Starting evaluation of initial global parameters
[2025-01-07 17:58:14,381][flwr][INFO] - initial parameters (loss, other metrics): 0.6844960195677621, {'accuracy': 0.5317073170731708, 'f1-score': 0.4476342796214847}
[2025-01-07 17:58:14,397][flwr][INFO] - 
[2025-01-07 17:58:14,400][flwr][INFO] - [ROUND 1]
[2025-01-07 17:58:14,403][flwr][DEBUG] - fit_round 1: strategy sampled 4 clients (out of 4)
[2025-01-07 17:58:46,180][flwr][DEBUG] - fit_round 1 received 4 results and 0 failures
[2025-01-07 17:58:46,180][flwr][INFO] - Round 1: 2 clients considered, 2 clients discarded
[2025-01-07 17:58:46,195][flwr][WARNING] - No fit_metrics_aggregation_fn provided
[2025-01-07 17:58:46,231][flwr][INFO] - fit progress: (1, 0.6735573155539376, {'accuracy': 0.5170731707317073, 'f1-score': 0.3524743157399419}, 31.840537099998983)
[2025-01-07 17:58:46,241][flwr][INFO] - configure_evaluate: no clients selected, skipping evaluation
[2025-01-07 17:58:46,241][flwr][INFO] - 
[2025-01-07 17:58:46,241][flwr][INFO] - [ROUND 2]
[2025-01-07 17:58:46,247][flwr][DEBUG] - fit_round 2: strategy sampled 4 clients (out of 4)
[2025-01-07 17:59:13,313][flwr][DEBUG] - fit_round 2 received 4 results and 0 failures
[2025-01-07 17:59:13,313][flwr][INFO] - Round 2: 2 clients considered, 2 clients discarded
[2025-01-07 17:59:13,466][flwr][INFO] - fit progress: (2, 0.6712551031793866, {'accuracy': 0.5170731707317073, 'f1-score': 0.3524743157399419}, 59.08367080000062)
[2025-01-07 17:59:13,481][flwr][INFO] - configure_evaluate: no clients selected, skipping evaluation
[2025-01-07 17:59:13,481][flwr][INFO] - 
[2025-01-07 17:59:13,499][flwr][INFO] - [SUMMARY]
[2025-01-07 17:59:13,499][flwr][INFO] - Run finished 2 round(s) in 59.10s
[2025-01-07 17:59:13,512][flwr][INFO] - 	History (loss, centralized):
[2025-01-07 17:59:13,520][flwr][INFO] - 		round 0: 0.6844960195677621
[2025-01-07 17:59:13,526][flwr][INFO] - 		round 1: 0.6735573155539376
[2025-01-07 17:59:13,534][flwr][INFO] - 		round 2: 0.6712551031793866
[2025-01-07 17:59:13,536][flwr][INFO] - 	History (metrics, centralized):
[2025-01-07 17:59:13,547][flwr][INFO] - 	{'accuracy': [(0, 0.5317073170731708),
[2025-01-07 17:59:13,553][flwr][INFO] - 	              (1, 0.5170731707317073),
[2025-01-07 17:59:13,560][flwr][INFO] - 	              (2, 0.5170731707317073)],
[2025-01-07 17:59:13,576][flwr][INFO] - 	 'f1-score': [(0, 0.4476342796214847),
[2025-01-07 17:59:13,585][flwr][INFO] - 	              (1, 0.3524743157399419),
[2025-01-07 17:59:13,592][flwr][INFO] - 	              (2, 0.3524743157399419)]}
[2025-01-07 17:59:13,596][flwr][INFO] - 
