[2024-11-09 18:37:54,805][flwr][WARNING] - Both server and strategy were provided, ignoring strategy
[2024-11-09 18:37:54,807][flwr][INFO] - Starting Flower simulation, config: num_rounds=2, no round_timeout
[2024-11-09 18:38:03,641][flwr][INFO] - Flower VCE: Ray initialized with resources: {'CPU': 8.0, 'node:__internal_head__': 1.0, 'node:127.0.0.1': 1.0, 'object_store_memory': 705841152.0, 'memory': 1411682304.0}
[2024-11-09 18:38:03,641][flwr][INFO] - Optimize your simulation with Flower VCE: https://flower.ai/docs/framework/how-to-run-simulations.html
[2024-11-09 18:38:03,641][flwr][INFO] - Flower VCE: Resources for each Virtual Client: {'num_cpus': 4, 'num_gpus': 0.0}
[2024-11-09 18:38:03,678][flwr][INFO] - Flower VCE: Creating VirtualClientEngineActorPool with 2 actors
[2024-11-09 18:38:03,680][flwr][INFO] - [INIT]
[2024-11-09 18:38:03,680][flwr][INFO] - Requesting initial parameters from one random client
[2024-11-09 18:38:09,286][flwr][INFO] - Received initial parameters from one random client
[2024-11-09 18:38:09,286][flwr][INFO] - Starting evaluation of initial global parameters
[2024-11-09 18:38:09,341][flwr][INFO] - initial parameters (loss, other metrics): 0.6955800721278558, {'accuracy': 0.47329192546583854, 'f1-score': 0.33315477516605174}
[2024-11-09 18:38:09,343][flwr][INFO] - 
[2024-11-09 18:38:09,344][flwr][INFO] - [ROUND 1]
[2024-11-09 18:38:09,344][flwr][INFO] - configure_fit: strategy sampled 2 clients (out of 2)
[2024-11-09 18:38:23,971][flwr][INFO] - aggregate_fit: received 2 results and 0 failures
[2024-11-09 18:38:23,971][flwr][WARNING] - No fit_metrics_aggregation_fn provided
[2024-11-09 18:38:24,015][flwr][INFO] - fit progress: (1, 0.6860635074285361, {'accuracy': 0.5217391304347826, 'f1-score': 0.37082027604608636}, 14.674438999998529)
[2024-11-09 18:38:24,015][flwr][INFO] - configure_evaluate: no clients selected, skipping evaluation
[2024-11-09 18:38:24,015][flwr][INFO] - 
[2024-11-09 18:38:24,015][flwr][INFO] - [ROUND 2]
[2024-11-09 18:38:24,015][flwr][INFO] - configure_fit: strategy sampled 2 clients (out of 2)
[2024-11-09 18:38:32,733][flwr][INFO] - aggregate_fit: received 2 results and 0 failures
[2024-11-09 18:38:32,770][flwr][INFO] - fit progress: (2, 0.6557300457587609, {'accuracy': 0.8832298136645963, 'f1-score': 0.8813490644487072}, 23.438218200000847)
[2024-11-09 18:38:32,770][flwr][INFO] - configure_evaluate: no clients selected, skipping evaluation
[2024-11-09 18:38:32,770][flwr][INFO] - 
[2024-11-09 18:38:32,784][flwr][INFO] - [SUMMARY]
[2024-11-09 18:38:32,785][flwr][INFO] - Run finished 2 round(s) in 23.44s
[2024-11-09 18:38:32,786][flwr][INFO] - 	History (loss, centralized):
[2024-11-09 18:38:32,787][flwr][INFO] - 		round 0: 0.6955800721278558
[2024-11-09 18:38:32,788][flwr][INFO] - 		round 1: 0.6860635074285361
[2024-11-09 18:38:32,788][flwr][INFO] - 		round 2: 0.6557300457587609
[2024-11-09 18:38:32,789][flwr][INFO] - 	History (metrics, centralized):
[2024-11-09 18:38:32,790][flwr][INFO] - 	{'accuracy': [(0, 0.47329192546583854),
[2024-11-09 18:38:32,791][flwr][INFO] - 	              (1, 0.5217391304347826),
[2024-11-09 18:38:32,792][flwr][INFO] - 	              (2, 0.8832298136645963)],
[2024-11-09 18:38:32,793][flwr][INFO] - 	 'f1-score': [(0, 0.33315477516605174),
[2024-11-09 18:38:32,794][flwr][INFO] - 	              (1, 0.37082027604608636),
[2024-11-09 18:38:32,795][flwr][INFO] - 	              (2, 0.8813490644487072)]}
[2024-11-09 18:38:32,795][flwr][INFO] - 
