[2024-09-21 11:49:06,898][flwr][WARNING] - Both server and strategy were provided, ignoring strategy
[2024-09-21 11:49:06,902][flwr][INFO] - Starting Flower simulation, config: ServerConfig(num_rounds=50, round_timeout=None)
[2024-09-21 11:49:15,875][flwr][INFO] - Flower VCE: Ray initialized with resources: {'memory': 1624793088.0, 'node:__internal_head__': 1.0, 'object_store_memory': 812396544.0, 'node:127.0.0.1': 1.0, 'CPU': 12.0}
[2024-09-21 11:49:15,875][flwr][INFO] - Initializing global parameters
[2024-09-21 11:49:15,875][flwr][INFO] - Requesting initial parameters from one random client
[2024-09-21 11:49:19,768][flwr][INFO] - Received initial parameters from one random client
[2024-09-21 11:49:19,772][flwr][INFO] - Evaluating initial parameters
[2024-09-21 11:49:19,797][flwr][INFO] - initial parameters (loss, other metrics): 0.005766137904591031, {'accuracy': 0.5477777777777778, 'f1-score': 0.6951310861423221}
[2024-09-21 11:49:19,811][flwr][INFO] - FL starting
[2024-09-21 11:49:19,813][flwr][DEBUG] - fit_round 1: strategy sampled 2 clients (out of 2)
[2024-09-21 11:49:32,636][flwr][DEBUG] - fit_round 1 received 2 results and 0 failures
[2024-09-21 11:49:32,636][flwr][WARNING] - No fit_metrics_aggregation_fn provided
[2024-09-21 11:49:32,681][flwr][INFO] - fit progress: (1, 0.004466658300823635, {'accuracy': 0.7677777777777778, 'f1-score': 0.8207547169811321}, 12.869514999999865)
[2024-09-21 11:49:32,682][flwr][INFO] - evaluate_round 1: no clients selected, cancel
[2024-09-21 11:49:32,682][flwr][DEBUG] - fit_round 2: strategy sampled 2 clients (out of 2)
[2024-09-21 11:49:40,709][flwr][DEBUG] - fit_round 2 received 2 results and 0 failures
[2024-09-21 11:49:40,755][flwr][INFO] - fit progress: (2, 0.0029933727946546344, {'accuracy': 0.8488888888888889, 'f1-score': 0.859358841778697}, 20.943770500000028)
[2024-09-21 11:49:40,755][flwr][INFO] - evaluate_round 2: no clients selected, cancel
[2024-09-21 11:49:40,755][flwr][DEBUG] - fit_round 3: strategy sampled 2 clients (out of 2)
[2024-09-21 11:49:48,977][flwr][DEBUG] - fit_round 3 received 2 results and 0 failures
[2024-09-21 11:49:49,021][flwr][INFO] - fit progress: (3, 0.0027516270511680177, {'accuracy': 0.8783333333333333, 'f1-score': 0.8925944090240314}, 29.214924999999766)
[2024-09-21 11:49:49,021][flwr][INFO] - evaluate_round 3: no clients selected, cancel
[2024-09-21 11:49:49,029][flwr][DEBUG] - fit_round 4: strategy sampled 2 clients (out of 2)
[2024-09-21 11:49:57,490][flwr][DEBUG] - fit_round 4 received 2 results and 0 failures
[2024-09-21 11:49:57,527][flwr][INFO] - fit progress: (4, 0.0025425884127616882, {'accuracy': 0.9016666666666666, 'f1-score': 0.9125925925925926}, 37.723972700000104)
[2024-09-21 11:49:57,537][flwr][INFO] - evaluate_round 4: no clients selected, cancel
[2024-09-21 11:49:57,539][flwr][DEBUG] - fit_round 5: strategy sampled 2 clients (out of 2)
[2024-09-21 11:50:05,685][flwr][DEBUG] - fit_round 5 received 2 results and 0 failures
[2024-09-21 11:50:05,720][flwr][INFO] - fit progress: (5, 0.00243003656466802, {'accuracy': 0.9083333333333333, 'f1-score': 0.9188391539596655}, 45.91121139999996)
[2024-09-21 11:50:05,720][flwr][INFO] - evaluate_round 5: no clients selected, cancel
[2024-09-21 11:50:05,720][flwr][DEBUG] - fit_round 6: strategy sampled 2 clients (out of 2)
[2024-09-21 11:50:13,848][flwr][DEBUG] - fit_round 6 received 2 results and 0 failures
[2024-09-21 11:50:13,892][flwr][INFO] - fit progress: (6, 0.0023495798640780978, {'accuracy': 0.9138888888888889, 'f1-score': 0.9235323137641835}, 54.083502299999964)
[2024-09-21 11:50:13,892][flwr][INFO] - evaluate_round 6: no clients selected, cancel
[2024-09-21 11:50:13,897][flwr][DEBUG] - fit_round 7: strategy sampled 2 clients (out of 2)
[2024-09-21 11:50:22,481][flwr][DEBUG] - fit_round 7 received 2 results and 0 failures
[2024-09-21 11:50:22,524][flwr][INFO] - fit progress: (7, 0.0023048051612244713, {'accuracy': 0.9133333333333333, 'f1-score': 0.9230009871668312}, 62.71682090000013)
[2024-09-21 11:50:22,524][flwr][INFO] - evaluate_round 7: no clients selected, cancel
[2024-09-21 11:50:22,531][flwr][DEBUG] - fit_round 8: strategy sampled 2 clients (out of 2)
[2024-09-21 11:50:31,660][flwr][DEBUG] - fit_round 8 received 2 results and 0 failures
[2024-09-21 11:50:31,713][flwr][INFO] - fit progress: (8, 0.002297999668452475, {'accuracy': 0.9133333333333333, 'f1-score': 0.9226957383548068}, 71.90678359999993)
[2024-09-21 11:50:31,713][flwr][INFO] - evaluate_round 8: no clients selected, cancel
[2024-09-21 11:50:31,722][flwr][DEBUG] - fit_round 9: strategy sampled 2 clients (out of 2)
[2024-09-21 11:50:40,746][flwr][DEBUG] - fit_round 9 received 2 results and 0 failures
[2024-09-21 11:50:40,799][flwr][INFO] - fit progress: (9, 0.0022771131495634713, {'accuracy': 0.9138888888888889, 'f1-score': 0.9230769230769231}, 80.99159019999979)
[2024-09-21 11:50:40,799][flwr][INFO] - evaluate_round 9: no clients selected, cancel
[2024-09-21 11:50:40,799][flwr][DEBUG] - fit_round 10: strategy sampled 2 clients (out of 2)
[2024-09-21 11:50:52,246][flwr][DEBUG] - fit_round 10 received 2 results and 0 failures
[2024-09-21 11:50:52,300][flwr][INFO] - fit progress: (10, 0.002265497859981325, {'accuracy': 0.915, 'f1-score': 0.9241447694595935}, 92.48887849999983)
[2024-09-21 11:50:52,302][flwr][INFO] - evaluate_round 10: no clients selected, cancel
[2024-09-21 11:50:52,304][flwr][DEBUG] - fit_round 11: strategy sampled 2 clients (out of 2)
[2024-09-21 11:51:04,207][flwr][DEBUG] - fit_round 11 received 2 results and 0 failures
[2024-09-21 11:51:04,262][flwr][INFO] - fit progress: (11, 0.002246863477759891, {'accuracy': 0.9161111111111111, 'f1-score': 0.9251363411006446}, 104.4599933999998)
[2024-09-21 11:51:04,274][flwr][INFO] - evaluate_round 11: no clients selected, cancel
[2024-09-21 11:51:04,275][flwr][DEBUG] - fit_round 12: strategy sampled 2 clients (out of 2)
[2024-09-21 11:51:14,716][flwr][DEBUG] - fit_round 12 received 2 results and 0 failures
[2024-09-21 11:51:14,770][flwr][INFO] - fit progress: (12, 0.002235730787118276, {'accuracy': 0.9166666666666666, 'f1-score': 0.9251497005988024}, 114.96768350000002)
[2024-09-21 11:51:14,781][flwr][INFO] - evaluate_round 12: no clients selected, cancel
[2024-09-21 11:51:14,783][flwr][DEBUG] - fit_round 13: strategy sampled 2 clients (out of 2)
[2024-09-21 11:51:25,190][flwr][DEBUG] - fit_round 13 received 2 results and 0 failures
[2024-09-21 11:51:25,243][flwr][INFO] - fit progress: (13, 0.002227466346489059, {'accuracy': 0.9155555555555556, 'f1-score': 0.924901185770751}, 125.43909159999976)
[2024-09-21 11:51:25,243][flwr][INFO] - evaluate_round 13: no clients selected, cancel
[2024-09-21 11:51:25,243][flwr][DEBUG] - fit_round 14: strategy sampled 2 clients (out of 2)
[2024-09-21 11:51:36,583][flwr][DEBUG] - fit_round 14 received 2 results and 0 failures
[2024-09-21 11:51:36,651][flwr][INFO] - fit progress: (14, 0.0022237435107429824, {'accuracy': 0.9144444444444444, 'f1-score': 0.9239130434782609}, 136.8448358999999)
[2024-09-21 11:51:36,651][flwr][INFO] - evaluate_round 14: no clients selected, cancel
[2024-09-21 11:51:36,651][flwr][DEBUG] - fit_round 15: strategy sampled 2 clients (out of 2)
[2024-09-21 11:51:47,289][flwr][DEBUG] - fit_round 15 received 2 results and 0 failures
[2024-09-21 11:51:47,343][flwr][INFO] - fit progress: (15, 0.002215455969174703, {'accuracy': 0.9188888888888889, 'f1-score': 0.927}, 147.53304819999994)
[2024-09-21 11:51:47,343][flwr][INFO] - evaluate_round 15: no clients selected, cancel
[2024-09-21 11:51:47,343][flwr][DEBUG] - fit_round 16: strategy sampled 2 clients (out of 2)
[2024-09-21 11:51:57,936][flwr][DEBUG] - fit_round 16 received 2 results and 0 failures
[2024-09-21 11:51:57,984][flwr][INFO] - fit progress: (16, 0.002200807167424096, {'accuracy': 0.9183333333333333, 'f1-score': 0.9269020387866733}, 158.17172019999998)
[2024-09-21 11:51:57,985][flwr][INFO] - evaluate_round 16: no clients selected, cancel
[2024-09-21 11:51:57,986][flwr][DEBUG] - fit_round 17: strategy sampled 2 clients (out of 2)
[2024-09-21 11:52:09,557][flwr][DEBUG] - fit_round 17 received 2 results and 0 failures
[2024-09-21 11:52:09,596][flwr][INFO] - fit progress: (17, 0.002189179749952422, {'accuracy': 0.9177777777777778, 'f1-score': 0.9265873015873016}, 169.7981393)
[2024-09-21 11:52:09,611][flwr][INFO] - evaluate_round 17: no clients selected, cancel
[2024-09-21 11:52:09,611][flwr][DEBUG] - fit_round 18: strategy sampled 2 clients (out of 2)
[2024-09-21 11:52:20,045][flwr][DEBUG] - fit_round 18 received 2 results and 0 failures
[2024-09-21 11:52:20,095][flwr][INFO] - fit progress: (18, 0.0022025381525357566, {'accuracy': 0.9188888888888889, 'f1-score': 0.9270729270729271}, 180.28798370000004)
[2024-09-21 11:52:20,095][flwr][INFO] - evaluate_round 18: no clients selected, cancel
[2024-09-21 11:52:20,095][flwr][DEBUG] - fit_round 19: strategy sampled 2 clients (out of 2)
[2024-09-21 11:52:30,377][flwr][DEBUG] - fit_round 19 received 2 results and 0 failures
[2024-09-21 11:52:30,444][flwr][INFO] - fit progress: (19, 0.0021958484666215047, {'accuracy': 0.9172222222222223, 'f1-score': 0.9259811227024342}, 190.63961259999996)
[2024-09-21 11:52:30,444][flwr][INFO] - evaluate_round 19: no clients selected, cancel
[2024-09-21 11:52:30,444][flwr][DEBUG] - fit_round 20: strategy sampled 2 clients (out of 2)
[2024-09-21 11:52:41,239][flwr][DEBUG] - fit_round 20 received 2 results and 0 failures
[2024-09-21 11:52:41,288][flwr][INFO] - fit progress: (20, 0.002183334935042593, {'accuracy': 0.9205555555555556, 'f1-score': 0.9286783042394015}, 201.48032319999993)
[2024-09-21 11:52:41,288][flwr][INFO] - evaluate_round 20: no clients selected, cancel
[2024-09-21 11:52:41,288][flwr][DEBUG] - fit_round 21: strategy sampled 2 clients (out of 2)
[2024-09-21 11:52:51,884][flwr][DEBUG] - fit_round 21 received 2 results and 0 failures
[2024-09-21 11:52:51,946][flwr][INFO] - fit progress: (21, 0.002192385552657975, {'accuracy': 0.9211111111111111, 'f1-score': 0.9292828685258964}, 212.14303560000008)
[2024-09-21 11:52:51,946][flwr][INFO] - evaluate_round 21: no clients selected, cancel
[2024-09-21 11:52:51,946][flwr][DEBUG] - fit_round 22: strategy sampled 2 clients (out of 2)
[2024-09-21 11:53:01,685][flwr][DEBUG] - fit_round 22 received 2 results and 0 failures
[2024-09-21 11:53:01,734][flwr][INFO] - fit progress: (22, 0.0021947356975740855, {'accuracy': 0.9161111111111111, 'f1-score': 0.9260890846793931}, 221.93202329999986)
[2024-09-21 11:53:01,734][flwr][INFO] - evaluate_round 22: no clients selected, cancel
[2024-09-21 11:53:01,734][flwr][DEBUG] - fit_round 23: strategy sampled 2 clients (out of 2)
[2024-09-21 11:53:11,804][flwr][DEBUG] - fit_round 23 received 2 results and 0 failures
[2024-09-21 11:53:11,876][flwr][INFO] - fit progress: (23, 0.0021596330487065846, {'accuracy': 0.9227777777777778, 'f1-score': 0.9310857709469509}, 232.0745677)
[2024-09-21 11:53:11,876][flwr][INFO] - evaluate_round 23: no clients selected, cancel
[2024-09-21 11:53:11,889][flwr][DEBUG] - fit_round 24: strategy sampled 2 clients (out of 2)
[2024-09-21 11:53:21,637][flwr][DEBUG] - fit_round 24 received 2 results and 0 failures
[2024-09-21 11:53:21,676][flwr][INFO] - fit progress: (24, 0.0021863416665130193, {'accuracy': 0.9222222222222223, 'f1-score': 0.9305555555555556}, 241.87243979999994)
[2024-09-21 11:53:21,676][flwr][INFO] - evaluate_round 24: no clients selected, cancel
[2024-09-21 11:53:21,676][flwr][DEBUG] - fit_round 25: strategy sampled 2 clients (out of 2)
[2024-09-21 11:53:31,215][flwr][DEBUG] - fit_round 25 received 2 results and 0 failures
[2024-09-21 11:53:31,279][flwr][INFO] - fit progress: (25, 0.0021570991145239936, {'accuracy': 0.9211111111111111, 'f1-score': 0.9297725024727992}, 251.4780108)
[2024-09-21 11:53:31,279][flwr][INFO] - evaluate_round 25: no clients selected, cancel
[2024-09-21 11:53:31,279][flwr][DEBUG] - fit_round 26: strategy sampled 2 clients (out of 2)
[2024-09-21 11:53:40,773][flwr][DEBUG] - fit_round 26 received 2 results and 0 failures
[2024-09-21 11:53:40,837][flwr][INFO] - fit progress: (26, 0.0021506707039144306, {'accuracy': 0.9205555555555556, 'f1-score': 0.9293827160493827}, 261.02518800000007)
[2024-09-21 11:53:40,837][flwr][INFO] - evaluate_round 26: no clients selected, cancel
[2024-09-21 11:53:40,837][flwr][DEBUG] - fit_round 27: strategy sampled 2 clients (out of 2)
[2024-09-21 11:53:50,714][flwr][DEBUG] - fit_round 27 received 2 results and 0 failures
[2024-09-21 11:53:50,760][flwr][INFO] - fit progress: (27, 0.0021465810305542417, {'accuracy': 0.9211111111111111, 'f1-score': 0.9295634920634921}, 270.9613135999998)
[2024-09-21 11:53:50,760][flwr][INFO] - evaluate_round 27: no clients selected, cancel
[2024-09-21 11:53:50,776][flwr][DEBUG] - fit_round 28: strategy sampled 2 clients (out of 2)
[2024-09-21 11:54:00,244][flwr][DEBUG] - fit_round 28 received 2 results and 0 failures
[2024-09-21 11:54:00,302][flwr][INFO] - fit progress: (28, 0.0021336432132456036, {'accuracy': 0.9222222222222223, 'f1-score': 0.9304174950298211}, 280.49017860000004)
[2024-09-21 11:54:00,302][flwr][INFO] - evaluate_round 28: no clients selected, cancel
[2024-09-21 11:54:00,302][flwr][DEBUG] - fit_round 29: strategy sampled 2 clients (out of 2)
[2024-09-21 11:54:10,789][flwr][DEBUG] - fit_round 29 received 2 results and 0 failures
[2024-09-21 11:54:10,852][flwr][INFO] - fit progress: (29, 0.0021439106431272296, {'accuracy': 0.9211111111111111, 'f1-score': 0.9288577154308617}, 291.03954639999984)
[2024-09-21 11:54:10,852][flwr][INFO] - evaluate_round 29: no clients selected, cancel
[2024-09-21 11:54:10,852][flwr][DEBUG] - fit_round 30: strategy sampled 2 clients (out of 2)
[2024-09-21 11:54:20,715][flwr][DEBUG] - fit_round 30 received 2 results and 0 failures
[2024-09-21 11:54:20,760][flwr][INFO] - fit progress: (30, 0.002140128587683042, {'accuracy': 0.9233333333333333, 'f1-score': 0.9315476190476191}, 300.9590229999999)
[2024-09-21 11:54:20,760][flwr][INFO] - evaluate_round 30: no clients selected, cancel
[2024-09-21 11:54:20,774][flwr][DEBUG] - fit_round 31: strategy sampled 2 clients (out of 2)
[2024-09-21 11:54:30,052][flwr][DEBUG] - fit_round 31 received 2 results and 0 failures
[2024-09-21 11:54:30,104][flwr][INFO] - fit progress: (31, 0.002120830470489131, {'accuracy': 0.9227777777777778, 'f1-score': 0.9307424015944196}, 310.2923804000002)
[2024-09-21 11:54:30,106][flwr][INFO] - evaluate_round 31: no clients selected, cancel
[2024-09-21 11:54:30,106][flwr][DEBUG] - fit_round 32: strategy sampled 2 clients (out of 2)
[2024-09-21 11:54:39,595][flwr][DEBUG] - fit_round 32 received 2 results and 0 failures
[2024-09-21 11:54:39,641][flwr][INFO] - fit progress: (32, 0.002146279017130534, {'accuracy': 0.9255555555555556, 'f1-score': 0.93488824101069}, 319.82984899999974)
[2024-09-21 11:54:39,641][flwr][INFO] - evaluate_round 32: no clients selected, cancel
[2024-09-21 11:54:39,641][flwr][DEBUG] - fit_round 33: strategy sampled 2 clients (out of 2)
[2024-09-21 11:54:49,106][flwr][DEBUG] - fit_round 33 received 2 results and 0 failures
[2024-09-21 11:54:49,164][flwr][INFO] - fit progress: (33, 0.002093202198545138, {'accuracy': 0.9261111111111111, 'f1-score': 0.9340604858701042}, 329.3553975)
[2024-09-21 11:54:49,164][flwr][INFO] - evaluate_round 33: no clients selected, cancel
[2024-09-21 11:54:49,164][flwr][DEBUG] - fit_round 34: strategy sampled 2 clients (out of 2)
[2024-09-21 11:54:58,667][flwr][DEBUG] - fit_round 34 received 2 results and 0 failures
[2024-09-21 11:54:58,722][flwr][INFO] - fit progress: (34, 0.002105135147770246, {'accuracy': 0.9261111111111111, 'f1-score': 0.9349633251833741}, 338.91431999999986)
[2024-09-21 11:54:58,722][flwr][INFO] - evaluate_round 34: no clients selected, cancel
[2024-09-21 11:54:58,722][flwr][DEBUG] - fit_round 35: strategy sampled 2 clients (out of 2)
[2024-09-21 11:55:08,254][flwr][DEBUG] - fit_round 35 received 2 results and 0 failures
[2024-09-21 11:55:08,298][flwr][INFO] - fit progress: (35, 0.0020879939322670303, {'accuracy': 0.925, 'f1-score': 0.9328692192938837}, 348.4979607)
[2024-09-21 11:55:08,298][flwr][INFO] - evaluate_round 35: no clients selected, cancel
[2024-09-21 11:55:08,313][flwr][DEBUG] - fit_round 36: strategy sampled 2 clients (out of 2)
[2024-09-21 11:55:17,826][flwr][DEBUG] - fit_round 36 received 2 results and 0 failures
[2024-09-21 11:55:17,873][flwr][INFO] - fit progress: (36, 0.002094023596081469, {'accuracy': 0.9233333333333333, 'f1-score': 0.931}, 358.0689978999999)
[2024-09-21 11:55:17,873][flwr][INFO] - evaluate_round 36: no clients selected, cancel
[2024-09-21 11:55:17,873][flwr][DEBUG] - fit_round 37: strategy sampled 2 clients (out of 2)
[2024-09-21 11:55:27,731][flwr][DEBUG] - fit_round 37 received 2 results and 0 failures
[2024-09-21 11:55:27,770][flwr][INFO] - fit progress: (37, 0.002055007724298371, {'accuracy': 0.9294444444444444, 'f1-score': 0.9369727047146402}, 367.9637262000001)
[2024-09-21 11:55:27,777][flwr][INFO] - evaluate_round 37: no clients selected, cancel
[2024-09-21 11:55:27,779][flwr][DEBUG] - fit_round 38: strategy sampled 2 clients (out of 2)
[2024-09-21 11:55:37,253][flwr][DEBUG] - fit_round 38 received 2 results and 0 failures
[2024-09-21 11:55:37,305][flwr][INFO] - fit progress: (38, 0.0020548077672719956, {'accuracy': 0.9283333333333333, 'f1-score': 0.9360436291522063}, 377.49322159999974)
[2024-09-21 11:55:37,305][flwr][INFO] - evaluate_round 38: no clients selected, cancel
[2024-09-21 11:55:37,305][flwr][DEBUG] - fit_round 39: strategy sampled 2 clients (out of 2)
[2024-09-21 11:55:46,854][flwr][DEBUG] - fit_round 39 received 2 results and 0 failures
[2024-09-21 11:55:46,896][flwr][INFO] - fit progress: (39, 0.0020680897186199825, {'accuracy': 0.9255555555555556, 'f1-score': 0.9345063538611925}, 387.0964328)
[2024-09-21 11:55:46,910][flwr][INFO] - evaluate_round 39: no clients selected, cancel
[2024-09-21 11:55:46,910][flwr][DEBUG] - fit_round 40: strategy sampled 2 clients (out of 2)
[2024-09-21 11:55:56,652][flwr][DEBUG] - fit_round 40 received 2 results and 0 failures
[2024-09-21 11:55:56,702][flwr][INFO] - fit progress: (40, 0.0020210483049352963, {'accuracy': 0.9322222222222222, 'f1-score': 0.9396636993076162}, 396.90101760000016)
[2024-09-21 11:55:56,702][flwr][INFO] - evaluate_round 40: no clients selected, cancel
[2024-09-21 11:55:56,717][flwr][DEBUG] - fit_round 41: strategy sampled 2 clients (out of 2)
[2024-09-21 11:56:06,442][flwr][DEBUG] - fit_round 41 received 2 results and 0 failures
[2024-09-21 11:56:06,491][flwr][INFO] - fit progress: (41, 0.0020233076148562963, {'accuracy': 0.9338888888888889, 'f1-score': 0.9411764705882353}, 406.6908100999999)
[2024-09-21 11:56:06,491][flwr][INFO] - evaluate_round 41: no clients selected, cancel
[2024-09-21 11:56:06,491][flwr][DEBUG] - fit_round 42: strategy sampled 2 clients (out of 2)
[2024-09-21 11:56:16,084][flwr][DEBUG] - fit_round 42 received 2 results and 0 failures
[2024-09-21 11:56:16,132][flwr][INFO] - fit progress: (42, 0.0020156844912303817, {'accuracy': 0.9311111111111111, 'f1-score': 0.9384920634920635}, 416.3303090999998)
[2024-09-21 11:56:16,132][flwr][INFO] - evaluate_round 42: no clients selected, cancel
[2024-09-21 11:56:16,132][flwr][DEBUG] - fit_round 43: strategy sampled 2 clients (out of 2)
[2024-09-21 11:56:25,779][flwr][DEBUG] - fit_round 43 received 2 results and 0 failures
[2024-09-21 11:56:25,842][flwr][INFO] - fit progress: (43, 0.002042556425763501, {'accuracy': 0.9294444444444444, 'f1-score': 0.9367214748380668}, 426.0305936)
[2024-09-21 11:56:25,842][flwr][INFO] - evaluate_round 43: no clients selected, cancel
[2024-09-21 11:56:25,846][flwr][DEBUG] - fit_round 44: strategy sampled 2 clients (out of 2)
[2024-09-21 11:56:36,413][flwr][DEBUG] - fit_round 44 received 2 results and 0 failures
[2024-09-21 11:56:36,482][flwr][INFO] - fit progress: (44, 0.002015931059916814, {'accuracy': 0.9311111111111111, 'f1-score': 0.9382470119521913}, 436.6718718000002)
[2024-09-21 11:56:36,482][flwr][INFO] - evaluate_round 44: no clients selected, cancel
[2024-09-21 11:56:36,482][flwr][DEBUG] - fit_round 45: strategy sampled 2 clients (out of 2)
[2024-09-21 11:56:47,604][flwr][DEBUG] - fit_round 45 received 2 results and 0 failures
[2024-09-21 11:56:47,682][flwr][INFO] - fit progress: (45, 0.0020065570539898343, {'accuracy': 0.9327777777777778, 'f1-score': 0.939830929885629}, 447.87047110000003)
[2024-09-21 11:56:47,682][flwr][INFO] - evaluate_round 45: no clients selected, cancel
[2024-09-21 11:56:47,686][flwr][DEBUG] - fit_round 46: strategy sampled 2 clients (out of 2)
[2024-09-21 11:56:58,582][flwr][DEBUG] - fit_round 46 received 2 results and 0 failures
[2024-09-21 11:56:58,628][flwr][INFO] - fit progress: (46, 0.0019890433508488866, {'accuracy': 0.935, 'f1-score': 0.9422222222222222}, 458.82551120000016)
[2024-09-21 11:56:58,628][flwr][INFO] - evaluate_round 46: no clients selected, cancel
[2024-09-21 11:56:58,628][flwr][DEBUG] - fit_round 47: strategy sampled 2 clients (out of 2)
[2024-09-21 11:57:08,361][flwr][DEBUG] - fit_round 47 received 2 results and 0 failures
[2024-09-21 11:57:08,388][flwr][INFO] - fit progress: (47, 0.0019782494049933224, {'accuracy': 0.9372222222222222, 'f1-score': 0.944142362827484}, 468.5886225999998)
[2024-09-21 11:57:08,388][flwr][INFO] - evaluate_round 47: no clients selected, cancel
[2024-09-21 11:57:08,403][flwr][DEBUG] - fit_round 48: strategy sampled 2 clients (out of 2)
[2024-09-21 11:57:17,907][flwr][DEBUG] - fit_round 48 received 2 results and 0 failures
[2024-09-21 11:57:17,960][flwr][INFO] - fit progress: (48, 0.0019830862763855193, {'accuracy': 0.9377777777777778, 'f1-score': 0.9446092977250248}, 478.1487394999999)
[2024-09-21 11:57:17,962][flwr][INFO] - evaluate_round 48: no clients selected, cancel
[2024-09-21 11:57:17,963][flwr][DEBUG] - fit_round 49: strategy sampled 2 clients (out of 2)
[2024-09-21 11:57:27,170][flwr][DEBUG] - fit_round 49 received 2 results and 0 failures
[2024-09-21 11:57:27,232][flwr][INFO] - fit progress: (49, 0.001992432897289594, {'accuracy': 0.9377777777777778, 'f1-score': 0.9449360865290068}, 487.4308424999999)
[2024-09-21 11:57:27,232][flwr][INFO] - evaluate_round 49: no clients selected, cancel
[2024-09-21 11:57:27,232][flwr][DEBUG] - fit_round 50: strategy sampled 2 clients (out of 2)
[2024-09-21 11:57:36,811][flwr][DEBUG] - fit_round 50 received 2 results and 0 failures
[2024-09-21 11:57:36,868][flwr][INFO] - fit progress: (50, 0.0020130276307463646, {'accuracy': 0.9355555555555556, 'f1-score': 0.9433040078201369}, 497.0582730000001)
[2024-09-21 11:57:36,868][flwr][INFO] - evaluate_round 50: no clients selected, cancel
[2024-09-21 11:57:36,872][flwr][INFO] - FL finished in 497.0602128999999
[2024-09-21 11:57:36,873][flwr][INFO] - app_fit: losses_distributed []
[2024-09-21 11:57:36,874][flwr][INFO] - app_fit: metrics_distributed_fit {}
[2024-09-21 11:57:36,874][flwr][INFO] - app_fit: metrics_distributed {}
[2024-09-21 11:57:36,874][flwr][INFO] - app_fit: losses_centralized [(0, 0.005766137904591031), (1, 0.004466658300823635), (2, 0.0029933727946546344), (3, 0.0027516270511680177), (4, 0.0025425884127616882), (5, 0.00243003656466802), (6, 0.0023495798640780978), (7, 0.0023048051612244713), (8, 0.002297999668452475), (9, 0.0022771131495634713), (10, 0.002265497859981325), (11, 0.002246863477759891), (12, 0.002235730787118276), (13, 0.002227466346489059), (14, 0.0022237435107429824), (15, 0.002215455969174703), (16, 0.002200807167424096), (17, 0.002189179749952422), (18, 0.0022025381525357566), (19, 0.0021958484666215047), (20, 0.002183334935042593), (21, 0.002192385552657975), (22, 0.0021947356975740855), (23, 0.0021596330487065846), (24, 0.0021863416665130193), (25, 0.0021570991145239936), (26, 0.0021506707039144306), (27, 0.0021465810305542417), (28, 0.0021336432132456036), (29, 0.0021439106431272296), (30, 0.002140128587683042), (31, 0.002120830470489131), (32, 0.002146279017130534), (33, 0.002093202198545138), (34, 0.002105135147770246), (35, 0.0020879939322670303), (36, 0.002094023596081469), (37, 0.002055007724298371), (38, 0.0020548077672719956), (39, 0.0020680897186199825), (40, 0.0020210483049352963), (41, 0.0020233076148562963), (42, 0.0020156844912303817), (43, 0.002042556425763501), (44, 0.002015931059916814), (45, 0.0020065570539898343), (46, 0.0019890433508488866), (47, 0.0019782494049933224), (48, 0.0019830862763855193), (49, 0.001992432897289594), (50, 0.0020130276307463646)]
[2024-09-21 11:57:36,883][flwr][INFO] - app_fit: metrics_centralized {'accuracy': [(0, 0.5477777777777778), (1, 0.7677777777777778), (2, 0.8488888888888889), (3, 0.8783333333333333), (4, 0.9016666666666666), (5, 0.9083333333333333), (6, 0.9138888888888889), (7, 0.9133333333333333), (8, 0.9133333333333333), (9, 0.9138888888888889), (10, 0.915), (11, 0.9161111111111111), (12, 0.9166666666666666), (13, 0.9155555555555556), (14, 0.9144444444444444), (15, 0.9188888888888889), (16, 0.9183333333333333), (17, 0.9177777777777778), (18, 0.9188888888888889), (19, 0.9172222222222223), (20, 0.9205555555555556), (21, 0.9211111111111111), (22, 0.9161111111111111), (23, 0.9227777777777778), (24, 0.9222222222222223), (25, 0.9211111111111111), (26, 0.9205555555555556), (27, 0.9211111111111111), (28, 0.9222222222222223), (29, 0.9211111111111111), (30, 0.9233333333333333), (31, 0.9227777777777778), (32, 0.9255555555555556), (33, 0.9261111111111111), (34, 0.9261111111111111), (35, 0.925), (36, 0.9233333333333333), (37, 0.9294444444444444), (38, 0.9283333333333333), (39, 0.9255555555555556), (40, 0.9322222222222222), (41, 0.9338888888888889), (42, 0.9311111111111111), (43, 0.9294444444444444), (44, 0.9311111111111111), (45, 0.9327777777777778), (46, 0.935), (47, 0.9372222222222222), (48, 0.9377777777777778), (49, 0.9377777777777778), (50, 0.9355555555555556)], 'f1-score': [(0, 0.6951310861423221), (1, 0.8207547169811321), (2, 0.859358841778697), (3, 0.8925944090240314), (4, 0.9125925925925926), (5, 0.9188391539596655), (6, 0.9235323137641835), (7, 0.9230009871668312), (8, 0.9226957383548068), (9, 0.9230769230769231), (10, 0.9241447694595935), (11, 0.9251363411006446), (12, 0.9251497005988024), (13, 0.924901185770751), (14, 0.9239130434782609), (15, 0.927), (16, 0.9269020387866733), (17, 0.9265873015873016), (18, 0.9270729270729271), (19, 0.9259811227024342), (20, 0.9286783042394015), (21, 0.9292828685258964), (22, 0.9260890846793931), (23, 0.9310857709469509), (24, 0.9305555555555556), (25, 0.9297725024727992), (26, 0.9293827160493827), (27, 0.9295634920634921), (28, 0.9304174950298211), (29, 0.9288577154308617), (30, 0.9315476190476191), (31, 0.9307424015944196), (32, 0.93488824101069), (33, 0.9340604858701042), (34, 0.9349633251833741), (35, 0.9328692192938837), (36, 0.931), (37, 0.9369727047146402), (38, 0.9360436291522063), (39, 0.9345063538611925), (40, 0.9396636993076162), (41, 0.9411764705882353), (42, 0.9384920634920635), (43, 0.9367214748380668), (44, 0.9382470119521913), (45, 0.939830929885629), (46, 0.9422222222222222), (47, 0.944142362827484), (48, 0.9446092977250248), (49, 0.9449360865290068), (50, 0.9433040078201369)]}
