[2024-10-11 18:45:30,235][flwr][WARNING] - Both server and strategy were provided, ignoring strategy
[2024-10-11 18:45:30,235][flwr][INFO] - Starting Flower simulation, config: ServerConfig(num_rounds=2, round_timeout=None)
[2024-10-11 18:45:39,256][flwr][INFO] - Flower VCE: Ray initialized with resources: {'memory': 1478106318.0, 'object_store_memory': 739053158.0, 'node:__internal_head__': 1.0, 'CPU': 8.0, 'node:127.0.0.1': 1.0}
[2024-10-11 18:45:39,256][flwr][INFO] - Initializing global parameters
[2024-10-11 18:45:39,256][flwr][INFO] - Requesting initial parameters from one random client
[2024-10-11 18:45:43,630][flwr][INFO] - Received initial parameters from one random client
[2024-10-11 18:45:43,630][flwr][INFO] - Evaluating initial parameters
[2024-10-11 18:45:43,690][flwr][INFO] - initial parameters (loss, other metrics): 0.005750253465440538, {'accuracy': 0.5883333333333334, 'f1-score': 0.7044276027124052}
[2024-10-11 18:45:43,690][flwr][INFO] - FL starting
[2024-10-11 18:45:43,690][flwr][DEBUG] - fit_round 1: strategy sampled 2 clients (out of 2)
[2024-10-11 18:45:57,856][flwr][DEBUG] - fit_round 1 received 2 results and 0 failures
[2024-10-11 18:45:57,856][flwr][WARNING] - No fit_metrics_aggregation_fn provided
[2024-10-11 18:45:57,975][flwr][INFO] - fit progress: (1, 0.005180626379119025, {'accuracy': 0.7522222222222222, 'f1-score': 0.7354685646500593}, 14.27792910000062)
[2024-10-11 18:45:57,975][flwr][INFO] - evaluate_round 1: no clients selected, cancel
[2024-10-11 18:45:57,975][flwr][DEBUG] - fit_round 2: strategy sampled 2 clients (out of 2)
[2024-10-11 18:46:06,602][flwr][DEBUG] - fit_round 2 received 2 results and 0 failures
[2024-10-11 18:46:06,668][flwr][INFO] - fit progress: (2, 0.00350490089919832, {'accuracy': 0.8161111111111111, 'f1-score': 0.8308635666836995}, 22.974116199999116)
[2024-10-11 18:46:06,668][flwr][INFO] - evaluate_round 2: no clients selected, cancel
[2024-10-11 18:46:06,668][flwr][INFO] - FL finished in 22.975748799999565
[2024-10-11 18:46:06,668][flwr][INFO] - app_fit: losses_distributed []
[2024-10-11 18:46:06,668][flwr][INFO] - app_fit: metrics_distributed_fit {}
[2024-10-11 18:46:06,668][flwr][INFO] - app_fit: metrics_distributed {}
[2024-10-11 18:46:06,668][flwr][INFO] - app_fit: losses_centralized [(0, 0.005750253465440538), (1, 0.005180626379119025), (2, 0.00350490089919832)]
[2024-10-11 18:46:06,668][flwr][INFO] - app_fit: metrics_centralized {'accuracy': [(0, 0.5883333333333334), (1, 0.7522222222222222), (2, 0.8161111111111111)], 'f1-score': [(0, 0.7044276027124052), (1, 0.7354685646500593), (2, 0.8308635666836995)]}
