[2024-09-19 11:45:56,369][numexpr.utils][INFO] - NumExpr defaulting to 8 threads.
[2024-09-19 11:45:58,596][flwr][INFO] - Starting Flower simulation, config: ServerConfig(num_rounds=10, round_timeout=None)
[2024-09-19 11:46:08,484][flwr][INFO] - Flower VCE: Ray initialized with resources: {'memory': 567246030.0, 'node:127.0.0.1': 1.0, 'node:__internal_head__': 1.0, 'CPU': 8.0, 'object_store_memory': 283623014.0}
[2024-09-19 11:46:08,487][flwr][INFO] - Initializing global parameters
[2024-09-19 11:46:08,488][flwr][INFO] - Requesting initial parameters from one random client
[2024-09-19 11:46:12,040][flwr][ERROR] - [36mray::launch_and_get_parameters()[39m (pid=3576, ip=127.0.0.1)
  File "python\ray\_raylet.pyx", line 1896, in ray._raylet.execute_task
  File "C:\Users\PC\anaconda3\envs\flower\Lib\site-packages\flwr\simulation\ray_transport\ray_client_proxy.py", line 135, in launch_and_get_parameters
    client: Client = _create_client(client_fn, cid)
                     ^^^^^^^^^^^^^^^^^^^^^^^^^^^^^^
  File "C:\Users\PC\anaconda3\envs\flower\Lib\site-packages\flwr\simulation\ray_transport\ray_client_proxy.py", line 168, in _create_client
    client_like: ClientLike = client_fn(cid)
                              ^^^^^^^^^^^^^^
  File "c:\Users\PC\VscodeProjects\Tesi-Francesco\clients\client_scaffold.py", line 101, in client_fn
    return ScaffoldFlowerClient(
           ^^^^^^^^^^^^^^^^^^^^^
  File "C:\Users\PC\VscodeProjects\Tesi-Francesco\clients\client_scaffold.py", line 26, in __init__
    for param in self.net.parameters():
                 ^^^^^^^^
AttributeError: 'ScaffoldFlowerClient' object has no attribute 'net'
