[2024-11-09 18:29:47,085][flwr][WARNING] - Both server and strategy were provided, ignoring strategy
[2024-11-09 18:29:47,085][flwr][INFO] - Starting Flower simulation, config: num_rounds=2, no round_timeout
[2024-11-09 18:29:55,849][flwr][INFO] - Flower VCE: Ray initialized with resources: {'CPU': 8.0, 'object_store_memory': 566894592.0, 'node:127.0.0.1': 1.0, 'node:__internal_head__': 1.0, 'memory': 1133789184.0}
[2024-11-09 18:29:55,850][flwr][INFO] - Optimize your simulation with Flower VCE: https://flower.ai/docs/framework/how-to-run-simulations.html
[2024-11-09 18:29:55,852][flwr][INFO] - Flower VCE: Resources for each Virtual Client: {'num_cpus': 4, 'num_gpus': 0.0}
[2024-11-09 18:29:55,877][flwr][INFO] - Flower VCE: Creating VirtualClientEngineActorPool with 2 actors
[2024-11-09 18:29:55,879][flwr][INFO] - [INIT]
[2024-11-09 18:29:55,880][flwr][INFO] - Requesting initial parameters from one random client
[2024-11-09 18:30:01,149][flwr][INFO] - Received initial parameters from one random client
[2024-11-09 18:30:01,150][flwr][INFO] - Starting evaluation of initial global parameters
[2024-11-09 18:30:01,191][flwr][INFO] - initial parameters (loss, other metrics): 0.6901315450668335, {'accuracy': 0.49813664596273294, 'f1-score': 0.38986251628374163}
[2024-11-09 18:30:01,191][flwr][INFO] - 
[2024-11-09 18:30:01,196][flwr][INFO] - [ROUND 1]
[2024-11-09 18:30:01,197][flwr][INFO] - configure_fit: strategy sampled 2 clients (out of 2)
[2024-11-09 18:30:15,618][flwr][INFO] - aggregate_fit: received 2 results and 0 failures
[2024-11-09 18:30:15,622][flwr][WARNING] - No fit_metrics_aggregation_fn provided
[2024-11-09 18:30:15,669][flwr][INFO] - fit progress: (1, 0.6616387596497169, {'accuracy': 0.8894409937888199, 'f1-score': 0.8880323826113652}, 14.48260880000089)
[2024-11-09 18:30:15,669][flwr][INFO] - configure_evaluate: no clients selected, skipping evaluation
[2024-11-09 18:30:15,682][flwr][INFO] - 
[2024-11-09 18:30:15,683][flwr][INFO] - [ROUND 2]
[2024-11-09 18:30:15,683][flwr][INFO] - configure_fit: strategy sampled 2 clients (out of 2)
[2024-11-09 18:30:24,876][flwr][INFO] - aggregate_fit: received 2 results and 0 failures
[2024-11-09 18:30:24,925][flwr][INFO] - fit progress: (2, 0.5866857996353736, {'accuracy': 0.8956521739130435, 'f1-score': 0.8945241139934235}, 23.736283099999127)
[2024-11-09 18:30:24,925][flwr][INFO] - configure_evaluate: no clients selected, skipping evaluation
[2024-11-09 18:30:24,925][flwr][INFO] - 
[2024-11-09 18:30:24,925][flwr][INFO] - [SUMMARY]
[2024-11-09 18:30:24,925][flwr][INFO] - Run finished 2 round(s) in 23.74s
[2024-11-09 18:30:24,925][flwr][INFO] - 	History (loss, centralized):
[2024-11-09 18:30:24,925][flwr][INFO] - 		round 0: 0.6901315450668335
[2024-11-09 18:30:24,925][flwr][INFO] - 		round 1: 0.6616387596497169
[2024-11-09 18:30:24,925][flwr][INFO] - 		round 2: 0.5866857996353736
[2024-11-09 18:30:24,939][flwr][INFO] - 	History (metrics, centralized):
[2024-11-09 18:30:24,940][flwr][INFO] - 	{'accuracy': [(0, 0.49813664596273294),
[2024-11-09 18:30:24,941][flwr][INFO] - 	              (1, 0.8894409937888199),
[2024-11-09 18:30:24,942][flwr][INFO] - 	              (2, 0.8956521739130435)],
[2024-11-09 18:30:24,942][flwr][INFO] - 	 'f1-score': [(0, 0.38986251628374163),
[2024-11-09 18:30:24,942][flwr][INFO] - 	              (1, 0.8880323826113652),
[2024-11-09 18:30:24,942][flwr][INFO] - 	              (2, 0.8945241139934235)]}
[2024-11-09 18:30:24,942][flwr][INFO] - 
