[2024-11-09 18:25:04,855][flwr][WARNING] - Both server and strategy were provided, ignoring strategy
[2024-11-09 18:25:04,855][flwr][INFO] - Starting Flower simulation, config: num_rounds=2, no round_timeout
[2024-11-09 18:25:15,081][flwr][INFO] - Flower VCE: Ray initialized with resources: {'CPU': 8.0, 'node:__internal_head__': 1.0, 'node:127.0.0.1': 1.0, 'object_store_memory': 284682240.0, 'memory': 569364480.0}
[2024-11-09 18:25:15,096][flwr][INFO] - Optimize your simulation with Flower VCE: https://flower.ai/docs/framework/how-to-run-simulations.html
[2024-11-09 18:25:15,098][flwr][INFO] - Flower VCE: Resources for each Virtual Client: {'num_cpus': 4, 'num_gpus': 0.0}
[2024-11-09 18:25:15,128][flwr][INFO] - Flower VCE: Creating VirtualClientEngineActorPool with 2 actors
[2024-11-09 18:25:15,131][flwr][INFO] - [INIT]
[2024-11-09 18:25:15,132][flwr][INFO] - Requesting initial parameters from one random client
[2024-11-09 18:25:20,640][flwr][INFO] - Received initial parameters from one random client
[2024-11-09 18:25:20,640][flwr][INFO] - Starting evaluation of initial global parameters
[2024-11-09 18:25:20,761][flwr][INFO] - initial parameters (loss, other metrics): 0.6942452284005972, {'accuracy': 0.4906832298136646, 'f1-score': 0.3230331262939959}
[2024-11-09 18:25:20,761][flwr][INFO] - 
[2024-11-09 18:25:20,761][flwr][INFO] - [ROUND 1]
[2024-11-09 18:25:20,761][flwr][INFO] - configure_fit: strategy sampled 2 clients (out of 2)
[2024-11-09 18:25:37,029][flwr][INFO] - aggregate_fit: received 2 results and 0 failures
[2024-11-09 18:25:37,029][flwr][WARNING] - No fit_metrics_aggregation_fn provided
[2024-11-09 18:25:37,079][flwr][INFO] - fit progress: (1, 0.6822904210824233, {'accuracy': 0.49440993788819876, 'f1-score': 0.33124200823847877}, 16.316877199999)
[2024-11-09 18:25:37,080][flwr][INFO] - configure_evaluate: no clients selected, skipping evaluation
[2024-11-09 18:25:37,081][flwr][INFO] - 
[2024-11-09 18:25:37,082][flwr][INFO] - [ROUND 2]
[2024-11-09 18:25:37,082][flwr][INFO] - configure_fit: strategy sampled 2 clients (out of 2)
[2024-11-09 18:25:46,791][flwr][INFO] - aggregate_fit: received 2 results and 0 failures
[2024-11-09 18:25:46,918][flwr][INFO] - fit progress: (2, 0.6569162996915671, {'accuracy': 0.49440993788819876, 'f1-score': 0.33124200823847877}, 26.155336100000568)
[2024-11-09 18:25:46,918][flwr][INFO] - configure_evaluate: no clients selected, skipping evaluation
[2024-11-09 18:25:46,918][flwr][INFO] - 
[2024-11-09 18:25:46,918][flwr][INFO] - [SUMMARY]
[2024-11-09 18:25:46,918][flwr][INFO] - Run finished 2 round(s) in 26.16s
[2024-11-09 18:25:46,918][flwr][INFO] - 	History (loss, centralized):
[2024-11-09 18:25:46,918][flwr][INFO] - 		round 0: 0.6942452284005972
[2024-11-09 18:25:46,918][flwr][INFO] - 		round 1: 0.6822904210824233
[2024-11-09 18:25:46,918][flwr][INFO] - 		round 2: 0.6569162996915671
[2024-11-09 18:25:46,925][flwr][INFO] - 	History (metrics, centralized):
[2024-11-09 18:25:46,926][flwr][INFO] - 	{'accuracy': [(0, 0.4906832298136646),
[2024-11-09 18:25:46,927][flwr][INFO] - 	              (1, 0.49440993788819876),
[2024-11-09 18:25:46,927][flwr][INFO] - 	              (2, 0.49440993788819876)],
[2024-11-09 18:25:46,928][flwr][INFO] - 	 'f1-score': [(0, 0.3230331262939959),
[2024-11-09 18:25:46,929][flwr][INFO] - 	              (1, 0.33124200823847877),
[2024-11-09 18:25:46,929][flwr][INFO] - 	              (2, 0.33124200823847877)]}
[2024-11-09 18:25:46,929][flwr][INFO] - 
