[2025-02-04 15:37:23,659][flwr][WARNING] - Both server and strategy were provided, ignoring strategy
[2025-02-04 15:37:23,659][flwr][INFO] - Starting Flower simulation, config: num_rounds=2, no round_timeout
[2025-02-04 15:37:33,206][flwr][INFO] - Flower VCE: Ray initialized with resources: {'CPU': 8.0, 'memory': 1344363726.0, 'node:127.0.0.1': 1.0, 'object_store_memory': 672181862.0, 'node:__internal_head__': 1.0}
[2025-02-04 15:37:33,206][flwr][INFO] - Optimize your simulation with Flower VCE: https://flower.ai/docs/framework/how-to-run-simulations.html
[2025-02-04 15:37:33,206][flwr][INFO] - Flower VCE: Resources for each Virtual Client: {'num_cpus': 4, 'num_gpus': 0.0}
[2025-02-04 15:37:33,243][flwr][INFO] - Flower VCE: Creating VirtualClientEngineActorPool with 2 actors
[2025-02-04 15:37:33,243][flwr][INFO] - [INIT]
[2025-02-04 15:37:33,247][flwr][INFO] - Requesting initial parameters from one random client
[2025-02-04 15:37:38,214][flwr][INFO] - Received initial parameters from one random client
[2025-02-04 15:37:38,214][flwr][INFO] - Starting evaluation of initial global parameters
[2025-02-04 15:37:38,250][flwr][INFO] - initial parameters (loss, other metrics): 0.6899796043123517, {'accuracy': 0.5073170731707317, 'f1-score': 0.37631077302996147}
[2025-02-04 15:37:38,250][flwr][INFO] - 
[2025-02-04 15:37:38,254][flwr][INFO] - [ROUND 1]
[2025-02-04 15:37:38,255][flwr][INFO] - configure_fit: strategy sampled 3 clients (out of 3)
[2025-02-04 15:38:01,127][flwr][INFO] - aggregate_fit: received 3 results and 0 failures
[2025-02-04 15:38:01,135][flwr][WARNING] - No fit_metrics_aggregation_fn provided
[2025-02-04 15:38:01,158][flwr][INFO] - fit progress: (1, 0.6880633064678737, {'accuracy': 0.5073170731707317, 'f1-score': 0.36171514508585906}, 22.907773899998574)
[2025-02-04 15:38:01,158][flwr][INFO] - configure_evaluate: no clients selected, skipping evaluation
[2025-02-04 15:38:01,158][flwr][INFO] - 
[2025-02-04 15:38:01,158][flwr][INFO] - [ROUND 2]
[2025-02-04 15:38:01,158][flwr][INFO] - configure_fit: strategy sampled 3 clients (out of 3)
[2025-02-04 15:38:16,327][flwr][INFO] - aggregate_fit: received 3 results and 0 failures
[2025-02-04 15:38:16,353][flwr][INFO] - fit progress: (2, 0.6861026968274798, {'accuracy': 0.4975609756097561, 'f1-score': 0.3411308990484186}, 38.10021649999908)
[2025-02-04 15:38:16,355][flwr][INFO] - configure_evaluate: no clients selected, skipping evaluation
[2025-02-04 15:38:16,356][flwr][INFO] - 
[2025-02-04 15:38:16,356][flwr][INFO] - [SUMMARY]
[2025-02-04 15:38:16,356][flwr][INFO] - Run finished 2 round(s) in 38.10s
[2025-02-04 15:38:16,356][flwr][INFO] - 	History (loss, centralized):
[2025-02-04 15:38:16,356][flwr][INFO] - 		round 0: 0.6899796043123517
[2025-02-04 15:38:16,356][flwr][INFO] - 		round 1: 0.6880633064678737
[2025-02-04 15:38:16,356][flwr][INFO] - 		round 2: 0.6861026968274798
[2025-02-04 15:38:16,356][flwr][INFO] - 	History (metrics, centralized):
[2025-02-04 15:38:16,356][flwr][INFO] - 	{'accuracy': [(0, 0.5073170731707317),
[2025-02-04 15:38:16,356][flwr][INFO] - 	              (1, 0.5073170731707317),
[2025-02-04 15:38:16,366][flwr][INFO] - 	              (2, 0.4975609756097561)],
[2025-02-04 15:38:16,366][flwr][INFO] - 	 'f1-score': [(0, 0.37631077302996147),
[2025-02-04 15:38:16,367][flwr][INFO] - 	              (1, 0.36171514508585906),
[2025-02-04 15:38:16,368][flwr][INFO] - 	              (2, 0.3411308990484186)]}
[2025-02-04 15:38:16,368][flwr][INFO] - 
