[2024-10-11 17:41:05,856][flwr][WARNING] - Both server and strategy were provided, ignoring strategy
[2024-10-11 17:41:05,857][flwr][INFO] - Starting Flower simulation, config: ServerConfig(num_rounds=10, round_timeout=None)
[2024-10-11 17:41:15,609][flwr][INFO] - Flower VCE: Ray initialized with resources: {'object_store_memory': 798691737.0, 'CPU': 8.0, 'node:__internal_head__': 1.0, 'memory': 1597383476.0, 'node:127.0.0.1': 1.0}
[2024-10-11 17:41:15,609][flwr][INFO] - Initializing global parameters
[2024-10-11 17:41:15,609][flwr][INFO] - Requesting initial parameters from one random client
[2024-10-11 17:41:20,562][flwr][INFO] - Received initial parameters from one random client
[2024-10-11 17:41:20,562][flwr][INFO] - Evaluating initial parameters
[2024-10-11 17:41:20,629][flwr][INFO] - initial parameters (loss, other metrics): 0.005751893586582608, {'accuracy': 0.5633333333333334, 'f1-score': 0.7194860813704497}
[2024-10-11 17:41:20,629][flwr][INFO] - FL starting
[2024-10-11 17:41:20,629][flwr][DEBUG] - fit_round 1: strategy sampled 2 clients (out of 2)
[2024-10-11 17:41:36,485][flwr][DEBUG] - fit_round 1 received 2 results and 0 failures
[2024-10-11 17:41:36,485][flwr][WARNING] - No fit_metrics_aggregation_fn provided
[2024-10-11 17:41:36,549][flwr][INFO] - fit progress: (1, 0.005025346047348446, {'accuracy': 0.7455555555555555, 'f1-score': 0.7355658198614319}, 15.917557099999613)
[2024-10-11 17:41:36,549][flwr][INFO] - evaluate_round 1: no clients selected, cancel
[2024-10-11 17:41:36,549][flwr][DEBUG] - fit_round 2: strategy sampled 2 clients (out of 2)
[2024-10-11 17:41:45,405][flwr][DEBUG] - fit_round 2 received 2 results and 0 failures
[2024-10-11 17:41:45,472][flwr][INFO] - fit progress: (2, 0.003346692224343618, {'accuracy': 0.8227777777777778, 'f1-score': 0.8373278939316675}, 24.84785019999981)
[2024-10-11 17:41:45,472][flwr][INFO] - evaluate_round 2: no clients selected, cancel
[2024-10-11 17:41:45,472][flwr][DEBUG] - fit_round 3: strategy sampled 2 clients (out of 2)
[2024-10-11 17:41:53,996][flwr][DEBUG] - fit_round 3 received 2 results and 0 failures
[2024-10-11 17:41:54,064][flwr][INFO] - fit progress: (3, 0.003068758017486996, {'accuracy': 0.8438888888888889, 'f1-score': 0.8558234992303746}, 33.43357249999917)
[2024-10-11 17:41:54,064][flwr][INFO] - evaluate_round 3: no clients selected, cancel
[2024-10-11 17:41:54,064][flwr][DEBUG] - fit_round 4: strategy sampled 2 clients (out of 2)
[2024-10-11 17:42:04,042][flwr][DEBUG] - fit_round 4 received 2 results and 0 failures
[2024-10-11 17:42:04,108][flwr][INFO] - fit progress: (4, 0.002891293962796529, {'accuracy': 0.86, 'f1-score': 0.8745019920318725}, 43.48060389999955)
[2024-10-11 17:42:04,108][flwr][INFO] - evaluate_round 4: no clients selected, cancel
[2024-10-11 17:42:04,108][flwr][DEBUG] - fit_round 5: strategy sampled 2 clients (out of 2)
[2024-10-11 17:42:13,020][flwr][DEBUG] - fit_round 5 received 2 results and 0 failures
[2024-10-11 17:42:13,099][flwr][INFO] - fit progress: (5, 0.0028403400712543065, {'accuracy': 0.8688888888888889, 'f1-score': 0.8870813397129187}, 52.461022099999354)
[2024-10-11 17:42:13,101][flwr][INFO] - evaluate_round 5: no clients selected, cancel
[2024-10-11 17:42:13,101][flwr][DEBUG] - fit_round 6: strategy sampled 2 clients (out of 2)
[2024-10-11 17:42:21,490][flwr][DEBUG] - fit_round 6 received 2 results and 0 failures
[2024-10-11 17:42:21,557][flwr][INFO] - fit progress: (6, 0.002661404642793867, {'accuracy': 0.8977777777777778, 'f1-score': 0.9100684261974584}, 60.927021099999365)
[2024-10-11 17:42:21,557][flwr][INFO] - evaluate_round 6: no clients selected, cancel
[2024-10-11 17:42:21,557][flwr][DEBUG] - fit_round 7: strategy sampled 2 clients (out of 2)
[2024-10-11 17:42:30,910][flwr][DEBUG] - fit_round 7 received 2 results and 0 failures
[2024-10-11 17:42:30,979][flwr][INFO] - fit progress: (7, 0.0024742652393049663, {'accuracy': 0.905, 'f1-score': 0.9153046062407132}, 70.34800579999956)
[2024-10-11 17:42:30,979][flwr][INFO] - evaluate_round 7: no clients selected, cancel
[2024-10-11 17:42:30,979][flwr][DEBUG] - fit_round 8: strategy sampled 2 clients (out of 2)
[2024-10-11 17:42:39,665][flwr][DEBUG] - fit_round 8 received 2 results and 0 failures
[2024-10-11 17:42:39,776][flwr][INFO] - fit progress: (8, 0.002426439465747939, {'accuracy': 0.9105555555555556, 'f1-score': 0.9211170994610485}, 79.14069559999916)
[2024-10-11 17:42:39,776][flwr][INFO] - evaluate_round 8: no clients selected, cancel
[2024-10-11 17:42:39,776][flwr][DEBUG] - fit_round 9: strategy sampled 2 clients (out of 2)
[2024-10-11 17:42:48,653][flwr][DEBUG] - fit_round 9 received 2 results and 0 failures
[2024-10-11 17:42:48,739][flwr][INFO] - fit progress: (9, 0.002347346891959508, {'accuracy': 0.9116666666666666, 'f1-score': 0.9210134128166915}, 88.10112359999948)
[2024-10-11 17:42:48,740][flwr][INFO] - evaluate_round 9: no clients selected, cancel
[2024-10-11 17:42:48,740][flwr][DEBUG] - fit_round 10: strategy sampled 2 clients (out of 2)
[2024-10-11 17:42:58,520][flwr][DEBUG] - fit_round 10 received 2 results and 0 failures
[2024-10-11 17:42:58,609][flwr][INFO] - fit progress: (10, 0.0023420633210076225, {'accuracy': 0.9105555555555556, 'f1-score': 0.9208845208845209}, 97.97853799999939)
[2024-10-11 17:42:58,609][flwr][INFO] - evaluate_round 10: no clients selected, cancel
[2024-10-11 17:42:58,609][flwr][INFO] - FL finished in 97.98107899999923
[2024-10-11 17:42:58,620][flwr][INFO] - app_fit: losses_distributed []
[2024-10-11 17:42:58,622][flwr][INFO] - app_fit: metrics_distributed_fit {}
[2024-10-11 17:42:58,623][flwr][INFO] - app_fit: metrics_distributed {}
[2024-10-11 17:42:58,624][flwr][INFO] - app_fit: losses_centralized [(0, 0.005751893586582608), (1, 0.005025346047348446), (2, 0.003346692224343618), (3, 0.003068758017486996), (4, 0.002891293962796529), (5, 0.0028403400712543065), (6, 0.002661404642793867), (7, 0.0024742652393049663), (8, 0.002426439465747939), (9, 0.002347346891959508), (10, 0.0023420633210076225)]
[2024-10-11 17:42:58,625][flwr][INFO] - app_fit: metrics_centralized {'accuracy': [(0, 0.5633333333333334), (1, 0.7455555555555555), (2, 0.8227777777777778), (3, 0.8438888888888889), (4, 0.86), (5, 0.8688888888888889), (6, 0.8977777777777778), (7, 0.905), (8, 0.9105555555555556), (9, 0.9116666666666666), (10, 0.9105555555555556)], 'f1-score': [(0, 0.7194860813704497), (1, 0.7355658198614319), (2, 0.8373278939316675), (3, 0.8558234992303746), (4, 0.8745019920318725), (5, 0.8870813397129187), (6, 0.9100684261974584), (7, 0.9153046062407132), (8, 0.9211170994610485), (9, 0.9210134128166915), (10, 0.9208845208845209)]}
