[2024-10-11 18:34:54,450][flwr][WARNING] - Both server and strategy were provided, ignoring strategy
[2024-10-11 18:34:54,451][flwr][INFO] - Starting Flower simulation, config: ServerConfig(num_rounds=2, round_timeout=None)
[2024-10-11 18:35:03,562][flwr][INFO] - Flower VCE: Ray initialized with resources: {'node:__internal_head__': 1.0, 'node:127.0.0.1': 1.0, 'CPU': 8.0, 'memory': 1445648795.0, 'object_store_memory': 722824396.0}
[2024-10-11 18:35:03,562][flwr][INFO] - Initializing global parameters
[2024-10-11 18:35:03,562][flwr][INFO] - Requesting initial parameters from one random client
[2024-10-11 18:35:07,904][flwr][INFO] - Received initial parameters from one random client
[2024-10-11 18:35:07,904][flwr][INFO] - Evaluating initial parameters
[2024-10-11 18:35:07,975][flwr][INFO] - initial parameters (loss, other metrics): 0.005678150024678972, {'accuracy': 0.6005555555555555, 'f1-score': 0.7273416761471369}
[2024-10-11 18:35:07,975][flwr][INFO] - FL starting
[2024-10-11 18:35:07,975][flwr][DEBUG] - fit_round 1: strategy sampled 2 clients (out of 2)
[2024-10-11 18:35:21,974][flwr][DEBUG] - fit_round 1 received 2 results and 0 failures
[2024-10-11 18:35:21,974][flwr][WARNING] - No fit_metrics_aggregation_fn provided
[2024-10-11 18:35:22,061][flwr][INFO] - fit progress: (1, 0.004821995066271888, {'accuracy': 0.7738888888888888, 'f1-score': 0.7699265121537592}, 14.090323500000522)
[2024-10-11 18:35:22,061][flwr][INFO] - evaluate_round 1: no clients selected, cancel
[2024-10-11 18:35:22,061][flwr][DEBUG] - fit_round 2: strategy sampled 2 clients (out of 2)
[2024-10-11 18:35:30,480][flwr][DEBUG] - fit_round 2 received 2 results and 0 failures
[2024-10-11 18:35:30,553][flwr][INFO] - fit progress: (2, 0.0031647648082839116, {'accuracy': 0.8372222222222222, 'f1-score': 0.8526897938662644}, 22.575546699999904)
[2024-10-11 18:35:30,553][flwr][INFO] - evaluate_round 2: no clients selected, cancel
[2024-10-11 18:35:30,553][flwr][INFO] - FL finished in 22.57731909999984
[2024-10-11 18:35:30,553][flwr][INFO] - app_fit: losses_distributed []
[2024-10-11 18:35:30,553][flwr][INFO] - app_fit: metrics_distributed_fit {}
[2024-10-11 18:35:30,553][flwr][INFO] - app_fit: metrics_distributed {}
[2024-10-11 18:35:30,553][flwr][INFO] - app_fit: losses_centralized [(0, 0.005678150024678972), (1, 0.004821995066271888), (2, 0.0031647648082839116)]
[2024-10-11 18:35:30,553][flwr][INFO] - app_fit: metrics_centralized {'accuracy': [(0, 0.6005555555555555), (1, 0.7738888888888888), (2, 0.8372222222222222)], 'f1-score': [(0, 0.7273416761471369), (1, 0.7699265121537592), (2, 0.8526897938662644)]}
