[2024-10-11 18:01:04,079][flwr][WARNING] - Both server and strategy were provided, ignoring strategy
[2024-10-11 18:01:04,080][flwr][INFO] - Starting Flower simulation, config: ServerConfig(num_rounds=3, round_timeout=None)
[2024-10-11 18:01:16,173][flwr][INFO] - Flower VCE: Ray initialized with resources: {'CPU': 8.0, 'object_store_memory': 821497036.0, 'memory': 1642994075.0, 'node:127.0.0.1': 1.0, 'node:__internal_head__': 1.0}
[2024-10-11 18:01:16,174][flwr][INFO] - Initializing global parameters
[2024-10-11 18:01:16,175][flwr][INFO] - Requesting initial parameters from one random client
[2024-10-11 18:01:21,220][flwr][INFO] - Received initial parameters from one random client
[2024-10-11 18:01:21,220][flwr][INFO] - Evaluating initial parameters
[2024-10-11 18:01:21,307][flwr][INFO] - initial parameters (loss, other metrics): 0.00576506601439582, {'accuracy': 0.5616666666666666, 'f1-score': 0.7193169690501601}
[2024-10-11 18:01:21,309][flwr][INFO] - FL starting
[2024-10-11 18:01:21,310][flwr][DEBUG] - fit_round 1: strategy sampled 2 clients (out of 2)
[2024-10-11 18:01:38,974][flwr][DEBUG] - fit_round 1 received 2 results and 0 failures
[2024-10-11 18:01:38,974][flwr][WARNING] - No fit_metrics_aggregation_fn provided
[2024-10-11 18:01:39,042][flwr][INFO] - fit progress: (1, 0.005401098595725165, {'accuracy': 0.6066666666666667, 'f1-score': 0.4739970282317979}, 17.74184879999939)
[2024-10-11 18:01:39,042][flwr][INFO] - evaluate_round 1: no clients selected, cancel
[2024-10-11 18:01:39,042][flwr][DEBUG] - fit_round 2: strategy sampled 2 clients (out of 2)
[2024-10-11 18:01:50,542][flwr][DEBUG] - fit_round 2 received 2 results and 0 failures
[2024-10-11 18:01:50,626][flwr][INFO] - fit progress: (2, 0.0037636381056573654, {'accuracy': 0.8183333333333334, 'f1-score': 0.8274406332453826}, 29.315120399999614)
[2024-10-11 18:01:50,627][flwr][INFO] - evaluate_round 2: no clients selected, cancel
[2024-10-11 18:01:50,628][flwr][DEBUG] - fit_round 3: strategy sampled 2 clients (out of 2)
[2024-10-11 18:02:01,983][flwr][DEBUG] - fit_round 3 received 2 results and 0 failures
[2024-10-11 18:02:02,088][flwr][INFO] - fit progress: (3, 0.0030071582231256696, {'accuracy': 0.8427777777777777, 'f1-score': 0.8606597735105859}, 40.783324699999866)
[2024-10-11 18:02:02,088][flwr][INFO] - evaluate_round 3: no clients selected, cancel
[2024-10-11 18:02:02,088][flwr][INFO] - FL finished in 40.78557159999946
[2024-10-11 18:02:02,088][flwr][INFO] - app_fit: losses_distributed []
[2024-10-11 18:02:02,088][flwr][INFO] - app_fit: metrics_distributed_fit {}
[2024-10-11 18:02:02,088][flwr][INFO] - app_fit: metrics_distributed {}
[2024-10-11 18:02:02,088][flwr][INFO] - app_fit: losses_centralized [(0, 0.00576506601439582), (1, 0.005401098595725165), (2, 0.0037636381056573654), (3, 0.0030071582231256696)]
[2024-10-11 18:02:02,100][flwr][INFO] - app_fit: metrics_centralized {'accuracy': [(0, 0.5616666666666666), (1, 0.6066666666666667), (2, 0.8183333333333334), (3, 0.8427777777777777)], 'f1-score': [(0, 0.7193169690501601), (1, 0.4739970282317979), (2, 0.8274406332453826), (3, 0.8606597735105859)]}
