[2024-09-19 11:49:09,786][numexpr.utils][INFO] - NumExpr defaulting to 8 threads.
[2024-09-19 11:49:12,917][flwr][INFO] - Starting Flower simulation, config: ServerConfig(num_rounds=10, round_timeout=None)
[2024-09-19 11:49:21,263][flwr][INFO] - Flower VCE: Ray initialized with resources: {'node:127.0.0.1': 1.0, 'object_store_memory': 502824960.0, 'CPU': 8.0, 'memory': 1005649920.0, 'node:__internal_head__': 1.0}
[2024-09-19 11:49:21,264][flwr][INFO] - Initializing global parameters
[2024-09-19 11:49:21,264][flwr][INFO] - Requesting initial parameters from one random client
[2024-09-19 11:49:24,382][flwr][INFO] - Received initial parameters from one random client
[2024-09-19 11:49:24,383][flwr][INFO] - Evaluating initial parameters
[2024-09-19 11:49:24,463][flwr][INFO] - initial parameters (loss, other metrics): 11.997161483764648, {'global accuracy': 0.43833333333333335}
[2024-09-19 11:49:24,464][flwr][INFO] - FL starting
[2024-09-19 11:49:24,465][flwr][DEBUG] - fit_round 1: strategy sampled 2 clients (out of 2)
[2024-09-19 11:49:24,558][flwr][ERROR] - [36mray::launch_and_fit()[39m (pid=4792, ip=127.0.0.1)
  File "python\ray\_raylet.pyx", line 1896, in ray._raylet.execute_task
  File "C:\Users\PC\anaconda3\envs\flower\Lib\site-packages\flwr\simulation\ray_transport\ray_client_proxy.py", line 148, in launch_and_fit
    return maybe_call_fit(
           ^^^^^^^^^^^^^^^
  File "C:\Users\PC\anaconda3\envs\flower\Lib\site-packages\flwr\client\client.py", line 184, in maybe_call_fit
    return client.fit(fit_ins)
           ^^^^^^^^^^^^^^^^^^^
  File "C:\Users\PC\anaconda3\envs\flower\Lib\site-packages\flwr\client\app.py", line 297, in _fit
    results = self.numpy_client.fit(parameters, ins.config)  # type: ignore
              ^^^^^^^^^^^^^^^^^^^^^^^^^^^^^^^^^^^^^^^^^^^^^
  File "C:\Users\PC\VscodeProjects\Tesi-Francesco\clients\client_scaffold.py", line 48, in fit
    self.set_parameters(parameters)
  File "C:\Users\PC\VscodeProjects\Tesi-Francesco\clients\client_scaffold.py", line 38, in set_parameters
    self.model.load_state_dict(state_dict, strict=True)
  File "C:\Users\PC\anaconda3\envs\flower\Lib\site-packages\torch\nn\modules\module.py", line 2215, in load_state_dict
    raise RuntimeError('Error(s) in loading state_dict for {}:\n\t{}'.format(
RuntimeError: Error(s) in loading state_dict for BinaryNet:
	Missing key(s) in state_dict: "fc2.bias", "fc3.weight", "fc3.bias".
[2024-09-19 11:49:27,995][flwr][ERROR] - [36mray::launch_and_fit()[39m (pid=4440, ip=127.0.0.1)
  File "python\ray\_raylet.pyx", line 1896, in ray._raylet.execute_task
  File "C:\Users\PC\anaconda3\envs\flower\Lib\site-packages\flwr\simulation\ray_transport\ray_client_proxy.py", line 148, in launch_and_fit
    return maybe_call_fit(
           ^^^^^^^^^^^^^^^
  File "C:\Users\PC\anaconda3\envs\flower\Lib\site-packages\flwr\client\client.py", line 184, in maybe_call_fit
    return client.fit(fit_ins)
           ^^^^^^^^^^^^^^^^^^^
  File "C:\Users\PC\anaconda3\envs\flower\Lib\site-packages\flwr\client\app.py", line 297, in _fit
    results = self.numpy_client.fit(parameters, ins.config)  # type: ignore
              ^^^^^^^^^^^^^^^^^^^^^^^^^^^^^^^^^^^^^^^^^^^^^
  File "C:\Users\PC\VscodeProjects\Tesi-Francesco\clients\client_scaffold.py", line 48, in fit
    self.set_parameters(parameters)
  File "C:\Users\PC\VscodeProjects\Tesi-Francesco\clients\client_scaffold.py", line 38, in set_parameters
    self.model.load_state_dict(state_dict, strict=True)
  File "C:\Users\PC\anaconda3\envs\flower\Lib\site-packages\torch\nn\modules\module.py", line 2215, in load_state_dict
    raise RuntimeError('Error(s) in loading state_dict for {}:\n\t{}'.format(
RuntimeError: Error(s) in loading state_dict for BinaryNet:
	Missing key(s) in state_dict: "fc2.bias", "fc3.weight", "fc3.bias".
[2024-09-19 11:49:28,009][flwr][DEBUG] - fit_round 1 received 0 results and 2 failures
[2024-09-19 11:49:28,049][flwr][INFO] - fit progress: (1, 11.997161483764648, {'global accuracy': 0.43833333333333335}, 3.5836462000152096)
[2024-09-19 11:49:28,050][flwr][DEBUG] - evaluate_round 1: strategy sampled 2 clients (out of 2)
[2024-09-19 11:49:37,788][flwr][DEBUG] - evaluate_round 1 received 2 results and 0 failures
