[2024-10-02 12:04:38,023][flwr][WARNING] - Both server and strategy were provided, ignoring strategy
[2024-10-02 12:04:38,023][flwr][INFO] - Starting Flower simulation, config: ServerConfig(num_rounds=10, round_timeout=None)
[2024-10-02 12:04:47,153][flwr][INFO] - Flower VCE: Ray initialized with resources: {'CPU': 12.0, 'object_store_memory': 724485734.0, 'memory': 1448971470.0, 'node:__internal_head__': 1.0, 'node:127.0.0.1': 1.0}
[2024-10-02 12:04:47,155][flwr][INFO] - Initializing global parameters
[2024-10-02 12:04:47,155][flwr][INFO] - Requesting initial parameters from one random client
[2024-10-02 12:04:51,113][flwr][INFO] - Received initial parameters from one random client
[2024-10-02 12:04:51,113][flwr][INFO] - Evaluating initial parameters
[2024-10-02 12:04:51,155][flwr][INFO] - initial parameters (loss, other metrics): 0.00576481216483646, {'accuracy': 0.44166666666666665, 'f1-score': 0.011799410029498525}
[2024-10-02 12:04:51,160][flwr][INFO] - FL starting
[2024-10-02 12:04:51,162][flwr][DEBUG] - fit_round 1: strategy sampled 2 clients (out of 2)
[2024-10-02 12:05:04,012][flwr][DEBUG] - fit_round 1 received 2 results and 0 failures
[2024-10-02 12:05:04,015][flwr][WARNING] - No fit_metrics_aggregation_fn provided
[2024-10-02 12:05:04,039][flwr][INFO] - fit progress: (1, 0.005904462205039131, {'accuracy': 0.5616666666666666, 'f1-score': 0.7193169690501601}, 12.891575699999521)
[2024-10-02 12:05:04,054][flwr][INFO] - evaluate_round 1: no clients selected, cancel
[2024-10-02 12:05:04,055][flwr][DEBUG] - fit_round 2: strategy sampled 2 clients (out of 2)
[2024-10-02 12:05:11,789][flwr][DEBUG] - fit_round 2 received 2 results and 0 failures
[2024-10-02 12:05:11,832][flwr][INFO] - fit progress: (2, 0.006324636075231764, {'accuracy': 0.5616666666666666, 'f1-score': 0.7193169690501601}, 20.671198099999856)
[2024-10-02 12:05:11,834][flwr][INFO] - evaluate_round 2: no clients selected, cancel
[2024-10-02 12:05:11,835][flwr][DEBUG] - fit_round 3: strategy sampled 2 clients (out of 2)
[2024-10-02 12:05:19,491][flwr][DEBUG] - fit_round 3 received 2 results and 0 failures
[2024-10-02 12:05:19,531][flwr][INFO] - fit progress: (3, 0.0063899281952116225, {'accuracy': 0.5616666666666666, 'f1-score': 0.7193169690501601}, 28.369815899999594)
[2024-10-02 12:05:19,532][flwr][INFO] - evaluate_round 3: no clients selected, cancel
[2024-10-02 12:05:19,534][flwr][DEBUG] - fit_round 4: strategy sampled 2 clients (out of 2)
[2024-10-02 12:05:27,135][flwr][DEBUG] - fit_round 4 received 2 results and 0 failures
[2024-10-02 12:05:27,177][flwr][INFO] - fit progress: (4, 0.006396432154708438, {'accuracy': 0.5616666666666666, 'f1-score': 0.7193169690501601}, 36.0190235)
[2024-10-02 12:05:27,177][flwr][INFO] - evaluate_round 4: no clients selected, cancel
[2024-10-02 12:05:27,182][flwr][DEBUG] - fit_round 5: strategy sampled 2 clients (out of 2)
[2024-10-02 12:05:34,845][flwr][DEBUG] - fit_round 5 received 2 results and 0 failures
[2024-10-02 12:05:34,882][flwr][INFO] - fit progress: (5, 0.006379186014334361, {'accuracy': 0.5616666666666666, 'f1-score': 0.7193169690501601}, 43.72665819999929)
[2024-10-02 12:05:34,882][flwr][INFO] - evaluate_round 5: no clients selected, cancel
[2024-10-02 12:05:34,882][flwr][DEBUG] - fit_round 6: strategy sampled 2 clients (out of 2)
[2024-10-02 12:05:42,727][flwr][DEBUG] - fit_round 6 received 2 results and 0 failures
[2024-10-02 12:05:42,773][flwr][INFO] - fit progress: (6, 0.006341951655017005, {'accuracy': 0.6111111111111112, 'f1-score': 0.7413155949741316}, 51.61514519999946)
[2024-10-02 12:05:42,773][flwr][INFO] - evaluate_round 6: no clients selected, cancel
[2024-10-02 12:05:42,773][flwr][DEBUG] - fit_round 7: strategy sampled 2 clients (out of 2)
[2024-10-02 12:05:50,416][flwr][DEBUG] - fit_round 7 received 2 results and 0 failures
[2024-10-02 12:05:50,465][flwr][INFO] - fit progress: (7, 0.006332157750924428, {'accuracy': 0.6616666666666666, 'f1-score': 0.7658592848904268}, 59.31087219999972)
[2024-10-02 12:05:50,465][flwr][INFO] - evaluate_round 7: no clients selected, cancel
[2024-10-02 12:05:50,475][flwr][DEBUG] - fit_round 8: strategy sampled 2 clients (out of 2)
[2024-10-02 12:05:58,197][flwr][DEBUG] - fit_round 8 received 2 results and 0 failures
[2024-10-02 12:05:58,236][flwr][INFO] - fit progress: (8, 0.0063926828900973, {'accuracy': 0.6822222222222222, 'f1-score': 0.7758620689655172}, 67.07761380000011)
[2024-10-02 12:05:58,236][flwr][INFO] - evaluate_round 8: no clients selected, cancel
[2024-10-02 12:05:58,241][flwr][DEBUG] - fit_round 9: strategy sampled 2 clients (out of 2)
[2024-10-02 12:06:05,918][flwr][DEBUG] - fit_round 9 received 2 results and 0 failures
[2024-10-02 12:06:05,970][flwr][INFO] - fit progress: (9, 0.006357591185304854, {'accuracy': 0.6966666666666667, 'f1-score': 0.7828162291169452}, 74.81036739999945)
[2024-10-02 12:06:05,970][flwr][INFO] - evaluate_round 9: no clients selected, cancel
[2024-10-02 12:06:05,970][flwr][DEBUG] - fit_round 10: strategy sampled 2 clients (out of 2)
[2024-10-02 12:06:13,783][flwr][DEBUG] - fit_round 10 received 2 results and 0 failures
[2024-10-02 12:06:13,826][flwr][INFO] - fit progress: (10, 0.006421115365293291, {'accuracy': 0.6994444444444444, 'f1-score': 0.7842042281611488}, 82.66972269999951)
[2024-10-02 12:06:13,826][flwr][INFO] - evaluate_round 10: no clients selected, cancel
[2024-10-02 12:06:13,826][flwr][INFO] - FL finished in 82.67113319999953
[2024-10-02 12:06:13,826][flwr][INFO] - app_fit: losses_distributed []
[2024-10-02 12:06:13,834][flwr][INFO] - app_fit: metrics_distributed_fit {}
[2024-10-02 12:06:13,834][flwr][INFO] - app_fit: metrics_distributed {}
[2024-10-02 12:06:13,834][flwr][INFO] - app_fit: losses_centralized [(0, 0.00576481216483646), (1, 0.005904462205039131), (2, 0.006324636075231764), (3, 0.0063899281952116225), (4, 0.006396432154708438), (5, 0.006379186014334361), (6, 0.006341951655017005), (7, 0.006332157750924428), (8, 0.0063926828900973), (9, 0.006357591185304854), (10, 0.006421115365293291)]
[2024-10-02 12:06:13,835][flwr][INFO] - app_fit: metrics_centralized {'accuracy': [(0, 0.44166666666666665), (1, 0.5616666666666666), (2, 0.5616666666666666), (3, 0.5616666666666666), (4, 0.5616666666666666), (5, 0.5616666666666666), (6, 0.6111111111111112), (7, 0.6616666666666666), (8, 0.6822222222222222), (9, 0.6966666666666667), (10, 0.6994444444444444)], 'f1-score': [(0, 0.011799410029498525), (1, 0.7193169690501601), (2, 0.7193169690501601), (3, 0.7193169690501601), (4, 0.7193169690501601), (5, 0.7193169690501601), (6, 0.7413155949741316), (7, 0.7658592848904268), (8, 0.7758620689655172), (9, 0.7828162291169452), (10, 0.7842042281611488)]}
