[2024-10-11 18:08:17,104][flwr][WARNING] - Both server and strategy were provided, ignoring strategy
[2024-10-11 18:08:17,104][flwr][INFO] - Starting Flower simulation, config: ServerConfig(num_rounds=3, round_timeout=None)
[2024-10-11 18:08:26,056][flwr][INFO] - Flower VCE: Ray initialized with resources: {'CPU': 8.0, 'node:__internal_head__': 1.0, 'object_store_memory': 780476006.0, 'memory': 1560952014.0, 'node:127.0.0.1': 1.0}
[2024-10-11 18:08:26,065][flwr][INFO] - Initializing global parameters
[2024-10-11 18:08:26,065][flwr][INFO] - Requesting initial parameters from one random client
[2024-10-11 18:08:31,153][flwr][INFO] - Received initial parameters from one random client
[2024-10-11 18:08:31,168][flwr][INFO] - Evaluating initial parameters
[2024-10-11 18:08:31,252][flwr][INFO] - initial parameters (loss, other metrics): 0.00583573838075002, {'accuracy': 0.4444444444444444, 'f1-score': 0.021526418786692758}
[2024-10-11 18:08:31,254][flwr][INFO] - FL starting
[2024-10-11 18:08:31,256][flwr][DEBUG] - fit_round 1: strategy sampled 2 clients (out of 2)
[2024-10-11 18:08:45,788][flwr][DEBUG] - fit_round 1 received 2 results and 0 failures
[2024-10-11 18:08:45,805][flwr][WARNING] - No fit_metrics_aggregation_fn provided
[2024-10-11 18:08:46,220][flwr][INFO] - fit progress: (1, 0.005305950939655304, {'accuracy': 0.6961111111111111, 'f1-score': 0.6540164452877926}, 14.976032499999747)
[2024-10-11 18:08:46,236][flwr][INFO] - evaluate_round 1: no clients selected, cancel
[2024-10-11 18:08:46,250][flwr][DEBUG] - fit_round 2: strategy sampled 2 clients (out of 2)
[2024-10-11 18:08:54,744][flwr][DEBUG] - fit_round 2 received 2 results and 0 failures
[2024-10-11 18:08:54,813][flwr][INFO] - fit progress: (2, 0.0036146444578965503, {'accuracy': 0.8194444444444444, 'f1-score': 0.8320413436692506}, 23.568707899999936)
[2024-10-11 18:08:54,813][flwr][INFO] - evaluate_round 2: no clients selected, cancel
[2024-10-11 18:08:54,813][flwr][DEBUG] - fit_round 3: strategy sampled 2 clients (out of 2)
[2024-10-11 18:09:02,982][flwr][DEBUG] - fit_round 3 received 2 results and 0 failures
[2024-10-11 18:09:03,056][flwr][INFO] - fit progress: (3, 0.0029516292446189456, {'accuracy': 0.8566666666666667, 'f1-score': 0.8713858424725822}, 31.81420259999959)
[2024-10-11 18:09:03,056][flwr][INFO] - evaluate_round 3: no clients selected, cancel
[2024-10-11 18:09:03,056][flwr][INFO] - FL finished in 31.815964899999926
[2024-10-11 18:09:03,071][flwr][INFO] - app_fit: losses_distributed []
[2024-10-11 18:09:03,071][flwr][INFO] - app_fit: metrics_distributed_fit {}
[2024-10-11 18:09:03,072][flwr][INFO] - app_fit: metrics_distributed {}
[2024-10-11 18:09:03,073][flwr][INFO] - app_fit: losses_centralized [(0, 0.00583573838075002), (1, 0.005305950939655304), (2, 0.0036146444578965503), (3, 0.0029516292446189456)]
[2024-10-11 18:09:03,073][flwr][INFO] - app_fit: metrics_centralized {'accuracy': [(0, 0.4444444444444444), (1, 0.6961111111111111), (2, 0.8194444444444444), (3, 0.8566666666666667)], 'f1-score': [(0, 0.021526418786692758), (1, 0.6540164452877926), (2, 0.8320413436692506), (3, 0.8713858424725822)]}
