[2024-09-16 11:58:38,494][flwr][INFO] - Starting Flower simulation, config: ServerConfig(num_rounds=10, round_timeout=None)
[2024-09-16 11:58:50,446][flwr][INFO] - Flower VCE: Ray initialized with resources: {'node:127.0.0.1': 1.0, 'object_store_memory': 749269401.0, 'node:__internal_head__': 1.0, 'memory': 1498538804.0, 'CPU': 8.0}
[2024-09-16 11:58:50,446][flwr][INFO] - Initializing global parameters
[2024-09-16 11:58:50,447][flwr][INFO] - Requesting initial parameters from one random client
[2024-09-16 11:58:57,881][flwr][INFO] - Received initial parameters from one random client
[2024-09-16 11:58:57,885][flwr][INFO] - Evaluating initial parameters
[2024-09-16 11:58:58,079][flwr][INFO] - initial parameters (loss, other metrics): 40.089545567830406, {'accuracy': 0.5616666666666666}
[2024-09-16 11:58:58,083][flwr][INFO] - FL starting
[2024-09-16 11:58:58,086][flwr][DEBUG] - fit_round 1: strategy sampled 2 clients (out of 2)
[2024-09-16 11:59:19,353][flwr][DEBUG] - fit_round 1 received 2 results and 0 failures
[2024-09-16 11:59:19,356][flwr][WARNING] - No fit_metrics_aggregation_fn provided
[2024-09-16 11:59:19,406][flwr][INFO] - fit progress: (1, 1.3513272205988567, {'accuracy': 0.5616666666666666}, 21.321399700000256)
[2024-09-16 11:59:19,407][flwr][DEBUG] - evaluate_round 1: strategy sampled 2 clients (out of 2)
[2024-09-16 11:59:46,890][flwr][DEBUG] - evaluate_round 1 received 2 results and 0 failures
[2024-09-16 11:59:46,898][flwr][DEBUG] - fit_round 2: strategy sampled 2 clients (out of 2)
[2024-09-16 12:00:05,441][flwr][DEBUG] - fit_round 2 received 2 results and 0 failures
[2024-09-16 12:00:05,534][flwr][INFO] - fit progress: (2, 0.7558231631914775, {'accuracy': 0.5616666666666666}, 67.44885190000059)
[2024-09-16 12:00:05,543][flwr][DEBUG] - evaluate_round 2: strategy sampled 2 clients (out of 2)
[2024-09-16 12:00:21,395][flwr][DEBUG] - evaluate_round 2 received 2 results and 0 failures
[2024-09-16 12:00:21,396][flwr][DEBUG] - fit_round 3: strategy sampled 2 clients (out of 2)
[2024-09-16 12:00:34,032][flwr][DEBUG] - fit_round 3 received 2 results and 0 failures
[2024-09-16 12:00:34,082][flwr][INFO] - fit progress: (3, 0.6468888362248738, {'accuracy': 0.615}, 95.99739399999999)
[2024-09-16 12:00:34,083][flwr][DEBUG] - evaluate_round 3: strategy sampled 2 clients (out of 2)
[2024-09-16 12:00:46,142][flwr][DEBUG] - evaluate_round 3 received 2 results and 0 failures
[2024-09-16 12:00:46,142][flwr][DEBUG] - fit_round 4: strategy sampled 2 clients (out of 2)
[2024-09-16 12:00:59,330][flwr][DEBUG] - fit_round 4 received 2 results and 0 failures
[2024-09-16 12:00:59,614][flwr][INFO] - fit progress: (4, 0.7916558225949605, {'accuracy': 0.5638888888888889}, 121.52862249999998)
[2024-09-16 12:00:59,620][flwr][DEBUG] - evaluate_round 4: strategy sampled 2 clients (out of 2)
[2024-09-16 12:01:13,193][flwr][DEBUG] - evaluate_round 4 received 2 results and 0 failures
[2024-09-16 12:01:13,194][flwr][DEBUG] - fit_round 5: strategy sampled 2 clients (out of 2)
[2024-09-16 12:01:28,640][flwr][DEBUG] - fit_round 5 received 2 results and 0 failures
[2024-09-16 12:01:28,684][flwr][INFO] - fit progress: (5, 0.5638204296429952, {'accuracy': 0.7055555555555556}, 150.59935340000084)
[2024-09-16 12:01:28,685][flwr][DEBUG] - evaluate_round 5: strategy sampled 2 clients (out of 2)
[2024-09-16 12:01:58,603][flwr][DEBUG] - evaluate_round 5 received 2 results and 0 failures
[2024-09-16 12:01:58,608][flwr][DEBUG] - fit_round 6: strategy sampled 2 clients (out of 2)
[2024-09-16 12:02:22,654][flwr][DEBUG] - fit_round 6 received 2 results and 0 failures
[2024-09-16 12:02:22,707][flwr][INFO] - fit progress: (6, 0.5495576699574788, {'accuracy': 0.7094444444444444}, 204.62167970000064)
[2024-09-16 12:02:22,708][flwr][DEBUG] - evaluate_round 6: strategy sampled 2 clients (out of 2)
[2024-09-16 12:02:34,162][flwr][DEBUG] - evaluate_round 6 received 2 results and 0 failures
[2024-09-16 12:02:34,163][flwr][DEBUG] - fit_round 7: strategy sampled 2 clients (out of 2)
[2024-09-16 12:02:51,778][flwr][DEBUG] - fit_round 7 received 2 results and 0 failures
[2024-09-16 12:02:51,822][flwr][INFO] - fit progress: (7, 0.6791489919026693, {'accuracy': 0.6544444444444445}, 233.73689880000074)
[2024-09-16 12:02:51,823][flwr][DEBUG] - evaluate_round 7: strategy sampled 2 clients (out of 2)
[2024-09-16 12:03:12,861][flwr][DEBUG] - evaluate_round 7 received 2 results and 0 failures
[2024-09-16 12:03:12,862][flwr][DEBUG] - fit_round 8: strategy sampled 2 clients (out of 2)
[2024-09-16 12:03:26,732][flwr][DEBUG] - fit_round 8 received 2 results and 0 failures
[2024-09-16 12:03:26,777][flwr][INFO] - fit progress: (8, 0.7418996890385946, {'accuracy': 0.5861111111111111}, 268.69212510000034)
[2024-09-16 12:03:26,778][flwr][DEBUG] - evaluate_round 8: strategy sampled 2 clients (out of 2)
[2024-09-16 12:03:57,073][flwr][DEBUG] - evaluate_round 8 received 2 results and 0 failures
[2024-09-16 12:03:57,074][flwr][DEBUG] - fit_round 9: strategy sampled 2 clients (out of 2)
[2024-09-16 12:04:08,608][flwr][DEBUG] - fit_round 9 received 2 results and 0 failures
[2024-09-16 12:04:08,649][flwr][INFO] - fit progress: (9, 0.530404641230901, {'accuracy': 0.7183333333333334}, 310.56429110000045)
[2024-09-16 12:04:08,650][flwr][DEBUG] - evaluate_round 9: strategy sampled 2 clients (out of 2)
[2024-09-16 12:04:33,241][flwr][DEBUG] - evaluate_round 9 received 2 results and 0 failures
[2024-09-16 12:04:33,241][flwr][DEBUG] - fit_round 10: strategy sampled 2 clients (out of 2)
[2024-09-16 12:04:57,884][flwr][DEBUG] - fit_round 10 received 2 results and 0 failures
[2024-09-16 12:04:58,189][flwr][INFO] - fit progress: (10, 0.6026489496231079, {'accuracy': 0.6577777777777778}, 360.1031285000008)
[2024-09-16 12:04:58,194][flwr][DEBUG] - evaluate_round 10: strategy sampled 2 clients (out of 2)
[2024-09-16 12:05:14,610][flwr][DEBUG] - evaluate_round 10 received 2 results and 0 failures
[2024-09-16 12:05:14,611][flwr][INFO] - FL finished in 376.5262029000005
[2024-09-16 12:05:14,613][flwr][INFO] - app_fit: losses_distributed [(1, 1.190288570192125), (2, 0.6967320301466517), (3, 0.6642681294017367), (4, 0.7272136948174901), (5, 0.5653010515703095), (6, 0.542144700884819), (7, 0.7150486591789458), (8, 0.6772156722015805), (9, 0.5149254260791672), (10, 0.5668637711140845)]
[2024-09-16 12:05:14,614][flwr][INFO] - app_fit: metrics_distributed_fit {}
[2024-09-16 12:05:14,615][flwr][INFO] - app_fit: metrics_distributed {'accuracy': [(1, 0.5833333333333334), (2, 0.5833333333333334), (3, 0.5833333333333334), (4, 0.5833333333333334), (5, 0.7222222222222222), (6, 0.6944444444444444), (7, 0.6111111111111112), (8, 0.5833333333333334), (9, 0.7222222222222222), (10, 0.6666666666666666)]}
[2024-09-16 12:05:14,616][flwr][INFO] - app_fit: losses_centralized [(0, 40.089545567830406), (1, 1.3513272205988567), (2, 0.7558231631914775), (3, 0.6468888362248738), (4, 0.7916558225949605), (5, 0.5638204296429952), (6, 0.5495576699574788), (7, 0.6791489919026693), (8, 0.7418996890385946), (9, 0.530404641230901), (10, 0.6026489496231079)]
[2024-09-16 12:05:14,618][flwr][INFO] - app_fit: metrics_centralized {'accuracy': [(0, 0.5616666666666666), (1, 0.5616666666666666), (2, 0.5616666666666666), (3, 0.615), (4, 0.5638888888888889), (5, 0.7055555555555556), (6, 0.7094444444444444), (7, 0.6544444444444445), (8, 0.5861111111111111), (9, 0.7183333333333334), (10, 0.6577777777777778)]}
