[2024-09-16 12:14:19,452][flwr][INFO] - Starting Flower simulation, config: ServerConfig(num_rounds=10, round_timeout=None)
[2024-09-16 12:14:35,130][flwr][INFO] - Flower VCE: Ray initialized with resources: {'node:__internal_head__': 1.0, 'CPU': 8.0, 'memory': 1708115559.0, 'node:127.0.0.1': 1.0, 'object_store_memory': 854057779.0}
[2024-09-16 12:14:35,130][flwr][INFO] - Initializing global parameters
[2024-09-16 12:14:35,131][flwr][INFO] - Requesting initial parameters from one random client
[2024-09-16 12:14:42,136][flwr][INFO] - Received initial parameters from one random client
[2024-09-16 12:14:42,140][flwr][INFO] - Evaluating initial parameters
[2024-09-16 12:14:42,348][flwr][INFO] - initial parameters (loss, other metrics): 4.330350097020467, {'accuracy': 0.43833333333333335}
[2024-09-16 12:14:42,352][flwr][INFO] - FL starting
[2024-09-16 12:14:42,354][flwr][DEBUG] - fit_round 1: strategy sampled 2 clients (out of 2)
[2024-09-16 12:15:02,938][flwr][DEBUG] - fit_round 1 received 2 results and 0 failures
[2024-09-16 12:15:02,941][flwr][WARNING] - No fit_metrics_aggregation_fn provided
[2024-09-16 12:15:02,983][flwr][INFO] - fit progress: (1, 1.0049261093139648, {'accuracy': 0.49277777777777776}, 20.63040799999999)
[2024-09-16 12:15:02,984][flwr][DEBUG] - evaluate_round 1: strategy sampled 2 clients (out of 2)
[2024-09-16 12:15:21,228][flwr][DEBUG] - evaluate_round 1 received 2 results and 0 failures
[2024-09-16 12:15:21,229][flwr][DEBUG] - fit_round 2: strategy sampled 2 clients (out of 2)
[2024-09-16 12:15:38,036][flwr][DEBUG] - fit_round 2 received 2 results and 0 failures
[2024-09-16 12:15:38,083][flwr][INFO] - fit progress: (2, 0.9123096585273742, {'accuracy': 0.5111111111111111}, 55.72997630000009)
[2024-09-16 12:15:38,084][flwr][DEBUG] - evaluate_round 2: strategy sampled 2 clients (out of 2)
[2024-09-16 12:15:50,456][flwr][DEBUG] - evaluate_round 2 received 2 results and 0 failures
[2024-09-16 12:15:50,457][flwr][DEBUG] - fit_round 3: strategy sampled 2 clients (out of 2)
[2024-09-16 12:16:16,645][flwr][DEBUG] - fit_round 3 received 2 results and 0 failures
[2024-09-16 12:16:16,698][flwr][INFO] - fit progress: (3, 0.6132424712181092, {'accuracy': 0.6255555555555555}, 94.34571899999992)
[2024-09-16 12:16:16,699][flwr][DEBUG] - evaluate_round 3: strategy sampled 2 clients (out of 2)
[2024-09-16 12:16:30,773][flwr][DEBUG] - evaluate_round 3 received 2 results and 0 failures
[2024-09-16 12:16:30,774][flwr][DEBUG] - fit_round 4: strategy sampled 2 clients (out of 2)
[2024-09-16 12:16:48,693][flwr][DEBUG] - fit_round 4 received 2 results and 0 failures
[2024-09-16 12:16:48,742][flwr][INFO] - fit progress: (4, 0.5776232679684957, {'accuracy': 0.7072222222222222}, 126.38913039999989)
[2024-09-16 12:16:48,743][flwr][DEBUG] - evaluate_round 4: strategy sampled 2 clients (out of 2)
[2024-09-16 12:17:00,550][flwr][DEBUG] - evaluate_round 4 received 2 results and 0 failures
[2024-09-16 12:17:00,551][flwr][DEBUG] - fit_round 5: strategy sampled 2 clients (out of 2)
[2024-09-16 12:17:14,794][flwr][DEBUG] - fit_round 5 received 2 results and 0 failures
[2024-09-16 12:17:14,843][flwr][INFO] - fit progress: (5, 1.024150518576304, {'accuracy': 0.5655555555555556}, 152.4906476999995)
[2024-09-16 12:17:14,845][flwr][DEBUG] - evaluate_round 5: strategy sampled 2 clients (out of 2)
[2024-09-16 12:17:33,738][flwr][DEBUG] - evaluate_round 5 received 2 results and 0 failures
[2024-09-16 12:17:33,739][flwr][DEBUG] - fit_round 6: strategy sampled 2 clients (out of 2)
[2024-09-16 12:17:49,279][flwr][DEBUG] - fit_round 6 received 2 results and 0 failures
[2024-09-16 12:17:49,330][flwr][INFO] - fit progress: (6, 0.557744683821996, {'accuracy': 0.7305555555555555}, 186.9767898)
[2024-09-16 12:17:49,331][flwr][DEBUG] - evaluate_round 6: strategy sampled 2 clients (out of 2)
[2024-09-16 12:18:00,471][flwr][DEBUG] - evaluate_round 6 received 2 results and 0 failures
[2024-09-16 12:18:00,472][flwr][DEBUG] - fit_round 7: strategy sampled 2 clients (out of 2)
[2024-09-16 12:18:13,364][flwr][DEBUG] - fit_round 7 received 2 results and 0 failures
[2024-09-16 12:18:13,412][flwr][INFO] - fit progress: (7, 0.7817063967386881, {'accuracy': 0.6083333333333333}, 211.0585046999995)
[2024-09-16 12:18:13,413][flwr][DEBUG] - evaluate_round 7: strategy sampled 2 clients (out of 2)
[2024-09-16 12:18:24,720][flwr][DEBUG] - evaluate_round 7 received 2 results and 0 failures
[2024-09-16 12:18:24,721][flwr][DEBUG] - fit_round 8: strategy sampled 2 clients (out of 2)
[2024-09-16 12:18:42,764][flwr][DEBUG] - fit_round 8 received 2 results and 0 failures
[2024-09-16 12:18:42,811][flwr][INFO] - fit progress: (8, 0.5267332474390666, {'accuracy': 0.7694444444444445}, 240.45881589999954)
[2024-09-16 12:18:42,813][flwr][DEBUG] - evaluate_round 8: strategy sampled 2 clients (out of 2)
[2024-09-16 12:18:55,389][flwr][DEBUG] - evaluate_round 8 received 2 results and 0 failures
[2024-09-16 12:18:55,390][flwr][DEBUG] - fit_round 9: strategy sampled 2 clients (out of 2)
[2024-09-16 12:19:19,368][flwr][DEBUG] - fit_round 9 received 2 results and 0 failures
[2024-09-16 12:19:19,422][flwr][INFO] - fit progress: (9, 0.5320334752400716, {'accuracy': 0.71}, 277.0692487999995)
[2024-09-16 12:19:19,423][flwr][DEBUG] - evaluate_round 9: strategy sampled 2 clients (out of 2)
[2024-09-16 12:19:31,203][flwr][DEBUG] - evaluate_round 9 received 2 results and 0 failures
[2024-09-16 12:19:31,204][flwr][DEBUG] - fit_round 10: strategy sampled 2 clients (out of 2)
[2024-09-16 12:19:43,557][flwr][DEBUG] - fit_round 10 received 2 results and 0 failures
[2024-09-16 12:19:43,609][flwr][INFO] - fit progress: (10, 0.9957287907600403, {'accuracy': 0.5383333333333333}, 301.25659989999986)
[2024-09-16 12:19:43,611][flwr][DEBUG] - evaluate_round 10: strategy sampled 2 clients (out of 2)
[2024-09-16 12:20:14,405][flwr][DEBUG] - evaluate_round 10 received 2 results and 0 failures
[2024-09-16 12:20:14,406][flwr][INFO] - FL finished in 332.05290330000025
[2024-09-16 12:20:14,407][flwr][INFO] - app_fit: losses_distributed [(1, 1.0932025031911001), (2, 0.9849254273706012), (3, 0.5913169731696447), (4, 0.5668945850597488), (5, 0.9132851825820075), (6, 0.5713760662409995), (7, 0.8397992071178224), (8, 0.5404456795917617), (9, 0.5124640357163217), (10, 1.0903376175297632)]
[2024-09-16 12:20:14,407][flwr][INFO] - app_fit: metrics_distributed_fit {}
[2024-09-16 12:20:14,407][flwr][INFO] - app_fit: metrics_distributed {'accuracy': [(1, 0.4444444444444444), (2, 0.4444444444444444), (3, 0.6388888888888888), (4, 0.7222222222222222), (5, 0.5833333333333334), (6, 0.6944444444444444), (7, 0.5555555555555556), (8, 0.75), (9, 0.7222222222222222), (10, 0.5)]}
[2024-09-16 12:20:14,409][flwr][INFO] - app_fit: losses_centralized [(0, 4.330350097020467), (1, 1.0049261093139648), (2, 0.9123096585273742), (3, 0.6132424712181092), (4, 0.5776232679684957), (5, 1.024150518576304), (6, 0.557744683821996), (7, 0.7817063967386881), (8, 0.5267332474390666), (9, 0.5320334752400716), (10, 0.9957287907600403)]
[2024-09-16 12:20:14,410][flwr][INFO] - app_fit: metrics_centralized {'accuracy': [(0, 0.43833333333333335), (1, 0.49277777777777776), (2, 0.5111111111111111), (3, 0.6255555555555555), (4, 0.7072222222222222), (5, 0.5655555555555556), (6, 0.7305555555555555), (7, 0.6083333333333333), (8, 0.7694444444444445), (9, 0.71), (10, 0.5383333333333333)]}
