[2024-10-11 18:03:52,684][flwr][WARNING] - Both server and strategy were provided, ignoring strategy
[2024-10-11 18:03:52,685][flwr][INFO] - Starting Flower simulation, config: ServerConfig(num_rounds=3, round_timeout=None)
[2024-10-11 18:04:01,874][flwr][INFO] - Flower VCE: Ray initialized with resources: {'object_store_memory': 791959142.0, 'node:__internal_head__': 1.0, 'memory': 1583918286.0, 'CPU': 8.0, 'node:127.0.0.1': 1.0}
[2024-10-11 18:04:01,874][flwr][INFO] - Initializing global parameters
[2024-10-11 18:04:01,874][flwr][INFO] - Requesting initial parameters from one random client
[2024-10-11 18:04:06,287][flwr][INFO] - Received initial parameters from one random client
[2024-10-11 18:04:06,303][flwr][INFO] - Evaluating initial parameters
[2024-10-11 18:04:06,404][flwr][INFO] - initial parameters (loss, other metrics): 0.005773362749152714, {'accuracy': 0.43833333333333335, 'f1-score': 0.0}
[2024-10-11 18:04:06,404][flwr][INFO] - FL starting
[2024-10-11 18:04:06,404][flwr][DEBUG] - fit_round 1: strategy sampled 2 clients (out of 2)
[2024-10-11 18:04:20,927][flwr][DEBUG] - fit_round 1 received 2 results and 0 failures
[2024-10-11 18:04:20,927][flwr][WARNING] - No fit_metrics_aggregation_fn provided
[2024-10-11 18:04:20,991][flwr][INFO] - fit progress: (1, 0.004914625187714895, {'accuracy': 0.745, 'f1-score': 0.7339130434782609}, 14.592693199999303)
[2024-10-11 18:04:20,991][flwr][INFO] - evaluate_round 1: no clients selected, cancel
[2024-10-11 18:04:20,991][flwr][DEBUG] - fit_round 2: strategy sampled 2 clients (out of 2)
[2024-10-11 18:04:29,581][flwr][DEBUG] - fit_round 2 received 2 results and 0 failures
[2024-10-11 18:04:29,713][flwr][INFO] - fit progress: (2, 0.0032811527285310955, {'accuracy': 0.8288888888888889, 'f1-score': 0.8426966292134831}, 23.30593939999926)
[2024-10-11 18:04:29,713][flwr][INFO] - evaluate_round 2: no clients selected, cancel
[2024-10-11 18:04:29,713][flwr][DEBUG] - fit_round 3: strategy sampled 2 clients (out of 2)
[2024-10-11 18:04:38,621][flwr][DEBUG] - fit_round 3 received 2 results and 0 failures
[2024-10-11 18:04:38,707][flwr][INFO] - fit progress: (3, 0.0030269098778565725, {'accuracy': 0.8455555555555555, 'f1-score': 0.8641251221896383}, 32.29790729999968)
[2024-10-11 18:04:38,708][flwr][INFO] - evaluate_round 3: no clients selected, cancel
[2024-10-11 18:04:38,708][flwr][INFO] - FL finished in 32.299133799999254
[2024-10-11 18:04:38,709][flwr][INFO] - app_fit: losses_distributed []
[2024-10-11 18:04:38,709][flwr][INFO] - app_fit: metrics_distributed_fit {}
[2024-10-11 18:04:38,710][flwr][INFO] - app_fit: metrics_distributed {}
[2024-10-11 18:04:38,711][flwr][INFO] - app_fit: losses_centralized [(0, 0.005773362749152714), (1, 0.004914625187714895), (2, 0.0032811527285310955), (3, 0.0030269098778565725)]
[2024-10-11 18:04:38,711][flwr][INFO] - app_fit: metrics_centralized {'accuracy': [(0, 0.43833333333333335), (1, 0.745), (2, 0.8288888888888889), (3, 0.8455555555555555)], 'f1-score': [(0, 0.0), (1, 0.7339130434782609), (2, 0.8426966292134831), (3, 0.8641251221896383)]}
