[2025-02-06 11:59:11,714][flwr][WARNING] - Both server and strategy were provided, ignoring strategy
[2025-02-06 11:59:11,716][flwr][INFO] - Starting Flower simulation, config: num_rounds=2, no round_timeout
[2025-02-06 11:59:22,105][flwr][INFO] - Flower VCE: Ray initialized with resources: {'CPU': 8.0, 'memory': 453960500.0, 'node:127.0.0.1': 1.0, 'node:__internal_head__': 1.0, 'object_store_memory': 226980249.0}
[2025-02-06 11:59:22,107][flwr][INFO] - Optimize your simulation with Flower VCE: https://flower.ai/docs/framework/how-to-run-simulations.html
[2025-02-06 11:59:22,109][flwr][INFO] - Flower VCE: Resources for each Virtual Client: {'num_cpus': 4, 'num_gpus': 0.0}
[2025-02-06 11:59:22,167][flwr][INFO] - Flower VCE: Creating VirtualClientEngineActorPool with 2 actors
[2025-02-06 11:59:22,169][flwr][INFO] - [INIT]
[2025-02-06 11:59:22,170][flwr][INFO] - Requesting initial parameters from one random client
[2025-02-06 11:59:29,682][flwr][INFO] - Received initial parameters from one random client
[2025-02-06 11:59:29,683][flwr][INFO] - Starting evaluation of initial global parameters
[2025-02-06 11:59:29,791][flwr][INFO] - initial parameters (loss, other metrics): 0.6892576898847308, {'accuracy': 0.5219512195121951, 'f1-score': 0.36326986624704954}
[2025-02-06 11:59:29,793][flwr][INFO] - 
[2025-02-06 11:59:29,794][flwr][INFO] - [ROUND 1]
[2025-02-06 11:59:29,796][flwr][INFO] - configure_fit: strategy sampled 4 clients (out of 4)
[2025-02-06 12:00:14,142][flwr][INFO] - aggregate_fit: received 4 results and 0 failures
[2025-02-06 12:00:14,150][flwr][WARNING] - No fit_metrics_aggregation_fn provided
[2025-02-06 12:00:14,171][flwr][INFO] - fit progress: (1, 0.6805617553847176, {'accuracy': 0.5170731707317073, 'f1-score': 0.3524743157399419}, 44.377589499999885)
[2025-02-06 12:00:14,172][flwr][INFO] - configure_evaluate: no clients selected, skipping evaluation
[2025-02-06 12:00:14,173][flwr][INFO] - 
[2025-02-06 12:00:14,174][flwr][INFO] - [ROUND 2]
[2025-02-06 12:00:14,175][flwr][INFO] - configure_fit: strategy sampled 4 clients (out of 4)
[2025-02-06 12:00:32,334][flwr][INFO] - aggregate_fit: received 4 results and 0 failures
[2025-02-06 12:00:32,354][flwr][INFO] - fit progress: (2, 0.6755548374993461, {'accuracy': 0.5170731707317073, 'f1-score': 0.3524743157399419}, 62.56158310000001)
[2025-02-06 12:00:32,357][flwr][INFO] - configure_evaluate: no clients selected, skipping evaluation
[2025-02-06 12:00:32,362][flwr][INFO] - 
[2025-02-06 12:00:32,363][flwr][INFO] - [SUMMARY]
[2025-02-06 12:00:32,364][flwr][INFO] - Run finished 2 round(s) in 62.57s
[2025-02-06 12:00:32,367][flwr][INFO] - 	History (loss, centralized):
[2025-02-06 12:00:32,368][flwr][INFO] - 		round 0: 0.6892576898847308
[2025-02-06 12:00:32,370][flwr][INFO] - 		round 1: 0.6805617553847176
[2025-02-06 12:00:32,371][flwr][INFO] - 		round 2: 0.6755548374993461
[2025-02-06 12:00:32,371][flwr][INFO] - 	History (metrics, centralized):
[2025-02-06 12:00:32,372][flwr][INFO] - 	{'accuracy': [(0, 0.5219512195121951),
[2025-02-06 12:00:32,373][flwr][INFO] - 	              (1, 0.5170731707317073),
[2025-02-06 12:00:32,374][flwr][INFO] - 	              (2, 0.5170731707317073)],
[2025-02-06 12:00:32,375][flwr][INFO] - 	 'f1-score': [(0, 0.36326986624704954),
[2025-02-06 12:00:32,376][flwr][INFO] - 	              (1, 0.3524743157399419),
[2025-02-06 12:00:32,377][flwr][INFO] - 	              (2, 0.3524743157399419)]}
[2025-02-06 12:00:32,379][flwr][INFO] - 
