[2025-01-07 18:05:20,550][flwr][WARNING] - Both server and strategy were provided, ignoring strategy
[2025-01-07 18:05:20,550][flwr][INFO] - Starting Flower simulation, config: num_rounds=2, no round_timeout
[2025-01-07 18:05:36,421][flwr][INFO] - Flower VCE: Ray initialized with resources: {'CPU': 8.0, 'object_store_memory': 638333337.0, 'node:127.0.0.1': 1.0, 'memory': 1276666676.0, 'node:__internal_head__': 1.0}
[2025-01-07 18:05:36,421][flwr][INFO] - Optimize your simulation with Flower VCE: https://flower.ai/docs/framework/how-to-run-simulations.html
[2025-01-07 18:05:36,421][flwr][INFO] - Flower VCE: Resources for each Virtual Client: {'num_cpus': 4, 'num_gpus': 0.0}
[2025-01-07 18:05:36,465][flwr][INFO] - Flower VCE: Creating VirtualClientEngineActorPool with 2 actors
[2025-01-07 18:05:36,469][flwr][INFO] - [INIT]
[2025-01-07 18:05:36,469][flwr][INFO] - Requesting initial parameters from one random client
[2025-01-07 18:05:44,612][flwr][INFO] - Received initial parameters from one random client
[2025-01-07 18:05:44,612][flwr][INFO] - Starting evaluation of initial global parameters
[2025-01-07 18:05:44,650][flwr][INFO] - initial parameters (loss, other metrics): 0.6946656618799482, {'accuracy': 0.4585365853658537, 'f1-score': 0.3697745827984596}
[2025-01-07 18:05:44,650][flwr][INFO] - 
[2025-01-07 18:05:44,650][flwr][INFO] - [ROUND 1]
[2025-01-07 18:05:44,650][flwr][DEBUG] - fit_round 1: strategy sampled 4 clients (out of 4)
[2025-01-07 18:06:15,778][flwr][DEBUG] - fit_round 1 received 4 results and 0 failures
[2025-01-07 18:06:15,778][flwr][INFO] - Round 1: 3 clients considered, 1 clients discarded
[2025-01-07 18:06:15,784][flwr][WARNING] - No fit_metrics_aggregation_fn provided
[2025-01-07 18:06:15,820][flwr][INFO] - fit progress: (1, 0.6893572126116071, {'accuracy': 0.5170731707317073, 'f1-score': 0.3524743157399419}, 31.175895399999717)
[2025-01-07 18:06:15,828][flwr][INFO] - configure_evaluate: no clients selected, skipping evaluation
[2025-01-07 18:06:15,828][flwr][INFO] - 
[2025-01-07 18:06:15,828][flwr][INFO] - [ROUND 2]
[2025-01-07 18:06:15,828][flwr][DEBUG] - fit_round 2: strategy sampled 4 clients (out of 4)
[2025-01-07 18:06:38,480][flwr][DEBUG] - fit_round 2 received 4 results and 0 failures
[2025-01-07 18:06:38,480][flwr][INFO] - Round 2: 3 clients considered, 1 clients discarded
[2025-01-07 18:06:38,513][flwr][INFO] - fit progress: (2, 0.6876287460327148, {'accuracy': 0.5170731707317073, 'f1-score': 0.3524743157399419}, 53.86813330000041)
[2025-01-07 18:06:38,513][flwr][INFO] - configure_evaluate: no clients selected, skipping evaluation
[2025-01-07 18:06:38,522][flwr][INFO] - 
[2025-01-07 18:06:38,522][flwr][INFO] - [SUMMARY]
[2025-01-07 18:06:38,522][flwr][INFO] - Run finished 2 round(s) in 53.87s
[2025-01-07 18:06:38,525][flwr][INFO] - 	History (loss, centralized):
[2025-01-07 18:06:38,525][flwr][INFO] - 		round 0: 0.6946656618799482
[2025-01-07 18:06:38,532][flwr][INFO] - 		round 1: 0.6893572126116071
[2025-01-07 18:06:38,533][flwr][INFO] - 		round 2: 0.6876287460327148
[2025-01-07 18:06:38,536][flwr][INFO] - 	History (metrics, centralized):
[2025-01-07 18:06:38,536][flwr][INFO] - 	{'accuracy': [(0, 0.4585365853658537),
[2025-01-07 18:06:38,536][flwr][INFO] - 	              (1, 0.5170731707317073),
[2025-01-07 18:06:38,536][flwr][INFO] - 	              (2, 0.5170731707317073)],
[2025-01-07 18:06:38,536][flwr][INFO] - 	 'f1-score': [(0, 0.3697745827984596),
[2025-01-07 18:06:38,542][flwr][INFO] - 	              (1, 0.3524743157399419),
[2025-01-07 18:06:38,543][flwr][INFO] - 	              (2, 0.3524743157399419)]}
[2025-01-07 18:06:38,543][flwr][INFO] - 
