[2024-10-11 18:48:32,464][flwr][WARNING] - Both server and strategy were provided, ignoring strategy
[2024-10-11 18:48:32,464][flwr][INFO] - Starting Flower simulation, config: ServerConfig(num_rounds=2, round_timeout=None)
[2024-10-11 18:48:41,404][flwr][INFO] - Flower VCE: Ray initialized with resources: {'object_store_memory': 740172595.0, 'CPU': 8.0, 'node:127.0.0.1': 1.0, 'memory': 1480345191.0, 'node:__internal_head__': 1.0}
[2024-10-11 18:48:41,404][flwr][INFO] - Initializing global parameters
[2024-10-11 18:48:41,404][flwr][INFO] - Requesting initial parameters from one random client
[2024-10-11 18:48:45,982][flwr][INFO] - Received initial parameters from one random client
[2024-10-11 18:48:45,982][flwr][INFO] - Evaluating initial parameters
[2024-10-11 18:48:46,068][flwr][INFO] - initial parameters (loss, other metrics): 0.0057610429657830135, {'accuracy': 0.5544444444444444, 'f1-score': 0.7121320890165111}
[2024-10-11 18:48:46,069][flwr][INFO] - FL starting
[2024-10-11 18:48:46,070][flwr][DEBUG] - fit_round 1: strategy sampled 2 clients (out of 2)
[2024-10-11 18:49:00,310][flwr][DEBUG] - fit_round 1 received 2 results and 0 failures
[2024-10-11 18:49:00,310][flwr][WARNING] - No fit_metrics_aggregation_fn provided
[2024-10-11 18:49:00,420][flwr][INFO] - fit progress: (1, 0.005083908438682556, {'accuracy': 0.7111111111111111, 'f1-score': 0.6700507614213198}, 14.35752489999868)
[2024-10-11 18:49:00,420][flwr][INFO] - evaluate_round 1: no clients selected, cancel
[2024-10-11 18:49:00,420][flwr][DEBUG] - fit_round 2: strategy sampled 2 clients (out of 2)
[2024-10-11 18:49:08,701][flwr][DEBUG] - fit_round 2 received 2 results and 0 failures
[2024-10-11 18:49:08,784][flwr][INFO] - fit progress: (2, 0.003398577007982466, {'accuracy': 0.8277777777777777, 'f1-score': 0.8459244532803181}, 22.713504399998783)
[2024-10-11 18:49:08,785][flwr][INFO] - evaluate_round 2: no clients selected, cancel
[2024-10-11 18:49:08,785][flwr][INFO] - FL finished in 22.715289499999926
[2024-10-11 18:49:08,786][flwr][INFO] - app_fit: losses_distributed []
[2024-10-11 18:49:08,787][flwr][INFO] - app_fit: metrics_distributed_fit {}
[2024-10-11 18:49:08,787][flwr][INFO] - app_fit: metrics_distributed {}
[2024-10-11 18:49:08,788][flwr][INFO] - app_fit: losses_centralized [(0, 0.0057610429657830135), (1, 0.005083908438682556), (2, 0.003398577007982466)]
[2024-10-11 18:49:08,789][flwr][INFO] - app_fit: metrics_centralized {'accuracy': [(0, 0.5544444444444444), (1, 0.7111111111111111), (2, 0.8277777777777777)], 'f1-score': [(0, 0.7121320890165111), (1, 0.6700507614213198), (2, 0.8459244532803181)]}
