[2024-10-11 18:46:40,899][flwr][WARNING] - Both server and strategy were provided, ignoring strategy
[2024-10-11 18:46:40,901][flwr][INFO] - Starting Flower simulation, config: ServerConfig(num_rounds=2, round_timeout=None)
[2024-10-11 18:46:50,034][flwr][INFO] - Flower VCE: Ray initialized with resources: {'CPU': 8.0, 'memory': 1441635534.0, 'node:127.0.0.1': 1.0, 'node:__internal_head__': 1.0, 'object_store_memory': 720817766.0}
[2024-10-11 18:46:50,034][flwr][INFO] - Initializing global parameters
[2024-10-11 18:46:50,034][flwr][INFO] - Requesting initial parameters from one random client
[2024-10-11 18:46:54,389][flwr][INFO] - Received initial parameters from one random client
[2024-10-11 18:46:54,389][flwr][INFO] - Evaluating initial parameters
[2024-10-11 18:46:54,455][flwr][INFO] - initial parameters (loss, other metrics): 0.005700008074442545, {'accuracy': 0.5616666666666666, 'f1-score': 0.7193169690501601}
[2024-10-11 18:46:54,472][flwr][INFO] - FL starting
[2024-10-11 18:46:54,472][flwr][DEBUG] - fit_round 1: strategy sampled 2 clients (out of 2)
[2024-10-11 18:47:09,036][flwr][DEBUG] - fit_round 1 received 2 results and 0 failures
[2024-10-11 18:47:09,051][flwr][WARNING] - No fit_metrics_aggregation_fn provided
[2024-10-11 18:47:09,167][flwr][INFO] - fit progress: (1, 0.005269073347250621, {'accuracy': 0.6383333333333333, 'f1-score': 0.5373134328358209}, 14.701369799999156)
[2024-10-11 18:47:09,167][flwr][INFO] - evaluate_round 1: no clients selected, cancel
[2024-10-11 18:47:09,167][flwr][DEBUG] - fit_round 2: strategy sampled 2 clients (out of 2)
[2024-10-11 18:47:17,585][flwr][DEBUG] - fit_round 2 received 2 results and 0 failures
[2024-10-11 18:47:17,651][flwr][INFO] - fit progress: (2, 0.003827856183052063, {'accuracy': 0.81, 'f1-score': 0.8231644260599793}, 23.19188749999921)
[2024-10-11 18:47:17,651][flwr][INFO] - evaluate_round 2: no clients selected, cancel
[2024-10-11 18:47:17,666][flwr][INFO] - FL finished in 23.193773499999224
[2024-10-11 18:47:17,669][flwr][INFO] - app_fit: losses_distributed []
[2024-10-11 18:47:17,669][flwr][INFO] - app_fit: metrics_distributed_fit {}
[2024-10-11 18:47:17,671][flwr][INFO] - app_fit: metrics_distributed {}
[2024-10-11 18:47:17,672][flwr][INFO] - app_fit: losses_centralized [(0, 0.005700008074442545), (1, 0.005269073347250621), (2, 0.003827856183052063)]
[2024-10-11 18:47:17,672][flwr][INFO] - app_fit: metrics_centralized {'accuracy': [(0, 0.5616666666666666), (1, 0.6383333333333333), (2, 0.81)], 'f1-score': [(0, 0.7193169690501601), (1, 0.5373134328358209), (2, 0.8231644260599793)]}
