[2024-09-26 11:48:56,202][flwr][WARNING] - Both server and strategy were provided, ignoring strategy
[2024-09-26 11:48:56,204][flwr][INFO] - Starting Flower simulation, config: ServerConfig(num_rounds=50, round_timeout=None)
[2024-09-26 11:49:06,639][flwr][INFO] - Flower VCE: Ray initialized with resources: {'object_store_memory': 587196825.0, 'node:__internal_head__': 1.0, 'node:127.0.0.1': 1.0, 'CPU': 12.0, 'memory': 1174393652.0}
[2024-09-26 11:49:06,639][flwr][INFO] - Initializing global parameters
[2024-09-26 11:49:06,639][flwr][INFO] - Requesting initial parameters from one random client
[2024-09-26 11:49:10,963][flwr][INFO] - Received initial parameters from one random client
[2024-09-26 11:49:10,966][flwr][INFO] - Evaluating initial parameters
[2024-09-26 11:49:11,027][flwr][INFO] - initial parameters (loss, other metrics): 0.005765308539072672, {'accuracy': 0.48277777777777775, 'f1-score': 0.162016201620162}
[2024-09-26 11:49:11,027][flwr][INFO] - FL starting
[2024-09-26 11:49:11,027][flwr][DEBUG] - fit_round 1: strategy sampled 2 clients (out of 10)
[2024-09-26 11:49:24,217][flwr][DEBUG] - fit_round 1 received 2 results and 0 failures
[2024-09-26 11:49:24,217][flwr][WARNING] - No fit_metrics_aggregation_fn provided
[2024-09-26 11:49:24,264][flwr][INFO] - fit progress: (1, 0.005561988055706024, {'accuracy': 0.7022222222222222, 'f1-score': 0.7617777777777778}, 13.241926700007753)
[2024-09-26 11:49:24,264][flwr][INFO] - evaluate_round 1: no clients selected, cancel
[2024-09-26 11:49:24,264][flwr][DEBUG] - fit_round 2: strategy sampled 2 clients (out of 10)
[2024-09-26 11:49:31,874][flwr][DEBUG] - fit_round 2 received 2 results and 0 failures
[2024-09-26 11:49:31,920][flwr][INFO] - fit progress: (2, 0.005369337664710151, {'accuracy': 0.6483333333333333, 'f1-score': 0.7584891262876765}, 20.891955000013695)
[2024-09-26 11:49:31,920][flwr][INFO] - evaluate_round 2: no clients selected, cancel
[2024-09-26 11:49:31,920][flwr][DEBUG] - fit_round 3: strategy sampled 2 clients (out of 10)
[2024-09-26 11:49:39,969][flwr][DEBUG] - fit_round 3 received 2 results and 0 failures
[2024-09-26 11:49:40,016][flwr][INFO] - fit progress: (3, 0.0051161688897344805, {'accuracy': 0.6872222222222222, 'f1-score': 0.778955634079309}, 28.99449700000696)
[2024-09-26 11:49:40,016][flwr][INFO] - evaluate_round 3: no clients selected, cancel
[2024-09-26 11:49:40,016][flwr][DEBUG] - fit_round 4: strategy sampled 2 clients (out of 10)
[2024-09-26 11:49:48,262][flwr][DEBUG] - fit_round 4 received 2 results and 0 failures
[2024-09-26 11:49:48,309][flwr][INFO] - fit progress: (4, 0.004753306342495813, {'accuracy': 0.7838888888888889, 'f1-score': 0.8294607628233231}, 37.28145740000764)
[2024-09-26 11:49:48,309][flwr][INFO] - evaluate_round 4: no clients selected, cancel
[2024-09-26 11:49:48,309][flwr][DEBUG] - fit_round 5: strategy sampled 2 clients (out of 10)
[2024-09-26 11:49:56,589][flwr][DEBUG] - fit_round 5 received 2 results and 0 failures
[2024-09-26 11:49:56,640][flwr][INFO] - fit progress: (5, 0.004343043085601595, {'accuracy': 0.7905555555555556, 'f1-score': 0.8372895986189037}, 45.613834600007976)
[2024-09-26 11:49:56,640][flwr][INFO] - evaluate_round 5: no clients selected, cancel
[2024-09-26 11:49:56,640][flwr][DEBUG] - fit_round 6: strategy sampled 2 clients (out of 10)
[2024-09-26 11:50:04,684][flwr][DEBUG] - fit_round 6 received 2 results and 0 failures
[2024-09-26 11:50:04,733][flwr][INFO] - fit progress: (6, 0.003872949563794666, {'accuracy': 0.8316666666666667, 'f1-score': 0.845958312150483}, 53.706897400013986)
[2024-09-26 11:50:04,733][flwr][INFO] - evaluate_round 6: no clients selected, cancel
[2024-09-26 11:50:04,737][flwr][DEBUG] - fit_round 7: strategy sampled 2 clients (out of 10)
[2024-09-26 11:50:12,749][flwr][DEBUG] - fit_round 7 received 2 results and 0 failures
[2024-09-26 11:50:12,799][flwr][INFO] - fit progress: (7, 0.0034854998025629254, {'accuracy': 0.8361111111111111, 'f1-score': 0.8558866634098681}, 61.769966600011685)
[2024-09-26 11:50:12,799][flwr][INFO] - evaluate_round 7: no clients selected, cancel
[2024-09-26 11:50:12,799][flwr][DEBUG] - fit_round 8: strategy sampled 2 clients (out of 10)
[2024-09-26 11:50:20,755][flwr][DEBUG] - fit_round 8 received 2 results and 0 failures
[2024-09-26 11:50:20,808][flwr][INFO] - fit progress: (8, 0.003323787897825241, {'accuracy': 0.84, 'f1-score': 0.8651685393258427}, 69.78214940000908)
[2024-09-26 11:50:20,812][flwr][INFO] - evaluate_round 8: no clients selected, cancel
[2024-09-26 11:50:20,812][flwr][DEBUG] - fit_round 9: strategy sampled 2 clients (out of 10)
[2024-09-26 11:50:28,906][flwr][DEBUG] - fit_round 9 received 2 results and 0 failures
[2024-09-26 11:50:28,954][flwr][INFO] - fit progress: (9, 0.0031497832139333088, {'accuracy': 0.8433333333333334, 'f1-score': 0.8538860103626943}, 77.92640650000249)
[2024-09-26 11:50:28,956][flwr][INFO] - evaluate_round 9: no clients selected, cancel
[2024-09-26 11:50:28,956][flwr][DEBUG] - fit_round 10: strategy sampled 2 clients (out of 10)
[2024-09-26 11:50:36,843][flwr][DEBUG] - fit_round 10 received 2 results and 0 failures
[2024-09-26 11:50:36,874][flwr][INFO] - fit progress: (10, 0.0030792169272899628, {'accuracy': 0.8427777777777777, 'f1-score': 0.8613424791768741}, 85.85856670000067)
[2024-09-26 11:50:36,874][flwr][INFO] - evaluate_round 10: no clients selected, cancel
[2024-09-26 11:50:36,874][flwr][DEBUG] - fit_round 11: strategy sampled 2 clients (out of 10)
[2024-09-26 11:50:44,619][flwr][DEBUG] - fit_round 11 received 2 results and 0 failures
[2024-09-26 11:50:44,669][flwr][INFO] - fit progress: (11, 0.0030028240217102897, {'accuracy': 0.8488888888888889, 'f1-score': 0.8665358194308145}, 93.64045780000743)
[2024-09-26 11:50:44,670][flwr][INFO] - evaluate_round 11: no clients selected, cancel
[2024-09-26 11:50:44,670][flwr][DEBUG] - fit_round 12: strategy sampled 2 clients (out of 10)
[2024-09-26 11:50:51,959][flwr][DEBUG] - fit_round 12 received 2 results and 0 failures
[2024-09-26 11:50:51,998][flwr][INFO] - fit progress: (12, 0.0029916293091244166, {'accuracy': 0.8527777777777777, 'f1-score': 0.8651399491094147}, 100.97894760000054)
[2024-09-26 11:50:51,998][flwr][INFO] - evaluate_round 12: no clients selected, cancel
[2024-09-26 11:50:51,998][flwr][DEBUG] - fit_round 13: strategy sampled 2 clients (out of 10)
[2024-09-26 11:50:59,686][flwr][DEBUG] - fit_round 13 received 2 results and 0 failures
[2024-09-26 11:50:59,731][flwr][INFO] - fit progress: (13, 0.0029747961627112495, {'accuracy': 0.8516666666666667, 'f1-score': 0.8695652173913043}, 108.70649710000725)
[2024-09-26 11:50:59,731][flwr][INFO] - evaluate_round 13: no clients selected, cancel
[2024-09-26 11:50:59,731][flwr][DEBUG] - fit_round 14: strategy sampled 2 clients (out of 10)
[2024-09-26 11:51:07,183][flwr][DEBUG] - fit_round 14 received 2 results and 0 failures
[2024-09-26 11:51:07,234][flwr][INFO] - fit progress: (14, 0.002929824574126138, {'accuracy': 0.8583333333333333, 'f1-score': 0.8740740740740741}, 116.2075482000073)
[2024-09-26 11:51:07,234][flwr][INFO] - evaluate_round 14: no clients selected, cancel
[2024-09-26 11:51:07,234][flwr][DEBUG] - fit_round 15: strategy sampled 2 clients (out of 10)
[2024-09-26 11:51:14,686][flwr][DEBUG] - fit_round 15 received 2 results and 0 failures
[2024-09-26 11:51:14,727][flwr][INFO] - fit progress: (15, 0.00291646389497651, {'accuracy': 0.8638888888888889, 'f1-score': 0.8770697441043652}, 123.70905790000688)
[2024-09-26 11:51:14,727][flwr][INFO] - evaluate_round 15: no clients selected, cancel
[2024-09-26 11:51:14,727][flwr][DEBUG] - fit_round 16: strategy sampled 2 clients (out of 10)
[2024-09-26 11:51:22,135][flwr][DEBUG] - fit_round 16 received 2 results and 0 failures
[2024-09-26 11:51:22,184][flwr][INFO] - fit progress: (16, 0.002911962949567371, {'accuracy': 0.8655555555555555, 'f1-score': 0.8816046966731899}, 131.15535920001275)
[2024-09-26 11:51:22,184][flwr][INFO] - evaluate_round 16: no clients selected, cancel
[2024-09-26 11:51:22,184][flwr][DEBUG] - fit_round 17: strategy sampled 2 clients (out of 10)
[2024-09-26 11:51:29,654][flwr][DEBUG] - fit_round 17 received 2 results and 0 failures
[2024-09-26 11:51:29,723][flwr][INFO] - fit progress: (17, 0.0028514719009399415, {'accuracy': 0.8677777777777778, 'f1-score': 0.8819444444444444}, 138.69425310000952)
[2024-09-26 11:51:29,724][flwr][INFO] - evaluate_round 17: no clients selected, cancel
[2024-09-26 11:51:29,724][flwr][DEBUG] - fit_round 18: strategy sampled 2 clients (out of 10)
[2024-09-26 11:51:37,411][flwr][DEBUG] - fit_round 18 received 2 results and 0 failures
[2024-09-26 11:51:37,459][flwr][INFO] - fit progress: (18, 0.002845979068014357, {'accuracy': 0.8744444444444445, 'f1-score': 0.8889980353634578}, 146.43212410001433)
[2024-09-26 11:51:37,459][flwr][INFO] - evaluate_round 18: no clients selected, cancel
[2024-09-26 11:51:37,459][flwr][DEBUG] - fit_round 19: strategy sampled 2 clients (out of 10)
[2024-09-26 11:51:44,964][flwr][DEBUG] - fit_round 19 received 2 results and 0 failures
[2024-09-26 11:51:45,015][flwr][INFO] - fit progress: (19, 0.0028058862851725683, {'accuracy': 0.8794444444444445, 'f1-score': 0.89198606271777}, 153.99047400000563)
[2024-09-26 11:51:45,015][flwr][INFO] - evaluate_round 19: no clients selected, cancel
[2024-09-26 11:51:45,015][flwr][DEBUG] - fit_round 20: strategy sampled 2 clients (out of 10)
[2024-09-26 11:51:52,465][flwr][DEBUG] - fit_round 20 received 2 results and 0 failures
[2024-09-26 11:51:52,506][flwr][INFO] - fit progress: (20, 0.0028288315236568453, {'accuracy': 0.8716666666666667, 'f1-score': 0.8885672937771346}, 161.48790320000262)
[2024-09-26 11:51:52,506][flwr][INFO] - evaluate_round 20: no clients selected, cancel
[2024-09-26 11:51:52,506][flwr][DEBUG] - fit_round 21: strategy sampled 2 clients (out of 10)
[2024-09-26 11:51:59,974][flwr][DEBUG] - fit_round 21 received 2 results and 0 failures
[2024-09-26 11:52:00,039][flwr][INFO] - fit progress: (21, 0.0027336545205778546, {'accuracy': 0.8822222222222222, 'f1-score': 0.8942115768463074}, 169.0112719000026)
[2024-09-26 11:52:00,039][flwr][INFO] - evaluate_round 21: no clients selected, cancel
[2024-09-26 11:52:00,039][flwr][DEBUG] - fit_round 22: strategy sampled 2 clients (out of 10)
[2024-09-26 11:52:08,138][flwr][DEBUG] - fit_round 22 received 2 results and 0 failures
[2024-09-26 11:52:08,186][flwr][INFO] - fit progress: (22, 0.0027026815546883475, {'accuracy': 0.8922222222222222, 'f1-score': 0.9033864541832669}, 177.15791780001018)
[2024-09-26 11:52:08,186][flwr][INFO] - evaluate_round 22: no clients selected, cancel
[2024-09-26 11:52:08,186][flwr][DEBUG] - fit_round 23: strategy sampled 2 clients (out of 10)
[2024-09-26 11:52:15,731][flwr][DEBUG] - fit_round 23 received 2 results and 0 failures
[2024-09-26 11:52:15,778][flwr][INFO] - fit progress: (23, 0.0027026271571715674, {'accuracy': 0.8927777777777778, 'f1-score': 0.9032581453634085}, 184.7540386000037)
[2024-09-26 11:52:15,783][flwr][INFO] - evaluate_round 23: no clients selected, cancel
[2024-09-26 11:52:15,784][flwr][DEBUG] - fit_round 24: strategy sampled 2 clients (out of 10)
[2024-09-26 11:52:23,294][flwr][DEBUG] - fit_round 24 received 2 results and 0 failures
[2024-09-26 11:52:23,326][flwr][INFO] - fit progress: (24, 0.0027117868926790027, {'accuracy': 0.8927777777777778, 'f1-score': 0.9057156814851002}, 192.30958850000752)
[2024-09-26 11:52:23,339][flwr][INFO] - evaluate_round 24: no clients selected, cancel
[2024-09-26 11:52:23,339][flwr][DEBUG] - fit_round 25: strategy sampled 2 clients (out of 10)
[2024-09-26 11:52:30,777][flwr][DEBUG] - fit_round 25 received 2 results and 0 failures
[2024-09-26 11:52:30,825][flwr][INFO] - fit progress: (25, 0.0026203810506396823, {'accuracy': 0.8955555555555555, 'f1-score': 0.9055276381909547}, 199.80281480000122)
[2024-09-26 11:52:30,825][flwr][INFO] - evaluate_round 25: no clients selected, cancel
[2024-09-26 11:52:30,825][flwr][DEBUG] - fit_round 26: strategy sampled 2 clients (out of 10)
[2024-09-26 11:52:38,569][flwr][DEBUG] - fit_round 26 received 2 results and 0 failures
[2024-09-26 11:52:38,621][flwr][INFO] - fit progress: (26, 0.002617183725039164, {'accuracy': 0.9011111111111111, 'f1-score': 0.9119683481701286}, 207.59606050000002)
[2024-09-26 11:52:38,621][flwr][INFO] - evaluate_round 26: no clients selected, cancel
[2024-09-26 11:52:38,621][flwr][DEBUG] - fit_round 27: strategy sampled 2 clients (out of 10)
[2024-09-26 11:52:46,130][flwr][DEBUG] - fit_round 27 received 2 results and 0 failures
[2024-09-26 11:52:46,174][flwr][INFO] - fit progress: (27, 0.0025855771369404264, {'accuracy': 0.9027777777777778, 'f1-score': 0.914004914004914}, 215.1519382000115)
[2024-09-26 11:52:46,174][flwr][INFO] - evaluate_round 27: no clients selected, cancel
[2024-09-26 11:52:46,182][flwr][DEBUG] - fit_round 28: strategy sampled 2 clients (out of 10)
[2024-09-26 11:52:53,749][flwr][DEBUG] - fit_round 28 received 2 results and 0 failures
[2024-09-26 11:52:53,800][flwr][INFO] - fit progress: (28, 0.0025594351606236564, {'accuracy': 0.9027777777777778, 'f1-score': 0.9140893470790378}, 222.77757630000997)
[2024-09-26 11:52:53,800][flwr][INFO] - evaluate_round 28: no clients selected, cancel
[2024-09-26 11:52:53,800][flwr][DEBUG] - fit_round 29: strategy sampled 2 clients (out of 10)
[2024-09-26 11:53:01,585][flwr][DEBUG] - fit_round 29 received 2 results and 0 failures
[2024-09-26 11:53:01,630][flwr][INFO] - fit progress: (29, 0.0025235921889543533, {'accuracy': 0.9044444444444445, 'f1-score': 0.9141716566866267}, 230.6069690000004)
[2024-09-26 11:53:01,630][flwr][INFO] - evaluate_round 29: no clients selected, cancel
[2024-09-26 11:53:01,630][flwr][DEBUG] - fit_round 30: strategy sampled 2 clients (out of 10)
[2024-09-26 11:53:09,328][flwr][DEBUG] - fit_round 30 received 2 results and 0 failures
[2024-09-26 11:53:09,378][flwr][INFO] - fit progress: (30, 0.0025151403496662776, {'accuracy': 0.9061111111111111, 'f1-score': 0.9163780306778823}, 238.35092490000534)
[2024-09-26 11:53:09,378][flwr][INFO] - evaluate_round 30: no clients selected, cancel
[2024-09-26 11:53:09,378][flwr][DEBUG] - fit_round 31: strategy sampled 2 clients (out of 10)
[2024-09-26 11:53:16,783][flwr][DEBUG] - fit_round 31 received 2 results and 0 failures
[2024-09-26 11:53:16,835][flwr][INFO] - fit progress: (31, 0.002482717252439923, {'accuracy': 0.9044444444444445, 'f1-score': 0.9145129224652088}, 245.80775650001306)
[2024-09-26 11:53:16,835][flwr][INFO] - evaluate_round 31: no clients selected, cancel
[2024-09-26 11:53:16,838][flwr][DEBUG] - fit_round 32: strategy sampled 2 clients (out of 10)
[2024-09-26 11:53:24,269][flwr][DEBUG] - fit_round 32 received 2 results and 0 failures
[2024-09-26 11:53:24,319][flwr][INFO] - fit progress: (32, 0.00249598557750384, {'accuracy': 0.9072222222222223, 'f1-score': 0.917936117936118}, 253.29154830001062)
[2024-09-26 11:53:24,319][flwr][INFO] - evaluate_round 32: no clients selected, cancel
[2024-09-26 11:53:24,322][flwr][DEBUG] - fit_round 33: strategy sampled 2 clients (out of 10)
[2024-09-26 11:53:31,789][flwr][DEBUG] - fit_round 33 received 2 results and 0 failures
[2024-09-26 11:53:31,832][flwr][INFO] - fit progress: (33, 0.0024789348079098596, {'accuracy': 0.9083333333333333, 'f1-score': 0.9173760640961443}, 260.8030368000036)
[2024-09-26 11:53:31,832][flwr][INFO] - evaluate_round 33: no clients selected, cancel
[2024-09-26 11:53:31,833][flwr][DEBUG] - fit_round 34: strategy sampled 2 clients (out of 10)
[2024-09-26 11:53:39,305][flwr][DEBUG] - fit_round 34 received 2 results and 0 failures
[2024-09-26 11:53:39,346][flwr][INFO] - fit progress: (34, 0.0025148451576630275, {'accuracy': 0.905, 'f1-score': 0.9164631167562286}, 268.33083720000286)
[2024-09-26 11:53:39,346][flwr][INFO] - evaluate_round 34: no clients selected, cancel
[2024-09-26 11:53:39,346][flwr][DEBUG] - fit_round 35: strategy sampled 2 clients (out of 10)
[2024-09-26 11:53:47,161][flwr][DEBUG] - fit_round 35 received 2 results and 0 failures
[2024-09-26 11:53:47,203][flwr][INFO] - fit progress: (35, 0.00244524285197258, {'accuracy': 0.9088888888888889, 'f1-score': 0.918}, 276.1783343000134)
[2024-09-26 11:53:47,203][flwr][INFO] - evaluate_round 35: no clients selected, cancel
[2024-09-26 11:53:47,203][flwr][DEBUG] - fit_round 36: strategy sampled 2 clients (out of 10)
[2024-09-26 11:53:54,615][flwr][DEBUG] - fit_round 36 received 2 results and 0 failures
[2024-09-26 11:53:54,664][flwr][INFO] - fit progress: (36, 0.002445102847284741, {'accuracy': 0.9111111111111111, 'f1-score': 0.9206349206349206}, 283.63922090000415)
[2024-09-26 11:53:54,664][flwr][INFO] - evaluate_round 36: no clients selected, cancel
[2024-09-26 11:53:54,664][flwr][DEBUG] - fit_round 37: strategy sampled 2 clients (out of 10)
[2024-09-26 11:54:02,185][flwr][DEBUG] - fit_round 37 received 2 results and 0 failures
[2024-09-26 11:54:02,227][flwr][INFO] - fit progress: (37, 0.0024258822864956326, {'accuracy': 0.9105555555555556, 'f1-score': 0.9194597298649325}, 291.2006276000029)
[2024-09-26 11:54:02,227][flwr][INFO] - evaluate_round 37: no clients selected, cancel
[2024-09-26 11:54:02,227][flwr][DEBUG] - fit_round 38: strategy sampled 2 clients (out of 10)
[2024-09-26 11:54:09,767][flwr][DEBUG] - fit_round 38 received 2 results and 0 failures
[2024-09-26 11:54:09,816][flwr][INFO] - fit progress: (38, 0.002432686562339465, {'accuracy': 0.9072222222222223, 'f1-score': 0.9184968277208394}, 298.78899410000304)
[2024-09-26 11:54:09,816][flwr][INFO] - evaluate_round 38: no clients selected, cancel
[2024-09-26 11:54:09,816][flwr][DEBUG] - fit_round 39: strategy sampled 2 clients (out of 10)
[2024-09-26 11:54:17,472][flwr][DEBUG] - fit_round 39 received 2 results and 0 failures
[2024-09-26 11:54:17,519][flwr][INFO] - fit progress: (39, 0.0023936527719100316, {'accuracy': 0.9116666666666666, 'f1-score': 0.920934858279463}, 306.4935126000055)
[2024-09-26 11:54:17,523][flwr][INFO] - evaluate_round 39: no clients selected, cancel
[2024-09-26 11:54:17,523][flwr][DEBUG] - fit_round 40: strategy sampled 2 clients (out of 10)
[2024-09-26 11:54:25,022][flwr][DEBUG] - fit_round 40 received 2 results and 0 failures
[2024-09-26 11:54:25,065][flwr][INFO] - fit progress: (40, 0.0024071857250399058, {'accuracy': 0.9116666666666666, 'f1-score': 0.9212481426448736}, 314.0491776000126)
[2024-09-26 11:54:25,078][flwr][INFO] - evaluate_round 40: no clients selected, cancel
[2024-09-26 11:54:25,080][flwr][DEBUG] - fit_round 41: strategy sampled 2 clients (out of 10)
[2024-09-26 11:54:32,580][flwr][DEBUG] - fit_round 41 received 2 results and 0 failures
[2024-09-26 11:54:32,641][flwr][INFO] - fit progress: (41, 0.002384766075346205, {'accuracy': 0.9116666666666666, 'f1-score': 0.9201406328478152}, 321.6169268000085)
[2024-09-26 11:54:32,641][flwr][INFO] - evaluate_round 41: no clients selected, cancel
[2024-09-26 11:54:32,641][flwr][DEBUG] - fit_round 42: strategy sampled 2 clients (out of 10)
[2024-09-26 11:54:40,173][flwr][DEBUG] - fit_round 42 received 2 results and 0 failures
[2024-09-26 11:54:40,221][flwr][INFO] - fit progress: (42, 0.0023702571044365564, {'accuracy': 0.9122222222222223, 'f1-score': 0.9216269841269841}, 329.1929844000115)
[2024-09-26 11:54:40,221][flwr][INFO] - evaluate_round 42: no clients selected, cancel
[2024-09-26 11:54:40,221][flwr][DEBUG] - fit_round 43: strategy sampled 2 clients (out of 10)
[2024-09-26 11:54:47,937][flwr][DEBUG] - fit_round 43 received 2 results and 0 failures
[2024-09-26 11:54:47,993][flwr][INFO] - fit progress: (43, 0.002388836584157414, {'accuracy': 0.9122222222222223, 'f1-score': 0.9218595450049456}, 336.9697649000009)
[2024-09-26 11:54:47,993][flwr][INFO] - evaluate_round 43: no clients selected, cancel
[2024-09-26 11:54:48,000][flwr][DEBUG] - fit_round 44: strategy sampled 2 clients (out of 10)
[2024-09-26 11:54:55,612][flwr][DEBUG] - fit_round 44 received 2 results and 0 failures
[2024-09-26 11:54:55,661][flwr][INFO] - fit progress: (44, 0.0023549139168527393, {'accuracy': 0.9122222222222223, 'f1-score': 0.9213147410358565}, 344.6337344000058)
[2024-09-26 11:54:55,661][flwr][INFO] - evaluate_round 44: no clients selected, cancel
[2024-09-26 11:54:55,661][flwr][DEBUG] - fit_round 45: strategy sampled 2 clients (out of 10)
[2024-09-26 11:55:03,176][flwr][DEBUG] - fit_round 45 received 2 results and 0 failures
[2024-09-26 11:55:03,228][flwr][INFO] - fit progress: (45, 0.002364539032181104, {'accuracy': 0.9133333333333333, 'f1-score': 0.9225422045680238}, 352.20332510001026)
[2024-09-26 11:55:03,228][flwr][INFO] - evaluate_round 45: no clients selected, cancel
[2024-09-26 11:55:03,228][flwr][DEBUG] - fit_round 46: strategy sampled 2 clients (out of 10)
[2024-09-26 11:55:10,763][flwr][DEBUG] - fit_round 46 received 2 results and 0 failures
[2024-09-26 11:55:10,807][flwr][INFO] - fit progress: (46, 0.0023478226446443135, {'accuracy': 0.9116666666666666, 'f1-score': 0.921326076199901}, 359.7845180000004)
[2024-09-26 11:55:10,807][flwr][INFO] - evaluate_round 46: no clients selected, cancel
[2024-09-26 11:55:10,807][flwr][DEBUG] - fit_round 47: strategy sampled 2 clients (out of 10)
[2024-09-26 11:55:18,342][flwr][DEBUG] - fit_round 47 received 2 results and 0 failures
[2024-09-26 11:55:18,393][flwr][INFO] - fit progress: (47, 0.0023532273372014363, {'accuracy': 0.9133333333333333, 'f1-score': 0.9225422045680238}, 367.3657402000099)
[2024-09-26 11:55:18,393][flwr][INFO] - evaluate_round 47: no clients selected, cancel
[2024-09-26 11:55:18,393][flwr][DEBUG] - fit_round 48: strategy sampled 2 clients (out of 10)
[2024-09-26 11:55:26,085][flwr][DEBUG] - fit_round 48 received 2 results and 0 failures
[2024-09-26 11:55:26,129][flwr][INFO] - fit progress: (48, 0.002361544867356618, {'accuracy': 0.9122222222222223, 'f1-score': 0.9212362911266201}, 375.1032461000141)
[2024-09-26 11:55:26,129][flwr][INFO] - evaluate_round 48: no clients selected, cancel
[2024-09-26 11:55:26,129][flwr][DEBUG] - fit_round 49: strategy sampled 2 clients (out of 10)
[2024-09-26 11:55:33,635][flwr][DEBUG] - fit_round 49 received 2 results and 0 failures
[2024-09-26 11:55:33,683][flwr][INFO] - fit progress: (49, 0.0023530401786168416, {'accuracy': 0.9127777777777778, 'f1-score': 0.9215392303848076}, 382.66760520001117)
[2024-09-26 11:55:33,697][flwr][INFO] - evaluate_round 49: no clients selected, cancel
[2024-09-26 11:55:33,699][flwr][DEBUG] - fit_round 50: strategy sampled 2 clients (out of 10)
[2024-09-26 11:55:41,172][flwr][DEBUG] - fit_round 50 received 2 results and 0 failures
[2024-09-26 11:55:41,215][flwr][INFO] - fit progress: (50, 0.0023559419396850796, {'accuracy': 0.9133333333333333, 'f1-score': 0.922077922077922}, 390.1917980000144)
[2024-09-26 11:55:41,215][flwr][INFO] - evaluate_round 50: no clients selected, cancel
[2024-09-26 11:55:41,215][flwr][INFO] - FL finished in 390.1931667000026
[2024-09-26 11:55:41,222][flwr][INFO] - app_fit: losses_distributed []
[2024-09-26 11:55:41,222][flwr][INFO] - app_fit: metrics_distributed_fit {}
[2024-09-26 11:55:41,223][flwr][INFO] - app_fit: metrics_distributed {}
[2024-09-26 11:55:41,223][flwr][INFO] - app_fit: losses_centralized [(0, 0.005765308539072672), (1, 0.005561988055706024), (2, 0.005369337664710151), (3, 0.0051161688897344805), (4, 0.004753306342495813), (5, 0.004343043085601595), (6, 0.003872949563794666), (7, 0.0034854998025629254), (8, 0.003323787897825241), (9, 0.0031497832139333088), (10, 0.0030792169272899628), (11, 0.0030028240217102897), (12, 0.0029916293091244166), (13, 0.0029747961627112495), (14, 0.002929824574126138), (15, 0.00291646389497651), (16, 0.002911962949567371), (17, 0.0028514719009399415), (18, 0.002845979068014357), (19, 0.0028058862851725683), (20, 0.0028288315236568453), (21, 0.0027336545205778546), (22, 0.0027026815546883475), (23, 0.0027026271571715674), (24, 0.0027117868926790027), (25, 0.0026203810506396823), (26, 0.002617183725039164), (27, 0.0025855771369404264), (28, 0.0025594351606236564), (29, 0.0025235921889543533), (30, 0.0025151403496662776), (31, 0.002482717252439923), (32, 0.00249598557750384), (33, 0.0024789348079098596), (34, 0.0025148451576630275), (35, 0.00244524285197258), (36, 0.002445102847284741), (37, 0.0024258822864956326), (38, 0.002432686562339465), (39, 0.0023936527719100316), (40, 0.0024071857250399058), (41, 0.002384766075346205), (42, 0.0023702571044365564), (43, 0.002388836584157414), (44, 0.0023549139168527393), (45, 0.002364539032181104), (46, 0.0023478226446443135), (47, 0.0023532273372014363), (48, 0.002361544867356618), (49, 0.0023530401786168416), (50, 0.0023559419396850796)]
[2024-09-26 11:55:41,223][flwr][INFO] - app_fit: metrics_centralized {'accuracy': [(0, 0.48277777777777775), (1, 0.7022222222222222), (2, 0.6483333333333333), (3, 0.6872222222222222), (4, 0.7838888888888889), (5, 0.7905555555555556), (6, 0.8316666666666667), (7, 0.8361111111111111), (8, 0.84), (9, 0.8433333333333334), (10, 0.8427777777777777), (11, 0.8488888888888889), (12, 0.8527777777777777), (13, 0.8516666666666667), (14, 0.8583333333333333), (15, 0.8638888888888889), (16, 0.8655555555555555), (17, 0.8677777777777778), (18, 0.8744444444444445), (19, 0.8794444444444445), (20, 0.8716666666666667), (21, 0.8822222222222222), (22, 0.8922222222222222), (23, 0.8927777777777778), (24, 0.8927777777777778), (25, 0.8955555555555555), (26, 0.9011111111111111), (27, 0.9027777777777778), (28, 0.9027777777777778), (29, 0.9044444444444445), (30, 0.9061111111111111), (31, 0.9044444444444445), (32, 0.9072222222222223), (33, 0.9083333333333333), (34, 0.905), (35, 0.9088888888888889), (36, 0.9111111111111111), (37, 0.9105555555555556), (38, 0.9072222222222223), (39, 0.9116666666666666), (40, 0.9116666666666666), (41, 0.9116666666666666), (42, 0.9122222222222223), (43, 0.9122222222222223), (44, 0.9122222222222223), (45, 0.9133333333333333), (46, 0.9116666666666666), (47, 0.9133333333333333), (48, 0.9122222222222223), (49, 0.9127777777777778), (50, 0.9133333333333333)], 'f1-score': [(0, 0.162016201620162), (1, 0.7617777777777778), (2, 0.7584891262876765), (3, 0.778955634079309), (4, 0.8294607628233231), (5, 0.8372895986189037), (6, 0.845958312150483), (7, 0.8558866634098681), (8, 0.8651685393258427), (9, 0.8538860103626943), (10, 0.8613424791768741), (11, 0.8665358194308145), (12, 0.8651399491094147), (13, 0.8695652173913043), (14, 0.8740740740740741), (15, 0.8770697441043652), (16, 0.8816046966731899), (17, 0.8819444444444444), (18, 0.8889980353634578), (19, 0.89198606271777), (20, 0.8885672937771346), (21, 0.8942115768463074), (22, 0.9033864541832669), (23, 0.9032581453634085), (24, 0.9057156814851002), (25, 0.9055276381909547), (26, 0.9119683481701286), (27, 0.914004914004914), (28, 0.9140893470790378), (29, 0.9141716566866267), (30, 0.9163780306778823), (31, 0.9145129224652088), (32, 0.917936117936118), (33, 0.9173760640961443), (34, 0.9164631167562286), (35, 0.918), (36, 0.9206349206349206), (37, 0.9194597298649325), (38, 0.9184968277208394), (39, 0.920934858279463), (40, 0.9212481426448736), (41, 0.9201406328478152), (42, 0.9216269841269841), (43, 0.9218595450049456), (44, 0.9213147410358565), (45, 0.9225422045680238), (46, 0.921326076199901), (47, 0.9225422045680238), (48, 0.9212362911266201), (49, 0.9215392303848076), (50, 0.922077922077922)]}
