[2024-09-26 12:05:39,519][flwr][WARNING] - Both server and strategy were provided, ignoring strategy
[2024-09-26 12:05:39,519][flwr][INFO] - Starting Flower simulation, config: ServerConfig(num_rounds=50, round_timeout=None)
[2024-09-26 12:05:49,952][flwr][INFO] - Flower VCE: Ray initialized with resources: {'CPU': 12.0, 'memory': 1274358990.0, 'node:127.0.0.1': 1.0, 'object_store_memory': 637179494.0, 'node:__internal_head__': 1.0}
[2024-09-26 12:05:49,952][flwr][INFO] - Initializing global parameters
[2024-09-26 12:05:49,953][flwr][INFO] - Requesting initial parameters from one random client
[2024-09-26 12:05:54,183][flwr][INFO] - Received initial parameters from one random client
[2024-09-26 12:05:54,183][flwr][INFO] - Evaluating initial parameters
[2024-09-26 12:05:54,231][flwr][INFO] - initial parameters (loss, other metrics): 0.005791141788164774, {'accuracy': 0.4711111111111111, 'f1-score': 0.2754946727549467}
[2024-09-26 12:05:54,231][flwr][INFO] - FL starting
[2024-09-26 12:05:54,231][flwr][DEBUG] - fit_round 1: strategy sampled 10 clients (out of 10)
[2024-09-26 12:06:31,751][flwr][DEBUG] - fit_round 1 received 10 results and 0 failures
[2024-09-26 12:06:31,762][flwr][WARNING] - No fit_metrics_aggregation_fn provided
[2024-09-26 12:06:31,813][flwr][INFO] - fit progress: (1, 0.0056200205948617726, {'accuracy': 0.5922222222222222, 'f1-score': 0.7317251461988304}, 37.57990389999759)
[2024-09-26 12:06:31,813][flwr][INFO] - evaluate_round 1: no clients selected, cancel
[2024-09-26 12:06:31,813][flwr][DEBUG] - fit_round 2: strategy sampled 10 clients (out of 10)
[2024-09-26 12:07:06,936][flwr][DEBUG] - fit_round 2 received 10 results and 0 failures
[2024-09-26 12:07:07,067][flwr][INFO] - fit progress: (2, 0.0054773968127038745, {'accuracy': 0.5816666666666667, 'f1-score': 0.7282569469505593}, 72.83287869999185)
[2024-09-26 12:07:07,067][flwr][INFO] - evaluate_round 2: no clients selected, cancel
[2024-09-26 12:07:07,067][flwr][DEBUG] - fit_round 3: strategy sampled 10 clients (out of 10)
[2024-09-26 12:07:42,319][flwr][DEBUG] - fit_round 3 received 10 results and 0 failures
[2024-09-26 12:07:42,363][flwr][INFO] - fit progress: (3, 0.005291148192352719, {'accuracy': 0.6183333333333333, 'f1-score': 0.7439433469996273}, 108.13609979998728)
[2024-09-26 12:07:42,363][flwr][INFO] - evaluate_round 3: no clients selected, cancel
[2024-09-26 12:07:42,363][flwr][DEBUG] - fit_round 4: strategy sampled 10 clients (out of 10)
[2024-09-26 12:08:17,677][flwr][DEBUG] - fit_round 4 received 10 results and 0 failures
[2024-09-26 12:08:17,750][flwr][INFO] - fit progress: (4, 0.00502170678642061, {'accuracy': 0.6944444444444444, 'f1-score': 0.7813990461049285}, 143.5239744999999)
[2024-09-26 12:08:17,762][flwr][INFO] - evaluate_round 4: no clients selected, cancel
[2024-09-26 12:08:17,766][flwr][DEBUG] - fit_round 5: strategy sampled 10 clients (out of 10)
[2024-09-26 12:08:53,524][flwr][DEBUG] - fit_round 5 received 10 results and 0 failures
[2024-09-26 12:08:53,629][flwr][INFO] - fit progress: (5, 0.0046542866693602665, {'accuracy': 0.7588888888888888, 'f1-score': 0.8173400673400674}, 179.3926591999916)
[2024-09-26 12:08:53,630][flwr][INFO] - evaluate_round 5: no clients selected, cancel
[2024-09-26 12:08:53,630][flwr][DEBUG] - fit_round 6: strategy sampled 10 clients (out of 10)
[2024-09-26 12:09:29,578][flwr][DEBUG] - fit_round 6 received 10 results and 0 failures
[2024-09-26 12:09:29,635][flwr][INFO] - fit progress: (6, 0.0042266680631372665, {'accuracy': 0.8116666666666666, 'f1-score': 0.8475033738191633}, 215.40408389999357)
[2024-09-26 12:09:29,635][flwr][INFO] - evaluate_round 6: no clients selected, cancel
[2024-09-26 12:09:29,635][flwr][DEBUG] - fit_round 7: strategy sampled 10 clients (out of 10)
[2024-09-26 12:10:04,586][flwr][DEBUG] - fit_round 7 received 10 results and 0 failures
[2024-09-26 12:10:04,662][flwr][INFO] - fit progress: (7, 0.00381601192884975, {'accuracy': 0.8255555555555556, 'f1-score': 0.8527204502814258}, 250.42643629999657)
[2024-09-26 12:10:04,662][flwr][INFO] - evaluate_round 7: no clients selected, cancel
[2024-09-26 12:10:04,662][flwr][DEBUG] - fit_round 8: strategy sampled 10 clients (out of 10)
[2024-09-26 12:10:39,363][flwr][DEBUG] - fit_round 8 received 10 results and 0 failures
[2024-09-26 12:10:39,437][flwr][INFO] - fit progress: (8, 0.0034960679709911346, {'accuracy': 0.8311111111111111, 'f1-score': 0.8535645472061657}, 285.2034372999915)
[2024-09-26 12:10:39,437][flwr][INFO] - evaluate_round 8: no clients selected, cancel
[2024-09-26 12:10:39,437][flwr][DEBUG] - fit_round 9: strategy sampled 10 clients (out of 10)
[2024-09-26 12:11:14,438][flwr][DEBUG] - fit_round 9 received 10 results and 0 failures
[2024-09-26 12:11:14,530][flwr][INFO] - fit progress: (9, 0.0032929390172163646, {'accuracy': 0.8344444444444444, 'f1-score': 0.8554801163918526}, 320.29410149999603)
[2024-09-26 12:11:14,530][flwr][INFO] - evaluate_round 9: no clients selected, cancel
[2024-09-26 12:11:14,530][flwr][DEBUG] - fit_round 10: strategy sampled 10 clients (out of 10)
[2024-09-26 12:11:49,742][flwr][DEBUG] - fit_round 10 received 10 results and 0 failures
[2024-09-26 12:11:49,846][flwr][INFO] - fit progress: (10, 0.0031696203682157727, {'accuracy': 0.8366666666666667, 'f1-score': 0.8561643835616438}, 355.6097835999972)
[2024-09-26 12:11:49,847][flwr][INFO] - evaluate_round 10: no clients selected, cancel
[2024-09-26 12:11:49,847][flwr][DEBUG] - fit_round 11: strategy sampled 10 clients (out of 10)
[2024-09-26 12:12:24,651][flwr][DEBUG] - fit_round 11 received 10 results and 0 failures
[2024-09-26 12:12:24,703][flwr][INFO] - fit progress: (11, 0.003102451910575231, {'accuracy': 0.8422222222222222, 'f1-score': 0.8605108055009824}, 390.47059099999024)
[2024-09-26 12:12:24,703][flwr][INFO] - evaluate_round 11: no clients selected, cancel
[2024-09-26 12:12:24,703][flwr][DEBUG] - fit_round 12: strategy sampled 10 clients (out of 10)
[2024-09-26 12:13:00,037][flwr][DEBUG] - fit_round 12 received 10 results and 0 failures
[2024-09-26 12:13:00,154][flwr][INFO] - fit progress: (12, 0.003064995441171858, {'accuracy': 0.845, 'f1-score': 0.8634361233480177}, 425.9237742999976)
[2024-09-26 12:13:00,154][flwr][INFO] - evaluate_round 12: no clients selected, cancel
[2024-09-26 12:13:00,162][flwr][DEBUG] - fit_round 13: strategy sampled 10 clients (out of 10)
[2024-09-26 12:13:35,383][flwr][DEBUG] - fit_round 13 received 10 results and 0 failures
[2024-09-26 12:13:35,434][flwr][INFO] - fit progress: (13, 0.003024276594320933, {'accuracy': 0.8466666666666667, 'f1-score': 0.8637709772951628}, 461.2072858999891)
[2024-09-26 12:13:35,434][flwr][INFO] - evaluate_round 13: no clients selected, cancel
[2024-09-26 12:13:35,446][flwr][DEBUG] - fit_round 14: strategy sampled 10 clients (out of 10)
[2024-09-26 12:14:10,451][flwr][DEBUG] - fit_round 14 received 10 results and 0 failures
[2024-09-26 12:14:10,572][flwr][INFO] - fit progress: (14, 0.003001767959859636, {'accuracy': 0.8466666666666667, 'f1-score': 0.8644400785854617}, 496.34394199999224)
[2024-09-26 12:14:10,589][flwr][INFO] - evaluate_round 14: no clients selected, cancel
[2024-09-26 12:14:10,593][flwr][DEBUG] - fit_round 15: strategy sampled 10 clients (out of 10)
[2024-09-26 12:14:47,364][flwr][DEBUG] - fit_round 15 received 10 results and 0 failures
[2024-09-26 12:14:47,437][flwr][INFO] - fit progress: (15, 0.002977195514572991, {'accuracy': 0.8494444444444444, 'f1-score': 0.8672219500244978}, 533.2030591999937)
[2024-09-26 12:14:47,437][flwr][INFO] - evaluate_round 15: no clients selected, cancel
[2024-09-26 12:14:47,443][flwr][DEBUG] - fit_round 16: strategy sampled 10 clients (out of 10)
[2024-09-26 12:15:22,622][flwr][DEBUG] - fit_round 16 received 10 results and 0 failures
[2024-09-26 12:15:22,683][flwr][INFO] - fit progress: (16, 0.0029437243276172215, {'accuracy': 0.8527777777777777, 'f1-score': 0.8692649235323138}, 568.4507863999897)
[2024-09-26 12:15:22,683][flwr][INFO] - evaluate_round 16: no clients selected, cancel
[2024-09-26 12:15:22,689][flwr][DEBUG] - fit_round 17: strategy sampled 10 clients (out of 10)
[2024-09-26 12:15:57,646][flwr][DEBUG] - fit_round 17 received 10 results and 0 failures
[2024-09-26 12:15:57,714][flwr][INFO] - fit progress: (17, 0.0029281185732947454, {'accuracy': 0.8566666666666667, 'f1-score': 0.873900293255132}, 603.4771419999888)
[2024-09-26 12:15:57,714][flwr][INFO] - evaluate_round 17: no clients selected, cancel
[2024-09-26 12:15:57,714][flwr][DEBUG] - fit_round 18: strategy sampled 10 clients (out of 10)
[2024-09-26 12:16:33,136][flwr][DEBUG] - fit_round 18 received 10 results and 0 failures
[2024-09-26 12:16:33,207][flwr][INFO] - fit progress: (18, 0.002895237257083257, {'accuracy': 0.8622222222222222, 'f1-score': 0.8781925343811395}, 638.9712519999885)
[2024-09-26 12:16:33,209][flwr][INFO] - evaluate_round 18: no clients selected, cancel
[2024-09-26 12:16:33,209][flwr][DEBUG] - fit_round 19: strategy sampled 10 clients (out of 10)
[2024-09-26 12:17:08,231][flwr][DEBUG] - fit_round 19 received 10 results and 0 failures
[2024-09-26 12:17:08,300][flwr][INFO] - fit progress: (19, 0.002864579310019811, {'accuracy': 0.8666666666666667, 'f1-score': 0.8818897637795275}, 674.0759681999916)
[2024-09-26 12:17:08,317][flwr][INFO] - evaluate_round 19: no clients selected, cancel
[2024-09-26 12:17:08,325][flwr][DEBUG] - fit_round 20: strategy sampled 10 clients (out of 10)
[2024-09-26 12:17:43,590][flwr][DEBUG] - fit_round 20 received 10 results and 0 failures
[2024-09-26 12:17:43,666][flwr][INFO] - fit progress: (20, 0.0028278583288192747, {'accuracy': 0.87, 'f1-score': 0.884272997032641}, 709.4302643999981)
[2024-09-26 12:17:43,666][flwr][INFO] - evaluate_round 20: no clients selected, cancel
[2024-09-26 12:17:43,666][flwr][DEBUG] - fit_round 21: strategy sampled 10 clients (out of 10)
[2024-09-26 12:18:19,088][flwr][DEBUG] - fit_round 21 received 10 results and 0 failures
[2024-09-26 12:18:19,172][flwr][INFO] - fit progress: (21, 0.002799436201651891, {'accuracy': 0.8727777777777778, 'f1-score': 0.8873585833743236}, 744.9359563999897)
[2024-09-26 12:18:19,172][flwr][INFO] - evaluate_round 21: no clients selected, cancel
[2024-09-26 12:18:19,175][flwr][DEBUG] - fit_round 22: strategy sampled 10 clients (out of 10)
[2024-09-26 12:18:54,422][flwr][DEBUG] - fit_round 22 received 10 results and 0 failures
[2024-09-26 12:18:54,468][flwr][INFO] - fit progress: (22, 0.0027638552834590275, {'accuracy': 0.88, 'f1-score': 0.8933859822309971}, 780.2425196999975)
[2024-09-26 12:18:54,480][flwr][INFO] - evaluate_round 22: no clients selected, cancel
[2024-09-26 12:18:54,482][flwr][DEBUG] - fit_round 23: strategy sampled 10 clients (out of 10)
[2024-09-26 12:19:29,689][flwr][DEBUG] - fit_round 23 received 10 results and 0 failures
[2024-09-26 12:19:29,750][flwr][INFO] - fit progress: (23, 0.0027277626345554988, {'accuracy': 0.8827777777777778, 'f1-score': 0.8956994562530894}, 815.5126693999919)
[2024-09-26 12:19:29,751][flwr][INFO] - evaluate_round 23: no clients selected, cancel
[2024-09-26 12:19:29,752][flwr][DEBUG] - fit_round 24: strategy sampled 10 clients (out of 10)
[2024-09-26 12:20:04,940][flwr][DEBUG] - fit_round 24 received 10 results and 0 failures
[2024-09-26 12:20:05,033][flwr][INFO] - fit progress: (24, 0.002696513401137458, {'accuracy': 0.89, 'f1-score': 0.9021739130434783}, 850.8003999999928)
[2024-09-26 12:20:05,038][flwr][INFO] - evaluate_round 24: no clients selected, cancel
[2024-09-26 12:20:05,038][flwr][DEBUG] - fit_round 25: strategy sampled 10 clients (out of 10)
[2024-09-26 12:20:39,894][flwr][DEBUG] - fit_round 25 received 10 results and 0 failures
[2024-09-26 12:20:39,973][flwr][INFO] - fit progress: (25, 0.002661671588818232, {'accuracy': 0.8927777777777778, 'f1-score': 0.9042183622828784}, 885.7364993999945)
[2024-09-26 12:20:39,973][flwr][INFO] - evaluate_round 25: no clients selected, cancel
[2024-09-26 12:20:39,973][flwr][DEBUG] - fit_round 26: strategy sampled 10 clients (out of 10)
[2024-09-26 12:21:14,688][flwr][DEBUG] - fit_round 26 received 10 results and 0 failures
[2024-09-26 12:21:14,755][flwr][INFO] - fit progress: (26, 0.0026337644623385535, {'accuracy': 0.8961111111111111, 'f1-score': 0.907563025210084}, 920.5180204999924)
[2024-09-26 12:21:14,755][flwr][INFO] - evaluate_round 26: no clients selected, cancel
[2024-09-26 12:21:14,758][flwr][DEBUG] - fit_round 27: strategy sampled 10 clients (out of 10)
[2024-09-26 12:21:50,073][flwr][DEBUG] - fit_round 27 received 10 results and 0 failures
[2024-09-26 12:21:50,134][flwr][INFO] - fit progress: (27, 0.002602297415335973, {'accuracy': 0.8944444444444445, 'f1-score': 0.905940594059406}, 955.9013474999956)
[2024-09-26 12:21:50,134][flwr][INFO] - evaluate_round 27: no clients selected, cancel
[2024-09-26 12:21:50,140][flwr][DEBUG] - fit_round 28: strategy sampled 10 clients (out of 10)
[2024-09-26 12:22:24,907][flwr][DEBUG] - fit_round 28 received 10 results and 0 failures
[2024-09-26 12:22:24,984][flwr][INFO] - fit progress: (28, 0.002578461112247573, {'accuracy': 0.8966666666666666, 'f1-score': 0.908102766798419}, 990.7547767999931)
[2024-09-26 12:22:24,984][flwr][INFO] - evaluate_round 28: no clients selected, cancel
[2024-09-26 12:22:24,984][flwr][DEBUG] - fit_round 29: strategy sampled 10 clients (out of 10)
[2024-09-26 12:23:00,251][flwr][DEBUG] - fit_round 29 received 10 results and 0 failures
[2024-09-26 12:23:00,326][flwr][INFO] - fit progress: (29, 0.002550774489839872, {'accuracy': 0.8972222222222223, 'f1-score': 0.9083704804358593}, 1026.0903631999972)
[2024-09-26 12:23:00,326][flwr][INFO] - evaluate_round 29: no clients selected, cancel
[2024-09-26 12:23:00,330][flwr][DEBUG] - fit_round 30: strategy sampled 10 clients (out of 10)
[2024-09-26 12:23:35,527][flwr][DEBUG] - fit_round 30 received 10 results and 0 failures
[2024-09-26 12:23:35,587][flwr][INFO] - fit progress: (30, 0.002522738633884324, {'accuracy': 0.9005555555555556, 'f1-score': 0.9110779930452062}, 1061.35804929999)
[2024-09-26 12:23:35,587][flwr][INFO] - evaluate_round 30: no clients selected, cancel
[2024-09-26 12:23:35,587][flwr][DEBUG] - fit_round 31: strategy sampled 10 clients (out of 10)
[2024-09-26 12:24:10,798][flwr][DEBUG] - fit_round 31 received 10 results and 0 failures
[2024-09-26 12:24:10,861][flwr][INFO] - fit progress: (31, 0.002503215811318821, {'accuracy': 0.9011111111111111, 'f1-score': 0.9117063492063492}, 1096.6294022999937)
[2024-09-26 12:24:10,868][flwr][INFO] - evaluate_round 31: no clients selected, cancel
[2024-09-26 12:24:10,868][flwr][DEBUG] - fit_round 32: strategy sampled 10 clients (out of 10)
[2024-09-26 12:24:46,158][flwr][DEBUG] - fit_round 32 received 10 results and 0 failures
[2024-09-26 12:24:46,219][flwr][INFO] - fit progress: (32, 0.0024773428257968693, {'accuracy': 0.9027777777777778, 'f1-score': 0.9129786176031826}, 1131.9873002999957)
[2024-09-26 12:24:46,219][flwr][INFO] - evaluate_round 32: no clients selected, cancel
[2024-09-26 12:24:46,219][flwr][DEBUG] - fit_round 33: strategy sampled 10 clients (out of 10)
[2024-09-26 12:25:21,687][flwr][DEBUG] - fit_round 33 received 10 results and 0 failures
[2024-09-26 12:25:21,754][flwr][INFO] - fit progress: (33, 0.002454946612318357, {'accuracy': 0.9038888888888889, 'f1-score': 0.9142290530490828}, 1167.520835599993)
[2024-09-26 12:25:21,754][flwr][INFO] - evaluate_round 33: no clients selected, cancel
[2024-09-26 12:25:21,754][flwr][DEBUG] - fit_round 34: strategy sampled 10 clients (out of 10)
[2024-09-26 12:25:57,100][flwr][DEBUG] - fit_round 34 received 10 results and 0 failures
[2024-09-26 12:25:57,169][flwr][INFO] - fit progress: (34, 0.002438849061727524, {'accuracy': 0.905, 'f1-score': 0.9154720711814137}, 1202.9352265999914)
[2024-09-26 12:25:57,169][flwr][INFO] - evaluate_round 34: no clients selected, cancel
[2024-09-26 12:25:57,175][flwr][DEBUG] - fit_round 35: strategy sampled 10 clients (out of 10)
[2024-09-26 12:26:32,501][flwr][DEBUG] - fit_round 35 received 10 results and 0 failures
[2024-09-26 12:26:32,569][flwr][INFO] - fit progress: (35, 0.0024224915438228185, {'accuracy': 0.9055555555555556, 'f1-score': 0.9158415841584159}, 1238.3331266999885)
[2024-09-26 12:26:32,571][flwr][INFO] - evaluate_round 35: no clients selected, cancel
[2024-09-26 12:26:32,571][flwr][DEBUG] - fit_round 36: strategy sampled 10 clients (out of 10)
[2024-09-26 12:27:07,975][flwr][DEBUG] - fit_round 36 received 10 results and 0 failures
[2024-09-26 12:27:08,037][flwr][INFO] - fit progress: (36, 0.0024045238643884657, {'accuracy': 0.9083333333333333, 'f1-score': 0.9181141439205955}, 1273.8028943999961)
[2024-09-26 12:27:08,037][flwr][INFO] - evaluate_round 36: no clients selected, cancel
[2024-09-26 12:27:08,037][flwr][DEBUG] - fit_round 37: strategy sampled 10 clients (out of 10)
[2024-09-26 12:27:43,956][flwr][DEBUG] - fit_round 37 received 10 results and 0 failures
[2024-09-26 12:27:44,020][flwr][INFO] - fit progress: (37, 0.0023938118749194676, {'accuracy': 0.9105555555555556, 'f1-score': 0.9206505667816658}, 1309.7905118999915)
[2024-09-26 12:27:44,020][flwr][INFO] - evaluate_round 37: no clients selected, cancel
[2024-09-26 12:27:44,020][flwr][DEBUG] - fit_round 38: strategy sampled 10 clients (out of 10)
[2024-09-26 12:28:19,398][flwr][DEBUG] - fit_round 38 received 10 results and 0 failures
[2024-09-26 12:28:19,459][flwr][INFO] - fit progress: (38, 0.0023756212575568093, {'accuracy': 0.9111111111111111, 'f1-score': 0.9207135777998018}, 1345.2254310999997)
[2024-09-26 12:28:19,459][flwr][INFO] - evaluate_round 38: no clients selected, cancel
[2024-09-26 12:28:19,459][flwr][DEBUG] - fit_round 39: strategy sampled 10 clients (out of 10)
[2024-09-26 12:28:54,638][flwr][DEBUG] - fit_round 39 received 10 results and 0 failures
[2024-09-26 12:28:54,728][flwr][INFO] - fit progress: (39, 0.0023639851891332202, {'accuracy': 0.9111111111111111, 'f1-score': 0.9209486166007905}, 1380.4956691999978)
[2024-09-26 12:28:54,734][flwr][INFO] - evaluate_round 39: no clients selected, cancel
[2024-09-26 12:28:54,734][flwr][DEBUG] - fit_round 40: strategy sampled 10 clients (out of 10)
[2024-09-26 12:29:29,732][flwr][DEBUG] - fit_round 40 received 10 results and 0 failures
[2024-09-26 12:29:29,836][flwr][INFO] - fit progress: (40, 0.0023518350140915977, {'accuracy': 0.9116666666666666, 'f1-score': 0.921326076199901}, 1415.6007462999987)
[2024-09-26 12:29:29,839][flwr][INFO] - evaluate_round 40: no clients selected, cancel
[2024-09-26 12:29:29,839][flwr][DEBUG] - fit_round 41: strategy sampled 10 clients (out of 10)
[2024-09-26 12:30:04,739][flwr][DEBUG] - fit_round 41 received 10 results and 0 failures
[2024-09-26 12:30:04,822][flwr][INFO] - fit progress: (41, 0.0023432380871640313, {'accuracy': 0.9116666666666666, 'f1-score': 0.921403855659911}, 1450.5858857999992)
[2024-09-26 12:30:04,822][flwr][INFO] - evaluate_round 41: no clients selected, cancel
[2024-09-26 12:30:04,826][flwr][DEBUG] - fit_round 42: strategy sampled 10 clients (out of 10)
[2024-09-26 12:30:39,832][flwr][DEBUG] - fit_round 42 received 10 results and 0 failures
[2024-09-26 12:30:39,889][flwr][INFO] - fit progress: (42, 0.0023321729484531615, {'accuracy': 0.9111111111111111, 'f1-score': 0.9207920792079208}, 1485.66337129999)
[2024-09-26 12:30:39,901][flwr][INFO] - evaluate_round 42: no clients selected, cancel
[2024-09-26 12:30:39,903][flwr][DEBUG] - fit_round 43: strategy sampled 10 clients (out of 10)
[2024-09-26 12:31:14,910][flwr][DEBUG] - fit_round 43 received 10 results and 0 failures
[2024-09-26 12:31:14,988][flwr][INFO] - fit progress: (43, 0.002323828430639373, {'accuracy': 0.9116666666666666, 'f1-score': 0.9212481426448736}, 1520.7514633999963)
[2024-09-26 12:31:14,988][flwr][INFO] - evaluate_round 43: no clients selected, cancel
[2024-09-26 12:31:14,988][flwr][DEBUG] - fit_round 44: strategy sampled 10 clients (out of 10)
[2024-09-26 12:31:49,951][flwr][DEBUG] - fit_round 44 received 10 results and 0 failures
[2024-09-26 12:31:50,006][flwr][INFO] - fit progress: (44, 0.002316533625125885, {'accuracy': 0.9116666666666666, 'f1-score': 0.921326076199901}, 1555.7792752999958)
[2024-09-26 12:31:50,006][flwr][INFO] - evaluate_round 44: no clients selected, cancel
[2024-09-26 12:31:50,018][flwr][DEBUG] - fit_round 45: strategy sampled 10 clients (out of 10)
[2024-09-26 12:32:25,843][flwr][DEBUG] - fit_round 45 received 10 results and 0 failures
[2024-09-26 12:32:25,921][flwr][INFO] - fit progress: (45, 0.002309615065654119, {'accuracy': 0.9127777777777778, 'f1-score': 0.9223924864063272}, 1591.685552799987)
[2024-09-26 12:32:25,921][flwr][INFO] - evaluate_round 45: no clients selected, cancel
[2024-09-26 12:32:25,921][flwr][DEBUG] - fit_round 46: strategy sampled 10 clients (out of 10)
[2024-09-26 12:33:01,269][flwr][DEBUG] - fit_round 46 received 10 results and 0 failures
[2024-09-26 12:33:01,339][flwr][INFO] - fit progress: (46, 0.002303236126899719, {'accuracy': 0.9127777777777778, 'f1-score': 0.9223156853043047}, 1627.1023886999901)
[2024-09-26 12:33:01,339][flwr][INFO] - evaluate_round 46: no clients selected, cancel
[2024-09-26 12:33:01,342][flwr][DEBUG] - fit_round 47: strategy sampled 10 clients (out of 10)
[2024-09-26 12:33:37,011][flwr][DEBUG] - fit_round 47 received 10 results and 0 failures
[2024-09-26 12:33:37,073][flwr][INFO] - fit progress: (47, 0.0022974032991462286, {'accuracy': 0.9116666666666666, 'f1-score': 0.921403855659911}, 1662.8428545999923)
[2024-09-26 12:33:37,073][flwr][INFO] - evaluate_round 47: no clients selected, cancel
[2024-09-26 12:33:37,073][flwr][DEBUG] - fit_round 48: strategy sampled 10 clients (out of 10)
[2024-09-26 12:34:12,075][flwr][DEBUG] - fit_round 48 received 10 results and 0 failures
[2024-09-26 12:34:12,156][flwr][INFO] - fit progress: (48, 0.0022925191620985666, {'accuracy': 0.9105555555555556, 'f1-score': 0.9204938271604939}, 1697.9188278999936)
[2024-09-26 12:34:12,156][flwr][INFO] - evaluate_round 48: no clients selected, cancel
[2024-09-26 12:34:12,156][flwr][DEBUG] - fit_round 49: strategy sampled 10 clients (out of 10)
[2024-09-26 12:34:47,668][flwr][DEBUG] - fit_round 49 received 10 results and 0 failures
[2024-09-26 12:34:47,738][flwr][INFO] - fit progress: (49, 0.002287752694553799, {'accuracy': 0.9127777777777778, 'f1-score': 0.9222387320455672}, 1733.5115401999938)
[2024-09-26 12:34:47,738][flwr][INFO] - evaluate_round 49: no clients selected, cancel
[2024-09-26 12:34:47,751][flwr][DEBUG] - fit_round 50: strategy sampled 10 clients (out of 10)
[2024-09-26 12:35:23,064][flwr][DEBUG] - fit_round 50 received 10 results and 0 failures
[2024-09-26 12:35:23,122][flwr][INFO] - fit progress: (50, 0.002280306915442149, {'accuracy': 0.9138888888888889, 'f1-score': 0.9231531978185424}, 1768.8876505999942)
[2024-09-26 12:35:23,122][flwr][INFO] - evaluate_round 50: no clients selected, cancel
[2024-09-26 12:35:23,122][flwr][INFO] - FL finished in 1768.889432699987
[2024-09-26 12:35:23,136][flwr][INFO] - app_fit: losses_distributed []
[2024-09-26 12:35:23,136][flwr][INFO] - app_fit: metrics_distributed_fit {}
[2024-09-26 12:35:23,138][flwr][INFO] - app_fit: metrics_distributed {}
[2024-09-26 12:35:23,140][flwr][INFO] - app_fit: losses_centralized [(0, 0.005791141788164774), (1, 0.0056200205948617726), (2, 0.0054773968127038745), (3, 0.005291148192352719), (4, 0.00502170678642061), (5, 0.0046542866693602665), (6, 0.0042266680631372665), (7, 0.00381601192884975), (8, 0.0034960679709911346), (9, 0.0032929390172163646), (10, 0.0031696203682157727), (11, 0.003102451910575231), (12, 0.003064995441171858), (13, 0.003024276594320933), (14, 0.003001767959859636), (15, 0.002977195514572991), (16, 0.0029437243276172215), (17, 0.0029281185732947454), (18, 0.002895237257083257), (19, 0.002864579310019811), (20, 0.0028278583288192747), (21, 0.002799436201651891), (22, 0.0027638552834590275), (23, 0.0027277626345554988), (24, 0.002696513401137458), (25, 0.002661671588818232), (26, 0.0026337644623385535), (27, 0.002602297415335973), (28, 0.002578461112247573), (29, 0.002550774489839872), (30, 0.002522738633884324), (31, 0.002503215811318821), (32, 0.0024773428257968693), (33, 0.002454946612318357), (34, 0.002438849061727524), (35, 0.0024224915438228185), (36, 0.0024045238643884657), (37, 0.0023938118749194676), (38, 0.0023756212575568093), (39, 0.0023639851891332202), (40, 0.0023518350140915977), (41, 0.0023432380871640313), (42, 0.0023321729484531615), (43, 0.002323828430639373), (44, 0.002316533625125885), (45, 0.002309615065654119), (46, 0.002303236126899719), (47, 0.0022974032991462286), (48, 0.0022925191620985666), (49, 0.002287752694553799), (50, 0.002280306915442149)]
[2024-09-26 12:35:23,141][flwr][INFO] - app_fit: metrics_centralized {'accuracy': [(0, 0.4711111111111111), (1, 0.5922222222222222), (2, 0.5816666666666667), (3, 0.6183333333333333), (4, 0.6944444444444444), (5, 0.7588888888888888), (6, 0.8116666666666666), (7, 0.8255555555555556), (8, 0.8311111111111111), (9, 0.8344444444444444), (10, 0.8366666666666667), (11, 0.8422222222222222), (12, 0.845), (13, 0.8466666666666667), (14, 0.8466666666666667), (15, 0.8494444444444444), (16, 0.8527777777777777), (17, 0.8566666666666667), (18, 0.8622222222222222), (19, 0.8666666666666667), (20, 0.87), (21, 0.8727777777777778), (22, 0.88), (23, 0.8827777777777778), (24, 0.89), (25, 0.8927777777777778), (26, 0.8961111111111111), (27, 0.8944444444444445), (28, 0.8966666666666666), (29, 0.8972222222222223), (30, 0.9005555555555556), (31, 0.9011111111111111), (32, 0.9027777777777778), (33, 0.9038888888888889), (34, 0.905), (35, 0.9055555555555556), (36, 0.9083333333333333), (37, 0.9105555555555556), (38, 0.9111111111111111), (39, 0.9111111111111111), (40, 0.9116666666666666), (41, 0.9116666666666666), (42, 0.9111111111111111), (43, 0.9116666666666666), (44, 0.9116666666666666), (45, 0.9127777777777778), (46, 0.9127777777777778), (47, 0.9116666666666666), (48, 0.9105555555555556), (49, 0.9127777777777778), (50, 0.9138888888888889)], 'f1-score': [(0, 0.2754946727549467), (1, 0.7317251461988304), (2, 0.7282569469505593), (3, 0.7439433469996273), (4, 0.7813990461049285), (5, 0.8173400673400674), (6, 0.8475033738191633), (7, 0.8527204502814258), (8, 0.8535645472061657), (9, 0.8554801163918526), (10, 0.8561643835616438), (11, 0.8605108055009824), (12, 0.8634361233480177), (13, 0.8637709772951628), (14, 0.8644400785854617), (15, 0.8672219500244978), (16, 0.8692649235323138), (17, 0.873900293255132), (18, 0.8781925343811395), (19, 0.8818897637795275), (20, 0.884272997032641), (21, 0.8873585833743236), (22, 0.8933859822309971), (23, 0.8956994562530894), (24, 0.9021739130434783), (25, 0.9042183622828784), (26, 0.907563025210084), (27, 0.905940594059406), (28, 0.908102766798419), (29, 0.9083704804358593), (30, 0.9110779930452062), (31, 0.9117063492063492), (32, 0.9129786176031826), (33, 0.9142290530490828), (34, 0.9154720711814137), (35, 0.9158415841584159), (36, 0.9181141439205955), (37, 0.9206505667816658), (38, 0.9207135777998018), (39, 0.9209486166007905), (40, 0.921326076199901), (41, 0.921403855659911), (42, 0.9207920792079208), (43, 0.9212481426448736), (44, 0.921326076199901), (45, 0.9223924864063272), (46, 0.9223156853043047), (47, 0.921403855659911), (48, 0.9204938271604939), (49, 0.9222387320455672), (50, 0.9231531978185424)]}
