[2024-09-19 12:00:36,697][numexpr.utils][INFO] - NumExpr defaulting to 8 threads.
[2024-09-19 12:00:38,855][flwr][INFO] - Starting Flower simulation, config: ServerConfig(num_rounds=10, round_timeout=None)
[2024-09-19 12:00:47,178][flwr][INFO] - Flower VCE: Ray initialized with resources: {'object_store_memory': 682932633.0, 'CPU': 8.0, 'node:127.0.0.1': 1.0, 'memory': 1365865268.0, 'node:__internal_head__': 1.0}
[2024-09-19 12:00:47,179][flwr][INFO] - Initializing global parameters
[2024-09-19 12:00:47,180][flwr][INFO] - Requesting initial parameters from one random client
[2024-09-19 12:00:50,777][flwr][INFO] - Received initial parameters from one random client
[2024-09-19 12:00:50,778][flwr][INFO] - Evaluating initial parameters
[2024-09-19 12:00:50,817][flwr][INFO] - initial parameters (loss, other metrics): 9.122154744466146, {'global accuracy': 0.43833333333333335}
[2024-09-19 12:00:50,818][flwr][INFO] - FL starting
[2024-09-19 12:00:50,819][flwr][DEBUG] - fit_round 1: strategy sampled 2 clients (out of 2)
[2024-09-19 12:00:50,862][flwr][ERROR] - [36mray::launch_and_fit()[39m (pid=16436, ip=127.0.0.1)
  File "python\ray\_raylet.pyx", line 1896, in ray._raylet.execute_task
  File "C:\Users\PC\anaconda3\envs\flower\Lib\site-packages\flwr\simulation\ray_transport\ray_client_proxy.py", line 148, in launch_and_fit
    return maybe_call_fit(
           ^^^^^^^^^^^^^^^
  File "C:\Users\PC\anaconda3\envs\flower\Lib\site-packages\flwr\client\client.py", line 184, in maybe_call_fit
    return client.fit(fit_ins)
           ^^^^^^^^^^^^^^^^^^^
  File "C:\Users\PC\anaconda3\envs\flower\Lib\site-packages\flwr\client\app.py", line 297, in _fit
    results = self.numpy_client.fit(parameters, ins.config)  # type: ignore
              ^^^^^^^^^^^^^^^^^^^^^^^^^^^^^^^^^^^^^^^^^^^^^
  File "C:\Users\PC\VscodeProjects\Tesi-Francesco\clients\client_scaffold.py", line 50, in fit
    self.set_parameters(parameters)
  File "C:\Users\PC\VscodeProjects\Tesi-Francesco\clients\client_scaffold.py", line 40, in set_parameters
    self.model.load_state_dict(state_dict, strict=True)
  File "C:\Users\PC\anaconda3\envs\flower\Lib\site-packages\torch\nn\modules\module.py", line 2215, in load_state_dict
    raise RuntimeError('Error(s) in loading state_dict for {}:\n\t{}'.format(
RuntimeError: Error(s) in loading state_dict for BinaryNet:
	Missing key(s) in state_dict: "fc2.bias", "fc3.weight", "fc3.bias".
[2024-09-19 12:00:54,396][flwr][ERROR] - [36mray::launch_and_fit()[39m (pid=13184, ip=127.0.0.1)
  File "python\ray\_raylet.pyx", line 1896, in ray._raylet.execute_task
  File "C:\Users\PC\anaconda3\envs\flower\Lib\site-packages\flwr\simulation\ray_transport\ray_client_proxy.py", line 148, in launch_and_fit
    return maybe_call_fit(
           ^^^^^^^^^^^^^^^
  File "C:\Users\PC\anaconda3\envs\flower\Lib\site-packages\flwr\client\client.py", line 184, in maybe_call_fit
    return client.fit(fit_ins)
           ^^^^^^^^^^^^^^^^^^^
  File "C:\Users\PC\anaconda3\envs\flower\Lib\site-packages\flwr\client\app.py", line 297, in _fit
    results = self.numpy_client.fit(parameters, ins.config)  # type: ignore
              ^^^^^^^^^^^^^^^^^^^^^^^^^^^^^^^^^^^^^^^^^^^^^
  File "C:\Users\PC\VscodeProjects\Tesi-Francesco\clients\client_scaffold.py", line 50, in fit
    self.set_parameters(parameters)
  File "C:\Users\PC\VscodeProjects\Tesi-Francesco\clients\client_scaffold.py", line 40, in set_parameters
    self.model.load_state_dict(state_dict, strict=True)
  File "C:\Users\PC\anaconda3\envs\flower\Lib\site-packages\torch\nn\modules\module.py", line 2215, in load_state_dict
    raise RuntimeError('Error(s) in loading state_dict for {}:\n\t{}'.format(
RuntimeError: Error(s) in loading state_dict for BinaryNet:
	Missing key(s) in state_dict: "fc2.bias", "fc3.weight", "fc3.bias".
[2024-09-19 12:00:54,413][flwr][DEBUG] - fit_round 1 received 0 results and 2 failures
[2024-09-19 12:00:54,446][flwr][INFO] - fit progress: (1, 9.122154744466146, {'global accuracy': 0.43833333333333335}, 3.627447500010021)
[2024-09-19 12:00:54,447][flwr][DEBUG] - evaluate_round 1: strategy sampled 2 clients (out of 2)
[2024-09-19 12:01:03,898][flwr][DEBUG] - evaluate_round 1 received 2 results and 0 failures
