[2024-09-11 16:12:32,321][flwr][INFO] - Starting Flower simulation, config: ServerConfig(num_rounds=10, round_timeout=None)
[2024-09-11 16:12:47,346][flwr][INFO] - Flower VCE: Ray initialized with resources: {'CPU': 8.0, 'node:127.0.0.1': 1.0, 'object_store_memory': 180466483.0, 'memory': 360932967.0, 'node:__internal_head__': 1.0}
[2024-09-11 16:12:47,348][flwr][INFO] - Initializing global parameters
[2024-09-11 16:12:47,349][flwr][INFO] - Requesting initial parameters from one random client
[2024-09-11 16:12:55,010][flwr][ERROR] - [36mray::launch_and_get_parameters()[39m (pid=11476, ip=127.0.0.1)
  File "python\ray\_raylet.pyx", line 1843, in ray._raylet.execute_task
  File "python\ray\_raylet.pyx", line 1877, in ray._raylet.execute_task
  File "python\ray\_raylet.pyx", line 978, in ray._raylet.raise_if_dependency_failed
ray.exceptions.RaySystemError: System error: No module named 'client'
traceback: Traceback (most recent call last):
  File "C:\Users\Francesco\miniconda3\envs\flower\Lib\site-packages\ray\_private\serialization.py", line 423, in deserialize_objects
    obj = self._deserialize_object(data, metadata, object_ref)
          ^^^^^^^^^^^^^^^^^^^^^^^^^^^^^^^^^^^^^^^^^^^^^^^^^^^^
  File "C:\Users\Francesco\miniconda3\envs\flower\Lib\site-packages\ray\_private\serialization.py", line 280, in _deserialize_object
    return self._deserialize_msgpack_data(data, metadata_fields)
           ^^^^^^^^^^^^^^^^^^^^^^^^^^^^^^^^^^^^^^^^^^^^^^^^^^^^^
  File "C:\Users\Francesco\miniconda3\envs\flower\Lib\site-packages\ray\_private\serialization.py", line 235, in _deserialize_msgpack_data
    python_objects = self._deserialize_pickle5_data(pickle5_data)
                     ^^^^^^^^^^^^^^^^^^^^^^^^^^^^^^^^^^^^^^^^^^^^
  File "C:\Users\Francesco\miniconda3\envs\flower\Lib\site-packages\ray\_private\serialization.py", line 223, in _deserialize_pickle5_data
    obj = pickle.loads(in_band, buffers=buffers)
          ^^^^^^^^^^^^^^^^^^^^^^^^^^^^^^^^^^^^^^
ModuleNotFoundError: No module named 'client'
