[2024-10-03 16:40:05,866][flwr][WARNING] - Both server and strategy were provided, ignoring strategy
[2024-10-03 16:40:05,866][flwr][INFO] - Starting Flower simulation, config: ServerConfig(num_rounds=10, round_timeout=None)
[2024-10-03 16:40:14,713][flwr][INFO] - Flower VCE: Ray initialized with resources: {'CPU': 12.0, 'node:__internal_head__': 1.0, 'object_store_memory': 892734259.0, 'memory': 1785468519.0, 'node:127.0.0.1': 1.0}
[2024-10-03 16:40:14,714][flwr][INFO] - Initializing global parameters
[2024-10-03 16:40:14,714][flwr][INFO] - Requesting initial parameters from one random client
[2024-10-03 16:40:18,672][flwr][INFO] - Received initial parameters from one random client
[2024-10-03 16:40:18,672][flwr][INFO] - Evaluating initial parameters
[2024-10-03 16:40:18,726][flwr][INFO] - initial parameters (loss, other metrics): 0.005768102606137594, {'accuracy': 0.5066666666666667, 'f1-score': 0.41732283464566927}
[2024-10-03 16:40:18,726][flwr][INFO] - FL starting
[2024-10-03 16:40:18,728][flwr][DEBUG] - fit_round 1: strategy sampled 4 clients (out of 4)
[2024-10-03 16:40:33,149][flwr][DEBUG] - fit_round 1 received 4 results and 0 failures
[2024-10-03 16:40:33,154][flwr][WARNING] - No fit_metrics_aggregation_fn provided
[2024-10-03 16:40:33,193][flwr][INFO] - fit progress: (1, 0.0053589858280287846, {'accuracy': 0.5616666666666666, 'f1-score': 0.7193169690501601}, 14.46562830000039)
[2024-10-03 16:40:33,194][flwr][INFO] - evaluate_round 1: no clients selected, cancel
[2024-10-03 16:40:33,194][flwr][DEBUG] - fit_round 2: strategy sampled 4 clients (out of 4)
[2024-10-03 16:40:46,466][flwr][DEBUG] - fit_round 2 received 4 results and 0 failures
[2024-10-03 16:40:46,507][flwr][INFO] - fit progress: (2, 0.0040956291225221425, {'accuracy': 0.78, 'f1-score': 0.8291630716134599}, 27.783273900000495)
[2024-10-03 16:40:46,507][flwr][INFO] - evaluate_round 2: no clients selected, cancel
[2024-10-03 16:40:46,507][flwr][DEBUG] - fit_round 3: strategy sampled 4 clients (out of 4)
[2024-10-03 16:41:00,214][flwr][DEBUG] - fit_round 3 received 4 results and 0 failures
[2024-10-03 16:41:00,245][flwr][INFO] - fit progress: (3, 0.0034113703668117524, {'accuracy': 0.8038888888888889, 'f1-score': 0.8354312354312354}, 41.52698280000004)
[2024-10-03 16:41:00,245][flwr][INFO] - evaluate_round 3: no clients selected, cancel
[2024-10-03 16:41:00,245][flwr][DEBUG] - fit_round 4: strategy sampled 4 clients (out of 4)
[2024-10-03 16:41:14,506][flwr][DEBUG] - fit_round 4 received 4 results and 0 failures
[2024-10-03 16:41:14,534][flwr][INFO] - fit progress: (4, 0.0033131281038125356, {'accuracy': 0.8144444444444444, 'f1-score': 0.8404966571155683}, 55.82100770000034)
[2024-10-03 16:41:14,549][flwr][INFO] - evaluate_round 4: no clients selected, cancel
[2024-10-03 16:41:14,549][flwr][DEBUG] - fit_round 5: strategy sampled 4 clients (out of 4)
[2024-10-03 16:41:28,733][flwr][DEBUG] - fit_round 5 received 4 results and 0 failures
[2024-10-03 16:41:28,767][flwr][INFO] - fit progress: (5, 0.003268112474017673, {'accuracy': 0.8233333333333334, 'f1-score': 0.8478468899521531}, 70.05095839999922)
[2024-10-03 16:41:28,767][flwr][INFO] - evaluate_round 5: no clients selected, cancel
[2024-10-03 16:41:28,767][flwr][DEBUG] - fit_round 6: strategy sampled 4 clients (out of 4)
[2024-10-03 16:41:43,651][flwr][DEBUG] - fit_round 6 received 4 results and 0 failures
[2024-10-03 16:41:43,694][flwr][INFO] - fit progress: (6, 0.0031653418805864123, {'accuracy': 0.8322222222222222, 'f1-score': 0.8559160305343512}, 84.97097980000035)
[2024-10-03 16:41:43,694][flwr][INFO] - evaluate_round 6: no clients selected, cancel
[2024-10-03 16:41:43,694][flwr][DEBUG] - fit_round 7: strategy sampled 4 clients (out of 4)
[2024-10-03 16:41:58,625][flwr][DEBUG] - fit_round 7 received 4 results and 0 failures
[2024-10-03 16:41:58,661][flwr][INFO] - fit progress: (7, 0.0030603159798516166, {'accuracy': 0.8438888888888889, 'f1-score': 0.8647087144920559}, 99.93810080000003)
[2024-10-03 16:41:58,661][flwr][INFO] - evaluate_round 7: no clients selected, cancel
[2024-10-03 16:41:58,661][flwr][DEBUG] - fit_round 8: strategy sampled 4 clients (out of 4)
[2024-10-03 16:42:13,979][flwr][DEBUG] - fit_round 8 received 4 results and 0 failures
[2024-10-03 16:42:14,030][flwr][INFO] - fit progress: (8, 0.002978384229871962, {'accuracy': 0.8544444444444445, 'f1-score': 0.8729388942774006}, 115.31470619999891)
[2024-10-03 16:42:14,044][flwr][INFO] - evaluate_round 8: no clients selected, cancel
[2024-10-03 16:42:14,044][flwr][DEBUG] - fit_round 9: strategy sampled 4 clients (out of 4)
[2024-10-03 16:42:29,609][flwr][DEBUG] - fit_round 9 received 4 results and 0 failures
[2024-10-03 16:42:29,651][flwr][INFO] - fit progress: (9, 0.0029225463502936893, {'accuracy': 0.8594444444444445, 'f1-score': 0.8776003870343493}, 130.92570410000008)
[2024-10-03 16:42:29,651][flwr][INFO] - evaluate_round 9: no clients selected, cancel
[2024-10-03 16:42:29,655][flwr][DEBUG] - fit_round 10: strategy sampled 4 clients (out of 4)
[2024-10-03 16:42:43,908][flwr][DEBUG] - fit_round 10 received 4 results and 0 failures
[2024-10-03 16:42:43,943][flwr][INFO] - fit progress: (10, 0.002915458099709617, {'accuracy': 0.8577777777777778, 'f1-score': 0.8779790276453765}, 145.21838149999894)
[2024-10-03 16:42:43,943][flwr][INFO] - evaluate_round 10: no clients selected, cancel
[2024-10-03 16:42:43,943][flwr][INFO] - FL finished in 145.21972449999885
[2024-10-03 16:42:43,948][flwr][INFO] - app_fit: losses_distributed []
[2024-10-03 16:42:43,949][flwr][INFO] - app_fit: metrics_distributed_fit {}
[2024-10-03 16:42:43,949][flwr][INFO] - app_fit: metrics_distributed {}
[2024-10-03 16:42:43,949][flwr][INFO] - app_fit: losses_centralized [(0, 0.005768102606137594), (1, 0.0053589858280287846), (2, 0.0040956291225221425), (3, 0.0034113703668117524), (4, 0.0033131281038125356), (5, 0.003268112474017673), (6, 0.0031653418805864123), (7, 0.0030603159798516166), (8, 0.002978384229871962), (9, 0.0029225463502936893), (10, 0.002915458099709617)]
[2024-10-03 16:42:43,949][flwr][INFO] - app_fit: metrics_centralized {'accuracy': [(0, 0.5066666666666667), (1, 0.5616666666666666), (2, 0.78), (3, 0.8038888888888889), (4, 0.8144444444444444), (5, 0.8233333333333334), (6, 0.8322222222222222), (7, 0.8438888888888889), (8, 0.8544444444444445), (9, 0.8594444444444445), (10, 0.8577777777777778)], 'f1-score': [(0, 0.41732283464566927), (1, 0.7193169690501601), (2, 0.8291630716134599), (3, 0.8354312354312354), (4, 0.8404966571155683), (5, 0.8478468899521531), (6, 0.8559160305343512), (7, 0.8647087144920559), (8, 0.8729388942774006), (9, 0.8776003870343493), (10, 0.8779790276453765)]}
