[2024-11-09 18:36:24,588][flwr][WARNING] - Both server and strategy were provided, ignoring strategy
[2024-11-09 18:36:24,588][flwr][INFO] - Starting Flower simulation, config: num_rounds=2, no round_timeout
[2024-11-09 18:36:33,439][flwr][INFO] - Flower VCE: Ray initialized with resources: {'CPU': 8.0, 'node:__internal_head__': 1.0, 'node:127.0.0.1': 1.0, 'memory': 1013528987.0, 'object_store_memory': 506764492.0}
[2024-11-09 18:36:33,439][flwr][INFO] - Optimize your simulation with Flower VCE: https://flower.ai/docs/framework/how-to-run-simulations.html
[2024-11-09 18:36:33,439][flwr][INFO] - Flower VCE: Resources for each Virtual Client: {'num_cpus': 4, 'num_gpus': 0.0}
[2024-11-09 18:36:33,475][flwr][INFO] - Flower VCE: Creating VirtualClientEngineActorPool with 2 actors
[2024-11-09 18:36:33,477][flwr][INFO] - [INIT]
[2024-11-09 18:36:33,479][flwr][INFO] - Requesting initial parameters from one random client
[2024-11-09 18:36:39,158][flwr][INFO] - Received initial parameters from one random client
[2024-11-09 18:36:39,159][flwr][INFO] - Starting evaluation of initial global parameters
[2024-11-09 18:36:39,209][flwr][INFO] - initial parameters (loss, other metrics): 0.6964231225160452, {'accuracy': 0.4906832298136646, 'f1-score': 0.3230331262939959}
[2024-11-09 18:36:39,210][flwr][INFO] - 
[2024-11-09 18:36:39,210][flwr][INFO] - [ROUND 1]
[2024-11-09 18:36:39,210][flwr][INFO] - configure_fit: strategy sampled 2 clients (out of 2)
[2024-11-09 18:36:54,280][flwr][INFO] - aggregate_fit: received 2 results and 0 failures
[2024-11-09 18:36:54,280][flwr][WARNING] - No fit_metrics_aggregation_fn provided
[2024-11-09 18:36:54,328][flwr][INFO] - fit progress: (1, 0.6850106280583602, {'accuracy': 0.4906832298136646, 'f1-score': 0.3230331262939959}, 15.128449399999226)
[2024-11-09 18:36:54,328][flwr][INFO] - configure_evaluate: no clients selected, skipping evaluation
[2024-11-09 18:36:54,328][flwr][INFO] - 
[2024-11-09 18:36:54,342][flwr][INFO] - [ROUND 2]
[2024-11-09 18:36:54,343][flwr][INFO] - configure_fit: strategy sampled 2 clients (out of 2)
[2024-11-09 18:37:04,811][flwr][INFO] - aggregate_fit: received 2 results and 0 failures
[2024-11-09 18:37:04,867][flwr][INFO] - fit progress: (2, 0.6713301264322721, {'accuracy': 0.4906832298136646, 'f1-score': 0.3230331262939959}, 25.655934200000047)
[2024-11-09 18:37:04,869][flwr][INFO] - configure_evaluate: no clients selected, skipping evaluation
[2024-11-09 18:37:04,869][flwr][INFO] - 
[2024-11-09 18:37:04,870][flwr][INFO] - [SUMMARY]
[2024-11-09 18:37:04,870][flwr][INFO] - Run finished 2 round(s) in 25.66s
[2024-11-09 18:37:04,870][flwr][INFO] - 	History (loss, centralized):
[2024-11-09 18:37:04,870][flwr][INFO] - 		round 0: 0.6964231225160452
[2024-11-09 18:37:04,870][flwr][INFO] - 		round 1: 0.6850106280583602
[2024-11-09 18:37:04,874][flwr][INFO] - 		round 2: 0.6713301264322721
[2024-11-09 18:37:04,875][flwr][INFO] - 	History (metrics, centralized):
[2024-11-09 18:37:04,875][flwr][INFO] - 	{'accuracy': [(0, 0.4906832298136646),
[2024-11-09 18:37:04,876][flwr][INFO] - 	              (1, 0.4906832298136646),
[2024-11-09 18:37:04,876][flwr][INFO] - 	              (2, 0.4906832298136646)],
[2024-11-09 18:37:04,877][flwr][INFO] - 	 'f1-score': [(0, 0.3230331262939959),
[2024-11-09 18:37:04,877][flwr][INFO] - 	              (1, 0.3230331262939959),
[2024-11-09 18:37:04,878][flwr][INFO] - 	              (2, 0.3230331262939959)]}
[2024-11-09 18:37:04,878][flwr][INFO] - 
