[2024-09-30 17:58:05,472][flwr][WARNING] - Both server and strategy were provided, ignoring strategy
[2024-09-30 17:58:05,483][flwr][INFO] - Starting Flower simulation, config: ServerConfig(num_rounds=50, round_timeout=None)
[2024-09-30 17:58:15,187][flwr][INFO] - Flower VCE: Ray initialized with resources: {'CPU': 12.0, 'node:__internal_head__': 1.0, 'memory': 1084789556.0, 'node:127.0.0.1': 1.0, 'object_store_memory': 542394777.0}
[2024-09-30 17:58:15,187][flwr][INFO] - Initializing global parameters
[2024-09-30 17:58:15,189][flwr][INFO] - Requesting initial parameters from one random client
[2024-09-30 17:58:19,360][flwr][INFO] - Received initial parameters from one random client
[2024-09-30 17:58:19,361][flwr][INFO] - Evaluating initial parameters
[2024-09-30 17:58:19,409][flwr][INFO] - initial parameters (loss, other metrics): 0.00601107441716724, {'accuracy': 0.43833333333333335, 'f1-score': 0.0}
[2024-09-30 17:58:19,409][flwr][INFO] - FL starting
[2024-09-30 17:58:19,410][flwr][DEBUG] - fit_round 1: strategy sampled 2 clients (out of 100)
[2024-09-30 17:59:25,722][flwr][DEBUG] - fit_round 1 received 2 results and 0 failures
[2024-09-30 17:59:25,735][flwr][WARNING] - No fit_metrics_aggregation_fn provided
[2024-09-30 17:59:25,766][flwr][INFO] - fit progress: (1, 0.0057954623632960845, {'accuracy': 0.43833333333333335, 'f1-score': 0.0}, 66.36414670000158)
[2024-09-30 17:59:25,775][flwr][INFO] - evaluate_round 1: no clients selected, cancel
[2024-09-30 17:59:25,776][flwr][DEBUG] - fit_round 2: strategy sampled 2 clients (out of 100)
[2024-09-30 18:00:28,558][flwr][DEBUG] - fit_round 2 received 2 results and 0 failures
[2024-09-30 18:00:28,599][flwr][INFO] - fit progress: (2, 0.005387855966885884, {'accuracy': 0.6594444444444445, 'f1-score': 0.761199844176081}, 129.19494940000004)
[2024-09-30 18:00:28,599][flwr][INFO] - evaluate_round 2: no clients selected, cancel
[2024-09-30 18:00:28,599][flwr][DEBUG] - fit_round 3: strategy sampled 2 clients (out of 100)
[2024-09-30 18:01:37,944][flwr][DEBUG] - fit_round 3 received 2 results and 0 failures
[2024-09-30 18:01:37,988][flwr][INFO] - fit progress: (3, 0.005236356490188175, {'accuracy': 0.5638888888888889, 'f1-score': 0.7203420021375133}, 198.57842729999902)
[2024-09-30 18:01:37,990][flwr][INFO] - evaluate_round 3: no clients selected, cancel
[2024-09-30 18:01:37,990][flwr][DEBUG] - fit_round 4: strategy sampled 2 clients (out of 100)
[2024-09-30 18:02:51,101][flwr][DEBUG] - fit_round 4 received 2 results and 0 failures
[2024-09-30 18:02:51,138][flwr][INFO] - fit progress: (4, 0.004519180158774058, {'accuracy': 0.7472222222222222, 'f1-score': 0.8108108108108109}, 271.7409340999984)
[2024-09-30 18:02:51,152][flwr][INFO] - evaluate_round 4: no clients selected, cancel
[2024-09-30 18:02:51,152][flwr][DEBUG] - fit_round 5: strategy sampled 2 clients (out of 100)
[2024-09-30 18:04:04,457][flwr][DEBUG] - fit_round 5 received 2 results and 0 failures
[2024-09-30 18:04:04,503][flwr][INFO] - fit progress: (5, 0.003888506491978963, {'accuracy': 0.8294444444444444, 'f1-score': 0.8562060889929742}, 345.1046134999997)
[2024-09-30 18:04:04,503][flwr][INFO] - evaluate_round 5: no clients selected, cancel
[2024-09-30 18:04:04,503][flwr][DEBUG] - fit_round 6: strategy sampled 2 clients (out of 100)
[2024-09-30 18:05:17,926][flwr][DEBUG] - fit_round 6 received 2 results and 0 failures
[2024-09-30 18:05:17,970][flwr][INFO] - fit progress: (6, 0.0033110748396979438, {'accuracy': 0.8405555555555555, 'f1-score': 0.8572849328692193}, 418.5603164999993)
[2024-09-30 18:05:17,972][flwr][INFO] - evaluate_round 6: no clients selected, cancel
[2024-09-30 18:05:17,972][flwr][DEBUG] - fit_round 7: strategy sampled 2 clients (out of 100)
[2024-09-30 18:06:31,277][flwr][DEBUG] - fit_round 7 received 2 results and 0 failures
[2024-09-30 18:06:31,322][flwr][INFO] - fit progress: (7, 0.003146722333298789, {'accuracy': 0.8433333333333334, 'f1-score': 0.8631067961165049}, 491.92257170000084)
[2024-09-30 18:06:31,322][flwr][INFO] - evaluate_round 7: no clients selected, cancel
[2024-09-30 18:06:31,322][flwr][DEBUG] - fit_round 8: strategy sampled 2 clients (out of 100)
[2024-09-30 18:07:44,506][flwr][DEBUG] - fit_round 8 received 2 results and 0 failures
[2024-09-30 18:07:44,553][flwr][INFO] - fit progress: (8, 0.003022483040889104, {'accuracy': 0.8477777777777777, 'f1-score': 0.865686274509804}, 565.1429191999996)
[2024-09-30 18:07:44,554][flwr][INFO] - evaluate_round 8: no clients selected, cancel
[2024-09-30 18:07:44,555][flwr][DEBUG] - fit_round 9: strategy sampled 2 clients (out of 100)
[2024-09-30 18:08:55,178][flwr][DEBUG] - fit_round 9 received 2 results and 0 failures
[2024-09-30 18:08:55,220][flwr][INFO] - fit progress: (9, 0.0031573133005036247, {'accuracy': 0.8461111111111111, 'f1-score': 0.8650754992693619}, 635.811999900001)
[2024-09-30 18:08:55,220][flwr][INFO] - evaluate_round 9: no clients selected, cancel
[2024-09-30 18:08:55,220][flwr][DEBUG] - fit_round 10: strategy sampled 2 clients (out of 100)
[2024-09-30 18:10:04,862][flwr][DEBUG] - fit_round 10 received 2 results and 0 failures
[2024-09-30 18:10:04,895][flwr][INFO] - fit progress: (10, 0.0031796416971418594, {'accuracy': 0.8505555555555555, 'f1-score': 0.8698597000483793}, 705.4957528000014)
[2024-09-30 18:10:04,895][flwr][INFO] - evaluate_round 10: no clients selected, cancel
[2024-09-30 18:10:04,895][flwr][DEBUG] - fit_round 11: strategy sampled 2 clients (out of 100)
[2024-09-30 18:11:14,723][flwr][DEBUG] - fit_round 11 received 2 results and 0 failures
[2024-09-30 18:11:14,752][flwr][INFO] - fit progress: (11, 0.003176670132411851, {'accuracy': 0.8377777777777777, 'f1-score': 0.8428417653390743}, 775.3555890999996)
[2024-09-30 18:11:14,752][flwr][INFO] - evaluate_round 11: no clients selected, cancel
[2024-09-30 18:11:14,752][flwr][DEBUG] - fit_round 12: strategy sampled 2 clients (out of 100)
[2024-09-30 18:12:23,253][flwr][DEBUG] - fit_round 12 received 2 results and 0 failures
[2024-09-30 18:12:23,296][flwr][INFO] - fit progress: (12, 0.0032443051205741035, {'accuracy': 0.8533333333333334, 'f1-score': 0.8775510204081632}, 843.8860707999993)
[2024-09-30 18:12:23,297][flwr][INFO] - evaluate_round 12: no clients selected, cancel
[2024-09-30 18:12:23,297][flwr][DEBUG] - fit_round 13: strategy sampled 2 clients (out of 100)
[2024-09-30 18:13:31,520][flwr][DEBUG] - fit_round 13 received 2 results and 0 failures
[2024-09-30 18:13:31,552][flwr][INFO] - fit progress: (13, 0.00302378859784868, {'accuracy': 0.8644444444444445, 'f1-score': 0.8820116054158608}, 912.1532116999988)
[2024-09-30 18:13:31,565][flwr][INFO] - evaluate_round 13: no clients selected, cancel
[2024-09-30 18:13:31,566][flwr][DEBUG] - fit_round 14: strategy sampled 2 clients (out of 100)
[2024-09-30 18:14:39,619][flwr][DEBUG] - fit_round 14 received 2 results and 0 failures
[2024-09-30 18:14:39,658][flwr][INFO] - fit progress: (14, 0.0029279597517516878, {'accuracy': 0.8766666666666667, 'f1-score': 0.8913894324853229}, 980.2483533999985)
[2024-09-30 18:14:39,660][flwr][INFO] - evaluate_round 14: no clients selected, cancel
[2024-09-30 18:14:39,660][flwr][DEBUG] - fit_round 15: strategy sampled 2 clients (out of 100)
[2024-09-30 18:15:49,947][flwr][DEBUG] - fit_round 15 received 2 results and 0 failures
[2024-09-30 18:15:50,014][flwr][INFO] - fit progress: (15, 0.003016588017344475, {'accuracy': 0.8627777777777778, 'f1-score': 0.8720870015535992}, 1050.6045864000007)
[2024-09-30 18:15:50,015][flwr][INFO] - evaluate_round 15: no clients selected, cancel
[2024-09-30 18:15:50,016][flwr][DEBUG] - fit_round 16: strategy sampled 2 clients (out of 100)
[2024-09-30 18:16:58,464][flwr][DEBUG] - fit_round 16 received 2 results and 0 failures
[2024-09-30 18:16:58,506][flwr][INFO] - fit progress: (16, 0.0029737096942133376, {'accuracy': 0.8633333333333333, 'f1-score': 0.8747454175152749}, 1119.1001752999982)
[2024-09-30 18:16:58,506][flwr][INFO] - evaluate_round 16: no clients selected, cancel
[2024-09-30 18:16:58,506][flwr][DEBUG] - fit_round 17: strategy sampled 2 clients (out of 100)
[2024-09-30 18:18:07,159][flwr][DEBUG] - fit_round 17 received 2 results and 0 failures
[2024-09-30 18:18:07,195][flwr][INFO] - fit progress: (17, 0.0027689259664879905, {'accuracy': 0.865, 'f1-score': 0.880354505169867}, 1187.7927971999998)
[2024-09-30 18:18:07,210][flwr][INFO] - evaluate_round 17: no clients selected, cancel
[2024-09-30 18:18:07,210][flwr][DEBUG] - fit_round 18: strategy sampled 2 clients (out of 100)
[2024-09-30 18:19:15,378][flwr][DEBUG] - fit_round 18 received 2 results and 0 failures
[2024-09-30 18:19:15,416][flwr][INFO] - fit progress: (18, 0.0032782964905103047, {'accuracy': 0.8594444444444445, 'f1-score': 0.883248730964467}, 1256.008417500001)
[2024-09-30 18:19:15,416][flwr][INFO] - evaluate_round 18: no clients selected, cancel
[2024-09-30 18:19:15,416][flwr][DEBUG] - fit_round 19: strategy sampled 2 clients (out of 100)
[2024-09-30 18:20:23,227][flwr][DEBUG] - fit_round 19 received 2 results and 0 failures
[2024-09-30 18:20:23,268][flwr][INFO] - fit progress: (19, 0.003061925537056393, {'accuracy': 0.8644444444444445, 'f1-score': 0.8821256038647343}, 1323.8584918999986)
[2024-09-30 18:20:23,270][flwr][INFO] - evaluate_round 19: no clients selected, cancel
[2024-09-30 18:20:23,271][flwr][DEBUG] - fit_round 20: strategy sampled 2 clients (out of 100)
[2024-09-30 18:21:31,282][flwr][DEBUG] - fit_round 20 received 2 results and 0 failures
[2024-09-30 18:21:31,322][flwr][INFO] - fit progress: (20, 0.002733440597852071, {'accuracy': 0.8883333333333333, 'f1-score': 0.8979177247333672}, 1391.9139452999989)
[2024-09-30 18:21:31,322][flwr][INFO] - evaluate_round 20: no clients selected, cancel
[2024-09-30 18:21:31,322][flwr][DEBUG] - fit_round 21: strategy sampled 2 clients (out of 100)
[2024-09-30 18:22:39,310][flwr][DEBUG] - fit_round 21 received 2 results and 0 failures
[2024-09-30 18:22:39,357][flwr][INFO] - fit progress: (21, 0.002833636518981722, {'accuracy': 0.8833333333333333, 'f1-score': 0.8967551622418879}, 1459.953308600001)
[2024-09-30 18:22:39,357][flwr][INFO] - evaluate_round 21: no clients selected, cancel
[2024-09-30 18:22:39,365][flwr][DEBUG] - fit_round 22: strategy sampled 2 clients (out of 100)
[2024-09-30 18:23:47,697][flwr][DEBUG] - fit_round 22 received 2 results and 0 failures
[2024-09-30 18:23:47,736][flwr][INFO] - fit progress: (22, 0.002967414740059111, {'accuracy': 0.8677777777777778, 'f1-score': 0.8875236294896031}, 1528.325868)
[2024-09-30 18:23:47,737][flwr][INFO] - evaluate_round 22: no clients selected, cancel
[2024-09-30 18:23:47,737][flwr][DEBUG] - fit_round 23: strategy sampled 2 clients (out of 100)
[2024-09-30 18:24:55,575][flwr][DEBUG] - fit_round 23 received 2 results and 0 failures
[2024-09-30 18:24:55,609][flwr][INFO] - fit progress: (23, 0.0029850247750679653, {'accuracy': 0.8683333333333333, 'f1-score': 0.886221795487278}, 1596.2115650999986)
[2024-09-30 18:24:55,623][flwr][INFO] - evaluate_round 23: no clients selected, cancel
[2024-09-30 18:24:55,624][flwr][DEBUG] - fit_round 24: strategy sampled 2 clients (out of 100)
[2024-09-30 18:26:03,805][flwr][DEBUG] - fit_round 24 received 2 results and 0 failures
[2024-09-30 18:26:03,845][flwr][INFO] - fit progress: (24, 0.0033302446537547643, {'accuracy': 0.8527777777777777, 'f1-score': 0.8788294467306813}, 1664.4349102999986)
[2024-09-30 18:26:03,846][flwr][INFO] - evaluate_round 24: no clients selected, cancel
[2024-09-30 18:26:03,846][flwr][DEBUG] - fit_round 25: strategy sampled 2 clients (out of 100)
[2024-09-30 18:27:11,915][flwr][DEBUG] - fit_round 25 received 2 results and 0 failures
[2024-09-30 18:27:11,955][flwr][INFO] - fit progress: (25, 0.0030135253071784975, {'accuracy': 0.8544444444444445, 'f1-score': 0.8583783783783784}, 1732.5448690000012)
[2024-09-30 18:27:11,955][flwr][INFO] - evaluate_round 25: no clients selected, cancel
[2024-09-30 18:27:11,957][flwr][DEBUG] - fit_round 26: strategy sampled 2 clients (out of 100)
[2024-09-30 18:28:20,252][flwr][DEBUG] - fit_round 26 received 2 results and 0 failures
[2024-09-30 18:28:20,289][flwr][INFO] - fit progress: (26, 0.00270270221763187, {'accuracy': 0.8872222222222222, 'f1-score': 0.8956298200514139}, 1800.886312300001)
[2024-09-30 18:28:20,298][flwr][INFO] - evaluate_round 26: no clients selected, cancel
[2024-09-30 18:28:20,298][flwr][DEBUG] - fit_round 27: strategy sampled 2 clients (out of 100)
[2024-09-30 18:29:28,164][flwr][DEBUG] - fit_round 27 received 2 results and 0 failures
[2024-09-30 18:29:28,205][flwr][INFO] - fit progress: (27, 0.0034978053304884167, {'accuracy': 0.8255555555555556, 'f1-score': 0.8616740088105727}, 1868.7948041000018)
[2024-09-30 18:29:28,205][flwr][INFO] - evaluate_round 27: no clients selected, cancel
[2024-09-30 18:29:28,206][flwr][DEBUG] - fit_round 28: strategy sampled 2 clients (out of 100)
[2024-09-30 18:32:29,888][flwr][DEBUG] - fit_round 28 received 2 results and 0 failures
[2024-09-30 18:32:29,939][flwr][INFO] - fit progress: (28, 0.002688549260298411, {'accuracy': 0.8877777777777778, 'f1-score': 0.8968335035750766}, 2050.5288622000007)
[2024-09-30 18:32:29,939][flwr][INFO] - evaluate_round 28: no clients selected, cancel
[2024-09-30 18:32:29,939][flwr][DEBUG] - fit_round 29: strategy sampled 2 clients (out of 100)
[2024-09-30 18:33:31,982][flwr][DEBUG] - fit_round 29 received 2 results and 0 failures
[2024-09-30 18:33:32,020][flwr][INFO] - fit progress: (29, 0.002619215084446801, {'accuracy': 0.8972222222222223, 'f1-score': 0.9090909090909091}, 2112.6105045000004)
[2024-09-30 18:33:32,020][flwr][INFO] - evaluate_round 29: no clients selected, cancel
[2024-09-30 18:33:32,020][flwr][DEBUG] - fit_round 30: strategy sampled 2 clients (out of 100)
[2024-09-30 18:34:33,204][flwr][DEBUG] - fit_round 30 received 2 results and 0 failures
[2024-09-30 18:34:33,249][flwr][INFO] - fit progress: (30, 0.0026929969257778593, {'accuracy': 0.8983333333333333, 'f1-score': 0.9118921521425133}, 2173.8388712000014)
[2024-09-30 18:34:33,250][flwr][INFO] - evaluate_round 30: no clients selected, cancel
[2024-09-30 18:34:33,251][flwr][DEBUG] - fit_round 31: strategy sampled 2 clients (out of 100)
[2024-09-30 18:35:38,644][flwr][DEBUG] - fit_round 31 received 2 results and 0 failures
[2024-09-30 18:35:38,679][flwr][INFO] - fit progress: (31, 0.0027090440028243595, {'accuracy': 0.8983333333333333, 'f1-score': 0.9060092449922958}, 2239.268764299999)
[2024-09-30 18:35:38,680][flwr][INFO] - evaluate_round 31: no clients selected, cancel
[2024-09-30 18:35:38,681][flwr][DEBUG] - fit_round 32: strategy sampled 2 clients (out of 100)
[2024-09-30 18:36:42,973][flwr][DEBUG] - fit_round 32 received 2 results and 0 failures
[2024-09-30 18:36:43,006][flwr][INFO] - fit progress: (32, 0.0031852593024571736, {'accuracy': 0.8433333333333334, 'f1-score': 0.8720508166969148}, 2303.603944899998)
[2024-09-30 18:36:43,006][flwr][INFO] - evaluate_round 32: no clients selected, cancel
[2024-09-30 18:36:43,006][flwr][DEBUG] - fit_round 33: strategy sampled 2 clients (out of 100)
[2024-09-30 18:37:50,492][flwr][DEBUG] - fit_round 33 received 2 results and 0 failures
[2024-09-30 18:37:50,529][flwr][INFO] - fit progress: (33, 0.002478754354847802, {'accuracy': 0.9083333333333333, 'f1-score': 0.9201741654571843}, 2371.1233064000007)
[2024-09-30 18:37:50,529][flwr][INFO] - evaluate_round 33: no clients selected, cancel
[2024-09-30 18:37:50,529][flwr][DEBUG] - fit_round 34: strategy sampled 2 clients (out of 100)
[2024-09-30 18:38:58,029][flwr][DEBUG] - fit_round 34 received 2 results and 0 failures
[2024-09-30 18:38:58,078][flwr][INFO] - fit progress: (34, 0.0025099713355302812, {'accuracy': 0.9077777777777778, 'f1-score': 0.9183874139626352}, 2438.6683263000014)
[2024-09-30 18:38:58,079][flwr][INFO] - evaluate_round 34: no clients selected, cancel
[2024-09-30 18:38:58,079][flwr][DEBUG] - fit_round 35: strategy sampled 2 clients (out of 100)
[2024-09-30 18:40:05,436][flwr][DEBUG] - fit_round 35 received 2 results and 0 failures
[2024-09-30 18:40:05,472][flwr][INFO] - fit progress: (35, 0.00240523487329483, {'accuracy': 0.9066666666666666, 'f1-score': 0.9173228346456693}, 2506.064985500001)
[2024-09-30 18:40:05,476][flwr][INFO] - evaluate_round 35: no clients selected, cancel
[2024-09-30 18:40:05,476][flwr][DEBUG] - fit_round 36: strategy sampled 2 clients (out of 100)
[2024-09-30 18:41:13,787][flwr][DEBUG] - fit_round 36 received 2 results and 0 failures
[2024-09-30 18:41:13,817][flwr][INFO] - fit progress: (36, 0.0025946939571036233, {'accuracy': 0.8972222222222223, 'f1-score': 0.9114408808042126}, 2574.4111177999985)
[2024-09-30 18:41:13,817][flwr][INFO] - evaluate_round 36: no clients selected, cancel
[2024-09-30 18:41:13,817][flwr][DEBUG] - fit_round 37: strategy sampled 2 clients (out of 100)
[2024-09-30 18:42:20,832][flwr][DEBUG] - fit_round 37 received 2 results and 0 failures
[2024-09-30 18:42:20,857][flwr][INFO] - fit progress: (37, 0.0024281813866562315, {'accuracy': 0.91, 'f1-score': 0.9212827988338192}, 2641.4603730000017)
[2024-09-30 18:42:20,857][flwr][INFO] - evaluate_round 37: no clients selected, cancel
[2024-09-30 18:42:20,857][flwr][DEBUG] - fit_round 38: strategy sampled 2 clients (out of 100)
[2024-09-30 18:43:31,654][flwr][DEBUG] - fit_round 38 received 2 results and 0 failures
[2024-09-30 18:43:31,699][flwr][INFO] - fit progress: (38, 0.0025678446888923647, {'accuracy': 0.8933333333333333, 'f1-score': 0.9033232628398792}, 2712.2890909999987)
[2024-09-30 18:43:31,699][flwr][INFO] - evaluate_round 38: no clients selected, cancel
[2024-09-30 18:43:31,700][flwr][DEBUG] - fit_round 39: strategy sampled 2 clients (out of 100)
[2024-09-30 18:44:40,462][flwr][DEBUG] - fit_round 39 received 2 results and 0 failures
[2024-09-30 18:44:40,504][flwr][INFO] - fit progress: (39, 0.0024413208415110907, {'accuracy': 0.9072222222222223, 'f1-score': 0.9162067235323633}, 2781.0963711000004)
[2024-09-30 18:44:40,504][flwr][INFO] - evaluate_round 39: no clients selected, cancel
[2024-09-30 18:44:40,504][flwr][DEBUG] - fit_round 40: strategy sampled 2 clients (out of 100)
[2024-09-30 18:45:53,192][flwr][DEBUG] - fit_round 40 received 2 results and 0 failures
[2024-09-30 18:45:53,238][flwr][INFO] - fit progress: (40, 0.0023921234988503984, {'accuracy': 0.9133333333333333, 'f1-score': 0.9234543670264965}, 2853.8285915000015)
[2024-09-30 18:45:53,238][flwr][INFO] - evaluate_round 40: no clients selected, cancel
[2024-09-30 18:45:53,240][flwr][DEBUG] - fit_round 41: strategy sampled 2 clients (out of 100)
[2024-09-30 18:47:00,874][flwr][DEBUG] - fit_round 41 received 2 results and 0 failures
[2024-09-30 18:47:00,917][flwr][INFO] - fit progress: (41, 0.002347214106056425, {'accuracy': 0.9155555555555556, 'f1-score': 0.9237713139418254}, 2921.5066159999988)
[2024-09-30 18:47:00,917][flwr][INFO] - evaluate_round 41: no clients selected, cancel
[2024-09-30 18:47:00,918][flwr][DEBUG] - fit_round 42: strategy sampled 2 clients (out of 100)
[2024-09-30 18:48:08,549][flwr][DEBUG] - fit_round 42 received 2 results and 0 failures
[2024-09-30 18:48:08,587][flwr][INFO] - fit progress: (42, 0.0024156694528129365, {'accuracy': 0.9111111111111111, 'f1-score': 0.9224054316197866}, 2989.177051499999)
[2024-09-30 18:48:08,588][flwr][INFO] - evaluate_round 42: no clients selected, cancel
[2024-09-30 18:48:08,588][flwr][DEBUG] - fit_round 43: strategy sampled 2 clients (out of 100)
[2024-09-30 18:49:17,157][flwr][DEBUG] - fit_round 43 received 2 results and 0 failures
[2024-09-30 18:49:17,197][flwr][INFO] - fit progress: (43, 0.002454144549038675, {'accuracy': 0.9116666666666666, 'f1-score': 0.9230769230769231}, 3057.7866827)
[2024-09-30 18:49:17,198][flwr][INFO] - evaluate_round 43: no clients selected, cancel
[2024-09-30 18:49:17,198][flwr][DEBUG] - fit_round 44: strategy sampled 2 clients (out of 100)
[2024-09-30 18:50:24,437][flwr][DEBUG] - fit_round 44 received 2 results and 0 failures
[2024-09-30 18:50:24,472][flwr][INFO] - fit progress: (44, 0.00279800769355562, {'accuracy': 0.8777777777777778, 'f1-score': 0.8846960167714885}, 3125.0645979)
[2024-09-30 18:50:24,472][flwr][INFO] - evaluate_round 44: no clients selected, cancel
[2024-09-30 18:50:24,472][flwr][DEBUG] - fit_round 45: strategy sampled 2 clients (out of 100)
[2024-09-30 18:51:31,715][flwr][DEBUG] - fit_round 45 received 2 results and 0 failures
[2024-09-30 18:51:31,755][flwr][INFO] - fit progress: (45, 0.0023655068708790675, {'accuracy': 0.9166666666666666, 'f1-score': 0.9262536873156342}, 3192.3443731000007)
[2024-09-30 18:51:31,756][flwr][INFO] - evaluate_round 45: no clients selected, cancel
[2024-09-30 18:51:31,756][flwr][DEBUG] - fit_round 46: strategy sampled 2 clients (out of 100)
[2024-09-30 18:52:38,941][flwr][DEBUG] - fit_round 46 received 2 results and 0 failures
[2024-09-30 18:52:38,977][flwr][INFO] - fit progress: (46, 0.0025330067591534723, {'accuracy': 0.9, 'f1-score': 0.9083503054989817}, 3259.569997499999)
[2024-09-30 18:52:38,977][flwr][INFO] - evaluate_round 46: no clients selected, cancel
[2024-09-30 18:52:38,977][flwr][DEBUG] - fit_round 47: strategy sampled 2 clients (out of 100)
[2024-09-30 18:53:46,156][flwr][DEBUG] - fit_round 47 received 2 results and 0 failures
[2024-09-30 18:53:46,198][flwr][INFO] - fit progress: (47, 0.002596455638607343, {'accuracy': 0.9105555555555556, 'f1-score': 0.9222597778850796}, 3326.791597399999)
[2024-09-30 18:53:46,198][flwr][INFO] - evaluate_round 47: no clients selected, cancel
[2024-09-30 18:53:46,198][flwr][DEBUG] - fit_round 48: strategy sampled 2 clients (out of 100)
[2024-09-30 18:54:53,554][flwr][DEBUG] - fit_round 48 received 2 results and 0 failures
[2024-09-30 18:54:53,602][flwr][INFO] - fit progress: (48, 0.002587959257264932, {'accuracy': 0.9061111111111111, 'f1-score': 0.9139949109414758}, 3394.194496600001)
[2024-09-30 18:54:53,602][flwr][INFO] - evaluate_round 48: no clients selected, cancel
[2024-09-30 18:54:53,607][flwr][DEBUG] - fit_round 49: strategy sampled 2 clients (out of 100)
[2024-09-30 18:56:00,594][flwr][DEBUG] - fit_round 49 received 2 results and 0 failures
[2024-09-30 18:56:00,649][flwr][INFO] - fit progress: (49, 0.002591318115592003, {'accuracy': 0.9061111111111111, 'f1-score': 0.9183969097054563}, 3461.239580199999)
[2024-09-30 18:56:00,649][flwr][INFO] - evaluate_round 49: no clients selected, cancel
[2024-09-30 18:56:00,649][flwr][DEBUG] - fit_round 50: strategy sampled 2 clients (out of 100)
[2024-09-30 18:57:07,897][flwr][DEBUG] - fit_round 50 received 2 results and 0 failures
[2024-09-30 18:57:07,938][flwr][INFO] - fit progress: (50, 0.0026273725430170695, {'accuracy': 0.8933333333333333, 'f1-score': 0.9019407558733401}, 3528.5310326)
[2024-09-30 18:57:07,938][flwr][INFO] - evaluate_round 50: no clients selected, cancel
[2024-09-30 18:57:07,938][flwr][INFO] - FL finished in 3528.5325629
[2024-09-30 18:57:07,938][flwr][INFO] - app_fit: losses_distributed []
[2024-09-30 18:57:07,938][flwr][INFO] - app_fit: metrics_distributed_fit {}
[2024-09-30 18:57:07,938][flwr][INFO] - app_fit: metrics_distributed {}
[2024-09-30 18:57:07,949][flwr][INFO] - app_fit: losses_centralized [(0, 0.00601107441716724), (1, 0.0057954623632960845), (2, 0.005387855966885884), (3, 0.005236356490188175), (4, 0.004519180158774058), (5, 0.003888506491978963), (6, 0.0033110748396979438), (7, 0.003146722333298789), (8, 0.003022483040889104), (9, 0.0031573133005036247), (10, 0.0031796416971418594), (11, 0.003176670132411851), (12, 0.0032443051205741035), (13, 0.00302378859784868), (14, 0.0029279597517516878), (15, 0.003016588017344475), (16, 0.0029737096942133376), (17, 0.0027689259664879905), (18, 0.0032782964905103047), (19, 0.003061925537056393), (20, 0.002733440597852071), (21, 0.002833636518981722), (22, 0.002967414740059111), (23, 0.0029850247750679653), (24, 0.0033302446537547643), (25, 0.0030135253071784975), (26, 0.00270270221763187), (27, 0.0034978053304884167), (28, 0.002688549260298411), (29, 0.002619215084446801), (30, 0.0026929969257778593), (31, 0.0027090440028243595), (32, 0.0031852593024571736), (33, 0.002478754354847802), (34, 0.0025099713355302812), (35, 0.00240523487329483), (36, 0.0025946939571036233), (37, 0.0024281813866562315), (38, 0.0025678446888923647), (39, 0.0024413208415110907), (40, 0.0023921234988503984), (41, 0.002347214106056425), (42, 0.0024156694528129365), (43, 0.002454144549038675), (44, 0.00279800769355562), (45, 0.0023655068708790675), (46, 0.0025330067591534723), (47, 0.002596455638607343), (48, 0.002587959257264932), (49, 0.002591318115592003), (50, 0.0026273725430170695)]
[2024-09-30 18:57:07,951][flwr][INFO] - app_fit: metrics_centralized {'accuracy': [(0, 0.43833333333333335), (1, 0.43833333333333335), (2, 0.6594444444444445), (3, 0.5638888888888889), (4, 0.7472222222222222), (5, 0.8294444444444444), (6, 0.8405555555555555), (7, 0.8433333333333334), (8, 0.8477777777777777), (9, 0.8461111111111111), (10, 0.8505555555555555), (11, 0.8377777777777777), (12, 0.8533333333333334), (13, 0.8644444444444445), (14, 0.8766666666666667), (15, 0.8627777777777778), (16, 0.8633333333333333), (17, 0.865), (18, 0.8594444444444445), (19, 0.8644444444444445), (20, 0.8883333333333333), (21, 0.8833333333333333), (22, 0.8677777777777778), (23, 0.8683333333333333), (24, 0.8527777777777777), (25, 0.8544444444444445), (26, 0.8872222222222222), (27, 0.8255555555555556), (28, 0.8877777777777778), (29, 0.8972222222222223), (30, 0.8983333333333333), (31, 0.8983333333333333), (32, 0.8433333333333334), (33, 0.9083333333333333), (34, 0.9077777777777778), (35, 0.9066666666666666), (36, 0.8972222222222223), (37, 0.91), (38, 0.8933333333333333), (39, 0.9072222222222223), (40, 0.9133333333333333), (41, 0.9155555555555556), (42, 0.9111111111111111), (43, 0.9116666666666666), (44, 0.8777777777777778), (45, 0.9166666666666666), (46, 0.9), (47, 0.9105555555555556), (48, 0.9061111111111111), (49, 0.9061111111111111), (50, 0.8933333333333333)], 'f1-score': [(0, 0.0), (1, 0.0), (2, 0.761199844176081), (3, 0.7203420021375133), (4, 0.8108108108108109), (5, 0.8562060889929742), (6, 0.8572849328692193), (7, 0.8631067961165049), (8, 0.865686274509804), (9, 0.8650754992693619), (10, 0.8698597000483793), (11, 0.8428417653390743), (12, 0.8775510204081632), (13, 0.8820116054158608), (14, 0.8913894324853229), (15, 0.8720870015535992), (16, 0.8747454175152749), (17, 0.880354505169867), (18, 0.883248730964467), (19, 0.8821256038647343), (20, 0.8979177247333672), (21, 0.8967551622418879), (22, 0.8875236294896031), (23, 0.886221795487278), (24, 0.8788294467306813), (25, 0.8583783783783784), (26, 0.8956298200514139), (27, 0.8616740088105727), (28, 0.8968335035750766), (29, 0.9090909090909091), (30, 0.9118921521425133), (31, 0.9060092449922958), (32, 0.8720508166969148), (33, 0.9201741654571843), (34, 0.9183874139626352), (35, 0.9173228346456693), (36, 0.9114408808042126), (37, 0.9212827988338192), (38, 0.9033232628398792), (39, 0.9162067235323633), (40, 0.9234543670264965), (41, 0.9237713139418254), (42, 0.9224054316197866), (43, 0.9230769230769231), (44, 0.8846960167714885), (45, 0.9262536873156342), (46, 0.9083503054989817), (47, 0.9222597778850796), (48, 0.9139949109414758), (49, 0.9183969097054563), (50, 0.9019407558733401)]}
