[2024-09-12 10:25:47,486][flwr][INFO] - Starting Flower simulation, config: ServerConfig(num_rounds=10, round_timeout=None)
[2024-09-12 10:26:02,539][flwr][INFO] - Flower VCE: Ray initialized with resources: {'node:127.0.0.1': 1.0, 'node:__internal_head__': 1.0, 'memory': 1821585408.0, 'CPU': 8.0, 'object_store_memory': 910792704.0}
[2024-09-12 10:26:02,540][flwr][INFO] - Initializing global parameters
[2024-09-12 10:26:02,541][flwr][INFO] - Requesting initial parameters from one random client
[2024-09-12 10:26:08,712][flwr][INFO] - Received initial parameters from one random client
[2024-09-12 10:26:08,713][flwr][INFO] - Evaluating initial parameters
[2024-09-12 10:26:08,774][flwr][INFO] - initial parameters (loss, other metrics): 38.09556159973145, {'accuracy': 0.5616666666666666}
[2024-09-12 10:26:08,776][flwr][INFO] - FL starting
[2024-09-12 10:26:08,777][flwr][DEBUG] - fit_round 1: strategy sampled 2 clients (out of 2)
[2024-09-12 10:26:08,828][flwr][ERROR] - [36mray::launch_and_fit()[39m (pid=7224, ip=127.0.0.1)
  File "python\ray\_raylet.pyx", line 1896, in ray._raylet.execute_task
  File "C:\Users\Francesco\miniconda3\envs\flower\Lib\site-packages\flwr\simulation\ray_transport\ray_client_proxy.py", line 148, in launch_and_fit
    return maybe_call_fit(
           ^^^^^^^^^^^^^^^
  File "C:\Users\Francesco\miniconda3\envs\flower\Lib\site-packages\flwr\client\client.py", line 184, in maybe_call_fit
    return client.fit(fit_ins)
           ^^^^^^^^^^^^^^^^^^^
  File "C:\Users\Francesco\miniconda3\envs\flower\Lib\site-packages\flwr\client\app.py", line 297, in _fit
    results = self.numpy_client.fit(parameters, ins.config)  # type: ignore
              ^^^^^^^^^^^^^^^^^^^^^^^^^^^^^^^^^^^^^^^^^^^^^
TypeError: FlowerClient.fit() missing 1 required positional argument: 'optimizer_cfg'
[2024-09-12 10:26:15,063][flwr][ERROR] - [36mray::launch_and_fit()[39m (pid=14424, ip=127.0.0.1)
  File "python\ray\_raylet.pyx", line 1896, in ray._raylet.execute_task
  File "C:\Users\Francesco\miniconda3\envs\flower\Lib\site-packages\flwr\simulation\ray_transport\ray_client_proxy.py", line 148, in launch_and_fit
    return maybe_call_fit(
           ^^^^^^^^^^^^^^^
  File "C:\Users\Francesco\miniconda3\envs\flower\Lib\site-packages\flwr\client\client.py", line 184, in maybe_call_fit
    return client.fit(fit_ins)
           ^^^^^^^^^^^^^^^^^^^
  File "C:\Users\Francesco\miniconda3\envs\flower\Lib\site-packages\flwr\client\app.py", line 297, in _fit
    results = self.numpy_client.fit(parameters, ins.config)  # type: ignore
              ^^^^^^^^^^^^^^^^^^^^^^^^^^^^^^^^^^^^^^^^^^^^^
TypeError: FlowerClient.fit() missing 1 required positional argument: 'optimizer_cfg'
[2024-09-12 10:26:15,069][flwr][DEBUG] - fit_round 1 received 0 results and 2 failures
[2024-09-12 10:26:15,125][flwr][INFO] - fit progress: (1, 38.09556159973145, {'accuracy': 0.5616666666666666}, 6.347563900000296)
[2024-09-12 10:26:15,126][flwr][DEBUG] - evaluate_round 1: strategy sampled 2 clients (out of 2)
[2024-09-12 10:26:32,792][flwr][DEBUG] - evaluate_round 1 received 2 results and 0 failures
[2024-09-12 10:26:32,794][flwr][DEBUG] - fit_round 2: strategy sampled 2 clients (out of 2)
[2024-09-12 10:26:32,839][flwr][ERROR] - [36mray::launch_and_fit()[39m (pid=14424, ip=127.0.0.1)
  File "python\ray\_raylet.pyx", line 1896, in ray._raylet.execute_task
  File "C:\Users\Francesco\miniconda3\envs\flower\Lib\site-packages\flwr\simulation\ray_transport\ray_client_proxy.py", line 148, in launch_and_fit
    return maybe_call_fit(
           ^^^^^^^^^^^^^^^
  File "C:\Users\Francesco\miniconda3\envs\flower\Lib\site-packages\flwr\client\client.py", line 184, in maybe_call_fit
    return client.fit(fit_ins)
           ^^^^^^^^^^^^^^^^^^^
  File "C:\Users\Francesco\miniconda3\envs\flower\Lib\site-packages\flwr\client\app.py", line 297, in _fit
    results = self.numpy_client.fit(parameters, ins.config)  # type: ignore
              ^^^^^^^^^^^^^^^^^^^^^^^^^^^^^^^^^^^^^^^^^^^^^
TypeError: FlowerClient.fit() missing 1 required positional argument: 'optimizer_cfg'
[2024-09-12 10:26:32,843][flwr][ERROR] - [36mray::launch_and_fit()[39m (pid=7224, ip=127.0.0.1)
  File "python\ray\_raylet.pyx", line 1896, in ray._raylet.execute_task
  File "C:\Users\Francesco\miniconda3\envs\flower\Lib\site-packages\flwr\simulation\ray_transport\ray_client_proxy.py", line 148, in launch_and_fit
    return maybe_call_fit(
           ^^^^^^^^^^^^^^^
  File "C:\Users\Francesco\miniconda3\envs\flower\Lib\site-packages\flwr\client\client.py", line 184, in maybe_call_fit
    return client.fit(fit_ins)
           ^^^^^^^^^^^^^^^^^^^
  File "C:\Users\Francesco\miniconda3\envs\flower\Lib\site-packages\flwr\client\app.py", line 297, in _fit
    results = self.numpy_client.fit(parameters, ins.config)  # type: ignore
              ^^^^^^^^^^^^^^^^^^^^^^^^^^^^^^^^^^^^^^^^^^^^^
TypeError: FlowerClient.fit() missing 1 required positional argument: 'optimizer_cfg'
[2024-09-12 10:26:32,853][flwr][DEBUG] - fit_round 2 received 0 results and 2 failures
[2024-09-12 10:26:32,915][flwr][INFO] - fit progress: (2, 38.09556159973145, {'accuracy': 0.5616666666666666}, 24.137590100000125)
[2024-09-12 10:26:32,917][flwr][DEBUG] - evaluate_round 2: strategy sampled 2 clients (out of 2)
[2024-09-12 10:26:48,300][flwr][DEBUG] - evaluate_round 2 received 2 results and 0 failures
[2024-09-12 10:26:48,302][flwr][DEBUG] - fit_round 3: strategy sampled 2 clients (out of 2)
[2024-09-12 10:26:48,347][flwr][ERROR] - [36mray::launch_and_fit()[39m (pid=14424, ip=127.0.0.1)
  File "python\ray\_raylet.pyx", line 1896, in ray._raylet.execute_task
  File "C:\Users\Francesco\miniconda3\envs\flower\Lib\site-packages\flwr\simulation\ray_transport\ray_client_proxy.py", line 148, in launch_and_fit
    return maybe_call_fit(
           ^^^^^^^^^^^^^^^
  File "C:\Users\Francesco\miniconda3\envs\flower\Lib\site-packages\flwr\client\client.py", line 184, in maybe_call_fit
    return client.fit(fit_ins)
           ^^^^^^^^^^^^^^^^^^^
  File "C:\Users\Francesco\miniconda3\envs\flower\Lib\site-packages\flwr\client\app.py", line 297, in _fit
    results = self.numpy_client.fit(parameters, ins.config)  # type: ignore
              ^^^^^^^^^^^^^^^^^^^^^^^^^^^^^^^^^^^^^^^^^^^^^
TypeError: FlowerClient.fit() missing 1 required positional argument: 'optimizer_cfg'
[2024-09-12 10:26:48,348][flwr][ERROR] - [36mray::launch_and_fit()[39m (pid=7224, ip=127.0.0.1)
  File "python\ray\_raylet.pyx", line 1896, in ray._raylet.execute_task
  File "C:\Users\Francesco\miniconda3\envs\flower\Lib\site-packages\flwr\simulation\ray_transport\ray_client_proxy.py", line 148, in launch_and_fit
    return maybe_call_fit(
           ^^^^^^^^^^^^^^^
  File "C:\Users\Francesco\miniconda3\envs\flower\Lib\site-packages\flwr\client\client.py", line 184, in maybe_call_fit
    return client.fit(fit_ins)
           ^^^^^^^^^^^^^^^^^^^
  File "C:\Users\Francesco\miniconda3\envs\flower\Lib\site-packages\flwr\client\app.py", line 297, in _fit
    results = self.numpy_client.fit(parameters, ins.config)  # type: ignore
              ^^^^^^^^^^^^^^^^^^^^^^^^^^^^^^^^^^^^^^^^^^^^^
TypeError: FlowerClient.fit() missing 1 required positional argument: 'optimizer_cfg'
[2024-09-12 10:26:48,359][flwr][DEBUG] - fit_round 3 received 0 results and 2 failures
[2024-09-12 10:26:48,419][flwr][INFO] - fit progress: (3, 38.09556159973145, {'accuracy': 0.5616666666666666}, 39.6415935)
[2024-09-12 10:26:48,421][flwr][DEBUG] - evaluate_round 3: strategy sampled 2 clients (out of 2)
[2024-09-12 10:27:04,589][flwr][DEBUG] - evaluate_round 3 received 2 results and 0 failures
[2024-09-12 10:27:04,591][flwr][DEBUG] - fit_round 4: strategy sampled 2 clients (out of 2)
[2024-09-12 10:27:04,633][flwr][ERROR] - [36mray::launch_and_fit()[39m (pid=14424, ip=127.0.0.1)
  File "python\ray\_raylet.pyx", line 1896, in ray._raylet.execute_task
  File "C:\Users\Francesco\miniconda3\envs\flower\Lib\site-packages\flwr\simulation\ray_transport\ray_client_proxy.py", line 148, in launch_and_fit
    return maybe_call_fit(
           ^^^^^^^^^^^^^^^
  File "C:\Users\Francesco\miniconda3\envs\flower\Lib\site-packages\flwr\client\client.py", line 184, in maybe_call_fit
    return client.fit(fit_ins)
           ^^^^^^^^^^^^^^^^^^^
  File "C:\Users\Francesco\miniconda3\envs\flower\Lib\site-packages\flwr\client\app.py", line 297, in _fit
    results = self.numpy_client.fit(parameters, ins.config)  # type: ignore
              ^^^^^^^^^^^^^^^^^^^^^^^^^^^^^^^^^^^^^^^^^^^^^
TypeError: FlowerClient.fit() missing 1 required positional argument: 'optimizer_cfg'
[2024-09-12 10:27:04,638][flwr][ERROR] - [36mray::launch_and_fit()[39m (pid=7224, ip=127.0.0.1)
  File "python\ray\_raylet.pyx", line 1896, in ray._raylet.execute_task
  File "C:\Users\Francesco\miniconda3\envs\flower\Lib\site-packages\flwr\simulation\ray_transport\ray_client_proxy.py", line 148, in launch_and_fit
    return maybe_call_fit(
           ^^^^^^^^^^^^^^^
  File "C:\Users\Francesco\miniconda3\envs\flower\Lib\site-packages\flwr\client\client.py", line 184, in maybe_call_fit
    return client.fit(fit_ins)
           ^^^^^^^^^^^^^^^^^^^
  File "C:\Users\Francesco\miniconda3\envs\flower\Lib\site-packages\flwr\client\app.py", line 297, in _fit
    results = self.numpy_client.fit(parameters, ins.config)  # type: ignore
              ^^^^^^^^^^^^^^^^^^^^^^^^^^^^^^^^^^^^^^^^^^^^^
TypeError: FlowerClient.fit() missing 1 required positional argument: 'optimizer_cfg'
[2024-09-12 10:27:04,646][flwr][DEBUG] - fit_round 4 received 0 results and 2 failures
[2024-09-12 10:27:04,719][flwr][INFO] - fit progress: (4, 38.09556159973145, {'accuracy': 0.5616666666666666}, 55.94184150000001)
[2024-09-12 10:27:04,721][flwr][DEBUG] - evaluate_round 4: strategy sampled 2 clients (out of 2)
[2024-09-12 10:27:21,564][flwr][DEBUG] - evaluate_round 4 received 2 results and 0 failures
[2024-09-12 10:27:21,566][flwr][DEBUG] - fit_round 5: strategy sampled 2 clients (out of 2)
[2024-09-12 10:27:21,605][flwr][ERROR] - [36mray::launch_and_fit()[39m (pid=7224, ip=127.0.0.1)
  File "python\ray\_raylet.pyx", line 1896, in ray._raylet.execute_task
  File "C:\Users\Francesco\miniconda3\envs\flower\Lib\site-packages\flwr\simulation\ray_transport\ray_client_proxy.py", line 148, in launch_and_fit
    return maybe_call_fit(
           ^^^^^^^^^^^^^^^
  File "C:\Users\Francesco\miniconda3\envs\flower\Lib\site-packages\flwr\client\client.py", line 184, in maybe_call_fit
    return client.fit(fit_ins)
           ^^^^^^^^^^^^^^^^^^^
  File "C:\Users\Francesco\miniconda3\envs\flower\Lib\site-packages\flwr\client\app.py", line 297, in _fit
    results = self.numpy_client.fit(parameters, ins.config)  # type: ignore
              ^^^^^^^^^^^^^^^^^^^^^^^^^^^^^^^^^^^^^^^^^^^^^
TypeError: FlowerClient.fit() missing 1 required positional argument: 'optimizer_cfg'
[2024-09-12 10:27:21,613][flwr][ERROR] - [36mray::launch_and_fit()[39m (pid=14424, ip=127.0.0.1)
  File "python\ray\_raylet.pyx", line 1896, in ray._raylet.execute_task
  File "C:\Users\Francesco\miniconda3\envs\flower\Lib\site-packages\flwr\simulation\ray_transport\ray_client_proxy.py", line 148, in launch_and_fit
    return maybe_call_fit(
           ^^^^^^^^^^^^^^^
  File "C:\Users\Francesco\miniconda3\envs\flower\Lib\site-packages\flwr\client\client.py", line 184, in maybe_call_fit
    return client.fit(fit_ins)
           ^^^^^^^^^^^^^^^^^^^
  File "C:\Users\Francesco\miniconda3\envs\flower\Lib\site-packages\flwr\client\app.py", line 297, in _fit
    results = self.numpy_client.fit(parameters, ins.config)  # type: ignore
              ^^^^^^^^^^^^^^^^^^^^^^^^^^^^^^^^^^^^^^^^^^^^^
TypeError: FlowerClient.fit() missing 1 required positional argument: 'optimizer_cfg'
[2024-09-12 10:27:21,619][flwr][DEBUG] - fit_round 5 received 0 results and 2 failures
[2024-09-12 10:27:21,688][flwr][INFO] - fit progress: (5, 38.09556159973145, {'accuracy': 0.5616666666666666}, 72.9113739000004)
[2024-09-12 10:27:21,690][flwr][DEBUG] - evaluate_round 5: strategy sampled 2 clients (out of 2)
[2024-09-12 10:27:38,868][flwr][DEBUG] - evaluate_round 5 received 2 results and 0 failures
[2024-09-12 10:27:38,870][flwr][DEBUG] - fit_round 6: strategy sampled 2 clients (out of 2)
[2024-09-12 10:27:38,911][flwr][ERROR] - [36mray::launch_and_fit()[39m (pid=14424, ip=127.0.0.1)
  File "python\ray\_raylet.pyx", line 1896, in ray._raylet.execute_task
  File "C:\Users\Francesco\miniconda3\envs\flower\Lib\site-packages\flwr\simulation\ray_transport\ray_client_proxy.py", line 148, in launch_and_fit
    return maybe_call_fit(
           ^^^^^^^^^^^^^^^
  File "C:\Users\Francesco\miniconda3\envs\flower\Lib\site-packages\flwr\client\client.py", line 184, in maybe_call_fit
    return client.fit(fit_ins)
           ^^^^^^^^^^^^^^^^^^^
  File "C:\Users\Francesco\miniconda3\envs\flower\Lib\site-packages\flwr\client\app.py", line 297, in _fit
    results = self.numpy_client.fit(parameters, ins.config)  # type: ignore
              ^^^^^^^^^^^^^^^^^^^^^^^^^^^^^^^^^^^^^^^^^^^^^
TypeError: FlowerClient.fit() missing 1 required positional argument: 'optimizer_cfg'
[2024-09-12 10:27:38,913][flwr][ERROR] - [36mray::launch_and_fit()[39m (pid=7224, ip=127.0.0.1)
  File "python\ray\_raylet.pyx", line 1896, in ray._raylet.execute_task
  File "C:\Users\Francesco\miniconda3\envs\flower\Lib\site-packages\flwr\simulation\ray_transport\ray_client_proxy.py", line 148, in launch_and_fit
    return maybe_call_fit(
           ^^^^^^^^^^^^^^^
  File "C:\Users\Francesco\miniconda3\envs\flower\Lib\site-packages\flwr\client\client.py", line 184, in maybe_call_fit
    return client.fit(fit_ins)
           ^^^^^^^^^^^^^^^^^^^
  File "C:\Users\Francesco\miniconda3\envs\flower\Lib\site-packages\flwr\client\app.py", line 297, in _fit
    results = self.numpy_client.fit(parameters, ins.config)  # type: ignore
              ^^^^^^^^^^^^^^^^^^^^^^^^^^^^^^^^^^^^^^^^^^^^^
TypeError: FlowerClient.fit() missing 1 required positional argument: 'optimizer_cfg'
[2024-09-12 10:27:38,921][flwr][DEBUG] - fit_round 6 received 0 results and 2 failures
[2024-09-12 10:27:38,987][flwr][INFO] - fit progress: (6, 38.09556159973145, {'accuracy': 0.5616666666666666}, 90.20959330000005)
[2024-09-12 10:27:38,989][flwr][DEBUG] - evaluate_round 6: strategy sampled 2 clients (out of 2)
