[2024-10-03 16:26:04,459][flwr][WARNING] - Both server and strategy were provided, ignoring strategy
[2024-10-03 16:26:04,459][flwr][INFO] - Starting Flower simulation, config: ServerConfig(num_rounds=10, round_timeout=None)
[2024-10-03 16:26:13,606][flwr][INFO] - Flower VCE: Ray initialized with resources: {'object_store_memory': 837069619.0, 'node:127.0.0.1': 1.0, 'memory': 1674139239.0, 'CPU': 12.0, 'node:__internal_head__': 1.0}
[2024-10-03 16:26:13,606][flwr][INFO] - Initializing global parameters
[2024-10-03 16:26:13,606][flwr][INFO] - Requesting initial parameters from one random client
[2024-10-03 16:26:17,431][flwr][INFO] - Received initial parameters from one random client
[2024-10-03 16:26:17,432][flwr][INFO] - Evaluating initial parameters
[2024-10-03 16:26:17,471][flwr][INFO] - initial parameters (loss, other metrics): 0.005696930785973867, {'accuracy': 0.5705555555555556, 'f1-score': 0.7220424307802948}
[2024-10-03 16:26:17,472][flwr][INFO] - FL starting
[2024-10-03 16:26:17,472][flwr][DEBUG] - fit_round 1: strategy sampled 2 clients (out of 2)
[2024-10-03 16:26:29,414][flwr][DEBUG] - fit_round 1 received 2 results and 0 failures
[2024-10-03 16:26:29,417][flwr][WARNING] - No fit_metrics_aggregation_fn provided
[2024-10-03 16:26:29,456][flwr][INFO] - fit progress: (1, 0.00592059334119161, {'accuracy': 0.5616666666666666, 'f1-score': 0.7193169690501601}, 11.98347879999892)
[2024-10-03 16:26:29,456][flwr][INFO] - evaluate_round 1: no clients selected, cancel
[2024-10-03 16:26:29,456][flwr][DEBUG] - fit_round 2: strategy sampled 2 clients (out of 2)
[2024-10-03 16:26:37,569][flwr][DEBUG] - fit_round 2 received 2 results and 0 failures
[2024-10-03 16:26:37,608][flwr][INFO] - fit progress: (2, 0.00629464500480228, {'accuracy': 0.5616666666666666, 'f1-score': 0.7193169690501601}, 20.142716799999107)
[2024-10-03 16:26:37,608][flwr][INFO] - evaluate_round 2: no clients selected, cancel
[2024-10-03 16:26:37,608][flwr][DEBUG] - fit_round 3: strategy sampled 2 clients (out of 2)
[2024-10-03 16:26:45,859][flwr][DEBUG] - fit_round 3 received 2 results and 0 failures
[2024-10-03 16:26:45,887][flwr][INFO] - fit progress: (3, 0.006269699666235182, {'accuracy': 0.5616666666666666, 'f1-score': 0.7193169690501601}, 28.418733699998484)
[2024-10-03 16:26:45,887][flwr][INFO] - evaluate_round 3: no clients selected, cancel
[2024-10-03 16:26:45,887][flwr][DEBUG] - fit_round 4: strategy sampled 2 clients (out of 2)
[2024-10-03 16:26:53,653][flwr][DEBUG] - fit_round 4 received 2 results and 0 failures
[2024-10-03 16:26:53,697][flwr][INFO] - fit progress: (4, 0.006161323322190179, {'accuracy': 0.5616666666666666, 'f1-score': 0.7193169690501601}, 36.22426059999998)
[2024-10-03 16:26:53,697][flwr][INFO] - evaluate_round 4: no clients selected, cancel
[2024-10-03 16:26:53,697][flwr][DEBUG] - fit_round 5: strategy sampled 2 clients (out of 2)
[2024-10-03 16:27:01,856][flwr][DEBUG] - fit_round 5 received 2 results and 0 failures
[2024-10-03 16:27:01,891][flwr][INFO] - fit progress: (5, 0.006154689192771912, {'accuracy': 0.5616666666666666, 'f1-score': 0.7193169690501601}, 44.421835199998895)
[2024-10-03 16:27:01,891][flwr][INFO] - evaluate_round 5: no clients selected, cancel
[2024-10-03 16:27:01,896][flwr][DEBUG] - fit_round 6: strategy sampled 2 clients (out of 2)
[2024-10-03 16:27:10,544][flwr][DEBUG] - fit_round 6 received 2 results and 0 failures
[2024-10-03 16:27:10,586][flwr][INFO] - fit progress: (6, 0.0062182421154446076, {'accuracy': 0.5738888888888889, 'f1-score': 0.7245960502692999}, 53.11531269999978)
[2024-10-03 16:27:10,589][flwr][INFO] - evaluate_round 6: no clients selected, cancel
[2024-10-03 16:27:10,590][flwr][DEBUG] - fit_round 7: strategy sampled 2 clients (out of 2)
[2024-10-03 16:27:19,031][flwr][DEBUG] - fit_round 7 received 2 results and 0 failures
[2024-10-03 16:27:19,069][flwr][INFO] - fit progress: (7, 0.006210184461540646, {'accuracy': 0.6227777777777778, 'f1-score': 0.7467362924281984}, 61.60151880000012)
[2024-10-03 16:27:19,069][flwr][INFO] - evaluate_round 7: no clients selected, cancel
[2024-10-03 16:27:19,069][flwr][DEBUG] - fit_round 8: strategy sampled 2 clients (out of 2)
[2024-10-03 16:27:28,327][flwr][DEBUG] - fit_round 8 received 2 results and 0 failures
[2024-10-03 16:27:28,390][flwr][INFO] - fit progress: (8, 0.006219066778818766, {'accuracy': 0.6516666666666666, 'f1-score': 0.7607783288821061}, 70.91683999999987)
[2024-10-03 16:27:28,390][flwr][INFO] - evaluate_round 8: no clients selected, cancel
[2024-10-03 16:27:28,390][flwr][DEBUG] - fit_round 9: strategy sampled 2 clients (out of 2)
[2024-10-03 16:27:36,686][flwr][DEBUG] - fit_round 9 received 2 results and 0 failures
[2024-10-03 16:27:36,732][flwr][INFO] - fit progress: (9, 0.0061432551675372656, {'accuracy': 0.6816666666666666, 'f1-score': 0.7764338665626219}, 79.26705450000009)
[2024-10-03 16:27:36,732][flwr][INFO] - evaluate_round 9: no clients selected, cancel
[2024-10-03 16:27:36,732][flwr][DEBUG] - fit_round 10: strategy sampled 2 clients (out of 2)
[2024-10-03 16:27:45,311][flwr][DEBUG] - fit_round 10 received 2 results and 0 failures
[2024-10-03 16:27:45,360][flwr][INFO] - fit progress: (10, 0.00618289096487893, {'accuracy': 0.6888888888888889, 'f1-score': 0.7802197802197802}, 87.89324699999997)
[2024-10-03 16:27:45,360][flwr][INFO] - evaluate_round 10: no clients selected, cancel
[2024-10-03 16:27:45,360][flwr][INFO] - FL finished in 87.89454079999996
[2024-10-03 16:27:45,360][flwr][INFO] - app_fit: losses_distributed []
[2024-10-03 16:27:45,360][flwr][INFO] - app_fit: metrics_distributed_fit {}
[2024-10-03 16:27:45,360][flwr][INFO] - app_fit: metrics_distributed {}
[2024-10-03 16:27:45,360][flwr][INFO] - app_fit: losses_centralized [(0, 0.005696930785973867), (1, 0.00592059334119161), (2, 0.00629464500480228), (3, 0.006269699666235182), (4, 0.006161323322190179), (5, 0.006154689192771912), (6, 0.0062182421154446076), (7, 0.006210184461540646), (8, 0.006219066778818766), (9, 0.0061432551675372656), (10, 0.00618289096487893)]
[2024-10-03 16:27:45,360][flwr][INFO] - app_fit: metrics_centralized {'accuracy': [(0, 0.5705555555555556), (1, 0.5616666666666666), (2, 0.5616666666666666), (3, 0.5616666666666666), (4, 0.5616666666666666), (5, 0.5616666666666666), (6, 0.5738888888888889), (7, 0.6227777777777778), (8, 0.6516666666666666), (9, 0.6816666666666666), (10, 0.6888888888888889)], 'f1-score': [(0, 0.7220424307802948), (1, 0.7193169690501601), (2, 0.7193169690501601), (3, 0.7193169690501601), (4, 0.7193169690501601), (5, 0.7193169690501601), (6, 0.7245960502692999), (7, 0.7467362924281984), (8, 0.7607783288821061), (9, 0.7764338665626219), (10, 0.7802197802197802)]}
