[2024-10-11 16:59:03,122][flwr][WARNING] - Both server and strategy were provided, ignoring strategy
[2024-10-11 16:59:03,122][flwr][INFO] - Starting Flower simulation, config: ServerConfig(num_rounds=3, round_timeout=None)
[2024-10-11 16:59:18,767][flwr][INFO] - Flower VCE: Ray initialized with resources: {'object_store_memory': 749743718.0, 'CPU': 8.0, 'memory': 1499487438.0, 'node:127.0.0.1': 1.0, 'node:__internal_head__': 1.0}
[2024-10-11 16:59:18,783][flwr][INFO] - Initializing global parameters
[2024-10-11 16:59:18,783][flwr][INFO] - Requesting initial parameters from one random client
[2024-10-11 16:59:26,796][flwr][INFO] - Received initial parameters from one random client
[2024-10-11 16:59:26,796][flwr][INFO] - Evaluating initial parameters
[2024-10-11 16:59:26,892][flwr][INFO] - initial parameters (loss, other metrics): 0.005779093172815111, {'accuracy': 0.5616666666666666, 'f1-score': 0.7193169690501601}
[2024-10-11 16:59:26,892][flwr][INFO] - FL starting
[2024-10-11 16:59:26,898][flwr][DEBUG] - fit_round 1: strategy sampled 2 clients (out of 2)
[2024-10-11 16:59:50,685][flwr][DEBUG] - fit_round 1 received 2 results and 0 failures
[2024-10-11 16:59:50,685][flwr][WARNING] - No fit_metrics_aggregation_fn provided
[2024-10-11 16:59:50,786][flwr][INFO] - fit progress: (1, 0.00539367503590054, {'accuracy': 0.6283333333333333, 'f1-score': 0.5183585313174947}, 23.891295099999752)
[2024-10-11 16:59:50,786][flwr][INFO] - evaluate_round 1: no clients selected, cancel
[2024-10-11 16:59:50,786][flwr][DEBUG] - fit_round 2: strategy sampled 2 clients (out of 2)
[2024-10-11 17:00:14,719][flwr][DEBUG] - fit_round 2 received 2 results and 0 failures
[2024-10-11 17:00:15,238][flwr][INFO] - fit progress: (2, 0.0036869112153848013, {'accuracy': 0.8127777777777778, 'f1-score': 0.8288471305231082}, 48.3451799999998)
[2024-10-11 17:00:15,247][flwr][INFO] - evaluate_round 2: no clients selected, cancel
[2024-10-11 17:00:15,247][flwr][DEBUG] - fit_round 3: strategy sampled 2 clients (out of 2)
[2024-10-11 17:00:43,331][flwr][DEBUG] - fit_round 3 received 2 results and 0 failures
[2024-10-11 17:00:43,831][flwr][INFO] - fit progress: (3, 0.003132921341392729, {'accuracy': 0.8488888888888889, 'f1-score': 0.8650793650793651}, 76.93857919999982)
[2024-10-11 17:00:43,847][flwr][INFO] - evaluate_round 3: no clients selected, cancel
[2024-10-11 17:00:43,854][flwr][INFO] - FL finished in 76.95535669999981
[2024-10-11 17:00:43,858][flwr][INFO] - app_fit: losses_distributed []
[2024-10-11 17:00:43,868][flwr][INFO] - app_fit: metrics_distributed_fit {}
[2024-10-11 17:00:43,870][flwr][INFO] - app_fit: metrics_distributed {}
[2024-10-11 17:00:43,877][flwr][INFO] - app_fit: losses_centralized [(0, 0.005779093172815111), (1, 0.00539367503590054), (2, 0.0036869112153848013), (3, 0.003132921341392729)]
[2024-10-11 17:00:43,887][flwr][INFO] - app_fit: metrics_centralized {'accuracy': [(0, 0.5616666666666666), (1, 0.6283333333333333), (2, 0.8127777777777778), (3, 0.8488888888888889)], 'f1-score': [(0, 0.7193169690501601), (1, 0.5183585313174947), (2, 0.8288471305231082), (3, 0.8650793650793651)]}
