[2024-09-19 11:56:20,530][numexpr.utils][INFO] - NumExpr defaulting to 8 threads.
[2024-09-19 11:56:23,003][flwr][INFO] - Starting Flower simulation, config: ServerConfig(num_rounds=10, round_timeout=None)
[2024-09-19 11:56:31,038][flwr][INFO] - Flower VCE: Ray initialized with resources: {'object_store_memory': 625160601.0, 'node:__internal_head__': 1.0, 'CPU': 8.0, 'node:127.0.0.1': 1.0, 'memory': 1250321204.0}
[2024-09-19 11:56:31,040][flwr][INFO] - Initializing global parameters
[2024-09-19 11:56:31,040][flwr][INFO] - Requesting initial parameters from one random client
[2024-09-19 11:56:34,305][flwr][INFO] - Received initial parameters from one random client
[2024-09-19 11:56:34,306][flwr][INFO] - Evaluating initial parameters
[2024-09-19 11:56:34,345][flwr][INFO] - initial parameters (loss, other metrics): 37.7309632619222, {'global accuracy': 0.5616666666666666}
[2024-09-19 11:56:34,346][flwr][INFO] - FL starting
[2024-09-19 11:56:34,347][flwr][DEBUG] - fit_round 1: strategy sampled 2 clients (out of 2)
[2024-09-19 11:56:34,380][flwr][ERROR] - [36mray::launch_and_fit()[39m (pid=11844, ip=127.0.0.1)
  File "python\ray\_raylet.pyx", line 1896, in ray._raylet.execute_task
  File "C:\Users\PC\anaconda3\envs\flower\Lib\site-packages\flwr\simulation\ray_transport\ray_client_proxy.py", line 148, in launch_and_fit
    return maybe_call_fit(
           ^^^^^^^^^^^^^^^
  File "C:\Users\PC\anaconda3\envs\flower\Lib\site-packages\flwr\client\client.py", line 184, in maybe_call_fit
    return client.fit(fit_ins)
           ^^^^^^^^^^^^^^^^^^^
  File "C:\Users\PC\anaconda3\envs\flower\Lib\site-packages\flwr\client\app.py", line 297, in _fit
    results = self.numpy_client.fit(parameters, ins.config)  # type: ignore
              ^^^^^^^^^^^^^^^^^^^^^^^^^^^^^^^^^^^^^^^^^^^^^
  File "C:\Users\PC\VscodeProjects\Tesi-Francesco\clients\client_scaffold.py", line 49, in fit
    self.set_parameters(parameters)
  File "C:\Users\PC\VscodeProjects\Tesi-Francesco\clients\client_scaffold.py", line 39, in set_parameters
    self.model.load_state_dict(state_dict, strict=True)
  File "C:\Users\PC\anaconda3\envs\flower\Lib\site-packages\torch\nn\modules\module.py", line 2215, in load_state_dict
    raise RuntimeError('Error(s) in loading state_dict for {}:\n\t{}'.format(
RuntimeError: Error(s) in loading state_dict for BinaryNet:
	Missing key(s) in state_dict: "fc2.bias", "fc3.weight", "fc3.bias".
[2024-09-19 11:56:37,639][flwr][ERROR] - [36mray::launch_and_fit()[39m (pid=18636, ip=127.0.0.1)
  File "python\ray\_raylet.pyx", line 1896, in ray._raylet.execute_task
  File "C:\Users\PC\anaconda3\envs\flower\Lib\site-packages\flwr\simulation\ray_transport\ray_client_proxy.py", line 148, in launch_and_fit
    return maybe_call_fit(
           ^^^^^^^^^^^^^^^
  File "C:\Users\PC\anaconda3\envs\flower\Lib\site-packages\flwr\client\client.py", line 184, in maybe_call_fit
    return client.fit(fit_ins)
           ^^^^^^^^^^^^^^^^^^^
  File "C:\Users\PC\anaconda3\envs\flower\Lib\site-packages\flwr\client\app.py", line 297, in _fit
    results = self.numpy_client.fit(parameters, ins.config)  # type: ignore
              ^^^^^^^^^^^^^^^^^^^^^^^^^^^^^^^^^^^^^^^^^^^^^
  File "C:\Users\PC\VscodeProjects\Tesi-Francesco\clients\client_scaffold.py", line 49, in fit
    self.set_parameters(parameters)
  File "C:\Users\PC\VscodeProjects\Tesi-Francesco\clients\client_scaffold.py", line 39, in set_parameters
    self.model.load_state_dict(state_dict, strict=True)
  File "C:\Users\PC\anaconda3\envs\flower\Lib\site-packages\torch\nn\modules\module.py", line 2215, in load_state_dict
    raise RuntimeError('Error(s) in loading state_dict for {}:\n\t{}'.format(
RuntimeError: Error(s) in loading state_dict for BinaryNet:
	Missing key(s) in state_dict: "fc2.bias", "fc3.weight", "fc3.bias".
[2024-09-19 11:56:37,650][flwr][DEBUG] - fit_round 1 received 0 results and 2 failures
[2024-09-19 11:56:37,683][flwr][INFO] - fit progress: (1, 37.7309632619222, {'global accuracy': 0.5616666666666666}, 3.3363122000009753)
[2024-09-19 11:56:37,685][flwr][DEBUG] - evaluate_round 1: strategy sampled 2 clients (out of 2)
[2024-09-19 11:56:46,878][flwr][DEBUG] - evaluate_round 1 received 2 results and 0 failures
