[2024-09-16 12:20:53,016][flwr][INFO] - Starting Flower simulation, config: ServerConfig(num_rounds=10, round_timeout=None)
[2024-09-16 12:21:07,946][flwr][INFO] - Flower VCE: Ray initialized with resources: {'object_store_memory': 808353792.0, 'CPU': 8.0, 'memory': 1616707584.0, 'node:127.0.0.1': 1.0, 'node:__internal_head__': 1.0}
[2024-09-16 12:21:07,946][flwr][INFO] - Initializing global parameters
[2024-09-16 12:21:07,947][flwr][INFO] - Requesting initial parameters from one random client
[2024-09-16 12:21:15,443][flwr][INFO] - Received initial parameters from one random client
[2024-09-16 12:21:15,444][flwr][INFO] - Evaluating initial parameters
[2024-09-16 12:21:15,493][flwr][INFO] - initial parameters (loss, other metrics): 6.811021423339843, {'accuracy': 0.5616666666666666}
[2024-09-16 12:21:15,495][flwr][INFO] - FL starting
[2024-09-16 12:21:15,495][flwr][DEBUG] - fit_round 1: strategy sampled 2 clients (out of 2)
[2024-09-16 12:21:41,442][flwr][DEBUG] - fit_round 1 received 2 results and 0 failures
[2024-09-16 12:21:41,446][flwr][WARNING] - No fit_metrics_aggregation_fn provided
[2024-09-16 12:21:41,497][flwr][INFO] - fit progress: (1, 1.0637638767560322, {'accuracy': 0.5616666666666666}, 26.001250600000276)
[2024-09-16 12:21:41,498][flwr][DEBUG] - evaluate_round 1: strategy sampled 2 clients (out of 2)
[2024-09-16 12:21:52,977][flwr][DEBUG] - evaluate_round 1 received 2 results and 0 failures
[2024-09-16 12:21:52,978][flwr][DEBUG] - fit_round 2: strategy sampled 2 clients (out of 2)
[2024-09-16 12:22:07,554][flwr][DEBUG] - fit_round 2 received 2 results and 0 failures
[2024-09-16 12:22:07,603][flwr][INFO] - fit progress: (2, 0.618137526512146, {'accuracy': 0.6372222222222222}, 52.107713200000035)
[2024-09-16 12:22:07,605][flwr][DEBUG] - evaluate_round 2: strategy sampled 2 clients (out of 2)
[2024-09-16 12:22:21,844][flwr][DEBUG] - evaluate_round 2 received 2 results and 0 failures
[2024-09-16 12:22:21,845][flwr][DEBUG] - fit_round 3: strategy sampled 2 clients (out of 2)
[2024-09-16 12:22:49,429][flwr][DEBUG] - fit_round 3 received 2 results and 0 failures
[2024-09-16 12:22:49,752][flwr][INFO] - fit progress: (3, 0.6060390750567118, {'accuracy': 0.6388888888888888}, 94.25721470000008)
[2024-09-16 12:22:49,757][flwr][DEBUG] - evaluate_round 3: strategy sampled 2 clients (out of 2)
[2024-09-16 12:23:07,174][flwr][DEBUG] - evaluate_round 3 received 2 results and 0 failures
[2024-09-16 12:23:07,175][flwr][DEBUG] - fit_round 4: strategy sampled 2 clients (out of 2)
[2024-09-16 12:23:23,541][flwr][DEBUG] - fit_round 4 received 2 results and 0 failures
[2024-09-16 12:23:23,596][flwr][INFO] - fit progress: (4, 0.601188079516093, {'accuracy': 0.6388888888888888}, 128.10131069999989)
[2024-09-16 12:23:23,598][flwr][DEBUG] - evaluate_round 4: strategy sampled 2 clients (out of 2)
[2024-09-16 12:23:48,528][flwr][DEBUG] - evaluate_round 4 received 2 results and 0 failures
[2024-09-16 12:23:48,535][flwr][DEBUG] - fit_round 5: strategy sampled 2 clients (out of 2)
[2024-09-16 12:24:02,075][flwr][DEBUG] - fit_round 5 received 2 results and 0 failures
[2024-09-16 12:24:02,239][flwr][INFO] - fit progress: (5, 0.5684740602970123, {'accuracy': 0.6983333333333334}, 166.74331149999944)
[2024-09-16 12:24:02,244][flwr][DEBUG] - evaluate_round 5: strategy sampled 2 clients (out of 2)
[2024-09-16 12:24:18,869][flwr][DEBUG] - evaluate_round 5 received 2 results and 0 failures
[2024-09-16 12:24:18,870][flwr][DEBUG] - fit_round 6: strategy sampled 2 clients (out of 2)
[2024-09-16 12:24:42,255][flwr][DEBUG] - fit_round 6 received 2 results and 0 failures
[2024-09-16 12:24:42,584][flwr][INFO] - fit progress: (6, 0.5751383344332377, {'accuracy': 0.6722222222222223}, 207.08842670000013)
[2024-09-16 12:24:42,591][flwr][DEBUG] - evaluate_round 6: strategy sampled 2 clients (out of 2)
[2024-09-16 12:25:00,790][flwr][DEBUG] - evaluate_round 6 received 2 results and 0 failures
[2024-09-16 12:25:00,791][flwr][DEBUG] - fit_round 7: strategy sampled 2 clients (out of 2)
[2024-09-16 12:25:19,359][flwr][DEBUG] - fit_round 7 received 2 results and 0 failures
[2024-09-16 12:25:19,411][flwr][INFO] - fit progress: (7, 0.5694334546724955, {'accuracy': 0.6755555555555556}, 243.91492819999985)
[2024-09-16 12:25:19,412][flwr][DEBUG] - evaluate_round 7: strategy sampled 2 clients (out of 2)
[2024-09-16 12:25:34,110][flwr][DEBUG] - evaluate_round 7 received 2 results and 0 failures
[2024-09-16 12:25:34,111][flwr][DEBUG] - fit_round 8: strategy sampled 2 clients (out of 2)
[2024-09-16 12:25:50,584][flwr][DEBUG] - fit_round 8 received 2 results and 0 failures
[2024-09-16 12:25:50,895][flwr][INFO] - fit progress: (8, 0.530124674240748, {'accuracy': 0.7416666666666667}, 275.3989851999995)
[2024-09-16 12:25:50,900][flwr][DEBUG] - evaluate_round 8: strategy sampled 2 clients (out of 2)
[2024-09-16 12:26:07,124][flwr][DEBUG] - evaluate_round 8 received 2 results and 0 failures
[2024-09-16 12:26:07,125][flwr][DEBUG] - fit_round 9: strategy sampled 2 clients (out of 2)
[2024-09-16 12:26:21,076][flwr][DEBUG] - fit_round 9 received 2 results and 0 failures
[2024-09-16 12:26:21,119][flwr][INFO] - fit progress: (9, 0.5353464007377624, {'accuracy': 0.7338888888888889}, 305.6229905)
[2024-09-16 12:26:21,120][flwr][DEBUG] - evaluate_round 9: strategy sampled 2 clients (out of 2)
[2024-09-16 12:26:33,675][flwr][DEBUG] - evaluate_round 9 received 2 results and 0 failures
[2024-09-16 12:26:33,676][flwr][DEBUG] - fit_round 10: strategy sampled 2 clients (out of 2)
[2024-09-16 12:26:48,831][flwr][DEBUG] - fit_round 10 received 2 results and 0 failures
[2024-09-16 12:26:48,882][flwr][INFO] - fit progress: (10, 0.6187044699986776, {'accuracy': 0.6461111111111111}, 333.3866911999994)
[2024-09-16 12:26:48,883][flwr][DEBUG] - evaluate_round 10: strategy sampled 2 clients (out of 2)
[2024-09-16 12:27:18,134][flwr][DEBUG] - evaluate_round 10 received 2 results and 0 failures
[2024-09-16 12:27:18,135][flwr][INFO] - FL finished in 362.63919579999947
[2024-09-16 12:27:18,136][flwr][INFO] - app_fit: losses_distributed [(1, 0.9641657024621964), (2, 0.6038495368427701), (3, 0.5887191750937038), (4, 0.5781328943040636), (5, 0.5750080777539147), (6, 0.5544160885943307), (7, 0.5447306401199765), (8, 0.5413459489742914), (9, 0.5575078609916899), (10, 0.5733877047896385)]
[2024-09-16 12:27:18,138][flwr][INFO] - app_fit: metrics_distributed_fit {}
[2024-09-16 12:27:18,139][flwr][INFO] - app_fit: metrics_distributed {'accuracy': [(1, 0.5833333333333334), (2, 0.6388888888888888), (3, 0.6388888888888888), (4, 0.6388888888888888), (5, 0.6944444444444444), (6, 0.6944444444444444), (7, 0.6944444444444444), (8, 0.7222222222222222), (9, 0.7222222222222222), (10, 0.6666666666666666)]}
[2024-09-16 12:27:18,140][flwr][INFO] - app_fit: losses_centralized [(0, 6.811021423339843), (1, 1.0637638767560322), (2, 0.618137526512146), (3, 0.6060390750567118), (4, 0.601188079516093), (5, 0.5684740602970123), (6, 0.5751383344332377), (7, 0.5694334546724955), (8, 0.530124674240748), (9, 0.5353464007377624), (10, 0.6187044699986776)]
[2024-09-16 12:27:18,141][flwr][INFO] - app_fit: metrics_centralized {'accuracy': [(0, 0.5616666666666666), (1, 0.5616666666666666), (2, 0.6372222222222222), (3, 0.6388888888888888), (4, 0.6388888888888888), (5, 0.6983333333333334), (6, 0.6722222222222223), (7, 0.6755555555555556), (8, 0.7416666666666667), (9, 0.7338888888888889), (10, 0.6461111111111111)]}
