[2024-10-23 18:08:41,055][flwr][WARNING] - Both server and strategy were provided, ignoring strategy
[2024-10-23 18:08:41,055][flwr][INFO] - Starting Flower simulation, config: num_rounds=3, no round_timeout
[2024-10-23 18:08:49,925][flwr][INFO] - Flower VCE: Ray initialized with resources: {'CPU': 8.0, 'object_store_memory': 759469670.0, 'node:127.0.0.1': 1.0, 'node:__internal_head__': 1.0, 'memory': 1518939342.0}
[2024-10-23 18:08:49,925][flwr][INFO] - Optimize your simulation with Flower VCE: https://flower.ai/docs/framework/how-to-run-simulations.html
[2024-10-23 18:08:49,925][flwr][INFO] - Flower VCE: Resources for each Virtual Client: {'num_cpus': 4, 'num_gpus': 0.0}
[2024-10-23 18:08:49,963][flwr][INFO] - Flower VCE: Creating VirtualClientEngineActorPool with 2 actors
[2024-10-23 18:08:49,964][flwr][INFO] - [INIT]
[2024-10-23 18:08:49,965][flwr][INFO] - Requesting initial parameters from one random client
[2024-10-23 18:08:55,372][flwr][INFO] - Received initial parameters from one random client
[2024-10-23 18:08:55,372][flwr][INFO] - Starting evaluation of initial global parameters
[2024-10-23 18:08:55,433][flwr][INFO] - initial parameters (loss, other metrics): -0.12613241182906287, {'accuracy': 0.0, 'f1-score': 0.0}
[2024-10-23 18:08:55,434][flwr][INFO] - 
[2024-10-23 18:08:55,434][flwr][INFO] - [ROUND 1]
[2024-10-23 18:08:55,435][flwr][INFO] - configure_fit: strategy sampled 3 clients (out of 3)
[2024-10-23 18:09:13,888][flwr][INFO] - aggregate_fit: received 3 results and 0 failures
[2024-10-23 18:09:13,888][flwr][WARNING] - No fit_metrics_aggregation_fn provided
[2024-10-23 18:09:13,927][flwr][INFO] - fit progress: (1, -0.9338362864085606, {'accuracy': 1.0, 'f1-score': 1.0}, 18.504053399999975)
[2024-10-23 18:09:13,927][flwr][INFO] - configure_evaluate: no clients selected, skipping evaluation
[2024-10-23 18:09:13,927][flwr][INFO] - 
[2024-10-23 18:09:13,941][flwr][INFO] - [ROUND 2]
[2024-10-23 18:09:13,941][flwr][INFO] - configure_fit: strategy sampled 3 clients (out of 3)
