[2024-09-12 12:35:40,458][flwr][INFO] - Starting Flower simulation, config: ServerConfig(num_rounds=10, round_timeout=None)
[2024-09-12 12:35:53,584][flwr][INFO] - Flower VCE: Ray initialized with resources: {'CPU': 8.0, 'node:__internal_head__': 1.0, 'object_store_memory': 834362572.0, 'node:127.0.0.1': 1.0, 'memory': 1668725147.0}
[2024-09-12 12:35:53,585][flwr][INFO] - Initializing global parameters
[2024-09-12 12:35:53,586][flwr][INFO] - Requesting initial parameters from one random client
[2024-09-12 12:36:01,597][flwr][INFO] - Received initial parameters from one random client
[2024-09-12 12:36:01,598][flwr][INFO] - Evaluating initial parameters
[2024-09-12 12:36:01,656][flwr][INFO] - initial parameters (loss, other metrics): 4.653422816594442, {'val accuracy': 0.43833333333333335}
[2024-09-12 12:36:01,658][flwr][INFO] - FL starting
[2024-09-12 12:36:01,659][flwr][DEBUG] - fit_round 1: strategy sampled 2 clients (out of 2)
[2024-09-12 12:36:23,855][flwr][DEBUG] - fit_round 1 received 2 results and 0 failures
[2024-09-12 12:36:23,858][flwr][WARNING] - No fit_metrics_aggregation_fn provided
[2024-09-12 12:36:23,910][flwr][INFO] - fit progress: (1, 0.6805291175842285, {'val accuracy': 0.56}, 22.251297700000578)
[2024-09-12 12:36:23,911][flwr][DEBUG] - evaluate_round 1: strategy sampled 2 clients (out of 2)
[2024-09-12 12:36:36,876][flwr][DEBUG] - evaluate_round 1 received 2 results and 0 failures
[2024-09-12 12:36:36,877][flwr][DEBUG] - fit_round 2: strategy sampled 2 clients (out of 2)
[2024-09-12 12:36:57,406][flwr][DEBUG] - fit_round 2 received 2 results and 0 failures
[2024-09-12 12:36:57,466][flwr][INFO] - fit progress: (2, 0.8610498150189717, {'val accuracy': 0.5288888888888889}, 55.80689130000064)
[2024-09-12 12:36:57,467][flwr][DEBUG] - evaluate_round 2: strategy sampled 2 clients (out of 2)
[2024-09-12 12:37:26,044][flwr][DEBUG] - evaluate_round 2 received 2 results and 0 failures
[2024-09-12 12:37:26,050][flwr][DEBUG] - fit_round 3: strategy sampled 2 clients (out of 2)
[2024-09-12 12:37:44,759][flwr][DEBUG] - fit_round 3 received 2 results and 0 failures
[2024-09-12 12:37:44,811][flwr][INFO] - fit progress: (3, 0.6312916040420532, {'val accuracy': 0.625}, 103.1521442000012)
[2024-09-12 12:37:44,813][flwr][DEBUG] - evaluate_round 3: strategy sampled 2 clients (out of 2)
[2024-09-12 12:37:57,435][flwr][DEBUG] - evaluate_round 3 received 2 results and 0 failures
[2024-09-12 12:37:57,436][flwr][DEBUG] - fit_round 4: strategy sampled 2 clients (out of 2)
[2024-09-12 12:38:10,716][flwr][DEBUG] - fit_round 4 received 2 results and 0 failures
[2024-09-12 12:38:10,775][flwr][INFO] - fit progress: (4, 0.5621996998786927, {'val accuracy': 0.7183333333333334}, 129.1159191000006)
[2024-09-12 12:38:10,776][flwr][DEBUG] - evaluate_round 4: strategy sampled 2 clients (out of 2)
[2024-09-12 12:38:45,730][flwr][DEBUG] - evaluate_round 4 received 2 results and 0 failures
[2024-09-12 12:38:45,731][flwr][DEBUG] - fit_round 5: strategy sampled 2 clients (out of 2)
[2024-09-12 12:38:58,163][flwr][DEBUG] - fit_round 5 received 2 results and 0 failures
[2024-09-12 12:38:58,216][flwr][INFO] - fit progress: (5, 0.5359084765116374, {'val accuracy': 0.7572222222222222}, 176.55641300000025)
[2024-09-12 12:38:58,218][flwr][DEBUG] - evaluate_round 5: strategy sampled 2 clients (out of 2)
[2024-09-12 12:39:11,816][flwr][DEBUG] - evaluate_round 5 received 2 results and 0 failures
[2024-09-12 12:39:11,817][flwr][DEBUG] - fit_round 6: strategy sampled 2 clients (out of 2)
[2024-09-12 12:39:37,782][flwr][DEBUG] - fit_round 6 received 2 results and 0 failures
[2024-09-12 12:39:37,828][flwr][INFO] - fit progress: (6, 0.5242060760656992, {'val accuracy': 0.7627777777777778}, 216.1690309000005)
[2024-09-12 12:39:37,830][flwr][DEBUG] - evaluate_round 6: strategy sampled 2 clients (out of 2)
[2024-09-12 12:39:48,729][flwr][DEBUG] - evaluate_round 6 received 2 results and 0 failures
[2024-09-12 12:39:48,730][flwr][DEBUG] - fit_round 7: strategy sampled 2 clients (out of 2)
[2024-09-12 12:40:32,995][flwr][DEBUG] - fit_round 7 received 2 results and 0 failures
[2024-09-12 12:40:33,065][flwr][INFO] - fit progress: (7, 0.5151176671187083, {'val accuracy': 0.7522222222222222}, 271.40618330000143)
[2024-09-12 12:40:33,066][flwr][DEBUG] - evaluate_round 7: strategy sampled 2 clients (out of 2)
[2024-09-12 12:40:54,426][flwr][DEBUG] - evaluate_round 7 received 2 results and 0 failures
[2024-09-12 12:40:54,427][flwr][DEBUG] - fit_round 8: strategy sampled 2 clients (out of 2)
[2024-09-12 12:41:18,890][flwr][DEBUG] - fit_round 8 received 2 results and 0 failures
[2024-09-12 12:41:19,236][flwr][INFO] - fit progress: (8, 0.47210923830668133, {'val accuracy': 0.8094444444444444}, 317.5764325)
[2024-09-12 12:41:19,242][flwr][DEBUG] - evaluate_round 8: strategy sampled 2 clients (out of 2)
[2024-09-12 12:41:32,332][flwr][DEBUG] - evaluate_round 8 received 2 results and 0 failures
[2024-09-12 12:41:32,334][flwr][DEBUG] - fit_round 9: strategy sampled 2 clients (out of 2)
[2024-09-12 12:41:52,346][flwr][DEBUG] - fit_round 9 received 2 results and 0 failures
[2024-09-12 12:41:52,395][flwr][INFO] - fit progress: (9, 0.47803136507670085, {'val accuracy': 0.7822222222222223}, 350.7353622999999)
[2024-09-12 12:41:52,396][flwr][DEBUG] - evaluate_round 9: strategy sampled 2 clients (out of 2)
[2024-09-12 12:42:10,326][flwr][DEBUG] - evaluate_round 9 received 2 results and 0 failures
[2024-09-12 12:42:10,327][flwr][DEBUG] - fit_round 10: strategy sampled 2 clients (out of 2)
[2024-09-12 12:42:28,876][flwr][DEBUG] - fit_round 10 received 2 results and 0 failures
[2024-09-12 12:42:28,925][flwr][INFO] - fit progress: (10, 0.4464899639288584, {'val accuracy': 0.8183333333333334}, 387.2663014999998)
[2024-09-12 12:42:28,926][flwr][DEBUG] - evaluate_round 10: strategy sampled 2 clients (out of 2)
[2024-09-12 12:42:47,500][flwr][DEBUG] - evaluate_round 10 received 2 results and 0 failures
[2024-09-12 12:42:47,501][flwr][INFO] - FL finished in 405.8419536000001
[2024-09-12 12:42:47,502][flwr][INFO] - app_fit: losses_distributed [(1, 0.7110851837529076), (2, 0.9264267500903871), (3, 0.6549509871337149), (4, 0.5567520956198374), (5, 0.5383461051517062), (6, 0.5418240543868806), (7, 0.5382566120889452), (8, 0.48459029611614013), (9, 0.5030972883105278), (10, 0.46123577240440583)]
[2024-09-12 12:42:47,503][flwr][INFO] - app_fit: metrics_distributed_fit {}
[2024-09-12 12:42:47,504][flwr][INFO] - app_fit: metrics_distributed {'accuracy': [(1, 0.5277777777777778), (2, 0.4722222222222222), (3, 0.5833333333333334), (4, 0.7222222222222222), (5, 0.75), (6, 0.75), (7, 0.75), (8, 0.8055555555555556), (9, 0.75), (10, 0.8055555555555556)]}
[2024-09-12 12:42:47,505][flwr][INFO] - app_fit: losses_centralized [(0, 4.653422816594442), (1, 0.6805291175842285), (2, 0.8610498150189717), (3, 0.6312916040420532), (4, 0.5621996998786927), (5, 0.5359084765116374), (6, 0.5242060760656992), (7, 0.5151176671187083), (8, 0.47210923830668133), (9, 0.47803136507670085), (10, 0.4464899639288584)]
[2024-09-12 12:42:47,506][flwr][INFO] - app_fit: metrics_centralized {'val accuracy': [(0, 0.43833333333333335), (1, 0.56), (2, 0.5288888888888889), (3, 0.625), (4, 0.7183333333333334), (5, 0.7572222222222222), (6, 0.7627777777777778), (7, 0.7522222222222222), (8, 0.8094444444444444), (9, 0.7822222222222223), (10, 0.8183333333333334)]}
