[2024-09-21 11:14:24,892][flwr][WARNING] - Both server and strategy were provided, ignoring strategy
[2024-09-21 11:14:24,892][flwr][INFO] - Starting Flower simulation, config: ServerConfig(num_rounds=50, round_timeout=None)
[2024-09-21 11:14:35,866][flwr][INFO] - Flower VCE: Ray initialized with resources: {'node:__internal_head__': 1.0, 'object_store_memory': 744993177.0, 'memory': 1489986356.0, 'CPU': 12.0, 'node:127.0.0.1': 1.0}
[2024-09-21 11:14:35,866][flwr][INFO] - Initializing global parameters
[2024-09-21 11:14:35,866][flwr][INFO] - Requesting initial parameters from one random client
[2024-09-21 11:14:40,761][flwr][INFO] - Received initial parameters from one random client
[2024-09-21 11:14:40,775][flwr][INFO] - Evaluating initial parameters
[2024-09-21 11:14:40,962][flwr][INFO] - initial parameters (loss, other metrics): 0.0055367122071906865, {'accuracy': 0.40556781947510423, 'f1-score': 0.574339158689734}
[2024-09-21 11:14:40,962][flwr][INFO] - FL starting
[2024-09-21 11:14:40,962][flwr][DEBUG] - fit_round 1: strategy sampled 2 clients (out of 2)
[2024-09-21 11:14:59,721][flwr][DEBUG] - fit_round 1 received 2 results and 0 failures
[2024-09-21 11:14:59,725][flwr][WARNING] - No fit_metrics_aggregation_fn provided
[2024-09-21 11:14:59,927][flwr][INFO] - fit progress: (1, 0.0004460677170570001, {'accuracy': 0.9901888643610498, 'f1-score': 0.9877675840978594}, 18.96654269999999)
[2024-09-21 11:14:59,927][flwr][INFO] - evaluate_round 1: no clients selected, cancel
[2024-09-21 11:14:59,927][flwr][DEBUG] - fit_round 2: strategy sampled 2 clients (out of 2)
[2024-09-21 11:15:13,301][flwr][DEBUG] - fit_round 2 received 2 results and 0 failures
[2024-09-21 11:15:13,465][flwr][INFO] - fit progress: (2, 0.00023619512503572412, {'accuracy': 0.9922737306843267, 'f1-score': 0.9904211646647407}, 32.510549600000104)
[2024-09-21 11:15:13,465][flwr][INFO] - evaluate_round 2: no clients selected, cancel
[2024-09-21 11:15:13,465][flwr][DEBUG] - fit_round 3: strategy sampled 2 clients (out of 2)
[2024-09-21 11:15:26,594][flwr][DEBUG] - fit_round 3 received 2 results and 0 failures
[2024-09-21 11:15:26,775][flwr][INFO] - fit progress: (3, 0.00016738457539225505, {'accuracy': 0.9938680402256561, 'f1-score': 0.9923826934795856}, 45.81740720000016)
[2024-09-21 11:15:26,775][flwr][INFO] - evaluate_round 3: no clients selected, cancel
[2024-09-21 11:15:26,775][flwr][DEBUG] - fit_round 4: strategy sampled 2 clients (out of 2)
[2024-09-21 11:15:39,848][flwr][DEBUG] - fit_round 4 received 2 results and 0 failures
[2024-09-21 11:15:40,030][flwr][INFO] - fit progress: (4, 0.00014259780318308818, {'accuracy': 0.9946038753985774, 'f1-score': 0.9933232169954477}, 59.070188500000086)
[2024-09-21 11:15:40,030][flwr][INFO] - evaluate_round 4: no clients selected, cancel
[2024-09-21 11:15:40,030][flwr][DEBUG] - fit_round 5: strategy sampled 2 clients (out of 2)
[2024-09-21 11:15:53,250][flwr][DEBUG] - fit_round 5 received 2 results and 0 failures
[2024-09-21 11:15:53,430][flwr][INFO] - fit progress: (5, 0.00011364360643356128, {'accuracy': 0.9960755457444199, 'f1-score': 0.9951397326852977}, 72.47013570000013)
[2024-09-21 11:15:53,430][flwr][INFO] - evaluate_round 5: no clients selected, cancel
[2024-09-21 11:15:53,430][flwr][DEBUG] - fit_round 6: strategy sampled 2 clients (out of 2)
[2024-09-21 11:16:06,798][flwr][DEBUG] - fit_round 6 received 2 results and 0 failures
[2024-09-21 11:16:06,982][flwr][INFO] - fit progress: (6, 0.00010513187260914074, {'accuracy': 0.9966887417218543, 'f1-score': 0.9958747135217724}, 86.0230411)
[2024-09-21 11:16:06,982][flwr][INFO] - evaluate_round 6: no clients selected, cancel
[2024-09-21 11:16:06,989][flwr][DEBUG] - fit_round 7: strategy sampled 2 clients (out of 2)
[2024-09-21 11:16:20,044][flwr][DEBUG] - fit_round 7 received 2 results and 0 failures
[2024-09-21 11:16:20,250][flwr][INFO] - fit progress: (7, 0.0001443274223686785, {'accuracy': 0.9909246995339711, 'f1-score': 0.9886083743842364}, 99.28779600000007)
[2024-09-21 11:16:20,250][flwr][INFO] - evaluate_round 7: no clients selected, cancel
[2024-09-21 11:16:20,250][flwr][DEBUG] - fit_round 8: strategy sampled 2 clients (out of 2)
[2024-09-21 11:16:33,430][flwr][DEBUG] - fit_round 8 received 2 results and 0 failures
[2024-09-21 11:16:33,591][flwr][INFO] - fit progress: (8, 0.00010388906599281264, {'accuracy': 0.9948491537895512, 'f1-score': 0.9935681470137825}, 112.64151290000018)
[2024-09-21 11:16:33,607][flwr][INFO] - evaluate_round 8: no clients selected, cancel
[2024-09-21 11:16:33,607][flwr][DEBUG] - fit_round 9: strategy sampled 2 clients (out of 2)
[2024-09-21 11:16:46,745][flwr][DEBUG] - fit_round 9 received 2 results and 0 failures
[2024-09-21 11:16:46,911][flwr][INFO] - fit progress: (9, 0.00010356508920504648, {'accuracy': 0.9944812362030905, 'f1-score': 0.9931475559616263}, 125.9543341000001)
[2024-09-21 11:16:46,911][flwr][INFO] - evaluate_round 9: no clients selected, cancel
[2024-09-21 11:16:46,911][flwr][DEBUG] - fit_round 10: strategy sampled 2 clients (out of 2)
[2024-09-21 11:17:00,118][flwr][DEBUG] - fit_round 10 received 2 results and 0 failures
[2024-09-21 11:17:00,306][flwr][INFO] - fit progress: (10, 7.354806946624352e-05, {'accuracy': 0.9981604120676968, 'f1-score': 0.9977186311787072}, 139.3518864)
[2024-09-21 11:17:00,306][flwr][INFO] - evaluate_round 10: no clients selected, cancel
[2024-09-21 11:17:00,306][flwr][DEBUG] - fit_round 11: strategy sampled 2 clients (out of 2)
[2024-09-21 11:17:13,499][flwr][DEBUG] - fit_round 11 received 2 results and 0 failures
[2024-09-21 11:17:13,679][flwr][INFO] - fit progress: (11, 8.060246736447649e-05, {'accuracy': 0.9968113809173412, 'f1-score': 0.9960510328068044}, 152.71615530000008)
[2024-09-21 11:17:13,679][flwr][INFO] - evaluate_round 11: no clients selected, cancel
[2024-09-21 11:17:13,679][flwr][DEBUG] - fit_round 12: strategy sampled 2 clients (out of 2)
[2024-09-21 11:17:27,963][flwr][DEBUG] - fit_round 12 received 2 results and 0 failures
[2024-09-21 11:17:28,170][flwr][INFO] - fit progress: (12, 7.7579532321667e-05, {'accuracy': 0.9964434633308805, 'f1-score': 0.9956000606888181}, 167.20716500000003)
[2024-09-21 11:17:28,170][flwr][INFO] - evaluate_round 12: no clients selected, cancel
[2024-09-21 11:17:28,170][flwr][DEBUG] - fit_round 13: strategy sampled 2 clients (out of 2)
[2024-09-21 11:17:42,136][flwr][DEBUG] - fit_round 13 received 2 results and 0 failures
[2024-09-21 11:17:42,309][flwr][INFO] - fit progress: (13, 6.883276563520052e-05, {'accuracy': 0.9975472160902624, 'f1-score': 0.9969530773918343}, 181.35142830000018)
[2024-09-21 11:17:42,309][flwr][INFO] - evaluate_round 13: no clients selected, cancel
[2024-09-21 11:17:42,309][flwr][DEBUG] - fit_round 14: strategy sampled 2 clients (out of 2)
[2024-09-21 11:17:55,553][flwr][DEBUG] - fit_round 14 received 2 results and 0 failures
[2024-09-21 11:17:55,727][flwr][INFO] - fit progress: (14, 9.018528668211281e-05, {'accuracy': 0.9948491537895512, 'f1-score': 0.9936363636363637}, 194.76592690000007)
[2024-09-21 11:17:55,727][flwr][INFO] - evaluate_round 14: no clients selected, cancel
[2024-09-21 11:17:55,727][flwr][DEBUG] - fit_round 15: strategy sampled 2 clients (out of 2)
[2024-09-21 11:18:08,961][flwr][DEBUG] - fit_round 15 received 2 results and 0 failures
[2024-09-21 11:18:09,150][flwr][INFO] - fit progress: (15, 6.23067798809271e-05, {'accuracy': 0.99803777287221, 'f1-score': 0.9975617189881134}, 208.1865064000001)
[2024-09-21 11:18:09,150][flwr][INFO] - evaluate_round 15: no clients selected, cancel
[2024-09-21 11:18:09,150][flwr][DEBUG] - fit_round 16: strategy sampled 2 clients (out of 2)
[2024-09-21 11:18:22,970][flwr][DEBUG] - fit_round 16 received 2 results and 0 failures
[2024-09-21 11:18:23,164][flwr][INFO] - fit progress: (16, 6.230129445492394e-05, {'accuracy': 0.9975472160902624, 'f1-score': 0.9969493593654668}, 222.2120648)
[2024-09-21 11:18:23,164][flwr][INFO] - evaluate_round 16: no clients selected, cancel
[2024-09-21 11:18:23,178][flwr][DEBUG] - fit_round 17: strategy sampled 2 clients (out of 2)
[2024-09-21 11:18:36,803][flwr][DEBUG] - fit_round 17 received 2 results and 0 failures
[2024-09-21 11:18:36,987][flwr][INFO] - fit progress: (17, 8.06653109828955e-05, {'accuracy': 0.9948491537895512, 'f1-score': 0.9936092513694461}, 236.0374594)
[2024-09-21 11:18:37,003][flwr][INFO] - evaluate_round 17: no clients selected, cancel
[2024-09-21 11:18:37,003][flwr][DEBUG] - fit_round 18: strategy sampled 2 clients (out of 2)
[2024-09-21 11:18:50,456][flwr][DEBUG] - fit_round 18 received 2 results and 0 failures
[2024-09-21 11:18:50,626][flwr][INFO] - fit progress: (18, 7.865218353600063e-05, {'accuracy': 0.9953397105714986, 'f1-score': 0.9942336874051594}, 249.67018400000006)
[2024-09-21 11:18:50,626][flwr][INFO] - evaluate_round 18: no clients selected, cancel
[2024-09-21 11:18:50,626][flwr][DEBUG] - fit_round 19: strategy sampled 2 clients (out of 2)
[2024-09-21 11:19:03,769][flwr][DEBUG] - fit_round 19 received 2 results and 0 failures
[2024-09-21 11:19:03,940][flwr][INFO] - fit progress: (19, 5.373305478609402e-05, {'accuracy': 0.9985283296541575, 'f1-score': 0.998172403289674}, 262.9779803000001)
[2024-09-21 11:19:03,940][flwr][INFO] - evaluate_round 19: no clients selected, cancel
[2024-09-21 11:19:03,940][flwr][DEBUG] - fit_round 20: strategy sampled 2 clients (out of 2)
[2024-09-21 11:19:17,231][flwr][DEBUG] - fit_round 20 received 2 results and 0 failures
[2024-09-21 11:19:17,400][flwr][INFO] - fit progress: (20, 5.726475099354709e-05, {'accuracy': 0.9977924944812362, 'f1-score': 0.9972560975609757}, 276.4454524)
[2024-09-21 11:19:17,400][flwr][INFO] - evaluate_round 20: no clients selected, cancel
[2024-09-21 11:19:17,400][flwr][DEBUG] - fit_round 21: strategy sampled 2 clients (out of 2)
[2024-09-21 11:19:30,582][flwr][DEBUG] - fit_round 21 received 2 results and 0 failures
[2024-09-21 11:19:30,788][flwr][INFO] - fit progress: (21, 6.263213100731942e-05, {'accuracy': 0.9971792985038018, 'f1-score': 0.9964944368236549}, 289.8259373000001)
[2024-09-21 11:19:30,788][flwr][INFO] - evaluate_round 21: no clients selected, cancel
[2024-09-21 11:19:30,788][flwr][DEBUG] - fit_round 22: strategy sampled 2 clients (out of 2)
[2024-09-21 11:19:43,942][flwr][DEBUG] - fit_round 22 received 2 results and 0 failures
[2024-09-21 11:19:44,115][flwr][INFO] - fit progress: (22, 5.853927470839027e-05, {'accuracy': 0.9976698552857494, 'f1-score': 0.9971076267316182}, 303.15855610000017)
[2024-09-21 11:19:44,115][flwr][INFO] - evaluate_round 22: no clients selected, cancel
[2024-09-21 11:19:44,115][flwr][DEBUG] - fit_round 23: strategy sampled 2 clients (out of 2)
[2024-09-21 11:19:57,632][flwr][DEBUG] - fit_round 23 received 2 results and 0 failures
[2024-09-21 11:19:57,795][flwr][INFO] - fit progress: (23, 5.916854183031866e-05, {'accuracy': 0.9965661025263675, 'f1-score': 0.9957238851557727}, 316.8312807)
[2024-09-21 11:19:57,795][flwr][INFO] - evaluate_round 23: no clients selected, cancel
[2024-09-21 11:19:57,795][flwr][DEBUG] - fit_round 24: strategy sampled 2 clients (out of 2)
[2024-09-21 11:20:10,947][flwr][DEBUG] - fit_round 24 received 2 results and 0 failures
[2024-09-21 11:20:11,140][flwr][INFO] - fit progress: (24, 5.654882622194583e-05, {'accuracy': 0.9971792985038018, 'f1-score': 0.9965050904117915}, 330.1787833000001)
[2024-09-21 11:20:11,140][flwr][INFO] - evaluate_round 24: no clients selected, cancel
[2024-09-21 11:20:11,140][flwr][DEBUG] - fit_round 25: strategy sampled 2 clients (out of 2)
[2024-09-21 11:20:24,344][flwr][DEBUG] - fit_round 25 received 2 results and 0 failures
[2024-09-21 11:20:24,532][flwr][INFO] - fit progress: (25, 6.0853384983338254e-05, {'accuracy': 0.9969340201128281, 'f1-score': 0.996193086645348}, 343.5693193000002)
[2024-09-21 11:20:24,532][flwr][INFO] - evaluate_round 25: no clients selected, cancel
[2024-09-21 11:20:24,532][flwr][DEBUG] - fit_round 26: strategy sampled 2 clients (out of 2)
[2024-09-21 11:20:37,566][flwr][DEBUG] - fit_round 26 received 2 results and 0 failures
[2024-09-21 11:20:37,738][flwr][INFO] - fit progress: (26, 5.0019092922973295e-05, {'accuracy': 0.9971792985038018, 'f1-score': 0.9965082738727797}, 356.77914450000003)
[2024-09-21 11:20:37,738][flwr][INFO] - evaluate_round 26: no clients selected, cancel
[2024-09-21 11:20:37,738][flwr][DEBUG] - fit_round 27: strategy sampled 2 clients (out of 2)
[2024-09-21 11:20:50,834][flwr][DEBUG] - fit_round 27 received 2 results and 0 failures
[2024-09-21 11:20:51,070][flwr][INFO] - fit progress: (27, 6.202543594842518e-05, {'accuracy': 0.9961981849399068, 'f1-score': 0.9952707856598016}, 370.1152426000001)
[2024-09-21 11:20:51,070][flwr][INFO] - evaluate_round 27: no clients selected, cancel
[2024-09-21 11:20:51,070][flwr][DEBUG] - fit_round 28: strategy sampled 2 clients (out of 2)
[2024-09-21 11:21:04,606][flwr][DEBUG] - fit_round 28 received 2 results and 0 failures
[2024-09-21 11:21:04,794][flwr][INFO] - fit progress: (28, 7.641605223030884e-05, {'accuracy': 0.9955849889624724, 'f1-score': 0.9945021380574222}, 383.8305485000001)
[2024-09-21 11:21:04,794][flwr][INFO] - evaluate_round 28: no clients selected, cancel
[2024-09-21 11:21:04,794][flwr][DEBUG] - fit_round 29: strategy sampled 2 clients (out of 2)
[2024-09-21 11:21:16,559][flwr][DEBUG] - fit_round 29 received 2 results and 0 failures
[2024-09-21 11:21:16,733][flwr][INFO] - fit progress: (29, 5.619081805199898e-05, {'accuracy': 0.9970566593083149, 'f1-score': 0.9963503649635036}, 395.7765962000001)
[2024-09-21 11:21:16,733][flwr][INFO] - evaluate_round 29: no clients selected, cancel
[2024-09-21 11:21:16,733][flwr][DEBUG] - fit_round 30: strategy sampled 2 clients (out of 2)
[2024-09-21 11:21:28,355][flwr][DEBUG] - fit_round 30 received 2 results and 0 failures
[2024-09-21 11:21:28,523][flwr][INFO] - fit progress: (30, 5.7004118630307805e-05, {'accuracy': 0.9970566593083149, 'f1-score': 0.9963403476669717}, 407.5624891)
[2024-09-21 11:21:28,523][flwr][INFO] - evaluate_round 30: no clients selected, cancel
[2024-09-21 11:21:28,523][flwr][DEBUG] - fit_round 31: strategy sampled 2 clients (out of 2)
[2024-09-21 11:21:39,989][flwr][DEBUG] - fit_round 31 received 2 results and 0 failures
[2024-09-21 11:21:40,131][flwr][INFO] - fit progress: (31, 3.993964716372253e-05, {'accuracy': 0.9986509688496443, 'f1-score': 0.9983259777811596}, 419.1778604000001)
[2024-09-21 11:21:40,131][flwr][INFO] - evaluate_round 31: no clients selected, cancel
[2024-09-21 11:21:40,131][flwr][DEBUG] - fit_round 32: strategy sampled 2 clients (out of 2)
[2024-09-21 11:21:51,606][flwr][DEBUG] - fit_round 32 received 2 results and 0 failures
[2024-09-21 11:21:51,738][flwr][INFO] - fit progress: (32, 8.587177790437148e-05, {'accuracy': 0.9947265145940642, 'f1-score': 0.9934180315322211}, 430.7870297000002)
[2024-09-21 11:21:51,738][flwr][INFO] - evaluate_round 32: no clients selected, cancel
[2024-09-21 11:21:51,738][flwr][DEBUG] - fit_round 33: strategy sampled 2 clients (out of 2)
[2024-09-21 11:22:03,408][flwr][DEBUG] - fit_round 33 received 2 results and 0 failures
[2024-09-21 11:22:03,560][flwr][INFO] - fit progress: (33, 5.235157009519664e-05, {'accuracy': 0.9973019376992887, 'f1-score': 0.9966555183946488}, 442.60422470000003)
[2024-09-21 11:22:03,560][flwr][INFO] - evaluate_round 33: no clients selected, cancel
[2024-09-21 11:22:03,560][flwr][DEBUG] - fit_round 34: strategy sampled 2 clients (out of 2)
[2024-09-21 11:22:15,405][flwr][DEBUG] - fit_round 34 received 2 results and 0 failures
[2024-09-21 11:22:15,575][flwr][INFO] - fit progress: (34, 5.347622593549761e-05, {'accuracy': 0.9970566593083149, 'f1-score': 0.9963414634146341}, 454.6159388000001)
[2024-09-21 11:22:15,580][flwr][INFO] - evaluate_round 34: no clients selected, cancel
[2024-09-21 11:22:15,580][flwr][DEBUG] - fit_round 35: strategy sampled 2 clients (out of 2)
[2024-09-21 11:22:28,404][flwr][DEBUG] - fit_round 35 received 2 results and 0 failures
[2024-09-21 11:22:28,600][flwr][INFO] - fit progress: (35, 6.230858578382398e-05, {'accuracy': 0.9958302673534462, 'f1-score': 0.9947980416156671}, 467.6428116000002)
[2024-09-21 11:22:28,600][flwr][INFO] - evaluate_round 35: no clients selected, cancel
[2024-09-21 11:22:28,600][flwr][DEBUG] - fit_round 36: strategy sampled 2 clients (out of 2)
[2024-09-21 11:22:42,145][flwr][DEBUG] - fit_round 36 received 2 results and 0 failures
[2024-09-21 11:22:42,370][flwr][INFO] - fit progress: (36, 0.00011874189286861243, {'accuracy': 0.9931322050527348, 'f1-score': 0.9914031317163033}, 481.4182250000001)
[2024-09-21 11:22:42,370][flwr][INFO] - evaluate_round 36: no clients selected, cancel
[2024-09-21 11:22:42,370][flwr][DEBUG] - fit_round 37: strategy sampled 2 clients (out of 2)
[2024-09-21 11:22:57,210][flwr][DEBUG] - fit_round 37 received 2 results and 0 failures
[2024-09-21 11:22:57,393][flwr][INFO] - fit progress: (37, 5.7497448560971294e-05, {'accuracy': 0.9968113809173412, 'f1-score': 0.9960268948655256}, 496.42974260000005)
[2024-09-21 11:22:57,393][flwr][INFO] - evaluate_round 37: no clients selected, cancel
[2024-09-21 11:22:57,395][flwr][DEBUG] - fit_round 38: strategy sampled 2 clients (out of 2)
[2024-09-21 11:23:09,512][flwr][DEBUG] - fit_round 38 received 2 results and 0 failures
[2024-09-21 11:23:09,680][flwr][INFO] - fit progress: (38, 8.365651821848656e-05, {'accuracy': 0.9941133186166299, 'f1-score': 0.9926402943882244}, 508.7193112)
[2024-09-21 11:23:09,680][flwr][INFO] - evaluate_round 38: no clients selected, cancel
[2024-09-21 11:23:09,680][flwr][DEBUG] - fit_round 39: strategy sampled 2 clients (out of 2)
[2024-09-21 11:23:21,702][flwr][DEBUG] - fit_round 39 received 2 results and 0 failures
[2024-09-21 11:23:21,893][flwr][INFO] - fit progress: (39, 5.966848540255887e-05, {'accuracy': 0.9968113809173412, 'f1-score': 0.9960522320072882}, 520.9287801)
[2024-09-21 11:23:21,894][flwr][INFO] - evaluate_round 39: no clients selected, cancel
[2024-09-21 11:23:21,895][flwr][DEBUG] - fit_round 40: strategy sampled 2 clients (out of 2)
[2024-09-21 11:23:33,975][flwr][DEBUG] - fit_round 40 received 2 results and 0 failures
[2024-09-21 11:23:34,155][flwr][INFO] - fit progress: (40, 4.817605286897252e-05, {'accuracy': 0.9976698552857494, 'f1-score': 0.9971093868857447}, 533.2011905000002)
[2024-09-21 11:23:34,155][flwr][INFO] - evaluate_round 40: no clients selected, cancel
[2024-09-21 11:23:34,155][flwr][DEBUG] - fit_round 41: strategy sampled 2 clients (out of 2)
[2024-09-21 11:23:46,231][flwr][DEBUG] - fit_round 41 received 2 results and 0 failures
[2024-09-21 11:23:46,429][flwr][INFO] - fit progress: (41, 4.351217165398848e-05, {'accuracy': 0.9976698552857494, 'f1-score': 0.9971005646268885}, 545.4656915)
[2024-09-21 11:23:46,429][flwr][INFO] - evaluate_round 41: no clients selected, cancel
[2024-09-21 11:23:46,432][flwr][DEBUG] - fit_round 42: strategy sampled 2 clients (out of 2)
[2024-09-21 11:23:59,304][flwr][DEBUG] - fit_round 42 received 2 results and 0 failures
[2024-09-21 11:23:59,497][flwr][INFO] - fit progress: (42, 5.3316093301195094e-05, {'accuracy': 0.9971792985038018, 'f1-score': 0.9965093337380483}, 558.5407151000002)
[2024-09-21 11:23:59,497][flwr][INFO] - evaluate_round 42: no clients selected, cancel
[2024-09-21 11:23:59,497][flwr][DEBUG] - fit_round 43: strategy sampled 2 clients (out of 2)
[2024-09-21 11:24:12,140][flwr][DEBUG] - fit_round 43 received 2 results and 0 failures
[2024-09-21 11:24:12,303][flwr][INFO] - fit progress: (43, 6.432498927725823e-05, {'accuracy': 0.9966887417218543, 'f1-score': 0.9959072305593452}, 571.3403191)
[2024-09-21 11:24:12,303][flwr][INFO] - evaluate_round 43: no clients selected, cancel
[2024-09-21 11:24:12,306][flwr][DEBUG] - fit_round 44: strategy sampled 2 clients (out of 2)
[2024-09-21 11:24:24,290][flwr][DEBUG] - fit_round 44 received 2 results and 0 failures
[2024-09-21 11:24:24,442][flwr][INFO] - fit progress: (44, 6.626606966271313e-05, {'accuracy': 0.9961981849399068, 'f1-score': 0.995260663507109}, 583.4884221)
[2024-09-21 11:24:24,442][flwr][INFO] - evaluate_round 44: no clients selected, cancel
[2024-09-21 11:24:24,442][flwr][DEBUG] - fit_round 45: strategy sampled 2 clients (out of 2)
[2024-09-21 11:24:36,479][flwr][DEBUG] - fit_round 45 received 2 results and 0 failures
[2024-09-21 11:24:36,646][flwr][INFO] - fit progress: (45, 3.9021840561873636e-05, {'accuracy': 0.9986509688496443, 'f1-score': 0.9983259777811596}, 595.6915713000001)
[2024-09-21 11:24:36,646][flwr][INFO] - evaluate_round 45: no clients selected, cancel
[2024-09-21 11:24:36,646][flwr][DEBUG] - fit_round 46: strategy sampled 2 clients (out of 2)
[2024-09-21 11:24:48,590][flwr][DEBUG] - fit_round 46 received 2 results and 0 failures
[2024-09-21 11:24:48,752][flwr][INFO] - fit progress: (46, 5.9395254400376324e-05, {'accuracy': 0.9960755457444199, 'f1-score': 0.9951323395193186}, 607.7894311)
[2024-09-21 11:24:48,754][flwr][INFO] - evaluate_round 46: no clients selected, cancel
[2024-09-21 11:24:48,756][flwr][DEBUG] - fit_round 47: strategy sampled 2 clients (out of 2)
[2024-09-21 11:25:00,740][flwr][DEBUG] - fit_round 47 received 2 results and 0 failures
[2024-09-21 11:25:00,912][flwr][INFO] - fit progress: (47, 5.1628108500503545e-05, {'accuracy': 0.9969340201128281, 'f1-score': 0.9961988748669606}, 619.9540009)
[2024-09-21 11:25:00,912][flwr][INFO] - evaluate_round 47: no clients selected, cancel
[2024-09-21 11:25:00,920][flwr][DEBUG] - fit_round 48: strategy sampled 2 clients (out of 2)
[2024-09-21 11:25:12,933][flwr][DEBUG] - fit_round 48 received 2 results and 0 failures
[2024-09-21 11:25:13,096][flwr][INFO] - fit progress: (48, 6.193883489399533e-05, {'accuracy': 0.9965661025263675, 'f1-score': 0.9957446808510638}, 632.1323348000001)
[2024-09-21 11:25:13,096][flwr][INFO] - evaluate_round 48: no clients selected, cancel
[2024-09-21 11:25:13,096][flwr][DEBUG] - fit_round 49: strategy sampled 2 clients (out of 2)
[2024-09-21 11:25:27,820][flwr][DEBUG] - fit_round 49 received 2 results and 0 failures
[2024-09-21 11:25:28,014][flwr][INFO] - fit progress: (49, 3.93163473012255e-05, {'accuracy': 0.9982830512631837, 'f1-score': 0.997867803837953}, 647.0553897000002)
[2024-09-21 11:25:28,014][flwr][INFO] - evaluate_round 49: no clients selected, cancel
[2024-09-21 11:25:28,014][flwr][DEBUG] - fit_round 50: strategy sampled 2 clients (out of 2)
[2024-09-21 11:25:41,576][flwr][DEBUG] - fit_round 50 received 2 results and 0 failures
[2024-09-21 11:25:41,737][flwr][INFO] - fit progress: (50, 4.303966939214056e-05, {'accuracy': 0.9976698552857494, 'f1-score': 0.9971120231038152}, 660.7854651)
[2024-09-21 11:25:41,737][flwr][INFO] - evaluate_round 50: no clients selected, cancel
[2024-09-21 11:25:41,751][flwr][INFO] - FL finished in 660.7874231000001
[2024-09-21 11:25:41,751][flwr][INFO] - app_fit: losses_distributed []
[2024-09-21 11:25:41,753][flwr][INFO] - app_fit: metrics_distributed_fit {}
[2024-09-21 11:25:41,753][flwr][INFO] - app_fit: metrics_distributed {}
[2024-09-21 11:25:41,753][flwr][INFO] - app_fit: losses_centralized [(0, 0.0055367122071906865), (1, 0.0004460677170570001), (2, 0.00023619512503572412), (3, 0.00016738457539225505), (4, 0.00014259780318308818), (5, 0.00011364360643356128), (6, 0.00010513187260914074), (7, 0.0001443274223686785), (8, 0.00010388906599281264), (9, 0.00010356508920504648), (10, 7.354806946624352e-05), (11, 8.060246736447649e-05), (12, 7.7579532321667e-05), (13, 6.883276563520052e-05), (14, 9.018528668211281e-05), (15, 6.23067798809271e-05), (16, 6.230129445492394e-05), (17, 8.06653109828955e-05), (18, 7.865218353600063e-05), (19, 5.373305478609402e-05), (20, 5.726475099354709e-05), (21, 6.263213100731942e-05), (22, 5.853927470839027e-05), (23, 5.916854183031866e-05), (24, 5.654882622194583e-05), (25, 6.0853384983338254e-05), (26, 5.0019092922973295e-05), (27, 6.202543594842518e-05), (28, 7.641605223030884e-05), (29, 5.619081805199898e-05), (30, 5.7004118630307805e-05), (31, 3.993964716372253e-05), (32, 8.587177790437148e-05), (33, 5.235157009519664e-05), (34, 5.347622593549761e-05), (35, 6.230858578382398e-05), (36, 0.00011874189286861243), (37, 5.7497448560971294e-05), (38, 8.365651821848656e-05), (39, 5.966848540255887e-05), (40, 4.817605286897252e-05), (41, 4.351217165398848e-05), (42, 5.3316093301195094e-05), (43, 6.432498927725823e-05), (44, 6.626606966271313e-05), (45, 3.9021840561873636e-05), (46, 5.9395254400376324e-05), (47, 5.1628108500503545e-05), (48, 6.193883489399533e-05), (49, 3.93163473012255e-05), (50, 4.303966939214056e-05)]
[2024-09-21 11:25:41,753][flwr][INFO] - app_fit: metrics_centralized {'accuracy': [(0, 0.40556781947510423), (1, 0.9901888643610498), (2, 0.9922737306843267), (3, 0.9938680402256561), (4, 0.9946038753985774), (5, 0.9960755457444199), (6, 0.9966887417218543), (7, 0.9909246995339711), (8, 0.9948491537895512), (9, 0.9944812362030905), (10, 0.9981604120676968), (11, 0.9968113809173412), (12, 0.9964434633308805), (13, 0.9975472160902624), (14, 0.9948491537895512), (15, 0.99803777287221), (16, 0.9975472160902624), (17, 0.9948491537895512), (18, 0.9953397105714986), (19, 0.9985283296541575), (20, 0.9977924944812362), (21, 0.9971792985038018), (22, 0.9976698552857494), (23, 0.9965661025263675), (24, 0.9971792985038018), (25, 0.9969340201128281), (26, 0.9971792985038018), (27, 0.9961981849399068), (28, 0.9955849889624724), (29, 0.9970566593083149), (30, 0.9970566593083149), (31, 0.9986509688496443), (32, 0.9947265145940642), (33, 0.9973019376992887), (34, 0.9970566593083149), (35, 0.9958302673534462), (36, 0.9931322050527348), (37, 0.9968113809173412), (38, 0.9941133186166299), (39, 0.9968113809173412), (40, 0.9976698552857494), (41, 0.9976698552857494), (42, 0.9971792985038018), (43, 0.9966887417218543), (44, 0.9961981849399068), (45, 0.9986509688496443), (46, 0.9960755457444199), (47, 0.9969340201128281), (48, 0.9965661025263675), (49, 0.9982830512631837), (50, 0.9976698552857494)], 'f1-score': [(0, 0.574339158689734), (1, 0.9877675840978594), (2, 0.9904211646647407), (3, 0.9923826934795856), (4, 0.9933232169954477), (5, 0.9951397326852977), (6, 0.9958747135217724), (7, 0.9886083743842364), (8, 0.9935681470137825), (9, 0.9931475559616263), (10, 0.9977186311787072), (11, 0.9960510328068044), (12, 0.9956000606888181), (13, 0.9969530773918343), (14, 0.9936363636363637), (15, 0.9975617189881134), (16, 0.9969493593654668), (17, 0.9936092513694461), (18, 0.9942336874051594), (19, 0.998172403289674), (20, 0.9972560975609757), (21, 0.9964944368236549), (22, 0.9971076267316182), (23, 0.9957238851557727), (24, 0.9965050904117915), (25, 0.996193086645348), (26, 0.9965082738727797), (27, 0.9952707856598016), (28, 0.9945021380574222), (29, 0.9963503649635036), (30, 0.9963403476669717), (31, 0.9983259777811596), (32, 0.9934180315322211), (33, 0.9966555183946488), (34, 0.9963414634146341), (35, 0.9947980416156671), (36, 0.9914031317163033), (37, 0.9960268948655256), (38, 0.9926402943882244), (39, 0.9960522320072882), (40, 0.9971093868857447), (41, 0.9971005646268885), (42, 0.9965093337380483), (43, 0.9959072305593452), (44, 0.995260663507109), (45, 0.9983259777811596), (46, 0.9951323395193186), (47, 0.9961988748669606), (48, 0.9957446808510638), (49, 0.997867803837953), (50, 0.9971120231038152)]}
