[2024-09-16 12:29:56,551][numexpr.utils][INFO] - NumExpr defaulting to 8 threads.
[2024-09-16 12:29:59,510][flwr][INFO] - Starting Flower simulation, config: ServerConfig(num_rounds=10, round_timeout=None)
[2024-09-16 12:30:13,121][flwr][INFO] - Flower VCE: Ray initialized with resources: {'node:127.0.0.1': 1.0, 'node:__internal_head__': 1.0, 'object_store_memory': 780869222.0, 'CPU': 8.0, 'memory': 1561738446.0}
[2024-09-16 12:30:13,122][flwr][INFO] - Initializing global parameters
[2024-09-16 12:30:13,122][flwr][INFO] - Requesting initial parameters from one random client
[2024-09-16 12:30:18,003][flwr][INFO] - Received initial parameters from one random client
[2024-09-16 12:30:18,004][flwr][INFO] - Evaluating initial parameters
[2024-09-16 12:30:18,057][flwr][INFO] - initial parameters (loss, other metrics): 39.68176472981771, {'accuracy': 0.5616666666666666}
[2024-09-16 12:30:18,058][flwr][INFO] - FL starting
[2024-09-16 12:30:18,059][flwr][DEBUG] - fit_round 1: strategy sampled 2 clients (out of 2)
[2024-09-16 12:30:39,629][flwr][DEBUG] - fit_round 1 received 2 results and 0 failures
[2024-09-16 12:30:39,633][flwr][WARNING] - No fit_metrics_aggregation_fn provided
[2024-09-16 12:30:39,684][flwr][INFO] - fit progress: (1, 0.6615000645319621, {'accuracy': 0.585}, 21.62438959999963)
[2024-09-16 12:30:39,685][flwr][DEBUG] - evaluate_round 1: strategy sampled 2 clients (out of 2)
[2024-09-16 12:30:59,961][flwr][DEBUG] - evaluate_round 1 received 2 results and 0 failures
[2024-09-16 12:30:59,962][flwr][DEBUG] - fit_round 2: strategy sampled 2 clients (out of 2)
[2024-09-16 12:31:11,701][flwr][DEBUG] - fit_round 2 received 2 results and 0 failures
[2024-09-16 12:31:11,751][flwr][INFO] - fit progress: (2, 0.8942221681276957, {'accuracy': 0.525}, 53.69257819999984)
[2024-09-16 12:31:11,752][flwr][DEBUG] - evaluate_round 2: strategy sampled 2 clients (out of 2)
[2024-09-16 12:31:33,418][flwr][DEBUG] - evaluate_round 2 received 2 results and 0 failures
[2024-09-16 12:31:33,424][flwr][DEBUG] - fit_round 3: strategy sampled 2 clients (out of 2)
[2024-09-16 12:31:55,543][flwr][DEBUG] - fit_round 3 received 2 results and 0 failures
[2024-09-16 12:31:55,596][flwr][INFO] - fit progress: (3, 0.6420144478480021, {'accuracy': 0.5927777777777777}, 97.53734669999994)
[2024-09-16 12:31:55,597][flwr][DEBUG] - evaluate_round 3: strategy sampled 2 clients (out of 2)
[2024-09-16 12:32:20,437][flwr][DEBUG] - evaluate_round 3 received 2 results and 0 failures
[2024-09-16 12:32:20,445][flwr][DEBUG] - fit_round 4: strategy sampled 2 clients (out of 2)
[2024-09-16 12:32:43,948][flwr][DEBUG] - fit_round 4 received 2 results and 0 failures
[2024-09-16 12:32:43,999][flwr][INFO] - fit progress: (4, 0.5768012523651123, {'accuracy': 0.6938888888888889}, 145.94058099999984)
[2024-09-16 12:32:44,000][flwr][DEBUG] - evaluate_round 4: strategy sampled 2 clients (out of 2)
[2024-09-16 12:33:06,707][flwr][DEBUG] - evaluate_round 4 received 2 results and 0 failures
[2024-09-16 12:33:06,714][flwr][DEBUG] - fit_round 5: strategy sampled 2 clients (out of 2)
[2024-09-16 12:33:25,100][flwr][DEBUG] - fit_round 5 received 2 results and 0 failures
[2024-09-16 12:33:25,142][flwr][INFO] - fit progress: (5, 0.6139957308769226, {'accuracy': 0.6533333333333333}, 187.08355129999927)
[2024-09-16 12:33:25,144][flwr][DEBUG] - evaluate_round 5: strategy sampled 2 clients (out of 2)
[2024-09-16 12:33:58,299][flwr][DEBUG] - evaluate_round 5 received 2 results and 0 failures
[2024-09-16 12:33:58,305][flwr][DEBUG] - fit_round 6: strategy sampled 2 clients (out of 2)
[2024-09-16 12:34:11,590][flwr][DEBUG] - fit_round 6 received 2 results and 0 failures
[2024-09-16 12:34:11,648][flwr][INFO] - fit progress: (6, 0.568130886554718, {'accuracy': 0.6811111111111111}, 233.58959909999976)
[2024-09-16 12:34:11,649][flwr][DEBUG] - evaluate_round 6: strategy sampled 2 clients (out of 2)
[2024-09-16 12:34:23,733][flwr][DEBUG] - evaluate_round 6 received 2 results and 0 failures
[2024-09-16 12:34:23,734][flwr][DEBUG] - fit_round 7: strategy sampled 2 clients (out of 2)
[2024-09-16 12:34:38,963][flwr][DEBUG] - fit_round 7 received 2 results and 0 failures
[2024-09-16 12:34:39,014][flwr][INFO] - fit progress: (7, 0.6034439404805502, {'accuracy': 0.6366666666666667}, 260.95480169999973)
[2024-09-16 12:34:39,015][flwr][DEBUG] - evaluate_round 7: strategy sampled 2 clients (out of 2)
[2024-09-16 12:34:56,948][flwr][DEBUG] - evaluate_round 7 received 2 results and 0 failures
[2024-09-16 12:34:56,954][flwr][DEBUG] - fit_round 8: strategy sampled 2 clients (out of 2)
[2024-09-16 12:35:13,533][flwr][DEBUG] - fit_round 8 received 2 results and 0 failures
[2024-09-16 12:35:13,593][flwr][INFO] - fit progress: (8, 0.5212113877137502, {'accuracy': 0.7516666666666667}, 295.5340927999996)
[2024-09-16 12:35:13,594][flwr][DEBUG] - evaluate_round 8: strategy sampled 2 clients (out of 2)
[2024-09-16 12:35:25,852][flwr][DEBUG] - evaluate_round 8 received 2 results and 0 failures
[2024-09-16 12:35:25,854][flwr][DEBUG] - fit_round 9: strategy sampled 2 clients (out of 2)
[2024-09-16 12:35:37,488][flwr][DEBUG] - fit_round 9 received 2 results and 0 failures
[2024-09-16 12:35:37,540][flwr][INFO] - fit progress: (9, 0.5434536933898926, {'accuracy': 0.7372222222222222}, 319.4806891999997)
[2024-09-16 12:35:37,542][flwr][DEBUG] - evaluate_round 9: strategy sampled 2 clients (out of 2)
[2024-09-16 12:36:07,347][flwr][DEBUG] - evaluate_round 9 received 2 results and 0 failures
[2024-09-16 12:36:07,348][flwr][DEBUG] - fit_round 10: strategy sampled 2 clients (out of 2)
[2024-09-16 12:36:19,989][flwr][DEBUG] - fit_round 10 received 2 results and 0 failures
[2024-09-16 12:36:20,038][flwr][INFO] - fit progress: (10, 0.5244136095046997, {'accuracy': 0.75}, 361.97951399999965)
[2024-09-16 12:36:20,040][flwr][DEBUG] - evaluate_round 10: strategy sampled 2 clients (out of 2)
[2024-09-16 12:36:43,836][flwr][DEBUG] - evaluate_round 10 received 2 results and 0 failures
[2024-09-16 12:36:43,837][flwr][INFO] - FL finished in 385.7780637999995
[2024-09-16 12:36:43,841][flwr][INFO] - app_fit: losses_distributed [(1, 0.6787002616458468), (2, 0.9610049741135703), (3, 0.6088623197542297), (4, 0.575171270304256), (5, 0.6393677161799537), (6, 0.5468501928779814), (7, 0.5674649038248591), (8, 0.5135952888263596), (9, 0.5701326504349709), (10, 0.5533828197254075)]
[2024-09-16 12:36:43,843][flwr][INFO] - app_fit: metrics_distributed_fit {}
[2024-09-16 12:36:43,844][flwr][INFO] - app_fit: metrics_distributed {'accuracy': [(1, 0.5555555555555556), (2, 0.4722222222222222), (3, 0.6111111111111112), (4, 0.6944444444444444), (5, 0.6111111111111112), (6, 0.6944444444444444), (7, 0.6388888888888888), (8, 0.75), (9, 0.6944444444444444), (10, 0.7222222222222222)]}
[2024-09-16 12:36:43,845][flwr][INFO] - app_fit: losses_centralized [(0, 39.68176472981771), (1, 0.6615000645319621), (2, 0.8942221681276957), (3, 0.6420144478480021), (4, 0.5768012523651123), (5, 0.6139957308769226), (6, 0.568130886554718), (7, 0.6034439404805502), (8, 0.5212113877137502), (9, 0.5434536933898926), (10, 0.5244136095046997)]
[2024-09-16 12:36:43,846][flwr][INFO] - app_fit: metrics_centralized {'accuracy': [(0, 0.5616666666666666), (1, 0.585), (2, 0.525), (3, 0.5927777777777777), (4, 0.6938888888888889), (5, 0.6533333333333333), (6, 0.6811111111111111), (7, 0.6366666666666667), (8, 0.7516666666666667), (9, 0.7372222222222222), (10, 0.75)]}
