[2024-11-06 16:25:28,415][flwr][WARNING] - Both server and strategy were provided, ignoring strategy
[2024-11-06 16:25:28,416][flwr][INFO] - Starting Flower simulation, config: num_rounds=2, no round_timeout
[2024-11-06 16:25:38,057][flwr][INFO] - Flower VCE: Ray initialized with resources: {'CPU': 8.0, 'object_store_memory': 543454003.0, 'node:127.0.0.1': 1.0, 'memory': 1086908007.0, 'node:__internal_head__': 1.0}
[2024-11-06 16:25:38,059][flwr][INFO] - Optimize your simulation with Flower VCE: https://flower.ai/docs/framework/how-to-run-simulations.html
[2024-11-06 16:25:38,059][flwr][INFO] - Flower VCE: Resources for each Virtual Client: {'num_cpus': 4, 'num_gpus': 0.0}
[2024-11-06 16:25:38,084][flwr][INFO] - Flower VCE: Creating VirtualClientEngineActorPool with 2 actors
[2024-11-06 16:25:38,085][flwr][INFO] - [INIT]
[2024-11-06 16:25:38,086][flwr][INFO] - Requesting initial parameters from one random client
[2024-11-06 16:25:43,746][flwr][INFO] - Received initial parameters from one random client
[2024-11-06 16:25:43,747][flwr][INFO] - Starting evaluation of initial global parameters
[2024-11-06 16:25:43,793][flwr][INFO] - initial parameters (loss, other metrics): 0.6947300548736866, {'accuracy': 0.4894409937888199, 'f1-score': 0.3224840576256611}
[2024-11-06 16:25:43,795][flwr][INFO] - 
[2024-11-06 16:25:43,795][flwr][INFO] - [ROUND 1]
[2024-11-06 16:25:43,796][flwr][INFO] - configure_fit: strategy sampled 2 clients (out of 2)
[2024-11-06 16:25:58,043][flwr][INFO] - aggregate_fit: received 2 results and 0 failures
[2024-11-06 16:25:58,047][flwr][WARNING] - No fit_metrics_aggregation_fn provided
[2024-11-06 16:25:58,090][flwr][INFO] - fit progress: (1, 0.679442034317897, {'accuracy': 0.8795031055900621, 'f1-score': 0.8777527862212862}, 14.29502419999335)
[2024-11-06 16:25:58,091][flwr][INFO] - configure_evaluate: no clients selected, skipping evaluation
[2024-11-06 16:25:58,092][flwr][INFO] - 
[2024-11-06 16:25:58,092][flwr][INFO] - [ROUND 2]
[2024-11-06 16:25:58,094][flwr][INFO] - configure_fit: strategy sampled 2 clients (out of 2)
[2024-11-06 16:26:06,342][flwr][INFO] - aggregate_fit: received 2 results and 0 failures
[2024-11-06 16:26:06,383][flwr][INFO] - fit progress: (2, 0.6287573002851926, {'accuracy': 0.901863354037267, 'f1-score': 0.9007763584262151}, 22.588338599991403)
[2024-11-06 16:26:06,384][flwr][INFO] - configure_evaluate: no clients selected, skipping evaluation
[2024-11-06 16:26:06,385][flwr][INFO] - 
[2024-11-06 16:26:06,386][flwr][INFO] - [SUMMARY]
[2024-11-06 16:26:06,387][flwr][INFO] - Run finished 2 round(s) in 22.59s
[2024-11-06 16:26:06,388][flwr][INFO] - 	History (loss, centralized):
[2024-11-06 16:26:06,389][flwr][INFO] - 		round 0: 0.6947300548736866
[2024-11-06 16:26:06,390][flwr][INFO] - 		round 1: 0.679442034317897
[2024-11-06 16:26:06,391][flwr][INFO] - 		round 2: 0.6287573002851926
[2024-11-06 16:26:06,392][flwr][INFO] - 	History (metrics, centralized):
[2024-11-06 16:26:06,392][flwr][INFO] - 	{'accuracy': [(0, 0.4894409937888199),
[2024-11-06 16:26:06,393][flwr][INFO] - 	              (1, 0.8795031055900621),
[2024-11-06 16:26:06,394][flwr][INFO] - 	              (2, 0.901863354037267)],
[2024-11-06 16:26:06,395][flwr][INFO] - 	 'f1-score': [(0, 0.3224840576256611),
[2024-11-06 16:26:06,395][flwr][INFO] - 	              (1, 0.8777527862212862),
[2024-11-06 16:26:06,396][flwr][INFO] - 	              (2, 0.9007763584262151)]}
[2024-11-06 16:26:06,397][flwr][INFO] - 
