[2024-09-12 10:09:32,684][flwr][INFO] - Starting Flower simulation, config: ServerConfig(num_rounds=10, round_timeout=None)
[2024-09-12 10:09:50,224][flwr][INFO] - Flower VCE: Ray initialized with resources: {'node:127.0.0.1': 1.0, 'CPU': 8.0, 'node:__internal_head__': 1.0, 'object_store_memory': 413757849.0, 'memory': 827515700.0}
[2024-09-12 10:09:50,227][flwr][INFO] - Initializing global parameters
[2024-09-12 10:09:50,228][flwr][INFO] - Requesting initial parameters from one random client
[2024-09-12 10:09:57,109][flwr][INFO] - Received initial parameters from one random client
[2024-09-12 10:09:57,122][flwr][INFO] - Evaluating initial parameters
[2024-09-12 10:09:59,844][flwr][INFO] - initial parameters (loss, other metrics): 20.147873878479004, {'accuracy': 0.43833333333333335}
[2024-09-12 10:09:59,939][flwr][INFO] - FL starting
[2024-09-12 10:09:59,941][flwr][DEBUG] - fit_round 1: strategy sampled 2 clients (out of 2)
[2024-09-12 10:10:26,593][flwr][DEBUG] - fit_round 1 received 2 results and 0 failures
[2024-09-12 10:10:26,598][flwr][WARNING] - No fit_metrics_aggregation_fn provided
[2024-09-12 10:10:26,676][flwr][INFO] - fit progress: (1, 0.741861879825592, {'accuracy': 0.5616666666666666}, 26.735153699999955)
[2024-09-12 10:10:26,677][flwr][DEBUG] - evaluate_round 1: strategy sampled 2 clients (out of 2)
[2024-09-12 10:10:43,661][flwr][DEBUG] - evaluate_round 1 received 2 results and 0 failures
[2024-09-12 10:10:43,662][flwr][DEBUG] - fit_round 2: strategy sampled 2 clients (out of 2)
[2024-09-12 10:11:01,278][flwr][DEBUG] - fit_round 2 received 2 results and 0 failures
[2024-09-12 10:11:01,343][flwr][INFO] - fit progress: (2, 0.6261757850646973, {'accuracy': 0.6094444444444445}, 61.402675199999976)
[2024-09-12 10:11:01,347][flwr][DEBUG] - evaluate_round 2: strategy sampled 2 clients (out of 2)
[2024-09-12 10:11:18,136][flwr][DEBUG] - evaluate_round 2 received 2 results and 0 failures
[2024-09-12 10:11:18,137][flwr][DEBUG] - fit_round 3: strategy sampled 2 clients (out of 2)
[2024-09-12 10:11:34,658][flwr][DEBUG] - fit_round 3 received 2 results and 0 failures
[2024-09-12 10:11:34,726][flwr][INFO] - fit progress: (3, 0.6598722100257873, {'accuracy': 0.5655555555555556}, 94.78523289999976)
[2024-09-12 10:11:34,729][flwr][DEBUG] - evaluate_round 3: strategy sampled 2 clients (out of 2)
[2024-09-12 10:11:50,254][flwr][DEBUG] - evaluate_round 3 received 2 results and 0 failures
[2024-09-12 10:11:50,256][flwr][DEBUG] - fit_round 4: strategy sampled 2 clients (out of 2)
[2024-09-12 10:12:06,081][flwr][DEBUG] - fit_round 4 received 2 results and 0 failures
[2024-09-12 10:12:06,146][flwr][INFO] - fit progress: (4, 0.6793833076953888, {'accuracy': 0.6044444444444445}, 126.20541299999968)
[2024-09-12 10:12:06,148][flwr][DEBUG] - evaluate_round 4: strategy sampled 2 clients (out of 2)
[2024-09-12 10:12:21,368][flwr][DEBUG] - evaluate_round 4 received 2 results and 0 failures
[2024-09-12 10:12:21,369][flwr][DEBUG] - fit_round 5: strategy sampled 2 clients (out of 2)
[2024-09-12 10:12:37,076][flwr][DEBUG] - fit_round 5 received 2 results and 0 failures
[2024-09-12 10:12:37,145][flwr][INFO] - fit progress: (5, 0.6183823704719543, {'accuracy': 0.605}, 157.20404259999987)
[2024-09-12 10:12:37,147][flwr][DEBUG] - evaluate_round 5: strategy sampled 2 clients (out of 2)
[2024-09-12 10:12:52,680][flwr][DEBUG] - evaluate_round 5 received 2 results and 0 failures
[2024-09-12 10:12:52,682][flwr][DEBUG] - fit_round 6: strategy sampled 2 clients (out of 2)
[2024-09-12 10:13:08,788][flwr][DEBUG] - fit_round 6 received 2 results and 0 failures
[2024-09-12 10:13:08,849][flwr][INFO] - fit progress: (6, 0.5626441240310669, {'accuracy': 0.7227777777777777}, 188.9091656999999)
[2024-09-12 10:13:08,851][flwr][DEBUG] - evaluate_round 6: strategy sampled 2 clients (out of 2)
[2024-09-12 10:13:24,441][flwr][DEBUG] - evaluate_round 6 received 2 results and 0 failures
[2024-09-12 10:13:24,442][flwr][DEBUG] - fit_round 7: strategy sampled 2 clients (out of 2)
[2024-09-12 10:13:40,191][flwr][DEBUG] - fit_round 7 received 2 results and 0 failures
[2024-09-12 10:13:40,254][flwr][INFO] - fit progress: (7, 0.5389430701732636, {'accuracy': 0.7283333333333334}, 220.31356239999968)
[2024-09-12 10:13:40,257][flwr][DEBUG] - evaluate_round 7: strategy sampled 2 clients (out of 2)
[2024-09-12 10:13:55,453][flwr][DEBUG] - evaluate_round 7 received 2 results and 0 failures
[2024-09-12 10:13:55,455][flwr][DEBUG] - fit_round 8: strategy sampled 2 clients (out of 2)
[2024-09-12 10:14:11,105][flwr][DEBUG] - fit_round 8 received 2 results and 0 failures
[2024-09-12 10:14:11,168][flwr][INFO] - fit progress: (8, 0.6183562636375427, {'accuracy': 0.6272222222222222}, 251.22764159999997)
[2024-09-12 10:14:11,170][flwr][DEBUG] - evaluate_round 8: strategy sampled 2 clients (out of 2)
[2024-09-12 10:14:26,281][flwr][DEBUG] - evaluate_round 8 received 2 results and 0 failures
[2024-09-12 10:14:26,282][flwr][DEBUG] - fit_round 9: strategy sampled 2 clients (out of 2)
[2024-09-12 10:14:42,271][flwr][DEBUG] - fit_round 9 received 2 results and 0 failures
[2024-09-12 10:14:42,334][flwr][INFO] - fit progress: (9, 0.502559890349706, {'accuracy': 0.7655555555555555}, 282.3936055999998)
[2024-09-12 10:14:42,336][flwr][DEBUG] - evaluate_round 9: strategy sampled 2 clients (out of 2)
[2024-09-12 10:14:57,860][flwr][DEBUG] - evaluate_round 9 received 2 results and 0 failures
[2024-09-12 10:14:57,862][flwr][DEBUG] - fit_round 10: strategy sampled 2 clients (out of 2)
[2024-09-12 10:15:14,287][flwr][DEBUG] - fit_round 10 received 2 results and 0 failures
[2024-09-12 10:15:14,357][flwr][INFO] - fit progress: (10, 0.7044563015302022, {'accuracy': 0.6066666666666667}, 314.41676659999985)
[2024-09-12 10:15:14,359][flwr][DEBUG] - evaluate_round 10: strategy sampled 2 clients (out of 2)
[2024-09-12 10:15:30,275][flwr][DEBUG] - evaluate_round 10 received 2 results and 0 failures
[2024-09-12 10:15:30,277][flwr][INFO] - FL finished in 330.33628339999996
[2024-09-12 10:15:30,278][flwr][INFO] - app_fit: losses_distributed [(1, 0.6927483677864075), (2, 0.6068654962711864), (3, 0.6219438488284746), (4, 0.7156453198856778), (5, 0.5857985698514514), (6, 0.5782396900984976), (7, 0.5459464150998328), (8, 0.578929646147622), (9, 0.5011024036341243), (10, 0.6451557104786237)]
[2024-09-12 10:15:30,280][flwr][INFO] - app_fit: metrics_distributed_fit {}
[2024-09-12 10:15:30,280][flwr][INFO] - app_fit: metrics_distributed {'accuracy': [(1, 0.5833333333333334), (2, 0.6111111111111112), (3, 0.5833333333333334), (4, 0.5555555555555556), (5, 0.6111111111111112), (6, 0.6944444444444444), (7, 0.7222222222222222), (8, 0.6388888888888888), (9, 0.7777777777777778), (10, 0.6111111111111112)]}
[2024-09-12 10:15:30,282][flwr][INFO] - app_fit: losses_centralized [(0, 20.147873878479004), (1, 0.741861879825592), (2, 0.6261757850646973), (3, 0.6598722100257873), (4, 0.6793833076953888), (5, 0.6183823704719543), (6, 0.5626441240310669), (7, 0.5389430701732636), (8, 0.6183562636375427), (9, 0.502559890349706), (10, 0.7044563015302022)]
[2024-09-12 10:15:30,285][flwr][INFO] - app_fit: metrics_centralized {'accuracy': [(0, 0.43833333333333335), (1, 0.5616666666666666), (2, 0.6094444444444445), (3, 0.5655555555555556), (4, 0.6044444444444445), (5, 0.605), (6, 0.7227777777777777), (7, 0.7283333333333334), (8, 0.6272222222222222), (9, 0.7655555555555555), (10, 0.6066666666666667)]}
