[2025-01-07 17:51:00,981][flwr][WARNING] - Both server and strategy were provided, ignoring strategy
[2025-01-07 17:51:00,984][flwr][INFO] - Starting Flower simulation, config: num_rounds=2, no round_timeout
[2025-01-07 17:51:16,884][flwr][INFO] - Flower VCE: Ray initialized with resources: {'CPU': 8.0, 'memory': 1242255360.0, 'node:127.0.0.1': 1.0, 'object_store_memory': 621127680.0, 'node:__internal_head__': 1.0}
[2025-01-07 17:51:16,884][flwr][INFO] - Optimize your simulation with Flower VCE: https://flower.ai/docs/framework/how-to-run-simulations.html
[2025-01-07 17:51:16,900][flwr][INFO] - Flower VCE: Resources for each Virtual Client: {'num_cpus': 4, 'num_gpus': 0.0}
[2025-01-07 17:51:16,934][flwr][INFO] - Flower VCE: Creating VirtualClientEngineActorPool with 2 actors
[2025-01-07 17:51:16,937][flwr][INFO] - [INIT]
[2025-01-07 17:51:16,937][flwr][INFO] - Requesting initial parameters from one random client
[2025-01-07 17:51:26,236][flwr][INFO] - Received initial parameters from one random client
[2025-01-07 17:51:26,245][flwr][INFO] - Starting evaluation of initial global parameters
[2025-01-07 17:51:26,282][flwr][INFO] - initial parameters (loss, other metrics): 0.7007995077541896, {'accuracy': 0.48292682926829267, 'f1-score': 0.31453786906290115}
[2025-01-07 17:51:26,282][flwr][INFO] - 
[2025-01-07 17:51:26,285][flwr][INFO] - [ROUND 1]
[2025-01-07 17:51:26,286][flwr][DEBUG] - fit_round 1: strategy sampled 4 clients (out of 4)
[2025-01-07 17:52:02,506][flwr][DEBUG] - fit_round 1 received 4 results and 0 failures
[2025-01-07 17:52:02,506][flwr][INFO] - Round 1: 4 clients considered, 0 clients discarded
[2025-01-07 17:52:02,516][flwr][WARNING] - No fit_metrics_aggregation_fn provided
[2025-01-07 17:52:02,555][flwr][INFO] - fit progress: (1, 0.6931471909795489, {'accuracy': 0.48292682926829267, 'f1-score': 0.31453786906290115}, 36.27105389999997)
[2025-01-07 17:52:02,557][flwr][INFO] - configure_evaluate: no clients selected, skipping evaluation
[2025-01-07 17:52:02,557][flwr][INFO] - 
[2025-01-07 17:52:02,557][flwr][INFO] - [ROUND 2]
[2025-01-07 17:52:02,563][flwr][DEBUG] - fit_round 2: strategy sampled 4 clients (out of 4)
[2025-01-07 17:52:43,796][flwr][DEBUG] - fit_round 2 received 4 results and 0 failures
[2025-01-07 17:52:43,796][flwr][INFO] - Round 2: 4 clients considered, 0 clients discarded
[2025-01-07 17:52:43,832][flwr][INFO] - fit progress: (2, 0.6929863180433001, {'accuracy': 0.5121951219512195, 'f1-score': 0.4025791982057751}, 77.55409709999913)
[2025-01-07 17:52:43,832][flwr][INFO] - configure_evaluate: no clients selected, skipping evaluation
[2025-01-07 17:52:43,841][flwr][INFO] - 
[2025-01-07 17:52:43,842][flwr][INFO] - [SUMMARY]
[2025-01-07 17:52:43,845][flwr][INFO] - Run finished 2 round(s) in 77.56s
[2025-01-07 17:52:43,847][flwr][INFO] - 	History (loss, centralized):
[2025-01-07 17:52:43,847][flwr][INFO] - 		round 0: 0.7007995077541896
[2025-01-07 17:52:43,847][flwr][INFO] - 		round 1: 0.6931471909795489
[2025-01-07 17:52:43,852][flwr][INFO] - 		round 2: 0.6929863180433001
[2025-01-07 17:52:43,855][flwr][INFO] - 	History (metrics, centralized):
[2025-01-07 17:52:43,857][flwr][INFO] - 	{'accuracy': [(0, 0.48292682926829267),
[2025-01-07 17:52:43,857][flwr][INFO] - 	              (1, 0.48292682926829267),
[2025-01-07 17:52:43,857][flwr][INFO] - 	              (2, 0.5121951219512195)],
[2025-01-07 17:52:43,857][flwr][INFO] - 	 'f1-score': [(0, 0.31453786906290115),
[2025-01-07 17:52:43,857][flwr][INFO] - 	              (1, 0.31453786906290115),
[2025-01-07 17:52:43,857][flwr][INFO] - 	              (2, 0.4025791982057751)]}
[2025-01-07 17:52:43,862][flwr][INFO] - 
