[2024-09-12 11:07:48,519][flwr][INFO] - Starting Flower simulation, config: ServerConfig(num_rounds=10, round_timeout=None)
[2024-09-12 11:08:04,306][flwr][INFO] - Flower VCE: Ray initialized with resources: {'node:127.0.0.1': 1.0, 'memory': 1641588327.0, 'node:__internal_head__': 1.0, 'object_store_memory': 820794163.0, 'CPU': 8.0}
[2024-09-12 11:08:04,308][flwr][INFO] - Initializing global parameters
[2024-09-12 11:08:04,309][flwr][INFO] - Requesting initial parameters from one random client
[2024-09-12 11:08:10,491][flwr][INFO] - Received initial parameters from one random client
[2024-09-12 11:08:10,492][flwr][INFO] - Evaluating initial parameters
[2024-09-12 11:08:10,552][flwr][INFO] - initial parameters (loss, other metrics): 2.9344335238138837, {'accuracy': 0.5583333333333333}
[2024-09-12 11:08:10,555][flwr][INFO] - FL starting
[2024-09-12 11:08:10,556][flwr][DEBUG] - fit_round 1: strategy sampled 2 clients (out of 2)
[2024-09-12 11:08:34,564][flwr][DEBUG] - fit_round 1 received 2 results and 0 failures
[2024-09-12 11:08:34,568][flwr][WARNING] - No fit_metrics_aggregation_fn provided
[2024-09-12 11:08:34,627][flwr][INFO] - fit progress: (1, 0.6606579303741456, {'accuracy': 0.59}, 24.07104999999956)
[2024-09-12 11:08:34,629][flwr][DEBUG] - evaluate_round 1: strategy sampled 2 clients (out of 2)
[2024-09-12 11:08:50,612][flwr][DEBUG] - evaluate_round 1 received 2 results and 0 failures
[2024-09-12 11:08:50,613][flwr][DEBUG] - fit_round 2: strategy sampled 2 clients (out of 2)
[2024-09-12 11:09:06,742][flwr][DEBUG] - fit_round 2 received 2 results and 0 failures
[2024-09-12 11:09:06,803][flwr][INFO] - fit progress: (2, 0.8696316480636597, {'accuracy': 0.5616666666666666}, 56.246996099999706)
[2024-09-12 11:09:06,805][flwr][DEBUG] - evaluate_round 2: strategy sampled 2 clients (out of 2)
[2024-09-12 11:09:22,481][flwr][DEBUG] - evaluate_round 2 received 2 results and 0 failures
[2024-09-12 11:09:22,483][flwr][DEBUG] - fit_round 3: strategy sampled 2 clients (out of 2)
[2024-09-12 11:09:38,470][flwr][DEBUG] - fit_round 3 received 2 results and 0 failures
[2024-09-12 11:09:38,527][flwr][INFO] - fit progress: (3, 0.655402680238088, {'accuracy': 0.5866666666666667}, 87.97042169999986)
[2024-09-12 11:09:38,530][flwr][DEBUG] - evaluate_round 3: strategy sampled 2 clients (out of 2)
[2024-09-12 11:09:54,157][flwr][DEBUG] - evaluate_round 3 received 2 results and 0 failures
[2024-09-12 11:09:54,158][flwr][DEBUG] - fit_round 4: strategy sampled 2 clients (out of 2)
[2024-09-12 11:10:10,359][flwr][DEBUG] - fit_round 4 received 2 results and 0 failures
[2024-09-12 11:10:10,424][flwr][INFO] - fit progress: (4, 0.6709215839703878, {'accuracy': 0.5872222222222222}, 119.86790759999985)
[2024-09-12 11:10:10,425][flwr][DEBUG] - evaluate_round 4: strategy sampled 2 clients (out of 2)
[2024-09-12 11:10:25,796][flwr][DEBUG] - evaluate_round 4 received 2 results and 0 failures
[2024-09-12 11:10:25,798][flwr][DEBUG] - fit_round 5: strategy sampled 2 clients (out of 2)
[2024-09-12 11:10:41,663][flwr][DEBUG] - fit_round 5 received 2 results and 0 failures
[2024-09-12 11:10:41,726][flwr][INFO] - fit progress: (5, 0.8607410430908203, {'accuracy': 0.5616666666666666}, 151.17017690000011)
[2024-09-12 11:10:41,729][flwr][DEBUG] - evaluate_round 5: strategy sampled 2 clients (out of 2)
[2024-09-12 11:10:56,969][flwr][DEBUG] - evaluate_round 5 received 2 results and 0 failures
[2024-09-12 11:10:56,971][flwr][DEBUG] - fit_round 6: strategy sampled 2 clients (out of 2)
[2024-09-12 11:11:12,995][flwr][DEBUG] - fit_round 6 received 2 results and 0 failures
[2024-09-12 11:11:13,057][flwr][INFO] - fit progress: (6, 0.5788193106651306, {'accuracy': 0.7005555555555556}, 182.5011217000001)
[2024-09-12 11:11:13,059][flwr][DEBUG] - evaluate_round 6: strategy sampled 2 clients (out of 2)
[2024-09-12 11:11:28,339][flwr][DEBUG] - evaluate_round 6 received 2 results and 0 failures
[2024-09-12 11:11:28,341][flwr][DEBUG] - fit_round 7: strategy sampled 2 clients (out of 2)
[2024-09-12 11:11:44,386][flwr][DEBUG] - fit_round 7 received 2 results and 0 failures
[2024-09-12 11:11:44,454][flwr][INFO] - fit progress: (7, 0.6548052112261454, {'accuracy': 0.5872222222222222}, 213.89822289999938)
[2024-09-12 11:11:44,456][flwr][DEBUG] - evaluate_round 7: strategy sampled 2 clients (out of 2)
[2024-09-12 11:11:59,737][flwr][DEBUG] - evaluate_round 7 received 2 results and 0 failures
[2024-09-12 11:11:59,738][flwr][DEBUG] - fit_round 8: strategy sampled 2 clients (out of 2)
[2024-09-12 11:12:16,104][flwr][DEBUG] - fit_round 8 received 2 results and 0 failures
[2024-09-12 11:12:16,164][flwr][INFO] - fit progress: (8, 0.6025664210319519, {'accuracy': 0.6211111111111111}, 245.60721179999928)
[2024-09-12 11:12:16,165][flwr][DEBUG] - evaluate_round 8: strategy sampled 2 clients (out of 2)
[2024-09-12 11:12:31,354][flwr][DEBUG] - evaluate_round 8 received 2 results and 0 failures
[2024-09-12 11:12:31,356][flwr][DEBUG] - fit_round 9: strategy sampled 2 clients (out of 2)
[2024-09-12 11:12:47,273][flwr][DEBUG] - fit_round 9 received 2 results and 0 failures
[2024-09-12 11:12:47,337][flwr][INFO] - fit progress: (9, 0.5382901748021444, {'accuracy': 0.7333333333333333}, 276.7805135999997)
[2024-09-12 11:12:47,338][flwr][DEBUG] - evaluate_round 9: strategy sampled 2 clients (out of 2)
[2024-09-12 11:13:04,168][flwr][DEBUG] - evaluate_round 9 received 2 results and 0 failures
[2024-09-12 11:13:04,169][flwr][DEBUG] - fit_round 10: strategy sampled 2 clients (out of 2)
[2024-09-12 11:13:20,035][flwr][DEBUG] - fit_round 10 received 2 results and 0 failures
[2024-09-12 11:13:20,092][flwr][INFO] - fit progress: (10, 0.5232430398464203, {'accuracy': 0.7522222222222222}, 309.53620969999974)
[2024-09-12 11:13:20,095][flwr][DEBUG] - evaluate_round 10: strategy sampled 2 clients (out of 2)
[2024-09-12 11:13:35,648][flwr][DEBUG] - evaluate_round 10 received 2 results and 0 failures
[2024-09-12 11:13:35,649][flwr][INFO] - FL finished in 325.0928120999997
[2024-09-12 11:13:35,650][flwr][INFO] - app_fit: losses_distributed [(1, 0.6577052954170439), (2, 0.7975821933812566), (3, 0.6773917012744479), (4, 0.7015747692849901), (5, 0.7837201555569967), (6, 0.5750953455766042), (7, 0.6170576264460882), (8, 0.5773645159271028), (9, 0.5527395680546761), (10, 0.5354138008422322)]
[2024-09-12 11:13:35,651][flwr][INFO] - app_fit: metrics_distributed_fit {}
[2024-09-12 11:13:35,652][flwr][INFO] - app_fit: metrics_distributed {'accuracy': [(1, 0.5833333333333334), (2, 0.5833333333333334), (3, 0.5555555555555556), (4, 0.5555555555555556), (5, 0.5833333333333334), (6, 0.6944444444444444), (7, 0.5833333333333334), (8, 0.6388888888888888), (9, 0.7222222222222222), (10, 0.75)]}
[2024-09-12 11:13:35,654][flwr][INFO] - app_fit: losses_centralized [(0, 2.9344335238138837), (1, 0.6606579303741456), (2, 0.8696316480636597), (3, 0.655402680238088), (4, 0.6709215839703878), (5, 0.8607410430908203), (6, 0.5788193106651306), (7, 0.6548052112261454), (8, 0.6025664210319519), (9, 0.5382901748021444), (10, 0.5232430398464203)]
[2024-09-12 11:13:35,656][flwr][INFO] - app_fit: metrics_centralized {'accuracy': [(0, 0.5583333333333333), (1, 0.59), (2, 0.5616666666666666), (3, 0.5866666666666667), (4, 0.5872222222222222), (5, 0.5616666666666666), (6, 0.7005555555555556), (7, 0.5872222222222222), (8, 0.6211111111111111), (9, 0.7333333333333333), (10, 0.7522222222222222)]}
