[2025-01-28 17:29:19,351][flwr][WARNING] - Both server and strategy were provided, ignoring strategy
[2025-01-28 17:29:19,352][flwr][INFO] - Starting Flower simulation, config: num_rounds=2, no round_timeout
[2025-01-28 17:29:32,463][flwr][INFO] - Flower VCE: Ray initialized with resources: {'CPU': 8.0, 'node:__internal_head__': 1.0, 'node:127.0.0.1': 1.0, 'object_store_memory': 285789388.0, 'memory': 571578779.0}
[2025-01-28 17:29:32,465][flwr][INFO] - Optimize your simulation with Flower VCE: https://flower.ai/docs/framework/how-to-run-simulations.html
[2025-01-28 17:29:32,466][flwr][INFO] - Flower VCE: Resources for each Virtual Client: {'num_cpus': 4, 'num_gpus': 0.0}
[2025-01-28 17:29:32,511][flwr][INFO] - Flower VCE: Creating VirtualClientEngineActorPool with 2 actors
[2025-01-28 17:29:32,513][flwr][INFO] - [INIT]
[2025-01-28 17:29:32,514][flwr][INFO] - Requesting initial parameters from one random client
[2025-01-28 17:29:39,095][flwr][INFO] - Received initial parameters from one random client
[2025-01-28 17:29:39,096][flwr][INFO] - Starting evaluation of initial global parameters
[2025-01-28 17:29:39,108][flwr][ERROR] - mat1 and mat2 shapes cannot be multiplied (32x14 and 13x64)
[2025-01-28 17:29:39,124][flwr][ERROR] - Traceback (most recent call last):
  File "C:\Users\Riccardo\miniconda3\envs\flower\Lib\site-packages\flwr\simulation\app.py", line 339, in start_simulation
    hist = run_fl(
           ^^^^^^^
  File "C:\Users\Riccardo\miniconda3\envs\flower\Lib\site-packages\flwr\server\server.py", line 492, in run_fl
    hist, elapsed_time = server.fit(
                         ^^^^^^^^^^^
  File "C:\Users\Riccardo\miniconda3\envs\flower\Lib\site-packages\flwr\server\server.py", line 95, in fit
    res = self.strategy.evaluate(0, parameters=self.parameters)
          ^^^^^^^^^^^^^^^^^^^^^^^^^^^^^^^^^^^^^^^^^^^^^^^^^^^^^
  File "C:\Users\Riccardo\miniconda3\envs\flower\Lib\site-packages\flwr\server\strategy\fedavg.py", line 167, in evaluate
    eval_res = self.evaluate_fn(server_round, parameters_ndarrays, {})
               ^^^^^^^^^^^^^^^^^^^^^^^^^^^^^^^^^^^^^^^^^^^^^^^^^^^^^^^
  File "c:\Users\Riccardo\Desktop\PoliMi\Tesi-Francesco\servers\server_scaffold.py", line 255, in evaluate
    loss, accuracy, f1_score = test_multi(net, testloader, device=device)
                               ^^^^^^^^^^^^^^^^^^^^^^^^^^^^^^^^^^^^^^^^^^
  File "c:\Users\Riccardo\Desktop\PoliMi\Tesi-Francesco\model\multiclassnet.py", line 380, in test_multi
    output = net(data)
             ^^^^^^^^^
  File "C:\Users\Riccardo\miniconda3\envs\flower\Lib\site-packages\torch\nn\modules\module.py", line 1553, in _wrapped_call_impl
    return self._call_impl(*args, **kwargs)
           ^^^^^^^^^^^^^^^^^^^^^^^^^^^^^^^^
  File "C:\Users\Riccardo\miniconda3\envs\flower\Lib\site-packages\torch\nn\modules\module.py", line 1562, in _call_impl
    return forward_call(*args, **kwargs)
           ^^^^^^^^^^^^^^^^^^^^^^^^^^^^^
  File "c:\Users\Riccardo\Desktop\PoliMi\Tesi-Francesco\model\multiclassnet.py", line 78, in forward
    x = self.relu(self.fc1(x))
                  ^^^^^^^^^^^
  File "C:\Users\Riccardo\miniconda3\envs\flower\Lib\site-packages\torch\nn\modules\module.py", line 1553, in _wrapped_call_impl
    return self._call_impl(*args, **kwargs)
           ^^^^^^^^^^^^^^^^^^^^^^^^^^^^^^^^
  File "C:\Users\Riccardo\miniconda3\envs\flower\Lib\site-packages\torch\nn\modules\module.py", line 1562, in _call_impl
    return forward_call(*args, **kwargs)
           ^^^^^^^^^^^^^^^^^^^^^^^^^^^^^
  File "C:\Users\Riccardo\miniconda3\envs\flower\Lib\site-packages\torch\nn\modules\linear.py", line 117, in forward
    return F.linear(input, self.weight, self.bias)
           ^^^^^^^^^^^^^^^^^^^^^^^^^^^^^^^^^^^^^^^
RuntimeError: mat1 and mat2 shapes cannot be multiplied (32x14 and 13x64)

[2025-01-28 17:29:39,138][flwr][ERROR] - Your simulation crashed :(. This could be because of several reasons. The most common are: 
	 > Sometimes, issues in the simulation code itself can cause crashes. It's always a good idea to double-check your code for any potential bugs or inconsistencies that might be contributing to the problem. For example: 
		 - You might be using a class attribute in your clients that hasn't been defined.
		 - There could be an incorrect method call to a 3rd party library (e.g., PyTorch).
		 - The return types of methods in your clients/strategies might be incorrect.
	 > Your system couldn't fit a single VirtualClient: try lowering `client_resources`.
	 > All the actors in your pool crashed. This could be because: 
		 - You clients hit an out-of-memory (OOM) error and actors couldn't recover from it. Try launching your simulation with more generous `client_resources` setting (i.e. it seems {'num_cpus': 4, 'num_gpus': 0.0} is not enough for your run). Use fewer concurrent actors. 
		 - You were running a multi-node simulation and all worker nodes disconnected. The head node might still be alive but cannot accommodate any actor with resources: {'num_cpus': 4, 'num_gpus': 0.0}.
Take a look at the Flower simulation examples for guidance <https://flower.ai/docs/framework/how-to-run-simulations.html>.
