[2024-09-16 11:45:32,946][flwr][INFO] - Starting Flower simulation, config: ServerConfig(num_rounds=10, round_timeout=None)
[2024-09-16 11:45:44,153][flwr][INFO] - Flower VCE: Ray initialized with resources: {'CPU': 8.0, 'node:__internal_head__': 1.0, 'object_store_memory': 369384652.0, 'node:127.0.0.1': 1.0, 'memory': 738769307.0}
[2024-09-16 11:45:44,154][flwr][INFO] - Initializing global parameters
[2024-09-16 11:45:44,155][flwr][INFO] - Requesting initial parameters from one random client
[2024-09-16 11:45:50,446][flwr][INFO] - Received initial parameters from one random client
[2024-09-16 11:45:50,447][flwr][INFO] - Evaluating initial parameters
[2024-09-16 11:45:50,500][flwr][INFO] - initial parameters (loss, other metrics): 17.25925038655599, {'accuracy': 0.43833333333333335}
[2024-09-16 11:45:50,502][flwr][INFO] - FL starting
[2024-09-16 11:45:50,504][flwr][DEBUG] - fit_round 1: strategy sampled 2 clients (out of 2)
[2024-09-16 11:46:13,677][flwr][DEBUG] - fit_round 1 received 2 results and 0 failures
[2024-09-16 11:46:13,683][flwr][WARNING] - No fit_metrics_aggregation_fn provided
[2024-09-16 11:46:13,761][flwr][INFO] - fit progress: (1, 0.755423347155253, {'accuracy': 0.5033333333333333}, 23.257688200000302)
[2024-09-16 11:46:13,763][flwr][DEBUG] - evaluate_round 1: strategy sampled 2 clients (out of 2)
[2024-09-16 11:46:35,286][flwr][DEBUG] - evaluate_round 1 received 2 results and 0 failures
[2024-09-16 11:46:35,287][flwr][DEBUG] - fit_round 2: strategy sampled 2 clients (out of 2)
[2024-09-16 11:46:46,912][flwr][DEBUG] - fit_round 2 received 2 results and 0 failures
[2024-09-16 11:46:46,958][flwr][INFO] - fit progress: (2, 0.8680331945419312, {'accuracy': 0.5616666666666666}, 56.453789600000164)
[2024-09-16 11:46:46,959][flwr][DEBUG] - evaluate_round 2: strategy sampled 2 clients (out of 2)
[2024-09-16 11:47:03,502][flwr][DEBUG] - evaluate_round 2 received 2 results and 0 failures
[2024-09-16 11:47:03,503][flwr][DEBUG] - fit_round 3: strategy sampled 2 clients (out of 2)
[2024-09-16 11:47:25,701][flwr][DEBUG] - fit_round 3 received 2 results and 0 failures
[2024-09-16 11:47:25,751][flwr][INFO] - fit progress: (3, 0.7775154670079549, {'accuracy': 0.5322222222222223}, 95.24853789999997)
[2024-09-16 11:47:25,753][flwr][DEBUG] - evaluate_round 3: strategy sampled 2 clients (out of 2)
[2024-09-16 11:47:39,976][flwr][DEBUG] - evaluate_round 3 received 2 results and 0 failures
[2024-09-16 11:47:39,982][flwr][DEBUG] - fit_round 4: strategy sampled 2 clients (out of 2)
[2024-09-16 11:47:53,341][flwr][DEBUG] - fit_round 4 received 2 results and 0 failures
[2024-09-16 11:47:53,391][flwr][INFO] - fit progress: (4, 0.8110560576121012, {'accuracy': 0.5633333333333334}, 122.8878695000003)
[2024-09-16 11:47:53,392][flwr][DEBUG] - evaluate_round 4: strategy sampled 2 clients (out of 2)
[2024-09-16 11:48:05,793][flwr][DEBUG] - evaluate_round 4 received 2 results and 0 failures
[2024-09-16 11:48:05,794][flwr][DEBUG] - fit_round 5: strategy sampled 2 clients (out of 2)
[2024-09-16 11:48:17,653][flwr][DEBUG] - fit_round 5 received 2 results and 0 failures
[2024-09-16 11:48:17,706][flwr][INFO] - fit progress: (5, 0.591415011882782, {'accuracy': 0.6727777777777778}, 147.20341390000067)
[2024-09-16 11:48:17,708][flwr][DEBUG] - evaluate_round 5: strategy sampled 2 clients (out of 2)
[2024-09-16 11:48:30,978][flwr][DEBUG] - evaluate_round 5 received 2 results and 0 failures
[2024-09-16 11:48:30,979][flwr][DEBUG] - fit_round 6: strategy sampled 2 clients (out of 2)
[2024-09-16 11:48:58,963][flwr][DEBUG] - fit_round 6 received 2 results and 0 failures
[2024-09-16 11:48:59,279][flwr][INFO] - fit progress: (6, 0.7205465952555339, {'accuracy': 0.595}, 188.7759603000004)
[2024-09-16 11:48:59,285][flwr][DEBUG] - evaluate_round 6: strategy sampled 2 clients (out of 2)
[2024-09-16 11:49:14,074][flwr][DEBUG] - evaluate_round 6 received 2 results and 0 failures
[2024-09-16 11:49:14,076][flwr][DEBUG] - fit_round 7: strategy sampled 2 clients (out of 2)
[2024-09-16 11:49:27,920][flwr][DEBUG] - fit_round 7 received 2 results and 0 failures
[2024-09-16 11:49:27,974][flwr][INFO] - fit progress: (7, 1.3910074631373088, {'accuracy': 0.5133333333333333}, 217.47072329999992)
[2024-09-16 11:49:27,975][flwr][DEBUG] - evaluate_round 7: strategy sampled 2 clients (out of 2)
[2024-09-16 11:49:40,737][flwr][DEBUG] - evaluate_round 7 received 2 results and 0 failures
[2024-09-16 11:49:40,739][flwr][DEBUG] - fit_round 8: strategy sampled 2 clients (out of 2)
[2024-09-16 11:50:01,487][flwr][DEBUG] - fit_round 8 received 2 results and 0 failures
[2024-09-16 11:50:01,540][flwr][INFO] - fit progress: (8, 0.5135887821515401, {'accuracy': 0.7427777777777778}, 251.0360969000003)
[2024-09-16 11:50:01,541][flwr][DEBUG] - evaluate_round 8: strategy sampled 2 clients (out of 2)
[2024-09-16 11:50:14,424][flwr][DEBUG] - evaluate_round 8 received 2 results and 0 failures
[2024-09-16 11:50:14,425][flwr][DEBUG] - fit_round 9: strategy sampled 2 clients (out of 2)
[2024-09-16 11:50:49,287][flwr][DEBUG] - fit_round 9 received 2 results and 0 failures
[2024-09-16 11:50:49,609][flwr][INFO] - fit progress: (9, 0.5099485675493877, {'accuracy': 0.73}, 299.10513940000055)
[2024-09-16 11:50:49,614][flwr][DEBUG] - evaluate_round 9: strategy sampled 2 clients (out of 2)
[2024-09-16 11:51:15,010][flwr][DEBUG] - evaluate_round 9 received 2 results and 0 failures
[2024-09-16 11:51:15,015][flwr][DEBUG] - fit_round 10: strategy sampled 2 clients (out of 2)
[2024-09-16 11:51:27,435][flwr][DEBUG] - fit_round 10 received 2 results and 0 failures
[2024-09-16 11:51:27,482][flwr][INFO] - fit progress: (10, 0.469099756081899, {'accuracy': 0.8022222222222222}, 336.9791101999999)
[2024-09-16 11:51:27,484][flwr][DEBUG] - evaluate_round 10: strategy sampled 2 clients (out of 2)
[2024-09-16 11:51:44,811][flwr][DEBUG] - evaluate_round 10 received 2 results and 0 failures
[2024-09-16 11:51:44,812][flwr][INFO] - FL finished in 354.30824980000034
[2024-09-16 11:51:44,813][flwr][INFO] - app_fit: losses_distributed [(1, 0.7954332646396425), (2, 0.7905519480506579), (3, 0.8247061951292886), (4, 0.7417020243075159), (5, 0.6119492616918352), (6, 0.7714210723837217), (7, 1.5353127039141126), (8, 0.508662025961611), (9, 0.5020909723308351), (10, 0.48591678589582443)]
[2024-09-16 11:51:44,814][flwr][INFO] - app_fit: metrics_distributed_fit {}
[2024-09-16 11:51:44,814][flwr][INFO] - app_fit: metrics_distributed {'accuracy': [(1, 0.4444444444444444), (2, 0.5833333333333334), (3, 0.4722222222222222), (4, 0.5833333333333334), (5, 0.6666666666666666), (6, 0.5555555555555556), (7, 0.4444444444444444), (8, 0.75), (9, 0.7222222222222222), (10, 0.7777777777777778)]}
[2024-09-16 11:51:44,815][flwr][INFO] - app_fit: losses_centralized [(0, 17.25925038655599), (1, 0.755423347155253), (2, 0.8680331945419312), (3, 0.7775154670079549), (4, 0.8110560576121012), (5, 0.591415011882782), (6, 0.7205465952555339), (7, 1.3910074631373088), (8, 0.5135887821515401), (9, 0.5099485675493877), (10, 0.469099756081899)]
[2024-09-16 11:51:44,817][flwr][INFO] - app_fit: metrics_centralized {'accuracy': [(0, 0.43833333333333335), (1, 0.5033333333333333), (2, 0.5616666666666666), (3, 0.5322222222222223), (4, 0.5633333333333334), (5, 0.6727777777777778), (6, 0.595), (7, 0.5133333333333333), (8, 0.7427777777777778), (9, 0.73), (10, 0.8022222222222222)]}
