[2025-01-11 19:51:04,135][flwr][WARNING] - Both server and strategy were provided, ignoring strategy
[2025-01-11 19:51:04,151][flwr][INFO] - Starting Flower simulation, config: num_rounds=2, no round_timeout
[2025-01-11 19:51:13,556][flwr][INFO] - Flower VCE: Ray initialized with resources: {'CPU': 8.0, 'node:__internal_head__': 1.0, 'node:127.0.0.1': 1.0, 'object_store_memory': 664595251.0, 'memory': 1329190503.0}
[2025-01-11 19:51:13,556][flwr][INFO] - Optimize your simulation with Flower VCE: https://flower.ai/docs/framework/how-to-run-simulations.html
[2025-01-11 19:51:13,556][flwr][INFO] - Flower VCE: Resources for each Virtual Client: {'num_cpus': 4, 'num_gpus': 0.0}
[2025-01-11 19:51:13,582][flwr][INFO] - Flower VCE: Creating VirtualClientEngineActorPool with 2 actors
[2025-01-11 19:51:13,582][flwr][INFO] - [INIT]
[2025-01-11 19:51:13,582][flwr][INFO] - Requesting initial parameters from one random client
[2025-01-11 19:51:19,106][flwr][INFO] - Received initial parameters from one random client
[2025-01-11 19:51:19,106][flwr][INFO] - Starting evaluation of initial global parameters
[2025-01-11 19:51:19,149][flwr][INFO] - initial parameters (loss, other metrics): 0.6941631776945931, {'accuracy': 0.5170731707317073, 'f1-score': 0.3524743157399419}
[2025-01-11 19:51:19,150][flwr][INFO] - 
[2025-01-11 19:51:19,150][flwr][INFO] - [ROUND 1]
[2025-01-11 19:51:19,153][flwr][DEBUG] - fit_round 1: strategy sampled 10 clients (out of 10)
[2025-01-11 19:52:04,124][flwr][DEBUG] - fit_round 1 received 10 results and 0 failures
[2025-01-11 19:52:04,133][flwr][WARNING] - No fit_metrics_aggregation_fn provided
[2025-01-11 19:52:04,155][flwr][INFO] - fit progress: (1, 0.6935481258801052, {'accuracy': 0.5170731707317073, 'f1-score': 0.3524743157399419}, 45.003313300025184)
[2025-01-11 19:52:04,156][flwr][INFO] - configure_evaluate: no clients selected, skipping evaluation
[2025-01-11 19:52:04,157][flwr][INFO] - 
[2025-01-11 19:52:04,158][flwr][INFO] - [ROUND 2]
[2025-01-11 19:52:04,158][flwr][DEBUG] - fit_round 2: strategy sampled 10 clients (out of 10)
[2025-01-11 19:52:49,454][flwr][DEBUG] - fit_round 2 received 10 results and 0 failures
[2025-01-11 19:52:49,493][flwr][INFO] - fit progress: (2, 0.6929602026939392, {'accuracy': 0.5170731707317073, 'f1-score': 0.3524743157399419}, 90.34651500004111)
[2025-01-11 19:52:49,493][flwr][INFO] - configure_evaluate: no clients selected, skipping evaluation
[2025-01-11 19:52:49,493][flwr][INFO] - 
[2025-01-11 19:52:49,502][flwr][INFO] - [SUMMARY]
[2025-01-11 19:52:49,503][flwr][INFO] - Run finished 2 round(s) in 90.35s
[2025-01-11 19:52:49,505][flwr][INFO] - 	History (loss, centralized):
[2025-01-11 19:52:49,506][flwr][INFO] - 		round 0: 0.6941631776945931
[2025-01-11 19:52:49,507][flwr][INFO] - 		round 1: 0.6935481258801052
[2025-01-11 19:52:49,508][flwr][INFO] - 		round 2: 0.6929602026939392
[2025-01-11 19:52:49,510][flwr][INFO] - 	History (metrics, centralized):
[2025-01-11 19:52:49,510][flwr][INFO] - 	{'accuracy': [(0, 0.5170731707317073),
[2025-01-11 19:52:49,510][flwr][INFO] - 	              (1, 0.5170731707317073),
[2025-01-11 19:52:49,513][flwr][INFO] - 	              (2, 0.5170731707317073)],
[2025-01-11 19:52:49,514][flwr][INFO] - 	 'f1-score': [(0, 0.3524743157399419),
[2025-01-11 19:52:49,516][flwr][INFO] - 	              (1, 0.3524743157399419),
[2025-01-11 19:52:49,518][flwr][INFO] - 	              (2, 0.3524743157399419)]}
[2025-01-11 19:52:49,519][flwr][INFO] - 
