[2025-01-07 18:09:52,386][flwr][WARNING] - Both server and strategy were provided, ignoring strategy
[2025-01-07 18:09:52,386][flwr][INFO] - Starting Flower simulation, config: num_rounds=2, no round_timeout
[2025-01-07 18:10:08,314][flwr][INFO] - Flower VCE: Ray initialized with resources: {'CPU': 8.0, 'node:__internal_head__': 1.0, 'node:127.0.0.1': 1.0, 'object_store_memory': 524263833.0, 'memory': 1048527668.0}
[2025-01-07 18:10:08,324][flwr][INFO] - Optimize your simulation with Flower VCE: https://flower.ai/docs/framework/how-to-run-simulations.html
[2025-01-07 18:10:08,325][flwr][INFO] - Flower VCE: Resources for each Virtual Client: {'num_cpus': 4, 'num_gpus': 0.0}
[2025-01-07 18:10:08,364][flwr][INFO] - Flower VCE: Creating VirtualClientEngineActorPool with 2 actors
[2025-01-07 18:10:08,366][flwr][INFO] - [INIT]
[2025-01-07 18:10:08,366][flwr][INFO] - Requesting initial parameters from one random client
[2025-01-07 18:10:16,526][flwr][INFO] - Received initial parameters from one random client
[2025-01-07 18:10:16,536][flwr][INFO] - Starting evaluation of initial global parameters
[2025-01-07 18:10:16,575][flwr][INFO] - initial parameters (loss, other metrics): 0.7028393234525409, {'accuracy': 0.48292682926829267, 'f1-score': 0.31453786906290115}
[2025-01-07 18:10:16,575][flwr][INFO] - 
[2025-01-07 18:10:16,578][flwr][INFO] - [ROUND 1]
[2025-01-07 18:10:16,578][flwr][DEBUG] - fit_round 1: strategy sampled 4 clients (out of 4)
[2025-01-07 18:10:51,886][flwr][DEBUG] - fit_round 1 received 4 results and 0 failures
[2025-01-07 18:10:51,894][flwr][WARNING] - No fit_metrics_aggregation_fn provided
[2025-01-07 18:10:51,927][flwr][INFO] - fit progress: (1, 0.6695437175886971, {'accuracy': 0.5170731707317073, 'f1-score': 0.3524743157399419}, 35.350772800000414)
[2025-01-07 18:10:51,927][flwr][INFO] - configure_evaluate: no clients selected, skipping evaluation
[2025-01-07 18:10:51,927][flwr][INFO] - 
[2025-01-07 18:10:51,927][flwr][INFO] - [ROUND 2]
[2025-01-07 18:10:51,934][flwr][DEBUG] - fit_round 2: strategy sampled 4 clients (out of 4)
[2025-01-07 18:11:24,754][flwr][DEBUG] - fit_round 2 received 4 results and 0 failures
[2025-01-07 18:11:24,792][flwr][INFO] - fit progress: (2, 0.6620181543486459, {'accuracy': 0.5170731707317073, 'f1-score': 0.3524743157399419}, 68.21624620000148)
[2025-01-07 18:11:24,794][flwr][INFO] - configure_evaluate: no clients selected, skipping evaluation
[2025-01-07 18:11:24,794][flwr][INFO] - 
[2025-01-07 18:11:24,794][flwr][INFO] - [SUMMARY]
[2025-01-07 18:11:24,794][flwr][INFO] - Run finished 2 round(s) in 68.22s
[2025-01-07 18:11:24,800][flwr][INFO] - 	History (loss, centralized):
[2025-01-07 18:11:24,801][flwr][INFO] - 		round 0: 0.7028393234525409
[2025-01-07 18:11:24,801][flwr][INFO] - 		round 1: 0.6695437175886971
[2025-01-07 18:11:24,804][flwr][INFO] - 		round 2: 0.6620181543486459
[2025-01-07 18:11:24,805][flwr][INFO] - 	History (metrics, centralized):
[2025-01-07 18:11:24,807][flwr][INFO] - 	{'accuracy': [(0, 0.48292682926829267),
[2025-01-07 18:11:24,808][flwr][INFO] - 	              (1, 0.5170731707317073),
[2025-01-07 18:11:24,808][flwr][INFO] - 	              (2, 0.5170731707317073)],
[2025-01-07 18:11:24,812][flwr][INFO] - 	 'f1-score': [(0, 0.31453786906290115),
[2025-01-07 18:11:24,813][flwr][INFO] - 	              (1, 0.3524743157399419),
[2025-01-07 18:11:24,814][flwr][INFO] - 	              (2, 0.3524743157399419)]}
[2025-01-07 18:11:24,816][flwr][INFO] - 
