[2024-09-12 10:16:48,383][flwr][INFO] - Starting Flower simulation, config: ServerConfig(num_rounds=10, round_timeout=None)
[2024-09-12 10:17:03,859][flwr][INFO] - Flower VCE: Ray initialized with resources: {'memory': 1731966567.0, 'CPU': 8.0, 'node:127.0.0.1': 1.0, 'node:__internal_head__': 1.0, 'object_store_memory': 865983283.0}
[2024-09-12 10:17:03,860][flwr][INFO] - Initializing global parameters
[2024-09-12 10:17:03,860][flwr][INFO] - Requesting initial parameters from one random client
[2024-09-12 10:17:10,008][flwr][ERROR] - [36mray::launch_and_get_parameters()[39m (pid=16628, ip=127.0.0.1)
  File "python\ray\_raylet.pyx", line 1896, in ray._raylet.execute_task
  File "C:\Users\Francesco\miniconda3\envs\flower\Lib\site-packages\flwr\simulation\ray_transport\ray_client_proxy.py", line 135, in launch_and_get_parameters
    client: Client = _create_client(client_fn, cid)
                     ^^^^^^^^^^^^^^^^^^^^^^^^^^^^^^
  File "C:\Users\Francesco\miniconda3\envs\flower\Lib\site-packages\flwr\simulation\ray_transport\ray_client_proxy.py", line 168, in _create_client
    client_like: ClientLike = client_fn(cid)
                              ^^^^^^^^^^^^^^
  File "c:\Users\Francesco\Desktop\PoliMi\Magistrale\Tesi\Progetto\Tesi-Francesco\client.py", line 58, in client_fn
    return FlowerClient(
           ^^^^^^^^^^^^^
  File "C:\Users\Francesco\Desktop\PoliMi\Magistrale\Tesi\Progetto\Tesi-Francesco\client.py", line 21, in __init__
    self.optimizer = instantiate(optimizer_cfg)
                     ^^^^^^^^^^^^^^^^^^^^^^^^^^
  File "C:\Users\Francesco\miniconda3\envs\flower\Lib\site-packages\hydra\_internal\instantiate\_instantiate2.py", line 220, in instantiate
    OmegaConf.resolve(config)
  File "C:\Users\Francesco\miniconda3\envs\flower\Lib\site-packages\omegaconf\omegaconf.py", line 785, in resolve
    omegaconf._impl._resolve(cfg)
  File "C:\Users\Francesco\miniconda3\envs\flower\Lib\site-packages\omegaconf\_impl.py", line 40, in _resolve
    _resolve_container_value(cfg, k)
  File "C:\Users\Francesco\miniconda3\envs\flower\Lib\site-packages\omegaconf\_impl.py", line 14, in _resolve_container_value
    resolved = node._dereference_node()
               ^^^^^^^^^^^^^^^^^^^^^^^^
  File "C:\Users\Francesco\miniconda3\envs\flower\Lib\site-packages\omegaconf\base.py", line 246, in _dereference_node
    node = self._dereference_node_impl(throw_on_resolution_failure=True)
           ^^^^^^^^^^^^^^^^^^^^^^^^^^^^^^^^^^^^^^^^^^^^^^^^^^^^^^^^^^^^^
  File "C:\Users\Francesco\miniconda3\envs\flower\Lib\site-packages\omegaconf\base.py", line 277, in _dereference_node_impl
    return parent._resolve_interpolation_from_parse_tree(
           ^^^^^^^^^^^^^^^^^^^^^^^^^^^^^^^^^^^^^^^^^^^^^^
  File "C:\Users\Francesco\miniconda3\envs\flower\Lib\site-packages\omegaconf\base.py", line 584, in _resolve_interpolation_from_parse_tree
    resolved = self.resolve_parse_tree(
               ^^^^^^^^^^^^^^^^^^^^^^^^
  File "C:\Users\Francesco\miniconda3\envs\flower\Lib\site-packages\omegaconf\base.py", line 764, in resolve_parse_tree
    return visitor.visit(parse_tree)
           ^^^^^^^^^^^^^^^^^^^^^^^^^
  File "C:\Users\Francesco\miniconda3\envs\flower\Lib\site-packages\antlr4\tree\Tree.py", line 34, in visit
    return tree.accept(self)
           ^^^^^^^^^^^^^^^^^
  File "C:\Users\Francesco\miniconda3\envs\flower\Lib\site-packages\omegaconf\grammar\gen\OmegaConfGrammarParser.py", line 206, in accept
    return visitor.visitConfigValue(self)
           ^^^^^^^^^^^^^^^^^^^^^^^^^^^^^^
  File "C:\Users\Francesco\miniconda3\envs\flower\Lib\site-packages\omegaconf\grammar_visitor.py", line 101, in visitConfigValue
    return self.visit(ctx.getChild(0))
           ^^^^^^^^^^^^^^^^^^^^^^^^^^^
  File "C:\Users\Francesco\miniconda3\envs\flower\Lib\site-packages\antlr4\tree\Tree.py", line 34, in visit
    return tree.accept(self)
           ^^^^^^^^^^^^^^^^^
  File "C:\Users\Francesco\miniconda3\envs\flower\Lib\site-packages\omegaconf\grammar\gen\OmegaConfGrammarParser.py", line 342, in accept
    return visitor.visitText(self)
           ^^^^^^^^^^^^^^^^^^^^^^^
  File "C:\Users\Francesco\miniconda3\envs\flower\Lib\site-packages\omegaconf\grammar_visitor.py", line 298, in visitText
    return self.visitInterpolation(c)
           ^^^^^^^^^^^^^^^^^^^^^^^^^^
  File "C:\Users\Francesco\miniconda3\envs\flower\Lib\site-packages\omegaconf\grammar_visitor.py", line 125, in visitInterpolation
    return self.visit(ctx.getChild(0))
           ^^^^^^^^^^^^^^^^^^^^^^^^^^^
  File "C:\Users\Francesco\miniconda3\envs\flower\Lib\site-packages\antlr4\tree\Tree.py", line 34, in visit
    return tree.accept(self)
           ^^^^^^^^^^^^^^^^^
  File "C:\Users\Francesco\miniconda3\envs\flower\Lib\site-packages\omegaconf\grammar\gen\OmegaConfGrammarParser.py", line 921, in accept
    return visitor.visitInterpolationNode(self)
           ^^^^^^^^^^^^^^^^^^^^^^^^^^^^^^^^^^^^
  File "C:\Users\Francesco\miniconda3\envs\flower\Lib\site-packages\omegaconf\grammar_visitor.py", line 158, in visitInterpolationNode
    return self.node_interpolation_callback(inter_key, self.memo)
           ^^^^^^^^^^^^^^^^^^^^^^^^^^^^^^^^^^^^^^^^^^^^^^^^^^^^^^
  File "C:\Users\Francesco\miniconda3\envs\flower\Lib\site-packages\omegaconf\base.py", line 745, in node_interpolation_callback
    return self._resolve_node_interpolation(inter_key=inter_key, memo=memo)
           ^^^^^^^^^^^^^^^^^^^^^^^^^^^^^^^^^^^^^^^^^^^^^^^^^^^^^^^^^^^^^^^^
  File "C:\Users\Francesco\miniconda3\envs\flower\Lib\site-packages\omegaconf\base.py", line 676, in _resolve_node_interpolation
    raise InterpolationKeyError(f"Interpolation key '{inter_key}' not found")
omegaconf.errors.InterpolationKeyError: Interpolation key 'lr' not found
