[2024-10-23 18:11:21,239][flwr][WARNING] - Both server and strategy were provided, ignoring strategy
[2024-10-23 18:11:21,239][flwr][INFO] - Starting Flower simulation, config: num_rounds=3, no round_timeout
[2024-10-23 18:11:30,693][flwr][INFO] - Flower VCE: Ray initialized with resources: {'CPU': 8.0, 'object_store_memory': 761465241.0, 'node:127.0.0.1': 1.0, 'memory': 1522930484.0, 'node:__internal_head__': 1.0}
[2024-10-23 18:11:30,695][flwr][INFO] - Optimize your simulation with Flower VCE: https://flower.ai/docs/framework/how-to-run-simulations.html
[2024-10-23 18:11:30,695][flwr][INFO] - Flower VCE: Resources for each Virtual Client: {'num_cpus': 4, 'num_gpus': 0.0}
[2024-10-23 18:11:30,719][flwr][INFO] - Flower VCE: Creating VirtualClientEngineActorPool with 2 actors
[2024-10-23 18:11:30,723][flwr][INFO] - [INIT]
[2024-10-23 18:11:30,723][flwr][INFO] - Requesting initial parameters from one random client
[2024-10-23 18:11:35,781][flwr][INFO] - Received initial parameters from one random client
[2024-10-23 18:11:35,784][flwr][INFO] - Starting evaluation of initial global parameters
[2024-10-23 18:11:35,842][flwr][INFO] - initial parameters (loss, other metrics): -0.10254561730793545, {'accuracy': 0.0, 'f1-score': 0.0}
[2024-10-23 18:11:35,842][flwr][INFO] - 
[2024-10-23 18:11:35,842][flwr][INFO] - [ROUND 1]
[2024-10-23 18:11:35,842][flwr][INFO] - configure_fit: strategy sampled 3 clients (out of 3)
[2024-10-23 18:11:56,119][flwr][INFO] - aggregate_fit: received 3 results and 0 failures
[2024-10-23 18:11:56,119][flwr][WARNING] - No fit_metrics_aggregation_fn provided
[2024-10-23 18:11:56,183][flwr][INFO] - fit progress: (1, -0.8443461179733276, {'accuracy': 1.0, 'f1-score': 1.0}, 20.336872299998504)
[2024-10-23 18:11:56,184][flwr][INFO] - configure_evaluate: no clients selected, skipping evaluation
[2024-10-23 18:11:56,185][flwr][INFO] - 
[2024-10-23 18:11:56,186][flwr][INFO] - [ROUND 2]
[2024-10-23 18:11:56,187][flwr][INFO] - configure_fit: strategy sampled 3 clients (out of 3)
[2024-10-23 18:12:18,031][flwr][INFO] - aggregate_fit: received 3 results and 0 failures
[2024-10-23 18:12:18,070][flwr][INFO] - fit progress: (2, -0.9743638021605355, {'accuracy': 1.0, 'f1-score': 1.0}, 42.23607479999919)
[2024-10-23 18:12:18,084][flwr][INFO] - configure_evaluate: no clients selected, skipping evaluation
[2024-10-23 18:12:18,085][flwr][INFO] - 
[2024-10-23 18:12:18,085][flwr][INFO] - [ROUND 3]
[2024-10-23 18:12:18,085][flwr][INFO] - configure_fit: strategy sampled 3 clients (out of 3)
