[2024-10-23 18:12:45,143][flwr][WARNING] - Both server and strategy were provided, ignoring strategy
[2024-10-23 18:12:45,143][flwr][INFO] - Starting Flower simulation, config: num_rounds=3, no round_timeout
[2024-10-23 18:12:57,246][flwr][INFO] - Flower VCE: Ray initialized with resources: {'CPU': 8.0, 'object_store_memory': 730979942.0, 'node:127.0.0.1': 1.0, 'memory': 1461959886.0, 'node:__internal_head__': 1.0}
[2024-10-23 18:12:57,246][flwr][INFO] - Optimize your simulation with Flower VCE: https://flower.ai/docs/framework/how-to-run-simulations.html
[2024-10-23 18:12:57,246][flwr][INFO] - Flower VCE: Resources for each Virtual Client: {'num_cpus': 4, 'num_gpus': 0.0}
[2024-10-23 18:12:57,288][flwr][INFO] - Flower VCE: Creating VirtualClientEngineActorPool with 2 actors
[2024-10-23 18:12:57,298][flwr][INFO] - [INIT]
[2024-10-23 18:12:57,299][flwr][INFO] - Requesting initial parameters from one random client
[2024-10-23 18:13:02,758][flwr][INFO] - Received initial parameters from one random client
[2024-10-23 18:13:02,758][flwr][INFO] - Starting evaluation of initial global parameters
[2024-10-23 18:13:02,809][flwr][INFO] - initial parameters (loss, other metrics): -0.13032543701784952, {'accuracy': 0.004578754578754579, 'f1-score': 0.0015192950470981463}
[2024-10-23 18:13:02,809][flwr][INFO] - 
[2024-10-23 18:13:02,809][flwr][INFO] - [ROUND 1]
[2024-10-23 18:13:02,809][flwr][INFO] - configure_fit: strategy sampled 3 clients (out of 3)
[2024-10-23 18:13:27,337][flwr][INFO] - aggregate_fit: received 3 results and 0 failures
[2024-10-23 18:13:27,342][flwr][WARNING] - No fit_metrics_aggregation_fn provided
[2024-10-23 18:13:27,424][flwr][INFO] - fit progress: (1, -0.9112769399370466, {'accuracy': 1.0, 'f1-score': 1.0}, 24.60232950000136)
[2024-10-23 18:13:27,425][flwr][INFO] - configure_evaluate: no clients selected, skipping evaluation
[2024-10-23 18:13:27,426][flwr][INFO] - 
[2024-10-23 18:13:27,427][flwr][INFO] - [ROUND 2]
[2024-10-23 18:13:27,428][flwr][INFO] - configure_fit: strategy sampled 3 clients (out of 3)
[2024-10-23 18:13:52,282][flwr][INFO] - aggregate_fit: received 3 results and 0 failures
[2024-10-23 18:13:52,433][flwr][INFO] - fit progress: (2, -0.9780524270875114, {'accuracy': 1.0, 'f1-score': 1.0}, 49.610652300001675)
[2024-10-23 18:13:52,434][flwr][INFO] - configure_evaluate: no clients selected, skipping evaluation
[2024-10-23 18:13:52,435][flwr][INFO] - 
[2024-10-23 18:13:52,436][flwr][INFO] - [ROUND 3]
[2024-10-23 18:13:52,436][flwr][INFO] - configure_fit: strategy sampled 3 clients (out of 3)
[2024-10-23 18:14:16,289][flwr][INFO] - aggregate_fit: received 3 results and 0 failures
[2024-10-23 18:14:16,358][flwr][INFO] - fit progress: (3, -0.9880424891199384, {'accuracy': 1.0, 'f1-score': 1.0}, 73.54876460000014)
[2024-10-23 18:14:16,373][flwr][INFO] - configure_evaluate: no clients selected, skipping evaluation
[2024-10-23 18:14:16,374][flwr][INFO] - 
[2024-10-23 18:14:16,375][flwr][INFO] - [SUMMARY]
[2024-10-23 18:14:16,375][flwr][INFO] - Run finished 3 round(s) in 73.55s
[2024-10-23 18:14:16,379][flwr][INFO] - 	History (loss, centralized):
[2024-10-23 18:14:16,380][flwr][INFO] - 		round 0: -0.13032543701784952
[2024-10-23 18:14:16,381][flwr][INFO] - 		round 1: -0.9112769399370466
[2024-10-23 18:14:16,382][flwr][INFO] - 		round 2: -0.9780524270875114
[2024-10-23 18:14:16,382][flwr][INFO] - 		round 3: -0.9880424891199384
[2024-10-23 18:14:16,382][flwr][INFO] - 	History (metrics, centralized):
[2024-10-23 18:14:16,384][flwr][INFO] - 	{'accuracy': [(0, 0.004578754578754579), (1, 1.0), (2, 1.0), (3, 1.0)],
[2024-10-23 18:14:16,384][flwr][INFO] - 	 'f1-score': [(0, 0.0015192950470981463), (1, 1.0), (2, 1.0), (3, 1.0)]}
[2024-10-23 18:14:16,384][flwr][INFO] - 
