[2024-10-11 18:50:59,630][flwr][WARNING] - Both server and strategy were provided, ignoring strategy
[2024-10-11 18:50:59,630][flwr][INFO] - Starting Flower simulation, config: ServerConfig(num_rounds=2, round_timeout=None)
[2024-10-11 18:51:09,055][flwr][INFO] - Flower VCE: Ray initialized with resources: {'object_store_memory': 783958425.0, 'CPU': 8.0, 'memory': 1567916852.0, 'node:127.0.0.1': 1.0, 'node:__internal_head__': 1.0}
[2024-10-11 18:51:09,056][flwr][INFO] - Initializing global parameters
[2024-10-11 18:51:09,057][flwr][INFO] - Requesting initial parameters from one random client
[2024-10-11 18:51:13,702][flwr][INFO] - Received initial parameters from one random client
[2024-10-11 18:51:13,702][flwr][INFO] - Evaluating initial parameters
[2024-10-11 18:51:13,761][flwr][INFO] - initial parameters (loss, other metrics): 0.005832575526502398, {'accuracy': 0.415, 'f1-score': 0.12903225806451613}
[2024-10-11 18:51:13,776][flwr][INFO] - FL starting
[2024-10-11 18:51:13,777][flwr][DEBUG] - fit_round 1: strategy sampled 2 clients (out of 2)
[2024-10-11 18:51:29,256][flwr][DEBUG] - fit_round 1 received 2 results and 0 failures
[2024-10-11 18:51:29,256][flwr][WARNING] - No fit_metrics_aggregation_fn provided
[2024-10-11 18:51:29,332][flwr][INFO] - fit progress: (1, 0.005156133671601613, {'accuracy': 0.6611111111111111, 'f1-score': 0.5927903871829105}, 15.553932599999825)
[2024-10-11 18:51:29,333][flwr][INFO] - evaluate_round 1: no clients selected, cancel
[2024-10-11 18:51:29,335][flwr][DEBUG] - fit_round 2: strategy sampled 2 clients (out of 2)
[2024-10-11 18:51:38,548][flwr][DEBUG] - fit_round 2 received 2 results and 0 failures
[2024-10-11 18:51:38,619][flwr][INFO] - fit progress: (2, 0.003470565030972163, {'accuracy': 0.8255555555555556, 'f1-score': 0.8428428428428428}, 24.841411999999764)
[2024-10-11 18:51:38,620][flwr][INFO] - evaluate_round 2: no clients selected, cancel
[2024-10-11 18:51:38,621][flwr][INFO] - FL finished in 24.843431899998905
[2024-10-11 18:51:38,622][flwr][INFO] - app_fit: losses_distributed []
[2024-10-11 18:51:38,622][flwr][INFO] - app_fit: metrics_distributed_fit {}
[2024-10-11 18:51:38,623][flwr][INFO] - app_fit: metrics_distributed {}
[2024-10-11 18:51:38,624][flwr][INFO] - app_fit: losses_centralized [(0, 0.005832575526502398), (1, 0.005156133671601613), (2, 0.003470565030972163)]
[2024-10-11 18:51:38,624][flwr][INFO] - app_fit: metrics_centralized {'accuracy': [(0, 0.415), (1, 0.6611111111111111), (2, 0.8255555555555556)], 'f1-score': [(0, 0.12903225806451613), (1, 0.5927903871829105), (2, 0.8428428428428428)]}
