[2024-09-12 10:40:37,158][flwr][INFO] - Starting Flower simulation, config: ServerConfig(num_rounds=10, round_timeout=None)
[2024-09-12 10:40:52,647][flwr][INFO] - Flower VCE: Ray initialized with resources: {'node:__internal_head__': 1.0, 'CPU': 8.0, 'object_store_memory': 844436275.0, 'node:127.0.0.1': 1.0, 'memory': 1688872551.0}
[2024-09-12 10:40:52,649][flwr][INFO] - Initializing global parameters
[2024-09-12 10:40:52,650][flwr][INFO] - Requesting initial parameters from one random client
[2024-09-12 10:40:58,650][flwr][INFO] - Received initial parameters from one random client
[2024-09-12 10:40:58,651][flwr][INFO] - Evaluating initial parameters
[2024-09-12 10:40:58,710][flwr][INFO] - initial parameters (loss, other metrics): 7.780980332692464, {'accuracy': 0.43833333333333335}
[2024-09-12 10:40:58,714][flwr][INFO] - FL starting
[2024-09-12 10:40:58,715][flwr][DEBUG] - fit_round 1: strategy sampled 2 clients (out of 2)
[2024-09-12 10:40:58,765][flwr][ERROR] - [36mray::launch_and_fit()[39m (pid=520, ip=127.0.0.1)
  File "python\ray\_raylet.pyx", line 1896, in ray._raylet.execute_task
  File "C:\Users\Francesco\miniconda3\envs\flower\Lib\site-packages\flwr\simulation\ray_transport\ray_client_proxy.py", line 148, in launch_and_fit
    return maybe_call_fit(
           ^^^^^^^^^^^^^^^
  File "C:\Users\Francesco\miniconda3\envs\flower\Lib\site-packages\flwr\client\client.py", line 184, in maybe_call_fit
    return client.fit(fit_ins)
           ^^^^^^^^^^^^^^^^^^^
  File "C:\Users\Francesco\miniconda3\envs\flower\Lib\site-packages\flwr\client\app.py", line 297, in _fit
    results = self.numpy_client.fit(parameters, ins.config)  # type: ignore
              ^^^^^^^^^^^^^^^^^^^^^^^^^^^^^^^^^^^^^^^^^^^^^
TypeError: FlowerClient.fit() missing 1 required positional argument: 'optimizer_cfg'
[2024-09-12 10:41:04,830][flwr][ERROR] - [36mray::launch_and_fit()[39m (pid=14332, ip=127.0.0.1)
  File "python\ray\_raylet.pyx", line 1896, in ray._raylet.execute_task
  File "C:\Users\Francesco\miniconda3\envs\flower\Lib\site-packages\flwr\simulation\ray_transport\ray_client_proxy.py", line 148, in launch_and_fit
    return maybe_call_fit(
           ^^^^^^^^^^^^^^^
  File "C:\Users\Francesco\miniconda3\envs\flower\Lib\site-packages\flwr\client\client.py", line 184, in maybe_call_fit
    return client.fit(fit_ins)
           ^^^^^^^^^^^^^^^^^^^
  File "C:\Users\Francesco\miniconda3\envs\flower\Lib\site-packages\flwr\client\app.py", line 297, in _fit
    results = self.numpy_client.fit(parameters, ins.config)  # type: ignore
              ^^^^^^^^^^^^^^^^^^^^^^^^^^^^^^^^^^^^^^^^^^^^^
TypeError: FlowerClient.fit() missing 1 required positional argument: 'optimizer_cfg'
[2024-09-12 10:41:04,835][flwr][DEBUG] - fit_round 1 received 0 results and 2 failures
[2024-09-12 10:41:04,889][flwr][INFO] - fit progress: (1, 7.780980332692464, {'accuracy': 0.43833333333333335}, 6.174023300000044)
[2024-09-12 10:41:04,891][flwr][DEBUG] - evaluate_round 1: strategy sampled 2 clients (out of 2)
