[2024-09-21 11:36:19,340][flwr][WARNING] - Both server and strategy were provided, ignoring strategy
[2024-09-21 11:36:19,340][flwr][INFO] - Starting Flower simulation, config: ServerConfig(num_rounds=50, round_timeout=None)
[2024-09-21 11:36:28,327][flwr][INFO] - Flower VCE: Ray initialized with resources: {'object_store_memory': 850875187.0, 'memory': 1701750375.0, 'node:127.0.0.1': 1.0, 'node:__internal_head__': 1.0, 'CPU': 12.0}
[2024-09-21 11:36:28,327][flwr][INFO] - Initializing global parameters
[2024-09-21 11:36:28,327][flwr][INFO] - Requesting initial parameters from one random client
[2024-09-21 11:36:32,136][flwr][INFO] - Received initial parameters from one random client
[2024-09-21 11:36:32,136][flwr][INFO] - Evaluating initial parameters
[2024-09-21 11:36:32,295][flwr][INFO] - initial parameters (loss, other metrics): 0.0054245190729193165, {'accuracy': 0.5967623252391464, 'f1-score': 0.0}
[2024-09-21 11:36:32,295][flwr][INFO] - FL starting
[2024-09-21 11:36:32,295][flwr][DEBUG] - fit_round 1: strategy sampled 2 clients (out of 2)
[2024-09-21 11:36:47,340][flwr][DEBUG] - fit_round 1 received 2 results and 0 failures
[2024-09-21 11:36:47,352][flwr][WARNING] - No fit_metrics_aggregation_fn provided
[2024-09-21 11:36:47,480][flwr][INFO] - fit progress: (1, 0.0003399533167781127, {'accuracy': 0.9911699779249448, 'f1-score': 0.9890510948905109}, 15.188356699999986)
[2024-09-21 11:36:47,480][flwr][INFO] - evaluate_round 1: no clients selected, cancel
[2024-09-21 11:36:47,480][flwr][DEBUG] - fit_round 2: strategy sampled 2 clients (out of 2)
[2024-09-21 11:36:58,260][flwr][DEBUG] - fit_round 2 received 2 results and 0 failures
[2024-09-21 11:36:58,418][flwr][INFO] - fit progress: (2, 0.00019783654467444634, {'accuracy': 0.9925190090753004, 'f1-score': 0.9906998017990547}, 26.132929100000183)
[2024-09-21 11:36:58,418][flwr][INFO] - evaluate_round 2: no clients selected, cancel
[2024-09-21 11:36:58,418][flwr][DEBUG] - fit_round 3: strategy sampled 2 clients (out of 2)
[2024-09-21 11:37:09,034][flwr][DEBUG] - fit_round 3 received 2 results and 0 failures
[2024-09-21 11:37:09,175][flwr][INFO] - fit progress: (3, 0.00016305434999214007, {'accuracy': 0.9923963698798136, 'f1-score': 0.9904907975460123}, 36.87955460000012)
[2024-09-21 11:37:09,175][flwr][INFO] - evaluate_round 3: no clients selected, cancel
[2024-09-21 11:37:09,175][flwr][DEBUG] - fit_round 4: strategy sampled 2 clients (out of 2)
[2024-09-21 11:37:20,032][flwr][DEBUG] - fit_round 4 received 2 results and 0 failures
[2024-09-21 11:37:20,182][flwr][INFO] - fit progress: (4, 0.00014339833649874522, {'accuracy': 0.9928869266617611, 'f1-score': 0.991236022967664}, 47.89344660000006)
[2024-09-21 11:37:20,182][flwr][INFO] - evaluate_round 4: no clients selected, cancel
[2024-09-21 11:37:20,182][flwr][DEBUG] - fit_round 5: strategy sampled 2 clients (out of 2)
[2024-09-21 11:37:30,955][flwr][DEBUG] - fit_round 5 received 2 results and 0 failures
[2024-09-21 11:37:31,104][flwr][INFO] - fit progress: (5, 0.00010149813834979841, {'accuracy': 0.9971792985038018, 'f1-score': 0.9964944368236549}, 58.81422070000008)
[2024-09-21 11:37:31,104][flwr][INFO] - evaluate_round 5: no clients selected, cancel
[2024-09-21 11:37:31,104][flwr][DEBUG] - fit_round 6: strategy sampled 2 clients (out of 2)
[2024-09-21 11:37:41,956][flwr][DEBUG] - fit_round 6 received 2 results and 0 failures
[2024-09-21 11:37:42,157][flwr][INFO] - fit progress: (6, 9.429827993525512e-05, {'accuracy': 0.9973019376992887, 'f1-score': 0.9966616084977238}, 69.8654563)
[2024-09-21 11:37:42,157][flwr][INFO] - evaluate_round 6: no clients selected, cancel
[2024-09-21 11:37:42,157][flwr][DEBUG] - fit_round 7: strategy sampled 2 clients (out of 2)
[2024-09-21 11:37:53,539][flwr][DEBUG] - fit_round 7 received 2 results and 0 failures
[2024-09-21 11:37:53,698][flwr][INFO] - fit progress: (7, 9.09189905715786e-05, {'accuracy': 0.9961981849399068, 'f1-score': 0.995283736497794}, 81.4020074)
[2024-09-21 11:37:53,698][flwr][INFO] - evaluate_round 7: no clients selected, cancel
[2024-09-21 11:37:53,698][flwr][DEBUG] - fit_round 8: strategy sampled 2 clients (out of 2)
[2024-09-21 11:38:05,103][flwr][DEBUG] - fit_round 8 received 2 results and 0 failures
[2024-09-21 11:38:05,256][flwr][INFO] - fit progress: (8, 8.18282353120902e-05, {'accuracy': 0.9968113809173412, 'f1-score': 0.9960522320072882}, 92.96509000000015)
[2024-09-21 11:38:05,266][flwr][INFO] - evaluate_round 8: no clients selected, cancel
[2024-09-21 11:38:05,266][flwr][DEBUG] - fit_round 9: strategy sampled 2 clients (out of 2)
[2024-09-21 11:38:17,047][flwr][DEBUG] - fit_round 9 received 2 results and 0 failures
[2024-09-21 11:38:17,215][flwr][INFO] - fit progress: (9, 9.516805631051702e-05, {'accuracy': 0.994971792985038, 'f1-score': 0.9937566620983707}, 104.91936690000011)
[2024-09-21 11:38:17,215][flwr][INFO] - evaluate_round 9: no clients selected, cancel
[2024-09-21 11:38:17,215][flwr][DEBUG] - fit_round 10: strategy sampled 2 clients (out of 2)
[2024-09-21 11:38:28,636][flwr][DEBUG] - fit_round 10 received 2 results and 0 failures
[2024-09-21 11:38:28,800][flwr][INFO] - fit progress: (10, 7.211984595817714e-05, {'accuracy': 0.9975472160902624, 'f1-score': 0.996956786366403}, 116.50702420000016)
[2024-09-21 11:38:28,800][flwr][INFO] - evaluate_round 10: no clients selected, cancel
[2024-09-21 11:38:28,800][flwr][DEBUG] - fit_round 11: strategy sampled 2 clients (out of 2)
[2024-09-21 11:38:40,329][flwr][DEBUG] - fit_round 11 received 2 results and 0 failures
[2024-09-21 11:38:40,506][flwr][INFO] - fit progress: (11, 9.003007329161136e-05, {'accuracy': 0.9952170713760118, 'f1-score': 0.9940467104258892}, 128.2117277000002)
[2024-09-21 11:38:40,506][flwr][INFO] - evaluate_round 11: no clients selected, cancel
[2024-09-21 11:38:40,506][flwr][DEBUG] - fit_round 12: strategy sampled 2 clients (out of 2)
[2024-09-21 11:38:52,160][flwr][DEBUG] - fit_round 12 received 2 results and 0 failures
[2024-09-21 11:38:52,341][flwr][INFO] - fit progress: (12, 0.00015216755647988255, {'accuracy': 0.9908020603384842, 'f1-score': 0.9884526558891455}, 140.05414310000015)
[2024-09-21 11:38:52,341][flwr][INFO] - evaluate_round 12: no clients selected, cancel
[2024-09-21 11:38:52,341][flwr][DEBUG] - fit_round 13: strategy sampled 2 clients (out of 2)
[2024-09-21 11:39:03,710][flwr][DEBUG] - fit_round 13 received 2 results and 0 failures
[2024-09-21 11:39:03,867][flwr][INFO] - fit progress: (13, 7.564845977320003e-05, {'accuracy': 0.9959529065489331, 'f1-score': 0.9949656750572082}, 151.58134849999988)
[2024-09-21 11:39:03,882][flwr][INFO] - evaluate_round 13: no clients selected, cancel
[2024-09-21 11:39:03,883][flwr][DEBUG] - fit_round 14: strategy sampled 2 clients (out of 2)
[2024-09-21 11:39:15,256][flwr][DEBUG] - fit_round 14 received 2 results and 0 failures
[2024-09-21 11:39:15,423][flwr][INFO] - fit progress: (14, 7.411015049639442e-05, {'accuracy': 0.9961981849399068, 'f1-score': 0.9953008943459148}, 163.13795819999996)
[2024-09-21 11:39:15,438][flwr][INFO] - evaluate_round 14: no clients selected, cancel
[2024-09-21 11:39:15,438][flwr][DEBUG] - fit_round 15: strategy sampled 2 clients (out of 2)
[2024-09-21 11:39:27,339][flwr][DEBUG] - fit_round 15 received 2 results and 0 failures
[2024-09-21 11:39:27,510][flwr][INFO] - fit progress: (15, 6.92418174648575e-05, {'accuracy': 0.9961981849399068, 'f1-score': 0.9953023185331111}, 175.21447450000005)
[2024-09-21 11:39:27,510][flwr][INFO] - evaluate_round 15: no clients selected, cancel
[2024-09-21 11:39:27,515][flwr][DEBUG] - fit_round 16: strategy sampled 2 clients (out of 2)
[2024-09-21 11:39:39,029][flwr][DEBUG] - fit_round 16 received 2 results and 0 failures
[2024-09-21 11:39:39,199][flwr][INFO] - fit progress: (16, 6.824384058048513e-05, {'accuracy': 0.9964434633308805, 'f1-score': 0.9955826351865956}, 186.89960010000004)
[2024-09-21 11:39:39,199][flwr][INFO] - evaluate_round 16: no clients selected, cancel
[2024-09-21 11:39:39,201][flwr][DEBUG] - fit_round 17: strategy sampled 2 clients (out of 2)
[2024-09-21 11:39:50,725][flwr][DEBUG] - fit_round 17 received 2 results and 0 failures
[2024-09-21 11:39:50,920][flwr][INFO] - fit progress: (17, 6.821837298613924e-05, {'accuracy': 0.9965661025263675, 'f1-score': 0.995752427184466}, 198.62564900000007)
[2024-09-21 11:39:50,920][flwr][INFO] - evaluate_round 17: no clients selected, cancel
[2024-09-21 11:39:50,927][flwr][DEBUG] - fit_round 18: strategy sampled 2 clients (out of 2)
[2024-09-21 11:40:02,356][flwr][DEBUG] - fit_round 18 received 2 results and 0 failures
[2024-09-21 11:40:02,526][flwr][INFO] - fit progress: (18, 5.8208706529432625e-05, {'accuracy': 0.9977924944812362, 'f1-score': 0.9972552607502287}, 210.22933850000027)
[2024-09-21 11:40:02,526][flwr][INFO] - evaluate_round 18: no clients selected, cancel
[2024-09-21 11:40:02,526][flwr][DEBUG] - fit_round 19: strategy sampled 2 clients (out of 2)
[2024-09-21 11:40:13,805][flwr][DEBUG] - fit_round 19 received 2 results and 0 failures
[2024-09-21 11:40:13,999][flwr][INFO] - fit progress: (19, 6.350532564245939e-05, {'accuracy': 0.9963208241353937, 'f1-score': 0.9954142464078264}, 221.70542920000025)
[2024-09-21 11:40:13,999][flwr][INFO] - evaluate_round 19: no clients selected, cancel
[2024-09-21 11:40:13,999][flwr][DEBUG] - fit_round 20: strategy sampled 2 clients (out of 2)
[2024-09-21 11:40:27,472][flwr][DEBUG] - fit_round 20 received 2 results and 0 failures
[2024-09-21 11:40:27,703][flwr][INFO] - fit progress: (20, 5.714881247359256e-05, {'accuracy': 0.9973019376992887, 'f1-score': 0.9966514459665144}, 235.4045175000001)
[2024-09-21 11:40:27,703][flwr][INFO] - evaluate_round 20: no clients selected, cancel
[2024-09-21 11:40:27,703][flwr][DEBUG] - fit_round 21: strategy sampled 2 clients (out of 2)
[2024-09-21 11:40:41,106][flwr][DEBUG] - fit_round 21 received 2 results and 0 failures
[2024-09-21 11:40:41,306][flwr][INFO] - fit progress: (21, 6.25399427112188e-05, {'accuracy': 0.9966887417218543, 'f1-score': 0.995893536121673}, 249.0148810999999)
[2024-09-21 11:40:41,306][flwr][INFO] - evaluate_round 21: no clients selected, cancel
[2024-09-21 11:40:41,306][flwr][DEBUG] - fit_round 22: strategy sampled 2 clients (out of 2)
[2024-09-21 11:40:53,694][flwr][DEBUG] - fit_round 22 received 2 results and 0 failures
[2024-09-21 11:40:53,911][flwr][INFO] - fit progress: (22, 7.197855453791791e-05, {'accuracy': 0.9953397105714986, 'f1-score': 0.9942441684338079}, 261.6185453000003)
[2024-09-21 11:40:53,911][flwr][INFO] - evaluate_round 22: no clients selected, cancel
[2024-09-21 11:40:53,919][flwr][DEBUG] - fit_round 23: strategy sampled 2 clients (out of 2)
[2024-09-21 11:41:05,905][flwr][DEBUG] - fit_round 23 received 2 results and 0 failures
[2024-09-21 11:41:06,089][flwr][INFO] - fit progress: (23, 4.5313323441559524e-05, {'accuracy': 0.9986509688496443, 'f1-score': 0.9983239372238306}, 273.80246290000014)
[2024-09-21 11:41:06,089][flwr][INFO] - evaluate_round 23: no clients selected, cancel
[2024-09-21 11:41:06,089][flwr][DEBUG] - fit_round 24: strategy sampled 2 clients (out of 2)
[2024-09-21 11:41:17,876][flwr][DEBUG] - fit_round 24 received 2 results and 0 failures
[2024-09-21 11:41:18,078][flwr][INFO] - fit progress: (24, 5.411723065875103e-05, {'accuracy': 0.9975472160902624, 'f1-score': 0.9969586374695864}, 285.77985850000005)
[2024-09-21 11:41:18,079][flwr][INFO] - evaluate_round 24: no clients selected, cancel
[2024-09-21 11:41:18,081][flwr][DEBUG] - fit_round 25: strategy sampled 2 clients (out of 2)
[2024-09-21 11:41:29,697][flwr][DEBUG] - fit_round 25 received 2 results and 0 failures
[2024-09-21 11:41:29,847][flwr][INFO] - fit progress: (25, 4.6798247099759363e-05, {'accuracy': 0.9984056904586706, 'f1-score': 0.9980191985372543}, 297.56265059999987)
[2024-09-21 11:41:29,862][flwr][INFO] - evaluate_round 25: no clients selected, cancel
[2024-09-21 11:41:29,862][flwr][DEBUG] - fit_round 26: strategy sampled 2 clients (out of 2)
[2024-09-21 11:41:42,293][flwr][DEBUG] - fit_round 26 received 2 results and 0 failures
[2024-09-21 11:41:42,498][flwr][INFO] - fit progress: (26, 6.467457055605769e-05, {'accuracy': 0.9964434633308805, 'f1-score': 0.9956027293404094}, 310.2059297999999)
[2024-09-21 11:41:42,498][flwr][INFO] - evaluate_round 26: no clients selected, cancel
[2024-09-21 11:41:42,498][flwr][DEBUG] - fit_round 27: strategy sampled 2 clients (out of 2)
[2024-09-21 11:41:54,749][flwr][DEBUG] - fit_round 27 received 2 results and 0 failures
[2024-09-21 11:41:54,921][flwr][INFO] - fit progress: (27, 5.959963875995033e-05, {'accuracy': 0.9965661025263675, 'f1-score': 0.9957264957264957}, 322.63641670000015)
[2024-09-21 11:41:54,937][flwr][INFO] - evaluate_round 27: no clients selected, cancel
[2024-09-21 11:41:54,937][flwr][DEBUG] - fit_round 28: strategy sampled 2 clients (out of 2)
[2024-09-21 11:42:07,421][flwr][DEBUG] - fit_round 28 received 2 results and 0 failures
[2024-09-21 11:42:07,596][flwr][INFO] - fit progress: (28, 6.836436532016284e-05, {'accuracy': 0.9959529065489331, 'f1-score': 0.9949931725079654}, 335.2982511)
[2024-09-21 11:42:07,596][flwr][INFO] - evaluate_round 28: no clients selected, cancel
[2024-09-21 11:42:07,596][flwr][DEBUG] - fit_round 29: strategy sampled 2 clients (out of 2)
[2024-09-21 11:42:19,258][flwr][DEBUG] - fit_round 29 received 2 results and 0 failures
[2024-09-21 11:42:19,431][flwr][INFO] - fit progress: (29, 5.9365088126406216e-05, {'accuracy': 0.9964434633308805, 'f1-score': 0.9955785942979113}, 347.1361737000002)
[2024-09-21 11:42:19,431][flwr][INFO] - evaluate_round 29: no clients selected, cancel
[2024-09-21 11:42:19,431][flwr][DEBUG] - fit_round 30: strategy sampled 2 clients (out of 2)
[2024-09-21 11:42:31,220][flwr][DEBUG] - fit_round 30 received 2 results and 0 failures
[2024-09-21 11:42:31,393][flwr][INFO] - fit progress: (30, 5.637593333436928e-05, {'accuracy': 0.9971792985038018, 'f1-score': 0.9964965727341965}, 359.09888260000025)
[2024-09-21 11:42:31,393][flwr][INFO] - evaluate_round 30: no clients selected, cancel
[2024-09-21 11:42:31,393][flwr][DEBUG] - fit_round 31: strategy sampled 2 clients (out of 2)
[2024-09-21 11:42:42,859][flwr][DEBUG] - fit_round 31 received 2 results and 0 failures
[2024-09-21 11:42:43,014][flwr][INFO] - fit progress: (31, 7.821606434093306e-05, {'accuracy': 0.9957076281579593, 'f1-score': 0.9946491362177037}, 370.71873589999996)
[2024-09-21 11:42:43,014][flwr][INFO] - evaluate_round 31: no clients selected, cancel
[2024-09-21 11:42:43,014][flwr][DEBUG] - fit_round 32: strategy sampled 2 clients (out of 2)
[2024-09-21 11:42:54,483][flwr][DEBUG] - fit_round 32 received 2 results and 0 failures
[2024-09-21 11:42:54,665][flwr][INFO] - fit progress: (32, 6.504424111432623e-05, {'accuracy': 0.9969340201128281, 'f1-score': 0.9961884433602683}, 382.36634300000014)
[2024-09-21 11:42:54,665][flwr][INFO] - evaluate_round 32: no clients selected, cancel
[2024-09-21 11:42:54,665][flwr][DEBUG] - fit_round 33: strategy sampled 2 clients (out of 2)
[2024-09-21 11:43:06,322][flwr][DEBUG] - fit_round 33 received 2 results and 0 failures
[2024-09-21 11:43:06,504][flwr][INFO] - fit progress: (33, 5.5568645097161006e-05, {'accuracy': 0.9970566593083149, 'f1-score': 0.9963570127504554}, 394.2139640999999)
[2024-09-21 11:43:06,504][flwr][INFO] - evaluate_round 33: no clients selected, cancel
[2024-09-21 11:43:06,504][flwr][DEBUG] - fit_round 34: strategy sampled 2 clients (out of 2)
[2024-09-21 11:43:17,940][flwr][DEBUG] - fit_round 34 received 2 results and 0 failures
[2024-09-21 11:43:18,142][flwr][INFO] - fit progress: (34, 7.95762847436535e-05, {'accuracy': 0.9957076281579593, 'f1-score': 0.994654040018329}, 405.8447408000002)
[2024-09-21 11:43:18,142][flwr][INFO] - evaluate_round 34: no clients selected, cancel
[2024-09-21 11:43:18,142][flwr][DEBUG] - fit_round 35: strategy sampled 2 clients (out of 2)
[2024-09-21 11:43:29,606][flwr][DEBUG] - fit_round 35 received 2 results and 0 failures
[2024-09-21 11:43:29,782][flwr][INFO] - fit progress: (35, 6.13172081874307e-05, {'accuracy': 0.9970566593083149, 'f1-score': 0.9963514746123442}, 417.4947221000002)
[2024-09-21 11:43:29,782][flwr][INFO] - evaluate_round 35: no clients selected, cancel
[2024-09-21 11:43:29,796][flwr][DEBUG] - fit_round 36: strategy sampled 2 clients (out of 2)
[2024-09-21 11:43:41,686][flwr][DEBUG] - fit_round 36 received 2 results and 0 failures
[2024-09-21 11:43:41,839][flwr][INFO] - fit progress: (36, 5.0080230338478036e-05, {'accuracy': 0.9974245768947756, 'f1-score': 0.9968051118210862}, 429.55265469999995)
[2024-09-21 11:43:41,839][flwr][INFO] - evaluate_round 36: no clients selected, cancel
[2024-09-21 11:43:41,854][flwr][DEBUG] - fit_round 37: strategy sampled 2 clients (out of 2)
[2024-09-21 11:43:53,607][flwr][DEBUG] - fit_round 37 received 2 results and 0 failures
[2024-09-21 11:43:53,777][flwr][INFO] - fit progress: (37, 6.426657501939204e-05, {'accuracy': 0.9958302673534462, 'f1-score': 0.9947996329152646}, 441.4885801999999)
[2024-09-21 11:43:53,777][flwr][INFO] - evaluate_round 37: no clients selected, cancel
[2024-09-21 11:43:53,777][flwr][DEBUG] - fit_round 38: strategy sampled 2 clients (out of 2)
[2024-09-21 11:44:05,196][flwr][DEBUG] - fit_round 38 received 2 results and 0 failures
[2024-09-21 11:44:05,385][flwr][INFO] - fit progress: (38, 4.668941189493516e-05, {'accuracy': 0.9981604120676968, 'f1-score': 0.9977179370150616}, 453.0867352999999)
[2024-09-21 11:44:05,385][flwr][INFO] - evaluate_round 38: no clients selected, cancel
[2024-09-21 11:44:05,385][flwr][DEBUG] - fit_round 39: strategy sampled 2 clients (out of 2)
[2024-09-21 11:44:16,766][flwr][DEBUG] - fit_round 39 received 2 results and 0 failures
[2024-09-21 11:44:16,928][flwr][INFO] - fit progress: (39, 4.706073023987781e-05, {'accuracy': 0.9976698552857494, 'f1-score': 0.9971085070765485}, 464.62970600000017)
[2024-09-21 11:44:16,928][flwr][INFO] - evaluate_round 39: no clients selected, cancel
[2024-09-21 11:44:16,931][flwr][DEBUG] - fit_round 40: strategy sampled 2 clients (out of 2)
[2024-09-21 11:44:28,454][flwr][DEBUG] - fit_round 40 received 2 results and 0 failures
[2024-09-21 11:44:28,612][flwr][INFO] - fit progress: (40, 5.216854930640064e-05, {'accuracy': 0.9973019376992887, 'f1-score': 0.9966585662211421}, 476.3203106000001)
[2024-09-21 11:44:28,612][flwr][INFO] - evaluate_round 40: no clients selected, cancel
[2024-09-21 11:44:28,612][flwr][DEBUG] - fit_round 41: strategy sampled 2 clients (out of 2)
[2024-09-21 11:44:40,203][flwr][DEBUG] - fit_round 41 received 2 results and 0 failures
[2024-09-21 11:44:40,382][flwr][INFO] - fit progress: (41, 7.310667872031392e-05, {'accuracy': 0.9955849889624724, 'f1-score': 0.9944903581267218}, 488.09738689999995)
[2024-09-21 11:44:40,398][flwr][INFO] - evaluate_round 41: no clients selected, cancel
[2024-09-21 11:44:40,398][flwr][DEBUG] - fit_round 42: strategy sampled 2 clients (out of 2)
[2024-09-21 11:44:51,830][flwr][DEBUG] - fit_round 42 received 2 results and 0 failures
[2024-09-21 11:44:52,005][flwr][INFO] - fit progress: (42, 4.684708802041012e-05, {'accuracy': 0.9977924944812362, 'f1-score': 0.9972527472527473}, 499.71848550000004)
[2024-09-21 11:44:52,005][flwr][INFO] - evaluate_round 42: no clients selected, cancel
[2024-09-21 11:44:52,005][flwr][DEBUG] - fit_round 43: strategy sampled 2 clients (out of 2)
[2024-09-21 11:45:03,485][flwr][DEBUG] - fit_round 43 received 2 results and 0 failures
[2024-09-21 11:45:03,661][flwr][INFO] - fit progress: (43, 6.275956466839855e-05, {'accuracy': 0.9968113809173412, 'f1-score': 0.9960582171012735}, 511.36336710000023)
[2024-09-21 11:45:03,661][flwr][INFO] - evaluate_round 43: no clients selected, cancel
[2024-09-21 11:45:03,661][flwr][DEBUG] - fit_round 44: strategy sampled 2 clients (out of 2)
[2024-09-21 11:45:15,400][flwr][DEBUG] - fit_round 44 received 2 results and 0 failures
[2024-09-21 11:45:15,570][flwr][INFO] - fit progress: (44, 6.396268364691365e-05, {'accuracy': 0.9966887417218543, 'f1-score': 0.9959059893858984}, 523.2751799000002)
[2024-09-21 11:45:15,570][flwr][INFO] - evaluate_round 44: no clients selected, cancel
[2024-09-21 11:45:15,570][flwr][DEBUG] - fit_round 45: strategy sampled 2 clients (out of 2)
[2024-09-21 11:45:27,055][flwr][DEBUG] - fit_round 45 received 2 results and 0 failures
[2024-09-21 11:45:27,222][flwr][INFO] - fit progress: (45, 5.329919435458022e-05, {'accuracy': 0.9966887417218543, 'f1-score': 0.9958810068649886}, 534.9281619000003)
[2024-09-21 11:45:27,222][flwr][INFO] - evaluate_round 45: no clients selected, cancel
[2024-09-21 11:45:27,222][flwr][DEBUG] - fit_round 46: strategy sampled 2 clients (out of 2)
[2024-09-21 11:45:38,985][flwr][DEBUG] - fit_round 46 received 2 results and 0 failures
[2024-09-21 11:45:39,162][flwr][INFO] - fit progress: (46, 3.8981971940861214e-05, {'accuracy': 0.99803777287221, 'f1-score': 0.9975602317779811}, 546.8659357000001)
[2024-09-21 11:45:39,162][flwr][INFO] - evaluate_round 46: no clients selected, cancel
[2024-09-21 11:45:39,167][flwr][DEBUG] - fit_round 47: strategy sampled 2 clients (out of 2)
[2024-09-21 11:45:51,082][flwr][DEBUG] - fit_round 47 received 2 results and 0 failures
[2024-09-21 11:45:51,261][flwr][INFO] - fit progress: (47, 5.5279641410653943e-05, {'accuracy': 0.9969340201128281, 'f1-score': 0.9961907664177967}, 558.9626312999999)
[2024-09-21 11:45:51,261][flwr][INFO] - evaluate_round 47: no clients selected, cancel
[2024-09-21 11:45:51,261][flwr][DEBUG] - fit_round 48: strategy sampled 2 clients (out of 2)
[2024-09-21 11:46:03,278][flwr][DEBUG] - fit_round 48 received 2 results and 0 failures
[2024-09-21 11:46:03,459][flwr][INFO] - fit progress: (48, 4.768076731567482e-05, {'accuracy': 0.9974245768947756, 'f1-score': 0.9968119022316685}, 571.1626510000001)
[2024-09-21 11:46:03,459][flwr][INFO] - evaluate_round 48: no clients selected, cancel
[2024-09-21 11:46:03,459][flwr][DEBUG] - fit_round 49: strategy sampled 2 clients (out of 2)
[2024-09-21 11:46:15,782][flwr][DEBUG] - fit_round 49 received 2 results and 0 failures
[2024-09-21 11:46:15,964][flwr][INFO] - fit progress: (49, 3.543761834544603e-05, {'accuracy': 0.9982830512631837, 'f1-score': 0.997867154174284}, 583.6674178000003)
[2024-09-21 11:46:15,964][flwr][INFO] - evaluate_round 49: no clients selected, cancel
[2024-09-21 11:46:15,969][flwr][DEBUG] - fit_round 50: strategy sampled 2 clients (out of 2)
[2024-09-21 11:46:27,961][flwr][DEBUG] - fit_round 50 received 2 results and 0 failures
[2024-09-21 11:46:28,171][flwr][INFO] - fit progress: (50, 8.814920209063242e-05, {'accuracy': 0.9950944321805248, 'f1-score': 0.9938763012859767}, 595.8766934)
[2024-09-21 11:46:28,171][flwr][INFO] - evaluate_round 50: no clients selected, cancel
[2024-09-21 11:46:28,171][flwr][INFO] - FL finished in 595.8785344000003
[2024-09-21 11:46:28,171][flwr][INFO] - app_fit: losses_distributed []
[2024-09-21 11:46:28,171][flwr][INFO] - app_fit: metrics_distributed_fit {}
[2024-09-21 11:46:28,171][flwr][INFO] - app_fit: metrics_distributed {}
[2024-09-21 11:46:28,171][flwr][INFO] - app_fit: losses_centralized [(0, 0.0054245190729193165), (1, 0.0003399533167781127), (2, 0.00019783654467444634), (3, 0.00016305434999214007), (4, 0.00014339833649874522), (5, 0.00010149813834979841), (6, 9.429827993525512e-05), (7, 9.09189905715786e-05), (8, 8.18282353120902e-05), (9, 9.516805631051702e-05), (10, 7.211984595817714e-05), (11, 9.003007329161136e-05), (12, 0.00015216755647988255), (13, 7.564845977320003e-05), (14, 7.411015049639442e-05), (15, 6.92418174648575e-05), (16, 6.824384058048513e-05), (17, 6.821837298613924e-05), (18, 5.8208706529432625e-05), (19, 6.350532564245939e-05), (20, 5.714881247359256e-05), (21, 6.25399427112188e-05), (22, 7.197855453791791e-05), (23, 4.5313323441559524e-05), (24, 5.411723065875103e-05), (25, 4.6798247099759363e-05), (26, 6.467457055605769e-05), (27, 5.959963875995033e-05), (28, 6.836436532016284e-05), (29, 5.9365088126406216e-05), (30, 5.637593333436928e-05), (31, 7.821606434093306e-05), (32, 6.504424111432623e-05), (33, 5.5568645097161006e-05), (34, 7.95762847436535e-05), (35, 6.13172081874307e-05), (36, 5.0080230338478036e-05), (37, 6.426657501939204e-05), (38, 4.668941189493516e-05), (39, 4.706073023987781e-05), (40, 5.216854930640064e-05), (41, 7.310667872031392e-05), (42, 4.684708802041012e-05), (43, 6.275956466839855e-05), (44, 6.396268364691365e-05), (45, 5.329919435458022e-05), (46, 3.8981971940861214e-05), (47, 5.5279641410653943e-05), (48, 4.768076731567482e-05), (49, 3.543761834544603e-05), (50, 8.814920209063242e-05)]
[2024-09-21 11:46:28,171][flwr][INFO] - app_fit: metrics_centralized {'accuracy': [(0, 0.5967623252391464), (1, 0.9911699779249448), (2, 0.9925190090753004), (3, 0.9923963698798136), (4, 0.9928869266617611), (5, 0.9971792985038018), (6, 0.9973019376992887), (7, 0.9961981849399068), (8, 0.9968113809173412), (9, 0.994971792985038), (10, 0.9975472160902624), (11, 0.9952170713760118), (12, 0.9908020603384842), (13, 0.9959529065489331), (14, 0.9961981849399068), (15, 0.9961981849399068), (16, 0.9964434633308805), (17, 0.9965661025263675), (18, 0.9977924944812362), (19, 0.9963208241353937), (20, 0.9973019376992887), (21, 0.9966887417218543), (22, 0.9953397105714986), (23, 0.9986509688496443), (24, 0.9975472160902624), (25, 0.9984056904586706), (26, 0.9964434633308805), (27, 0.9965661025263675), (28, 0.9959529065489331), (29, 0.9964434633308805), (30, 0.9971792985038018), (31, 0.9957076281579593), (32, 0.9969340201128281), (33, 0.9970566593083149), (34, 0.9957076281579593), (35, 0.9970566593083149), (36, 0.9974245768947756), (37, 0.9958302673534462), (38, 0.9981604120676968), (39, 0.9976698552857494), (40, 0.9973019376992887), (41, 0.9955849889624724), (42, 0.9977924944812362), (43, 0.9968113809173412), (44, 0.9966887417218543), (45, 0.9966887417218543), (46, 0.99803777287221), (47, 0.9969340201128281), (48, 0.9974245768947756), (49, 0.9982830512631837), (50, 0.9950944321805248)], 'f1-score': [(0, 0.0), (1, 0.9890510948905109), (2, 0.9906998017990547), (3, 0.9904907975460123), (4, 0.991236022967664), (5, 0.9964944368236549), (6, 0.9966616084977238), (7, 0.995283736497794), (8, 0.9960522320072882), (9, 0.9937566620983707), (10, 0.996956786366403), (11, 0.9940467104258892), (12, 0.9884526558891455), (13, 0.9949656750572082), (14, 0.9953008943459148), (15, 0.9953023185331111), (16, 0.9955826351865956), (17, 0.995752427184466), (18, 0.9972552607502287), (19, 0.9954142464078264), (20, 0.9966514459665144), (21, 0.995893536121673), (22, 0.9942441684338079), (23, 0.9983239372238306), (24, 0.9969586374695864), (25, 0.9980191985372543), (26, 0.9956027293404094), (27, 0.9957264957264957), (28, 0.9949931725079654), (29, 0.9955785942979113), (30, 0.9964965727341965), (31, 0.9946491362177037), (32, 0.9961884433602683), (33, 0.9963570127504554), (34, 0.994654040018329), (35, 0.9963514746123442), (36, 0.9968051118210862), (37, 0.9947996329152646), (38, 0.9977179370150616), (39, 0.9971085070765485), (40, 0.9966585662211421), (41, 0.9944903581267218), (42, 0.9972527472527473), (43, 0.9960582171012735), (44, 0.9959059893858984), (45, 0.9958810068649886), (46, 0.9975602317779811), (47, 0.9961907664177967), (48, 0.9968119022316685), (49, 0.997867154174284), (50, 0.9938763012859767)]}
