[2024-10-01 19:26:54,927][flwr][WARNING] - Both server and strategy were provided, ignoring strategy
[2024-10-01 19:26:54,927][flwr][INFO] - Starting Flower simulation, config: ServerConfig(num_rounds=30, round_timeout=None)
[2024-10-01 19:27:06,139][flwr][INFO] - Flower VCE: Ray initialized with resources: {'CPU': 12.0, 'node:127.0.0.1': 1.0, 'node:__internal_head__': 1.0, 'object_store_memory': 521247129.0, 'memory': 1042494260.0}
[2024-10-01 19:27:06,139][flwr][INFO] - Initializing global parameters
[2024-10-01 19:27:06,139][flwr][INFO] - Requesting initial parameters from one random client
[2024-10-01 19:27:10,513][flwr][INFO] - Received initial parameters from one random client
[2024-10-01 19:27:10,516][flwr][INFO] - Evaluating initial parameters
[2024-10-01 19:27:10,569][flwr][INFO] - initial parameters (loss, other metrics): 0.005772993597719404, {'accuracy': 0.5616666666666666, 'f1-score': 0.7193169690501601}
[2024-10-01 19:27:10,569][flwr][INFO] - FL starting
[2024-10-01 19:27:10,569][flwr][DEBUG] - fit_round 1: strategy sampled 4 clients (out of 4)
[2024-10-01 19:29:55,725][flwr][DEBUG] - fit_round 1 received 4 results and 0 failures
[2024-10-01 19:29:55,733][flwr][WARNING] - No fit_metrics_aggregation_fn provided
[2024-10-01 19:29:55,781][flwr][INFO] - fit progress: (1, 0.003790121508969201, {'accuracy': 0.8055555555555556, 'f1-score': 0.847027972027972}, 165.21120829999927)
[2024-10-01 19:29:55,781][flwr][INFO] - evaluate_round 1: no clients selected, cancel
[2024-10-01 19:29:55,781][flwr][DEBUG] - fit_round 2: strategy sampled 4 clients (out of 4)
[2024-10-01 19:32:24,105][flwr][DEBUG] - fit_round 2 received 4 results and 0 failures
[2024-10-01 19:32:24,157][flwr][INFO] - fit progress: (2, 0.0034924238009585275, {'accuracy': 0.8316666666666667, 'f1-score': 0.8634520054078414}, 313.5898343000008)
[2024-10-01 19:32:24,157][flwr][INFO] - evaluate_round 2: no clients selected, cancel
[2024-10-01 19:32:24,157][flwr][DEBUG] - fit_round 3: strategy sampled 4 clients (out of 4)
[2024-10-01 19:34:51,997][flwr][DEBUG] - fit_round 3 received 4 results and 0 failures
[2024-10-01 19:34:52,052][flwr][INFO] - fit progress: (3, 0.0031717225909233095, {'accuracy': 0.8572222222222222, 'f1-score': 0.8808530366249421}, 461.4828525999983)
[2024-10-01 19:34:52,052][flwr][INFO] - evaluate_round 3: no clients selected, cancel
[2024-10-01 19:34:52,052][flwr][DEBUG] - fit_round 4: strategy sampled 4 clients (out of 4)
[2024-10-01 19:37:19,796][flwr][DEBUG] - fit_round 4 received 4 results and 0 failures
[2024-10-01 19:37:19,847][flwr][INFO] - fit progress: (4, 0.0027174077886674137, {'accuracy': 0.885, 'f1-score': 0.9012875536480687}, 609.2763074999966)
[2024-10-01 19:37:19,847][flwr][INFO] - evaluate_round 4: no clients selected, cancel
[2024-10-01 19:37:19,847][flwr][DEBUG] - fit_round 5: strategy sampled 4 clients (out of 4)
[2024-10-01 19:40:02,908][flwr][DEBUG] - fit_round 5 received 4 results and 0 failures
[2024-10-01 19:40:02,960][flwr][INFO] - fit progress: (5, 0.002455584274397956, {'accuracy': 0.91, 'f1-score': 0.9204322200392927}, 772.3884083000012)
[2024-10-01 19:40:02,960][flwr][INFO] - evaluate_round 5: no clients selected, cancel
[2024-10-01 19:40:02,960][flwr][DEBUG] - fit_round 6: strategy sampled 4 clients (out of 4)
[2024-10-01 19:42:30,294][flwr][DEBUG] - fit_round 6 received 4 results and 0 failures
[2024-10-01 19:42:30,357][flwr][INFO] - fit progress: (6, 0.002337101035647922, {'accuracy': 0.9172222222222223, 'f1-score': 0.9257598405580468}, 919.7864178000018)
[2024-10-01 19:42:30,357][flwr][INFO] - evaluate_round 6: no clients selected, cancel
[2024-10-01 19:42:30,357][flwr][DEBUG] - fit_round 7: strategy sampled 4 clients (out of 4)
[2024-10-01 19:44:59,096][flwr][DEBUG] - fit_round 7 received 4 results and 0 failures
[2024-10-01 19:44:59,148][flwr][INFO] - fit progress: (7, 0.0022820292661587397, {'accuracy': 0.9261111111111111, 'f1-score': 0.9333333333333333}, 1068.5775571999984)
[2024-10-01 19:44:59,148][flwr][INFO] - evaluate_round 7: no clients selected, cancel
[2024-10-01 19:44:59,148][flwr][DEBUG] - fit_round 8: strategy sampled 4 clients (out of 4)
[2024-10-01 19:55:56,414][flwr][DEBUG] - fit_round 8 received 4 results and 0 failures
[2024-10-01 19:55:56,446][flwr][INFO] - fit progress: (8, 0.002261790566974216, {'accuracy': 0.9244444444444444, 'f1-score': 0.9317953861584755}, 1725.8730227999986)
[2024-10-01 19:55:56,447][flwr][INFO] - evaluate_round 8: no clients selected, cancel
[2024-10-01 19:55:56,447][flwr][DEBUG] - fit_round 9: strategy sampled 4 clients (out of 4)
[2024-10-01 19:58:15,563][flwr][DEBUG] - fit_round 9 received 4 results and 0 failures
[2024-10-01 19:58:15,598][flwr][INFO] - fit progress: (9, 0.0022827961958116955, {'accuracy': 0.9205555555555556, 'f1-score': 0.9280322093608455}, 1865.0257783999987)
[2024-10-01 19:58:15,599][flwr][INFO] - evaluate_round 9: no clients selected, cancel
[2024-10-01 19:58:15,599][flwr][DEBUG] - fit_round 10: strategy sampled 4 clients (out of 4)
[2024-10-01 20:00:22,958][flwr][DEBUG] - fit_round 10 received 4 results and 0 failures
[2024-10-01 20:00:22,999][flwr][INFO] - fit progress: (10, 0.0024951501045789985, {'accuracy': 0.9083333333333333, 'f1-score': 0.9161159125571937}, 1992.425780700003)
[2024-10-01 20:00:23,000][flwr][INFO] - evaluate_round 10: no clients selected, cancel
[2024-10-01 20:00:23,000][flwr][DEBUG] - fit_round 11: strategy sampled 4 clients (out of 4)
[2024-10-01 20:02:41,369][flwr][DEBUG] - fit_round 11 received 4 results and 0 failures
[2024-10-01 20:02:41,410][flwr][INFO] - fit progress: (11, 0.0023836014543970425, {'accuracy': 0.9188888888888889, 'f1-score': 0.9262626262626262}, 2130.8364301999973)
[2024-10-01 20:02:41,411][flwr][INFO] - evaluate_round 11: no clients selected, cancel
[2024-10-01 20:02:41,411][flwr][DEBUG] - fit_round 12: strategy sampled 4 clients (out of 4)
[2024-10-01 20:05:10,069][flwr][DEBUG] - fit_round 12 received 4 results and 0 failures
[2024-10-01 20:05:10,101][flwr][INFO] - fit progress: (12, 0.0024810387856430477, {'accuracy': 0.9161111111111111, 'f1-score': 0.9235443037974683}, 2279.5330808)
[2024-10-01 20:05:10,101][flwr][INFO] - evaluate_round 12: no clients selected, cancel
[2024-10-01 20:05:10,101][flwr][DEBUG] - fit_round 13: strategy sampled 4 clients (out of 4)
[2024-10-01 20:07:37,553][flwr][DEBUG] - fit_round 13 received 4 results and 0 failures
[2024-10-01 20:07:37,609][flwr][INFO] - fit progress: (13, 0.0026389529783692623, {'accuracy': 0.9022222222222223, 'f1-score': 0.9097435897435897}, 2427.035184100001)
[2024-10-01 20:07:37,615][flwr][INFO] - evaluate_round 13: no clients selected, cancel
[2024-10-01 20:07:37,616][flwr][DEBUG] - fit_round 14: strategy sampled 4 clients (out of 4)
[2024-10-01 20:09:56,135][flwr][DEBUG] - fit_round 14 received 4 results and 0 failures
[2024-10-01 20:09:56,175][flwr][INFO] - fit progress: (14, 0.0027456554315156406, {'accuracy': 0.8994444444444445, 'f1-score': 0.9068450849202264}, 2565.601930500001)
[2024-10-01 20:09:56,176][flwr][INFO] - evaluate_round 14: no clients selected, cancel
[2024-10-01 20:09:56,176][flwr][DEBUG] - fit_round 15: strategy sampled 4 clients (out of 4)
[2024-10-01 20:12:13,969][flwr][DEBUG] - fit_round 15 received 4 results and 0 failures
[2024-10-01 20:12:14,006][flwr][INFO] - fit progress: (15, 0.002654596705817514, {'accuracy': 0.9166666666666666, 'f1-score': 0.9241658240647118}, 2703.435942099997)
[2024-10-01 20:12:14,006][flwr][INFO] - evaluate_round 15: no clients selected, cancel
[2024-10-01 20:12:14,006][flwr][DEBUG] - fit_round 16: strategy sampled 4 clients (out of 4)
[2024-10-01 20:14:31,293][flwr][DEBUG] - fit_round 16 received 4 results and 0 failures
[2024-10-01 20:14:31,337][flwr][INFO] - fit progress: (16, 0.002724841023898787, {'accuracy': 0.9116666666666666, 'f1-score': 0.9191662430096594}, 2840.7630857999975)
[2024-10-01 20:14:31,337][flwr][INFO] - evaluate_round 16: no clients selected, cancel
[2024-10-01 20:14:31,337][flwr][DEBUG] - fit_round 17: strategy sampled 4 clients (out of 4)
[2024-10-01 20:17:00,218][flwr][DEBUG] - fit_round 17 received 4 results and 0 failures
[2024-10-01 20:17:00,253][flwr][INFO] - fit progress: (17, 0.002872367165982723, {'accuracy': 0.9111111111111111, 'f1-score': 0.9186991869918699}, 2989.6830233)
[2024-10-01 20:17:00,253][flwr][INFO] - evaluate_round 17: no clients selected, cancel
[2024-10-01 20:17:00,253][flwr][DEBUG] - fit_round 18: strategy sampled 4 clients (out of 4)
[2024-10-01 20:19:30,671][flwr][DEBUG] - fit_round 18 received 4 results and 0 failures
[2024-10-01 20:19:30,709][flwr][INFO] - fit progress: (18, 0.0029933692928817536, {'accuracy': 0.9044444444444445, 'f1-score': 0.9117043121149897}, 3140.136126999998)
[2024-10-01 20:19:30,710][flwr][INFO] - evaluate_round 18: no clients selected, cancel
[2024-10-01 20:19:30,710][flwr][DEBUG] - fit_round 19: strategy sampled 4 clients (out of 4)
[2024-10-01 20:21:46,578][flwr][DEBUG] - fit_round 19 received 4 results and 0 failures
[2024-10-01 20:21:46,614][flwr][INFO] - fit progress: (19, 0.002751498536931144, {'accuracy': 0.9166666666666666, 'f1-score': 0.9242424242424242}, 3276.041673599997)
[2024-10-01 20:21:46,615][flwr][INFO] - evaluate_round 19: no clients selected, cancel
[2024-10-01 20:21:46,615][flwr][DEBUG] - fit_round 20: strategy sampled 4 clients (out of 4)
[2024-10-01 20:24:03,376][flwr][DEBUG] - fit_round 20 received 4 results and 0 failures
[2024-10-01 20:24:03,420][flwr][INFO] - fit progress: (20, 0.0026916027317444484, {'accuracy': 0.925, 'f1-score': 0.9328692192938837}, 3412.847580900001)
[2024-10-01 20:24:03,420][flwr][INFO] - evaluate_round 20: no clients selected, cancel
[2024-10-01 20:24:03,420][flwr][DEBUG] - fit_round 21: strategy sampled 4 clients (out of 4)
[2024-10-01 20:26:22,214][flwr][DEBUG] - fit_round 21 received 4 results and 0 failures
[2024-10-01 20:26:22,272][flwr][INFO] - fit progress: (21, 0.0031312578750981226, {'accuracy': 0.9055555555555556, 'f1-score': 0.9133537206931702}, 3551.699065200002)
[2024-10-01 20:26:22,272][flwr][INFO] - evaluate_round 21: no clients selected, cancel
[2024-10-01 20:26:22,272][flwr][DEBUG] - fit_round 22: strategy sampled 4 clients (out of 4)
[2024-10-01 20:28:40,079][flwr][DEBUG] - fit_round 22 received 4 results and 0 failures
[2024-10-01 20:28:40,123][flwr][INFO] - fit progress: (22, 0.002896197314063708, {'accuracy': 0.9194444444444444, 'f1-score': 0.9270990447461036}, 3689.5572011999975)
[2024-10-01 20:28:40,123][flwr][INFO] - evaluate_round 22: no clients selected, cancel
[2024-10-01 20:28:40,123][flwr][DEBUG] - fit_round 23: strategy sampled 4 clients (out of 4)
[2024-10-01 20:30:57,444][flwr][DEBUG] - fit_round 23 received 4 results and 0 failures
[2024-10-01 20:30:57,483][flwr][INFO] - fit progress: (23, 0.0031462149735954075, {'accuracy': 0.9111111111111111, 'f1-score': 0.9187817258883249}, 3826.917527999998)
[2024-10-01 20:30:57,491][flwr][INFO] - evaluate_round 23: no clients selected, cancel
[2024-10-01 20:30:57,492][flwr][DEBUG] - fit_round 24: strategy sampled 4 clients (out of 4)
[2024-10-01 20:33:15,543][flwr][DEBUG] - fit_round 24 received 4 results and 0 failures
[2024-10-01 20:33:15,586][flwr][INFO] - fit progress: (24, 0.0033943788210550946, {'accuracy': 0.9, 'f1-score': 0.9076923076923077}, 3965.014393199999)
[2024-10-01 20:33:15,586][flwr][INFO] - evaluate_round 24: no clients selected, cancel
[2024-10-01 20:33:15,586][flwr][DEBUG] - fit_round 25: strategy sampled 4 clients (out of 4)
[2024-10-01 20:35:43,375][flwr][DEBUG] - fit_round 25 received 4 results and 0 failures
[2024-10-01 20:35:43,410][flwr][INFO] - fit progress: (25, 0.0030982255273395115, {'accuracy': 0.915, 'f1-score': 0.9229219143576827}, 4112.8373374)
[2024-10-01 20:35:43,410][flwr][INFO] - evaluate_round 25: no clients selected, cancel
[2024-10-01 20:35:43,412][flwr][DEBUG] - fit_round 26: strategy sampled 4 clients (out of 4)
[2024-10-01 20:38:01,126][flwr][DEBUG] - fit_round 26 received 4 results and 0 failures
[2024-10-01 20:38:01,168][flwr][INFO] - fit progress: (26, 0.003416713575522105, {'accuracy': 0.9072222222222223, 'f1-score': 0.9150991357397051}, 4250.5984016)
[2024-10-01 20:38:01,168][flwr][INFO] - evaluate_round 26: no clients selected, cancel
[2024-10-01 20:38:01,168][flwr][DEBUG] - fit_round 27: strategy sampled 4 clients (out of 4)
[2024-10-01 20:40:17,622][flwr][DEBUG] - fit_round 27 received 4 results and 0 failures
[2024-10-01 20:40:17,659][flwr][INFO] - fit progress: (27, 0.0033122806251049044, {'accuracy': 0.91, 'f1-score': 0.9182643794147326}, 4387.089019300001)
[2024-10-01 20:40:17,659][flwr][INFO] - evaluate_round 27: no clients selected, cancel
[2024-10-01 20:40:17,659][flwr][DEBUG] - fit_round 28: strategy sampled 4 clients (out of 4)
[2024-10-01 20:42:38,009][flwr][DEBUG] - fit_round 28 received 4 results and 0 failures
[2024-10-01 20:42:38,069][flwr][INFO] - fit progress: (28, 0.0032230536888043088, {'accuracy': 0.9161111111111111, 'f1-score': 0.9247633283507724}, 4527.495798600001)
[2024-10-01 20:42:38,069][flwr][INFO] - evaluate_round 28: no clients selected, cancel
[2024-10-01 20:42:38,069][flwr][DEBUG] - fit_round 29: strategy sampled 4 clients (out of 4)
[2024-10-01 20:44:55,248][flwr][DEBUG] - fit_round 29 received 4 results and 0 failures
[2024-10-01 20:44:55,292][flwr][INFO] - fit progress: (29, 0.0033870334426561993, {'accuracy': 0.9138888888888889, 'f1-score': 0.922149673530889}, 4664.729517500004)
[2024-10-01 20:44:55,292][flwr][INFO] - evaluate_round 29: no clients selected, cancel
[2024-10-01 20:44:55,292][flwr][DEBUG] - fit_round 30: strategy sampled 4 clients (out of 4)
[2024-10-01 20:47:13,086][flwr][DEBUG] - fit_round 30 received 4 results and 0 failures
[2024-10-01 20:47:13,128][flwr][INFO] - fit progress: (30, 0.003534308456712299, {'accuracy': 0.9038888888888889, 'f1-score': 0.9126703685007572}, 4802.555529999998)
[2024-10-01 20:47:13,128][flwr][INFO] - evaluate_round 30: no clients selected, cancel
[2024-10-01 20:47:13,128][flwr][INFO] - FL finished in 4802.557077600002
[2024-10-01 20:47:13,139][flwr][INFO] - app_fit: losses_distributed []
[2024-10-01 20:47:13,140][flwr][INFO] - app_fit: metrics_distributed_fit {}
[2024-10-01 20:47:13,140][flwr][INFO] - app_fit: metrics_distributed {}
[2024-10-01 20:47:13,141][flwr][INFO] - app_fit: losses_centralized [(0, 0.005772993597719404), (1, 0.003790121508969201), (2, 0.0034924238009585275), (3, 0.0031717225909233095), (4, 0.0027174077886674137), (5, 0.002455584274397956), (6, 0.002337101035647922), (7, 0.0022820292661587397), (8, 0.002261790566974216), (9, 0.0022827961958116955), (10, 0.0024951501045789985), (11, 0.0023836014543970425), (12, 0.0024810387856430477), (13, 0.0026389529783692623), (14, 0.0027456554315156406), (15, 0.002654596705817514), (16, 0.002724841023898787), (17, 0.002872367165982723), (18, 0.0029933692928817536), (19, 0.002751498536931144), (20, 0.0026916027317444484), (21, 0.0031312578750981226), (22, 0.002896197314063708), (23, 0.0031462149735954075), (24, 0.0033943788210550946), (25, 0.0030982255273395115), (26, 0.003416713575522105), (27, 0.0033122806251049044), (28, 0.0032230536888043088), (29, 0.0033870334426561993), (30, 0.003534308456712299)]
[2024-10-01 20:47:13,146][flwr][INFO] - app_fit: metrics_centralized {'accuracy': [(0, 0.5616666666666666), (1, 0.8055555555555556), (2, 0.8316666666666667), (3, 0.8572222222222222), (4, 0.885), (5, 0.91), (6, 0.9172222222222223), (7, 0.9261111111111111), (8, 0.9244444444444444), (9, 0.9205555555555556), (10, 0.9083333333333333), (11, 0.9188888888888889), (12, 0.9161111111111111), (13, 0.9022222222222223), (14, 0.8994444444444445), (15, 0.9166666666666666), (16, 0.9116666666666666), (17, 0.9111111111111111), (18, 0.9044444444444445), (19, 0.9166666666666666), (20, 0.925), (21, 0.9055555555555556), (22, 0.9194444444444444), (23, 0.9111111111111111), (24, 0.9), (25, 0.915), (26, 0.9072222222222223), (27, 0.91), (28, 0.9161111111111111), (29, 0.9138888888888889), (30, 0.9038888888888889)], 'f1-score': [(0, 0.7193169690501601), (1, 0.847027972027972), (2, 0.8634520054078414), (3, 0.8808530366249421), (4, 0.9012875536480687), (5, 0.9204322200392927), (6, 0.9257598405580468), (7, 0.9333333333333333), (8, 0.9317953861584755), (9, 0.9280322093608455), (10, 0.9161159125571937), (11, 0.9262626262626262), (12, 0.9235443037974683), (13, 0.9097435897435897), (14, 0.9068450849202264), (15, 0.9241658240647118), (16, 0.9191662430096594), (17, 0.9186991869918699), (18, 0.9117043121149897), (19, 0.9242424242424242), (20, 0.9328692192938837), (21, 0.9133537206931702), (22, 0.9270990447461036), (23, 0.9187817258883249), (24, 0.9076923076923077), (25, 0.9229219143576827), (26, 0.9150991357397051), (27, 0.9182643794147326), (28, 0.9247633283507724), (29, 0.922149673530889), (30, 0.9126703685007572)]}
