[2024-10-11 18:36:11,510][flwr][WARNING] - Both server and strategy were provided, ignoring strategy
[2024-10-11 18:36:11,511][flwr][INFO] - Starting Flower simulation, config: ServerConfig(num_rounds=2, round_timeout=None)
[2024-10-11 18:36:20,642][flwr][INFO] - Flower VCE: Ray initialized with resources: {'memory': 1522635572.0, 'object_store_memory': 761317785.0, 'node:127.0.0.1': 1.0, 'node:__internal_head__': 1.0, 'CPU': 8.0}
[2024-10-11 18:36:20,643][flwr][INFO] - Initializing global parameters
[2024-10-11 18:36:20,644][flwr][INFO] - Requesting initial parameters from one random client
[2024-10-11 18:36:24,948][flwr][INFO] - Received initial parameters from one random client
[2024-10-11 18:36:24,948][flwr][INFO] - Evaluating initial parameters
[2024-10-11 18:36:25,022][flwr][INFO] - initial parameters (loss, other metrics): 0.005666869183381398, {'accuracy': 0.5805555555555556, 'f1-score': 0.7198515769944341}
[2024-10-11 18:36:25,023][flwr][INFO] - FL starting
[2024-10-11 18:36:25,023][flwr][DEBUG] - fit_round 1: strategy sampled 2 clients (out of 2)
[2024-10-11 18:36:40,320][flwr][DEBUG] - fit_round 1 received 2 results and 0 failures
[2024-10-11 18:36:40,336][flwr][WARNING] - No fit_metrics_aggregation_fn provided
[2024-10-11 18:36:40,388][flwr][INFO] - fit progress: (1, 0.004765239854653676, {'accuracy': 0.7672222222222222, 'f1-score': 0.7612535612535613}, 15.377666399999725)
[2024-10-11 18:36:40,402][flwr][INFO] - evaluate_round 1: no clients selected, cancel
[2024-10-11 18:36:40,404][flwr][DEBUG] - fit_round 2: strategy sampled 2 clients (out of 2)
[2024-10-11 18:36:48,486][flwr][DEBUG] - fit_round 2 received 2 results and 0 failures
[2024-10-11 18:36:48,571][flwr][INFO] - fit progress: (2, 0.0032590883142418333, {'accuracy': 0.8294444444444444, 'f1-score': 0.8436067244014264}, 23.547690399999738)
[2024-10-11 18:36:48,572][flwr][INFO] - evaluate_round 2: no clients selected, cancel
[2024-10-11 18:36:48,573][flwr][INFO] - FL finished in 23.549584200000027
[2024-10-11 18:36:48,573][flwr][INFO] - app_fit: losses_distributed []
[2024-10-11 18:36:48,574][flwr][INFO] - app_fit: metrics_distributed_fit {}
[2024-10-11 18:36:48,574][flwr][INFO] - app_fit: metrics_distributed {}
[2024-10-11 18:36:48,575][flwr][INFO] - app_fit: losses_centralized [(0, 0.005666869183381398), (1, 0.004765239854653676), (2, 0.0032590883142418333)]
[2024-10-11 18:36:48,576][flwr][INFO] - app_fit: metrics_centralized {'accuracy': [(0, 0.5805555555555556), (1, 0.7672222222222222), (2, 0.8294444444444444)], 'f1-score': [(0, 0.7198515769944341), (1, 0.7612535612535613), (2, 0.8436067244014264)]}
